2024-12-20 17:27:03,905 - INFO - Initializing LanderTrainer
2024-12-20 17:27:03,937 - DEBUG - Environment initialized
2024-12-20 17:27:03,937 - DEBUG - Input handler initialized
2024-12-20 17:27:03,937 - INFO - NEAT library patched with genome logging
2024-12-20 17:27:03,938 - INFO - LanderTrainer initialization complete
2024-12-20 17:27:03,939 - INFO - Creating new population
2024-12-20 17:27:29,113 - INFO - 
Best Genome in Generation 0:
2024-12-20 17:27:29,113 - INFO - Fitness: 14437.300471993161
2024-12-20 17:27:29,113 - INFO - Network Structure:
2024-12-20 17:27:29,114 - INFO - Nodes:
2024-12-20 17:27:29,122 - INFO -   Node 0: DefaultNodeGene(key=0, bias=0.03962706012852929, response=0.9413073024060618, activation=tanh, aggregation=sum)
2024-12-20 17:27:29,122 - INFO -   Node 1: DefaultNodeGene(key=1, bias=-0.1314162888743488, response=1.0103902113271137, activation=tanh, aggregation=sum)
2024-12-20 17:27:29,122 - INFO -   Node 2: DefaultNodeGene(key=2, bias=-2.5718092354221946, response=1.824985534025652, activation=tanh, aggregation=sum)
2024-12-20 17:27:29,122 - INFO - Connections:
2024-12-20 17:27:29,123 - INFO -   (-1, 0): weight=0.9798088069979513, enabled=True
2024-12-20 17:27:29,123 - INFO -   (-1, 1): weight=1.695710101288224, enabled=True
2024-12-20 17:27:29,123 - INFO -   (-1, 2): weight=3.3743615497415256, enabled=True
2024-12-20 17:27:29,123 - INFO -   (-2, 0): weight=-0.47845079045365224, enabled=True
2024-12-20 17:27:29,123 - INFO -   (-2, 1): weight=-0.05421476464696725, enabled=True
2024-12-20 17:27:29,123 - INFO -   (-2, 2): weight=0.014675347685009582, enabled=True
2024-12-20 17:27:29,124 - INFO -   (-3, 0): weight=2.9132781760626845, enabled=True
2024-12-20 17:27:29,124 - INFO -   (-3, 1): weight=-2.596829584102398, enabled=True
2024-12-20 17:27:29,124 - INFO -   (-3, 2): weight=0.7286519553110974, enabled=True
2024-12-20 17:27:29,124 - INFO -   (-4, 0): weight=-2.2062470511726575, enabled=True
2024-12-20 17:27:29,124 - INFO -   (-4, 1): weight=-3.872356173184781, enabled=True
2024-12-20 17:27:29,124 - INFO -   (-4, 2): weight=-3.0312491872319063, enabled=True
2024-12-20 17:27:29,124 - INFO -   (-5, 0): weight=-2.0726528335625587, enabled=True
2024-12-20 17:27:29,124 - INFO -   (-5, 1): weight=1.6035381591310518, enabled=True
2024-12-20 17:27:29,124 - INFO -   (-5, 2): weight=-1.302540619448654, enabled=True
2024-12-20 17:27:29,124 - INFO - 
New Best Genome Found!
2024-12-20 17:27:29,124 - INFO - New Best Fitness: 14437.300471993161
2024-12-20 17:27:32,119 - INFO - 
Training interrupted by user
