2024-12-19 19:37:30,689 - INFO - Initializing LanderTrainer
2024-12-19 19:37:30,690 - DEBUG - Environment initialized
2024-12-19 19:37:30,690 - DEBUG - Input handler initialized
2024-12-19 19:37:30,690 - INFO - NEAT library patched with genome logging
2024-12-19 19:37:30,690 - INFO - LanderTrainer initialization complete
2024-12-19 19:37:30,691 - INFO - Creating new population
2024-12-19 19:37:31,015 - INFO - 
Best Genome in Generation 0:
2024-12-19 19:37:31,015 - INFO - Fitness: 3039.665978045767
2024-12-19 19:37:31,015 - INFO - Network Structure:
2024-12-19 19:37:31,015 - INFO - Nodes:
2024-12-19 19:37:31,024 - INFO -   Node 0: DefaultNodeGene(key=0, bias=-2.180317947013017, response=0.6877226828554401, activation=tanh, aggregation=sum)
2024-12-19 19:37:31,024 - INFO -   Node 1: DefaultNodeGene(key=1, bias=0.7355437988902871, response=1.8734043853794469, activation=tanh, aggregation=sum)
2024-12-19 19:37:31,024 - INFO -   Node 2: DefaultNodeGene(key=2, bias=-0.36094450898270314, response=1.3765998586879102, activation=tanh, aggregation=sum)
2024-12-19 19:37:31,028 - INFO - Connections:
2024-12-19 19:37:31,028 - INFO -   (-1, 0): weight=0.3723201739926217, enabled=True
2024-12-19 19:37:31,028 - INFO -   (-1, 1): weight=1.1734902130554632, enabled=True
2024-12-19 19:37:31,028 - INFO -   (-1, 2): weight=-1.6698333213722591, enabled=True
2024-12-19 19:37:31,028 - INFO -   (-2, 0): weight=0.8523760313780786, enabled=True
2024-12-19 19:37:31,028 - INFO -   (-2, 1): weight=-2.2717805875877097, enabled=True
2024-12-19 19:37:31,028 - INFO -   (-2, 2): weight=-3.929918133328278, enabled=True
2024-12-19 19:37:31,028 - INFO -   (-3, 0): weight=-0.9103360922992539, enabled=True
2024-12-19 19:37:31,029 - INFO -   (-3, 1): weight=-1.3737150695189921, enabled=True
2024-12-19 19:37:31,029 - INFO -   (-3, 2): weight=1.3140183645846095, enabled=True
2024-12-19 19:37:31,029 - INFO -   (-4, 0): weight=0.9963988494193424, enabled=True
2024-12-19 19:37:31,029 - INFO -   (-4, 1): weight=-1.828612111943543, enabled=True
2024-12-19 19:37:31,029 - INFO -   (-4, 2): weight=1.2710421350220005, enabled=True
2024-12-19 19:37:31,029 - INFO -   (-5, 0): weight=-1.5033042363635247, enabled=True
2024-12-19 19:37:31,029 - INFO -   (-5, 1): weight=-0.12936576950442627, enabled=True
2024-12-19 19:37:31,029 - INFO -   (-5, 2): weight=-0.4408496669347982, enabled=True
2024-12-19 19:37:31,029 - INFO - 
New Best Genome Found!
2024-12-19 19:37:31,029 - INFO - New Best Fitness: 3039.665978045767
2024-12-19 19:37:31,368 - INFO - 
Best Genome in Generation 1:
2024-12-19 19:37:31,368 - INFO - Fitness: 3247.561109383366
2024-12-19 19:37:31,368 - INFO - Network Structure:
2024-12-19 19:37:31,369 - INFO - Nodes:
2024-12-19 19:37:31,369 - INFO -   Node 0: DefaultNodeGene(key=0, bias=0.1743115197417398, response=-0.8084544266914524, activation=tanh, aggregation=sum)
2024-12-19 19:37:31,369 - INFO -   Node 1: DefaultNodeGene(key=1, bias=-1.3883679167813212, response=1.8734043853794469, activation=tanh, aggregation=product)
2024-12-19 19:37:31,369 - INFO -   Node 2: DefaultNodeGene(key=2, bias=0.4777152759815433, response=2.025097755890981, activation=cube, aggregation=sum)
2024-12-19 19:37:31,369 - INFO - Connections:
2024-12-19 19:37:31,369 - INFO -   (-1, 0): weight=-2.409464693132212, enabled=True
2024-12-19 19:37:31,369 - INFO -   (-1, 1): weight=-1.2448117433142456, enabled=True
2024-12-19 19:37:31,369 - INFO -   (-1, 2): weight=-1.2047335124082943, enabled=True
2024-12-19 19:37:31,369 - INFO -   (-2, 0): weight=2.09080191390911, enabled=True
2024-12-19 19:37:31,369 - INFO -   (-2, 1): weight=-2.288192856150317, enabled=True
2024-12-19 19:37:31,369 - INFO -   (-2, 2): weight=-4.412467068201666, enabled=True
2024-12-19 19:37:31,369 - INFO -   (-3, 0): weight=-0.7476442816093067, enabled=True
2024-12-19 19:37:31,370 - INFO -   (-3, 2): weight=1.3140183645846095, enabled=True
2024-12-19 19:37:31,370 - INFO -   (-4, 0): weight=0.9963988494193424, enabled=True
2024-12-19 19:37:31,370 - INFO -   (-4, 1): weight=-2.2793152694637877, enabled=True
2024-12-19 19:37:31,370 - INFO -   (-4, 2): weight=-0.27526378744747093, enabled=True
2024-12-19 19:37:31,370 - INFO -   (-5, 0): weight=-1.029397843627628, enabled=True
2024-12-19 19:37:31,371 - INFO -   (-5, 1): weight=-0.19328962158375382, enabled=True
2024-12-19 19:37:31,371 - INFO -   (-5, 2): weight=2.6432936507248246, enabled=True
2024-12-19 19:37:31,371 - INFO - 
New Best Genome Found!
2024-12-19 19:37:31,371 - INFO - New Best Fitness: 3247.561109383366
2024-12-19 19:37:31,747 - INFO - 
Best Genome in Generation 2:
2024-12-19 19:37:31,747 - INFO - Fitness: 3462.8708597455598
2024-12-19 19:37:31,747 - INFO - Network Structure:
2024-12-19 19:37:31,747 - INFO - Nodes:
2024-12-19 19:37:31,747 - INFO -   Node 0: DefaultNodeGene(key=0, bias=0.1743115197417398, response=-0.8084544266914524, activation=tanh, aggregation=sum)
2024-12-19 19:37:31,747 - INFO -   Node 1: DefaultNodeGene(key=1, bias=-1.3883679167813212, response=1.8734043853794469, activation=tanh, aggregation=product)
2024-12-19 19:37:31,747 - INFO -   Node 2: DefaultNodeGene(key=2, bias=0.4777152759815433, response=2.025097755890981, activation=cube, aggregation=sum)
2024-12-19 19:37:31,747 - INFO - Connections:
2024-12-19 19:37:31,748 - INFO -   (-1, 0): weight=-2.409464693132212, enabled=True
2024-12-19 19:37:31,748 - INFO -   (-1, 1): weight=-1.2448117433142456, enabled=True
2024-12-19 19:37:31,748 - INFO -   (-1, 2): weight=-1.2047335124082943, enabled=True
2024-12-19 19:37:31,748 - INFO -   (-2, 0): weight=2.09080191390911, enabled=True
2024-12-19 19:37:31,748 - INFO -   (-2, 1): weight=-2.288192856150317, enabled=True
2024-12-19 19:37:31,748 - INFO -   (-2, 2): weight=-4.412467068201666, enabled=True
2024-12-19 19:37:31,748 - INFO -   (-3, 0): weight=-0.7476442816093067, enabled=True
2024-12-19 19:37:31,748 - INFO -   (-3, 2): weight=1.3140183645846095, enabled=True
2024-12-19 19:37:31,748 - INFO -   (-4, 0): weight=0.9963988494193424, enabled=True
2024-12-19 19:37:31,749 - INFO -   (-4, 1): weight=-2.2793152694637877, enabled=True
2024-12-19 19:37:31,749 - INFO -   (-4, 2): weight=-0.27526378744747093, enabled=True
2024-12-19 19:37:31,749 - INFO -   (-5, 0): weight=-1.029397843627628, enabled=True
2024-12-19 19:37:31,749 - INFO -   (-5, 1): weight=-0.19328962158375382, enabled=True
2024-12-19 19:37:31,749 - INFO -   (-5, 2): weight=2.6432936507248246, enabled=True
2024-12-19 19:37:31,749 - INFO - 
New Best Genome Found!
2024-12-19 19:37:31,749 - INFO - New Best Fitness: 3462.8708597455598
2024-12-19 19:37:32,075 - INFO - 
Best Genome in Generation 3:
2024-12-19 19:37:32,075 - INFO - Fitness: 2611.4186651314294
2024-12-19 19:37:32,075 - INFO - Network Structure:
2024-12-19 19:37:32,075 - INFO - Nodes:
2024-12-19 19:37:32,075 - INFO -   Node 0: DefaultNodeGene(key=0, bias=0.1743115197417398, response=-0.8084544266914524, activation=tanh, aggregation=sum)
2024-12-19 19:37:32,075 - INFO -   Node 1: DefaultNodeGene(key=1, bias=-1.3883679167813212, response=1.8734043853794469, activation=tanh, aggregation=product)
2024-12-19 19:37:32,075 - INFO -   Node 2: DefaultNodeGene(key=2, bias=0.4777152759815433, response=2.025097755890981, activation=cube, aggregation=sum)
2024-12-19 19:37:32,075 - INFO - Connections:
2024-12-19 19:37:32,075 - INFO -   (-1, 0): weight=-2.409464693132212, enabled=True
2024-12-19 19:37:32,075 - INFO -   (-1, 1): weight=-1.2448117433142456, enabled=True
2024-12-19 19:37:32,075 - INFO -   (-1, 2): weight=-1.2047335124082943, enabled=True
2024-12-19 19:37:32,075 - INFO -   (-2, 0): weight=2.09080191390911, enabled=True
2024-12-19 19:37:32,075 - INFO -   (-2, 1): weight=-2.288192856150317, enabled=True
2024-12-19 19:37:32,075 - INFO -   (-2, 2): weight=-4.412467068201666, enabled=True
2024-12-19 19:37:32,075 - INFO -   (-3, 0): weight=-0.7476442816093067, enabled=True
2024-12-19 19:37:32,075 - INFO -   (-3, 2): weight=1.3140183645846095, enabled=True
2024-12-19 19:37:32,077 - INFO -   (-4, 0): weight=0.9963988494193424, enabled=True
2024-12-19 19:37:32,077 - INFO -   (-4, 1): weight=-2.2793152694637877, enabled=True
2024-12-19 19:37:32,077 - INFO -   (-4, 2): weight=-0.27526378744747093, enabled=True
2024-12-19 19:37:32,077 - INFO -   (-5, 0): weight=-1.029397843627628, enabled=True
2024-12-19 19:37:32,077 - INFO -   (-5, 1): weight=-0.19328962158375382, enabled=True
2024-12-19 19:37:32,077 - INFO -   (-5, 2): weight=2.6432936507248246, enabled=True
2024-12-19 19:37:33,119 - INFO - 
Best Genome in Generation 4:
2024-12-19 19:37:33,119 - INFO - Fitness: 16175.163120077708
2024-12-19 19:37:33,121 - INFO - Network Structure:
2024-12-19 19:37:33,121 - INFO - Nodes:
2024-12-19 19:37:33,121 - INFO -   Node 0: DefaultNodeGene(key=0, bias=-2.0771859709152567, response=0.09242191507365932, activation=tanh, aggregation=max)
2024-12-19 19:37:33,121 - INFO -   Node 1: DefaultNodeGene(key=1, bias=-0.19089504433652543, response=-1.0033328834507182, activation=sin, aggregation=sum)
2024-12-19 19:37:33,122 - INFO -   Node 2: DefaultNodeGene(key=2, bias=0.4441476545457226, response=1.0412840488914519, activation=tanh, aggregation=sum)
2024-12-19 19:37:33,122 - INFO - Connections:
2024-12-19 19:37:33,122 - INFO -   (-1, 0): weight=-2.531733813123635, enabled=False
2024-12-19 19:37:33,122 - INFO -   (-1, 1): weight=0.17857951933879024, enabled=False
2024-12-19 19:37:33,122 - INFO -   (-1, 2): weight=1.0693858479665577, enabled=True
2024-12-19 19:37:33,122 - INFO -   (-2, 0): weight=2.1521789730732372, enabled=True
2024-12-19 19:37:33,122 - INFO -   (-2, 1): weight=-0.725826154774592, enabled=True
2024-12-19 19:37:33,122 - INFO -   (-2, 2): weight=-4.460774517432292, enabled=True
2024-12-19 19:37:33,122 - INFO -   (-3, 0): weight=0.5770586532573099, enabled=True
2024-12-19 19:37:33,122 - INFO -   (-3, 2): weight=-1.303274032522424, enabled=True
2024-12-19 19:37:33,122 - INFO -   (-4, 0): weight=1.3593021664372664, enabled=True
2024-12-19 19:37:33,122 - INFO -   (-4, 1): weight=0.46272223839535054, enabled=True
2024-12-19 19:37:33,122 - INFO -   (-4, 2): weight=-0.8816363935527435, enabled=True
2024-12-19 19:37:33,123 - INFO -   (-5, 0): weight=-0.3288258114834208, enabled=True
2024-12-19 19:37:33,123 - INFO -   (-5, 1): weight=-2.700954744275609, enabled=True
2024-12-19 19:37:33,123 - INFO - 
New Best Genome Found!
2024-12-19 19:37:33,123 - INFO - New Best Fitness: 16175.163120077708
2024-12-19 19:37:34,148 - INFO - 
Best Genome in Generation 5:
2024-12-19 19:37:34,149 - INFO - Fitness: 16175.163120077708
2024-12-19 19:37:34,150 - INFO - Network Structure:
2024-12-19 19:37:34,150 - INFO - Nodes:
2024-12-19 19:37:34,150 - INFO -   Node 0: DefaultNodeGene(key=0, bias=-2.0771859709152567, response=0.09242191507365932, activation=tanh, aggregation=max)
2024-12-19 19:37:34,151 - INFO -   Node 1: DefaultNodeGene(key=1, bias=-0.19089504433652543, response=-1.0033328834507182, activation=sin, aggregation=sum)
2024-12-19 19:37:34,151 - INFO -   Node 2: DefaultNodeGene(key=2, bias=0.4441476545457226, response=1.0412840488914519, activation=tanh, aggregation=sum)
2024-12-19 19:37:34,151 - INFO - Connections:
2024-12-19 19:37:34,151 - INFO -   (-1, 0): weight=-2.531733813123635, enabled=False
2024-12-19 19:37:34,151 - INFO -   (-1, 1): weight=0.17857951933879024, enabled=False
2024-12-19 19:37:34,151 - INFO -   (-1, 2): weight=1.0693858479665577, enabled=True
2024-12-19 19:37:34,151 - INFO -   (-2, 0): weight=2.1521789730732372, enabled=True
2024-12-19 19:37:34,152 - INFO -   (-2, 1): weight=-0.725826154774592, enabled=True
2024-12-19 19:37:34,152 - INFO -   (-2, 2): weight=-4.460774517432292, enabled=True
2024-12-19 19:37:34,152 - INFO -   (-3, 0): weight=0.5770586532573099, enabled=True
2024-12-19 19:37:34,152 - INFO -   (-3, 2): weight=-1.303274032522424, enabled=True
2024-12-19 19:37:34,153 - INFO -   (-4, 0): weight=1.3593021664372664, enabled=True
2024-12-19 19:37:34,153 - INFO -   (-4, 1): weight=0.46272223839535054, enabled=True
2024-12-19 19:37:34,153 - INFO -   (-4, 2): weight=-0.8816363935527435, enabled=True
2024-12-19 19:37:34,153 - INFO -   (-5, 0): weight=-0.3288258114834208, enabled=True
2024-12-19 19:37:34,153 - INFO -   (-5, 1): weight=-2.700954744275609, enabled=True
2024-12-19 19:37:35,199 - INFO - 
Best Genome in Generation 6:
2024-12-19 19:37:35,199 - INFO - Fitness: 16175.163120077708
2024-12-19 19:37:35,200 - INFO - Network Structure:
2024-12-19 19:37:35,200 - INFO - Nodes:
2024-12-19 19:37:35,200 - INFO -   Node 0: DefaultNodeGene(key=0, bias=-2.0771859709152567, response=0.09242191507365932, activation=tanh, aggregation=max)
2024-12-19 19:37:35,200 - INFO -   Node 1: DefaultNodeGene(key=1, bias=-0.19089504433652543, response=-1.0033328834507182, activation=sin, aggregation=sum)
2024-12-19 19:37:35,200 - INFO -   Node 2: DefaultNodeGene(key=2, bias=0.4441476545457226, response=1.0412840488914519, activation=tanh, aggregation=sum)
2024-12-19 19:37:35,200 - INFO - Connections:
2024-12-19 19:37:35,200 - INFO -   (-1, 0): weight=-2.531733813123635, enabled=False
2024-12-19 19:37:35,200 - INFO -   (-1, 1): weight=0.17857951933879024, enabled=False
2024-12-19 19:37:35,200 - INFO -   (-1, 2): weight=1.0693858479665577, enabled=True
2024-12-19 19:37:35,200 - INFO -   (-2, 0): weight=2.1521789730732372, enabled=True
2024-12-19 19:37:35,200 - INFO -   (-2, 1): weight=-0.725826154774592, enabled=True
2024-12-19 19:37:35,200 - INFO -   (-2, 2): weight=-4.460774517432292, enabled=True
2024-12-19 19:37:35,200 - INFO -   (-3, 0): weight=0.5770586532573099, enabled=True
2024-12-19 19:37:35,201 - INFO -   (-3, 2): weight=-1.303274032522424, enabled=True
2024-12-19 19:37:35,201 - INFO -   (-4, 0): weight=1.3593021664372664, enabled=True
2024-12-19 19:37:35,201 - INFO -   (-4, 1): weight=0.46272223839535054, enabled=True
2024-12-19 19:37:35,201 - INFO -   (-4, 2): weight=-0.8816363935527435, enabled=True
2024-12-19 19:37:35,201 - INFO -   (-5, 0): weight=-0.3288258114834208, enabled=True
2024-12-19 19:37:35,201 - INFO -   (-5, 1): weight=-2.700954744275609, enabled=True
2024-12-19 19:37:36,167 - INFO - 
Best Genome in Generation 7:
2024-12-19 19:37:36,168 - INFO - Fitness: 16175.163120077708
2024-12-19 19:37:36,168 - INFO - Network Structure:
2024-12-19 19:37:36,168 - INFO - Nodes:
2024-12-19 19:37:36,168 - INFO -   Node 0: DefaultNodeGene(key=0, bias=-2.0771859709152567, response=0.09242191507365932, activation=tanh, aggregation=max)
2024-12-19 19:37:36,169 - INFO -   Node 1: DefaultNodeGene(key=1, bias=-0.19089504433652543, response=-1.0033328834507182, activation=sin, aggregation=sum)
2024-12-19 19:37:36,169 - INFO -   Node 2: DefaultNodeGene(key=2, bias=0.4441476545457226, response=1.0412840488914519, activation=tanh, aggregation=sum)
2024-12-19 19:37:36,169 - INFO - Connections:
2024-12-19 19:37:36,169 - INFO -   (-1, 0): weight=-2.531733813123635, enabled=False
2024-12-19 19:37:36,169 - INFO -   (-1, 1): weight=0.17857951933879024, enabled=False
2024-12-19 19:37:36,169 - INFO -   (-1, 2): weight=1.0693858479665577, enabled=True
2024-12-19 19:37:36,170 - INFO -   (-2, 0): weight=2.1521789730732372, enabled=True
2024-12-19 19:37:36,170 - INFO -   (-2, 1): weight=-0.725826154774592, enabled=True
2024-12-19 19:37:36,170 - INFO -   (-2, 2): weight=-4.460774517432292, enabled=True
2024-12-19 19:37:36,170 - INFO -   (-3, 0): weight=0.5770586532573099, enabled=True
2024-12-19 19:37:36,170 - INFO -   (-3, 2): weight=-1.303274032522424, enabled=True
2024-12-19 19:37:36,170 - INFO -   (-4, 0): weight=1.3593021664372664, enabled=True
2024-12-19 19:37:36,170 - INFO -   (-4, 1): weight=0.46272223839535054, enabled=True
2024-12-19 19:37:36,170 - INFO -   (-4, 2): weight=-0.8816363935527435, enabled=True
2024-12-19 19:37:36,170 - INFO -   (-5, 0): weight=-0.3288258114834208, enabled=True
2024-12-19 19:37:36,170 - INFO -   (-5, 1): weight=-2.700954744275609, enabled=True
2024-12-19 19:37:37,095 - INFO - 
Best Genome in Generation 8:
2024-12-19 19:37:37,096 - INFO - Fitness: 16175.163120077708
2024-12-19 19:37:37,096 - INFO - Network Structure:
2024-12-19 19:37:37,096 - INFO - Nodes:
2024-12-19 19:37:37,096 - INFO -   Node 0: DefaultNodeGene(key=0, bias=-2.0771859709152567, response=0.09242191507365932, activation=tanh, aggregation=max)
2024-12-19 19:37:37,096 - INFO -   Node 1: DefaultNodeGene(key=1, bias=-0.19089504433652543, response=-1.0033328834507182, activation=sin, aggregation=sum)
2024-12-19 19:37:37,096 - INFO -   Node 2: DefaultNodeGene(key=2, bias=0.4441476545457226, response=1.0412840488914519, activation=tanh, aggregation=sum)
2024-12-19 19:37:37,096 - INFO - Connections:
2024-12-19 19:37:37,096 - INFO -   (-1, 0): weight=-2.531733813123635, enabled=False
2024-12-19 19:37:37,096 - INFO -   (-1, 1): weight=0.17857951933879024, enabled=False
2024-12-19 19:37:37,097 - INFO -   (-1, 2): weight=1.0693858479665577, enabled=True
2024-12-19 19:37:37,097 - INFO -   (-2, 0): weight=2.1521789730732372, enabled=True
2024-12-19 19:37:37,097 - INFO -   (-2, 1): weight=-0.725826154774592, enabled=True
2024-12-19 19:37:37,097 - INFO -   (-2, 2): weight=-4.460774517432292, enabled=True
2024-12-19 19:37:37,097 - INFO -   (-3, 0): weight=0.5770586532573099, enabled=True
2024-12-19 19:37:37,097 - INFO -   (-3, 2): weight=-1.303274032522424, enabled=True
2024-12-19 19:37:37,097 - INFO -   (-4, 0): weight=1.3593021664372664, enabled=True
2024-12-19 19:37:37,097 - INFO -   (-4, 1): weight=0.46272223839535054, enabled=True
2024-12-19 19:37:37,097 - INFO -   (-4, 2): weight=-0.8816363935527435, enabled=True
2024-12-19 19:37:37,097 - INFO -   (-5, 0): weight=-0.3288258114834208, enabled=True
2024-12-19 19:37:37,097 - INFO -   (-5, 1): weight=-2.700954744275609, enabled=True
2024-12-19 19:37:38,004 - INFO - 
Best Genome in Generation 9:
2024-12-19 19:37:38,004 - INFO - Fitness: 16175.163120077708
2024-12-19 19:37:38,005 - INFO - Network Structure:
2024-12-19 19:37:38,005 - INFO - Nodes:
2024-12-19 19:37:38,005 - INFO -   Node 0: DefaultNodeGene(key=0, bias=-2.0771859709152567, response=0.09242191507365932, activation=tanh, aggregation=max)
2024-12-19 19:37:38,005 - INFO -   Node 1: DefaultNodeGene(key=1, bias=-0.19089504433652543, response=-1.0033328834507182, activation=sin, aggregation=sum)
2024-12-19 19:37:38,005 - INFO -   Node 2: DefaultNodeGene(key=2, bias=0.4441476545457226, response=1.0412840488914519, activation=tanh, aggregation=sum)
2024-12-19 19:37:38,005 - INFO - Connections:
2024-12-19 19:37:38,005 - INFO -   (-1, 0): weight=-2.531733813123635, enabled=False
2024-12-19 19:37:38,005 - INFO -   (-1, 1): weight=0.17857951933879024, enabled=False
2024-12-19 19:37:38,005 - INFO -   (-1, 2): weight=1.0693858479665577, enabled=True
2024-12-19 19:37:38,006 - INFO -   (-2, 0): weight=2.1521789730732372, enabled=True
2024-12-19 19:37:38,006 - INFO -   (-2, 1): weight=-0.725826154774592, enabled=True
2024-12-19 19:37:38,006 - INFO -   (-2, 2): weight=-4.460774517432292, enabled=True
2024-12-19 19:37:38,006 - INFO -   (-3, 0): weight=0.5770586532573099, enabled=True
2024-12-19 19:37:38,006 - INFO -   (-3, 2): weight=-1.303274032522424, enabled=True
2024-12-19 19:37:38,006 - INFO -   (-4, 0): weight=1.3593021664372664, enabled=True
2024-12-19 19:37:38,006 - INFO -   (-4, 1): weight=0.46272223839535054, enabled=True
2024-12-19 19:37:38,006 - INFO -   (-4, 2): weight=-0.8816363935527435, enabled=True
2024-12-19 19:37:38,006 - INFO -   (-5, 0): weight=-0.3288258114834208, enabled=True
2024-12-19 19:37:38,006 - INFO -   (-5, 1): weight=-2.700954744275609, enabled=True
2024-12-19 19:37:39,084 - INFO - 
Best Genome in Generation 10:
2024-12-19 19:37:39,084 - INFO - Fitness: 16672.1335345783
2024-12-19 19:37:39,084 - INFO - Network Structure:
2024-12-19 19:37:39,084 - INFO - Nodes:
2024-12-19 19:37:39,084 - INFO -   Node 0: DefaultNodeGene(key=0, bias=-2.0771859709152567, response=0.09242191507365932, activation=tanh, aggregation=max)
2024-12-19 19:37:39,085 - INFO -   Node 1: DefaultNodeGene(key=1, bias=-0.19089504433652543, response=-1.0033328834507182, activation=sin, aggregation=sum)
2024-12-19 19:37:39,085 - INFO -   Node 2: DefaultNodeGene(key=2, bias=0.4441476545457226, response=1.0412840488914519, activation=tanh, aggregation=sum)
2024-12-19 19:37:39,086 - INFO - Connections:
2024-12-19 19:37:39,086 - INFO -   (-1, 0): weight=-2.531733813123635, enabled=False
2024-12-19 19:37:39,086 - INFO -   (-1, 1): weight=0.17857951933879024, enabled=False
2024-12-19 19:37:39,086 - INFO -   (-1, 2): weight=1.0693858479665577, enabled=True
2024-12-19 19:37:39,086 - INFO -   (-2, 0): weight=2.1521789730732372, enabled=True
2024-12-19 19:37:39,086 - INFO -   (-2, 1): weight=-0.725826154774592, enabled=True
2024-12-19 19:37:39,086 - INFO -   (-2, 2): weight=-4.460774517432292, enabled=True
2024-12-19 19:37:39,086 - INFO -   (-3, 0): weight=0.5770586532573099, enabled=True
2024-12-19 19:37:39,087 - INFO -   (-3, 2): weight=-1.303274032522424, enabled=True
2024-12-19 19:37:39,088 - INFO -   (-4, 0): weight=1.3593021664372664, enabled=True
2024-12-19 19:37:39,088 - INFO -   (-4, 1): weight=0.46272223839535054, enabled=True
2024-12-19 19:37:39,088 - INFO -   (-4, 2): weight=-0.8816363935527435, enabled=True
2024-12-19 19:37:39,088 - INFO -   (-5, 0): weight=-0.3288258114834208, enabled=True
2024-12-19 19:37:39,088 - INFO -   (-5, 1): weight=-2.700954744275609, enabled=True
2024-12-19 19:37:39,088 - INFO - 
New Best Genome Found!
2024-12-19 19:37:39,089 - INFO - New Best Fitness: 16672.1335345783
2024-12-19 19:37:40,068 - INFO - 
Best Genome in Generation 11:
2024-12-19 19:37:40,068 - INFO - Fitness: 16815.756044883157
2024-12-19 19:37:40,069 - INFO - Network Structure:
2024-12-19 19:37:40,069 - INFO - Nodes:
2024-12-19 19:37:40,069 - INFO -   Node 0: DefaultNodeGene(key=0, bias=-1.6254933137429592, response=0.09242191507365932, activation=cube, aggregation=max)
2024-12-19 19:37:40,070 - INFO -   Node 1: DefaultNodeGene(key=1, bias=-0.04171221032766648, response=1.155232617411625, activation=sin, aggregation=maxabs)
2024-12-19 19:37:40,070 - INFO -   Node 2: DefaultNodeGene(key=2, bias=-0.7387724691672727, response=1.752944561975044, activation=tanh, aggregation=mean)
2024-12-19 19:37:40,070 - INFO -   Node 37: DefaultNodeGene(key=37, bias=1.0344212550308274, response=1.2042308429233854, activation=relu, aggregation=sum)
2024-12-19 19:37:40,070 - INFO - Connections:
2024-12-19 19:37:40,070 - INFO -   (-1, 0): weight=-2.766717950191642, enabled=True
2024-12-19 19:37:40,070 - INFO -   (-1, 1): weight=-0.41980821493784976, enabled=False
2024-12-19 19:37:40,071 - INFO -   (-1, 2): weight=1.3190490482049484, enabled=True
2024-12-19 19:37:40,071 - INFO -   (-2, 0): weight=2.4050253184928674, enabled=False
2024-12-19 19:37:40,071 - INFO -   (-2, 1): weight=-0.24870226665829892, enabled=True
2024-12-19 19:37:40,071 - INFO -   (-2, 2): weight=-3.984326638774004, enabled=True
2024-12-19 19:37:40,071 - INFO -   (-3, 0): weight=-0.1447805497818343, enabled=True
2024-12-19 19:37:40,071 - INFO -   (-3, 2): weight=-0.20827538535790513, enabled=True
2024-12-19 19:37:40,071 - INFO -   (-4, 0): weight=-1.4912185395733908, enabled=True
2024-12-19 19:37:40,072 - INFO -   (-4, 1): weight=0.9388590183032608, enabled=True
2024-12-19 19:37:40,072 - INFO -   (-4, 2): weight=1.2856365498464701, enabled=True
2024-12-19 19:37:40,072 - INFO -   (-5, 0): weight=-0.7766732055511005, enabled=True
2024-12-19 19:37:40,072 - INFO -   (-5, 1): weight=-2.8691732042697318, enabled=True
2024-12-19 19:37:40,072 - INFO -   (-1, 37): weight=1.1306821395999014, enabled=True
2024-12-19 19:37:40,072 - INFO -   (37, 1): weight=-0.3358235306642337, enabled=True
2024-12-19 19:37:40,072 - INFO - 
New Best Genome Found!
2024-12-19 19:37:40,072 - INFO - New Best Fitness: 16815.756044883157
2024-12-19 19:37:41,053 - INFO - 
Best Genome in Generation 12:
2024-12-19 19:37:41,053 - INFO - Fitness: 15933.559296245287
2024-12-19 19:37:41,053 - INFO - Network Structure:
2024-12-19 19:37:41,053 - INFO - Nodes:
2024-12-19 19:37:41,054 - INFO -   Node 0: DefaultNodeGene(key=0, bias=-1.6254933137429592, response=0.09242191507365932, activation=cube, aggregation=max)
2024-12-19 19:37:41,054 - INFO -   Node 1: DefaultNodeGene(key=1, bias=-0.04171221032766648, response=1.155232617411625, activation=sin, aggregation=maxabs)
2024-12-19 19:37:41,054 - INFO -   Node 2: DefaultNodeGene(key=2, bias=-0.7387724691672727, response=1.752944561975044, activation=tanh, aggregation=mean)
2024-12-19 19:37:41,054 - INFO -   Node 37: DefaultNodeGene(key=37, bias=1.0344212550308274, response=1.2042308429233854, activation=relu, aggregation=sum)
2024-12-19 19:37:41,054 - INFO - Connections:
2024-12-19 19:37:41,054 - INFO -   (-1, 0): weight=-2.766717950191642, enabled=True
2024-12-19 19:37:41,054 - INFO -   (-1, 1): weight=-0.41980821493784976, enabled=False
2024-12-19 19:37:41,054 - INFO -   (-1, 2): weight=1.3190490482049484, enabled=True
2024-12-19 19:37:41,054 - INFO -   (-2, 0): weight=2.4050253184928674, enabled=False
2024-12-19 19:37:41,054 - INFO -   (-2, 1): weight=-0.24870226665829892, enabled=True
2024-12-19 19:37:41,055 - INFO -   (-2, 2): weight=-3.984326638774004, enabled=True
2024-12-19 19:37:41,055 - INFO -   (-3, 0): weight=-0.1447805497818343, enabled=True
2024-12-19 19:37:41,055 - INFO -   (-3, 2): weight=-0.20827538535790513, enabled=True
2024-12-19 19:37:41,055 - INFO -   (-4, 0): weight=-1.4912185395733908, enabled=True
2024-12-19 19:37:41,055 - INFO -   (-4, 1): weight=0.9388590183032608, enabled=True
2024-12-19 19:37:41,055 - INFO -   (-4, 2): weight=1.2856365498464701, enabled=True
2024-12-19 19:37:41,055 - INFO -   (-5, 0): weight=-0.7766732055511005, enabled=True
2024-12-19 19:37:41,055 - INFO -   (-5, 1): weight=-2.8691732042697318, enabled=True
2024-12-19 19:37:41,055 - INFO -   (-1, 37): weight=1.1306821395999014, enabled=True
2024-12-19 19:37:41,055 - INFO -   (37, 1): weight=-0.3358235306642337, enabled=True
2024-12-19 19:37:42,051 - INFO - 
Best Genome in Generation 13:
2024-12-19 19:37:42,051 - INFO - Fitness: 15933.559296245287
2024-12-19 19:37:42,051 - INFO - Network Structure:
2024-12-19 19:37:42,051 - INFO - Nodes:
2024-12-19 19:37:42,051 - INFO -   Node 0: DefaultNodeGene(key=0, bias=-1.6254933137429592, response=0.09242191507365932, activation=cube, aggregation=max)
2024-12-19 19:37:42,051 - INFO -   Node 1: DefaultNodeGene(key=1, bias=-0.04171221032766648, response=1.155232617411625, activation=sin, aggregation=maxabs)
2024-12-19 19:37:42,051 - INFO -   Node 2: DefaultNodeGene(key=2, bias=-0.7387724691672727, response=1.752944561975044, activation=tanh, aggregation=mean)
2024-12-19 19:37:42,052 - INFO -   Node 37: DefaultNodeGene(key=37, bias=1.0344212550308274, response=1.2042308429233854, activation=relu, aggregation=sum)
2024-12-19 19:37:42,052 - INFO - Connections:
2024-12-19 19:37:42,052 - INFO -   (-1, 0): weight=-2.766717950191642, enabled=True
2024-12-19 19:37:42,052 - INFO -   (-1, 1): weight=-0.41980821493784976, enabled=False
2024-12-19 19:37:42,052 - INFO -   (-1, 2): weight=1.3190490482049484, enabled=True
2024-12-19 19:37:42,052 - INFO -   (-2, 0): weight=2.4050253184928674, enabled=False
2024-12-19 19:37:42,052 - INFO -   (-2, 1): weight=-0.24870226665829892, enabled=True
2024-12-19 19:37:42,052 - INFO -   (-2, 2): weight=-3.984326638774004, enabled=True
2024-12-19 19:37:42,052 - INFO -   (-3, 0): weight=-0.1447805497818343, enabled=True
2024-12-19 19:37:42,053 - INFO -   (-3, 2): weight=-0.20827538535790513, enabled=True
2024-12-19 19:37:42,053 - INFO -   (-4, 0): weight=-1.4912185395733908, enabled=True
2024-12-19 19:37:42,053 - INFO -   (-4, 1): weight=0.9388590183032608, enabled=True
2024-12-19 19:37:42,053 - INFO -   (-4, 2): weight=1.2856365498464701, enabled=True
2024-12-19 19:37:42,053 - INFO -   (-5, 0): weight=-0.7766732055511005, enabled=True
2024-12-19 19:37:42,053 - INFO -   (-5, 1): weight=-2.8691732042697318, enabled=True
2024-12-19 19:37:42,053 - INFO -   (-1, 37): weight=1.1306821395999014, enabled=True
2024-12-19 19:37:42,053 - INFO -   (37, 1): weight=-0.3358235306642337, enabled=True
2024-12-19 19:37:43,093 - INFO - 
Best Genome in Generation 14:
2024-12-19 19:37:43,093 - INFO - Fitness: 16682.40072241463
2024-12-19 19:37:43,093 - INFO - Network Structure:
2024-12-19 19:37:43,093 - INFO - Nodes:
2024-12-19 19:37:43,093 - INFO -   Node 0: DefaultNodeGene(key=0, bias=-1.6254933137429592, response=0.09242191507365932, activation=cube, aggregation=max)
2024-12-19 19:37:43,093 - INFO -   Node 1: DefaultNodeGene(key=1, bias=-0.04171221032766648, response=1.155232617411625, activation=sin, aggregation=maxabs)
2024-12-19 19:37:43,093 - INFO -   Node 2: DefaultNodeGene(key=2, bias=-0.7387724691672727, response=1.752944561975044, activation=tanh, aggregation=mean)
2024-12-19 19:37:43,093 - INFO -   Node 37: DefaultNodeGene(key=37, bias=1.0344212550308274, response=1.2042308429233854, activation=relu, aggregation=sum)
2024-12-19 19:37:43,093 - INFO - Connections:
2024-12-19 19:37:43,094 - INFO -   (-1, 0): weight=-2.766717950191642, enabled=True
2024-12-19 19:37:43,094 - INFO -   (-1, 1): weight=-0.41980821493784976, enabled=False
2024-12-19 19:37:43,094 - INFO -   (-1, 2): weight=1.3190490482049484, enabled=True
2024-12-19 19:37:43,094 - INFO -   (-2, 0): weight=2.4050253184928674, enabled=False
2024-12-19 19:37:43,094 - INFO -   (-2, 1): weight=-0.24870226665829892, enabled=True
2024-12-19 19:37:43,094 - INFO -   (-2, 2): weight=-3.984326638774004, enabled=True
2024-12-19 19:37:43,094 - INFO -   (-3, 0): weight=-0.1447805497818343, enabled=True
2024-12-19 19:37:43,094 - INFO -   (-3, 2): weight=-0.20827538535790513, enabled=True
2024-12-19 19:37:43,094 - INFO -   (-4, 0): weight=-1.4912185395733908, enabled=True
2024-12-19 19:37:43,094 - INFO -   (-4, 1): weight=0.9388590183032608, enabled=True
2024-12-19 19:37:43,094 - INFO -   (-4, 2): weight=1.2856365498464701, enabled=True
2024-12-19 19:37:43,094 - INFO -   (-5, 0): weight=-0.7766732055511005, enabled=True
2024-12-19 19:37:43,094 - INFO -   (-5, 1): weight=-2.8691732042697318, enabled=True
2024-12-19 19:37:43,094 - INFO -   (-1, 37): weight=1.1306821395999014, enabled=True
2024-12-19 19:37:43,094 - INFO -   (37, 1): weight=-0.3358235306642337, enabled=True
2024-12-19 19:37:44,104 - INFO - 
Best Genome in Generation 15:
2024-12-19 19:37:44,104 - INFO - Fitness: 16728.79975166774
2024-12-19 19:37:44,104 - INFO - Network Structure:
2024-12-19 19:37:44,104 - INFO - Nodes:
2024-12-19 19:37:44,104 - INFO -   Node 0: DefaultNodeGene(key=0, bias=-3.2086467818613573, response=-0.022629395476706504, activation=cube, aggregation=median)
2024-12-19 19:37:44,104 - INFO -   Node 1: DefaultNodeGene(key=1, bias=-0.22598001053832206, response=1.4377379940846364, activation=sin, aggregation=sum)
2024-12-19 19:37:44,104 - INFO -   Node 2: DefaultNodeGene(key=2, bias=-1.1472411569679375, response=0.5261914926147406, activation=tanh, aggregation=mean)
2024-12-19 19:37:44,104 - INFO -   Node 37: DefaultNodeGene(key=37, bias=1.0229780928397139, response=0.9957876108441504, activation=relu, aggregation=sum)
2024-12-19 19:37:44,105 - INFO - Connections:
2024-12-19 19:37:44,105 - INFO -   (-1, 0): weight=-3.4487532327750596, enabled=False
2024-12-19 19:37:44,105 - INFO -   (-1, 1): weight=0.7281132089614961, enabled=False
2024-12-19 19:37:44,105 - INFO -   (-1, 2): weight=1.3190490482049484, enabled=True
2024-12-19 19:37:44,105 - INFO -   (-2, 0): weight=2.9616765829823066, enabled=True
2024-12-19 19:37:44,105 - INFO -   (-2, 1): weight=0.38199375615929965, enabled=True
2024-12-19 19:37:44,105 - INFO -   (-2, 2): weight=-3.664606328753044, enabled=False
2024-12-19 19:37:44,105 - INFO -   (-3, 0): weight=-0.21400790065508746, enabled=True
2024-12-19 19:37:44,105 - INFO -   (-3, 2): weight=-1.0161716977340673, enabled=True
2024-12-19 19:37:44,105 - INFO -   (-4, 0): weight=2.9364633924717576, enabled=True
2024-12-19 19:37:44,105 - INFO -   (-4, 1): weight=1.57451955133345, enabled=False
2024-12-19 19:37:44,105 - INFO -   (-4, 2): weight=-1.641716288517305, enabled=True
2024-12-19 19:37:44,105 - INFO -   (-5, 0): weight=0.05935306028804699, enabled=True
2024-12-19 19:37:44,106 - INFO -   (-5, 1): weight=0.507736441640058, enabled=True
2024-12-19 19:37:44,106 - INFO -   (-1, 37): weight=1.9157701457778162, enabled=True
2024-12-19 19:37:44,106 - INFO -   (37, 1): weight=-0.6247031898097287, enabled=True
2024-12-19 19:37:44,106 - INFO -   (37, 2): weight=-1.121925289981597, enabled=True
2024-12-19 19:37:45,056 - INFO - 
Best Genome in Generation 16:
2024-12-19 19:37:45,056 - INFO - Fitness: 17093.70478924733
2024-12-19 19:37:45,056 - INFO - Network Structure:
2024-12-19 19:37:45,056 - INFO - Nodes:
2024-12-19 19:37:45,056 - INFO -   Node 0: DefaultNodeGene(key=0, bias=-3.2086467818613573, response=-0.022629395476706504, activation=cube, aggregation=median)
2024-12-19 19:37:45,056 - INFO -   Node 1: DefaultNodeGene(key=1, bias=-0.22598001053832206, response=1.4377379940846364, activation=sin, aggregation=sum)
2024-12-19 19:37:45,057 - INFO -   Node 2: DefaultNodeGene(key=2, bias=-1.1472411569679375, response=0.5261914926147406, activation=tanh, aggregation=mean)
2024-12-19 19:37:45,057 - INFO -   Node 37: DefaultNodeGene(key=37, bias=1.0229780928397139, response=0.9957876108441504, activation=relu, aggregation=sum)
2024-12-19 19:37:45,057 - INFO - Connections:
2024-12-19 19:37:45,057 - INFO -   (-1, 0): weight=-3.4487532327750596, enabled=False
2024-12-19 19:37:45,057 - INFO -   (-1, 1): weight=0.7281132089614961, enabled=False
2024-12-19 19:37:45,057 - INFO -   (-1, 2): weight=1.3190490482049484, enabled=True
2024-12-19 19:37:45,057 - INFO -   (-2, 0): weight=2.9616765829823066, enabled=True
2024-12-19 19:37:45,057 - INFO -   (-2, 1): weight=0.38199375615929965, enabled=True
2024-12-19 19:37:45,057 - INFO -   (-2, 2): weight=-3.664606328753044, enabled=False
2024-12-19 19:37:45,057 - INFO -   (-3, 0): weight=-0.21400790065508746, enabled=True
2024-12-19 19:37:45,057 - INFO -   (-3, 2): weight=-1.0161716977340673, enabled=True
2024-12-19 19:37:45,058 - INFO -   (-4, 0): weight=2.9364633924717576, enabled=True
2024-12-19 19:37:45,058 - INFO -   (-4, 1): weight=1.57451955133345, enabled=False
2024-12-19 19:37:45,058 - INFO -   (-4, 2): weight=-1.641716288517305, enabled=True
2024-12-19 19:37:45,058 - INFO -   (-5, 0): weight=0.05935306028804699, enabled=True
2024-12-19 19:37:45,058 - INFO -   (-5, 1): weight=0.507736441640058, enabled=True
2024-12-19 19:37:45,058 - INFO -   (-1, 37): weight=1.9157701457778162, enabled=True
2024-12-19 19:37:45,059 - INFO -   (37, 1): weight=-0.6247031898097287, enabled=True
2024-12-19 19:37:45,059 - INFO -   (37, 2): weight=-1.121925289981597, enabled=True
2024-12-19 19:37:45,059 - INFO - 
New Best Genome Found!
2024-12-19 19:37:45,059 - INFO - New Best Fitness: 17093.70478924733
2024-12-19 19:37:46,178 - INFO - 
Best Genome in Generation 17:
2024-12-19 19:37:46,179 - INFO - Fitness: 17592.408340606107
2024-12-19 19:37:46,179 - INFO - Network Structure:
2024-12-19 19:37:46,179 - INFO - Nodes:
2024-12-19 19:37:46,179 - INFO -   Node 0: DefaultNodeGene(key=0, bias=-3.2086467818613573, response=-0.022629395476706504, activation=cube, aggregation=median)
2024-12-19 19:37:46,179 - INFO -   Node 1: DefaultNodeGene(key=1, bias=-0.22598001053832206, response=1.4377379940846364, activation=sin, aggregation=sum)
2024-12-19 19:37:46,180 - INFO -   Node 2: DefaultNodeGene(key=2, bias=-1.1472411569679375, response=0.5261914926147406, activation=tanh, aggregation=mean)
2024-12-19 19:37:46,180 - INFO -   Node 37: DefaultNodeGene(key=37, bias=1.0229780928397139, response=0.9957876108441504, activation=relu, aggregation=sum)
2024-12-19 19:37:46,180 - INFO - Connections:
2024-12-19 19:37:46,180 - INFO -   (-1, 0): weight=-3.4487532327750596, enabled=False
2024-12-19 19:37:46,180 - INFO -   (-1, 1): weight=0.7281132089614961, enabled=False
2024-12-19 19:37:46,180 - INFO -   (-1, 2): weight=1.3190490482049484, enabled=True
2024-12-19 19:37:46,180 - INFO -   (-2, 0): weight=2.9616765829823066, enabled=True
2024-12-19 19:37:46,180 - INFO -   (-2, 1): weight=0.38199375615929965, enabled=True
2024-12-19 19:37:46,180 - INFO -   (-2, 2): weight=-3.664606328753044, enabled=False
2024-12-19 19:37:46,180 - INFO -   (-3, 0): weight=-0.21400790065508746, enabled=True
2024-12-19 19:37:46,180 - INFO -   (-3, 2): weight=-1.0161716977340673, enabled=True
2024-12-19 19:37:46,180 - INFO -   (-4, 0): weight=2.9364633924717576, enabled=True
2024-12-19 19:37:46,180 - INFO -   (-4, 1): weight=1.57451955133345, enabled=False
2024-12-19 19:37:46,180 - INFO -   (-4, 2): weight=-1.641716288517305, enabled=True
2024-12-19 19:37:46,180 - INFO -   (-5, 0): weight=0.05935306028804699, enabled=True
2024-12-19 19:37:46,180 - INFO -   (-5, 1): weight=0.507736441640058, enabled=True
2024-12-19 19:37:46,181 - INFO -   (-1, 37): weight=1.9157701457778162, enabled=True
2024-12-19 19:37:46,181 - INFO -   (37, 1): weight=-0.6247031898097287, enabled=True
2024-12-19 19:37:46,181 - INFO -   (37, 2): weight=-1.121925289981597, enabled=True
2024-12-19 19:37:46,181 - INFO - 
New Best Genome Found!
2024-12-19 19:37:46,181 - INFO - New Best Fitness: 17592.408340606107
2024-12-19 19:37:46,623 - INFO - 
Training interrupted by user
