2024-12-20 08:22:07,843 - INFO - Initializing LanderTrainer
2024-12-20 08:22:07,844 - DEBUG - Environment initialized
2024-12-20 08:22:07,844 - DEBUG - Input handler initialized
2024-12-20 08:22:07,844 - INFO - NEAT library patched with genome logging
2024-12-20 08:22:07,845 - INFO - LanderTrainer initialization complete
2024-12-20 08:22:07,848 - INFO - Creating new population
2024-12-20 08:22:08,070 - INFO - 
Best Genome in Generation 0:
2024-12-20 08:22:08,070 - INFO - Fitness: 3039.6659780457676
2024-12-20 08:22:08,070 - INFO - Network Structure:
2024-12-20 08:22:08,070 - INFO - Nodes:
2024-12-20 08:22:08,079 - INFO -   Node 0: DefaultNodeGene(key=0, bias=-2.180317947013017, response=0.6877226828554401, activation=tanh, aggregation=sum)
2024-12-20 08:22:08,079 - INFO -   Node 1: DefaultNodeGene(key=1, bias=0.7355437988902871, response=1.8734043853794469, activation=tanh, aggregation=sum)
2024-12-20 08:22:08,079 - INFO -   Node 2: DefaultNodeGene(key=2, bias=-0.36094450898270314, response=1.3765998586879102, activation=tanh, aggregation=sum)
2024-12-20 08:22:08,079 - INFO - Connections:
2024-12-20 08:22:08,080 - INFO -   (-1, 0): weight=0.3723201739926217, enabled=True
2024-12-20 08:22:08,080 - INFO -   (-1, 1): weight=1.1734902130554632, enabled=True
2024-12-20 08:22:08,080 - INFO -   (-1, 2): weight=-1.6698333213722591, enabled=True
2024-12-20 08:22:08,080 - INFO -   (-2, 0): weight=0.8523760313780786, enabled=True
2024-12-20 08:22:08,080 - INFO -   (-2, 1): weight=-2.2717805875877097, enabled=True
2024-12-20 08:22:08,080 - INFO -   (-2, 2): weight=-3.929918133328278, enabled=True
2024-12-20 08:22:08,080 - INFO -   (-3, 0): weight=-0.9103360922992539, enabled=True
2024-12-20 08:22:08,080 - INFO -   (-3, 1): weight=-1.3737150695189921, enabled=True
2024-12-20 08:22:08,080 - INFO -   (-3, 2): weight=1.3140183645846095, enabled=True
2024-12-20 08:22:08,080 - INFO -   (-4, 0): weight=0.9963988494193424, enabled=True
2024-12-20 08:22:08,081 - INFO -   (-4, 1): weight=-1.828612111943543, enabled=True
2024-12-20 08:22:08,081 - INFO -   (-4, 2): weight=1.2710421350220005, enabled=True
2024-12-20 08:22:08,081 - INFO -   (-5, 0): weight=-1.5033042363635247, enabled=True
2024-12-20 08:22:08,081 - INFO -   (-5, 1): weight=-0.12936576950442627, enabled=True
2024-12-20 08:22:08,081 - INFO -   (-5, 2): weight=-0.4408496669347982, enabled=True
2024-12-20 08:22:08,081 - INFO - 
New Best Genome Found!
2024-12-20 08:22:08,084 - INFO - New Best Fitness: 3039.6659780457676
2024-12-20 08:22:08,353 - INFO - 
Best Genome in Generation 1:
2024-12-20 08:22:08,353 - INFO - Fitness: 3039.6659780457676
2024-12-20 08:22:08,353 - INFO - Network Structure:
2024-12-20 08:22:08,353 - INFO - Nodes:
2024-12-20 08:22:08,353 - INFO -   Node 0: DefaultNodeGene(key=0, bias=-2.180317947013017, response=0.6877226828554401, activation=tanh, aggregation=sum)
2024-12-20 08:22:08,360 - INFO -   Node 1: DefaultNodeGene(key=1, bias=0.7355437988902871, response=1.8734043853794469, activation=tanh, aggregation=sum)
2024-12-20 08:22:08,361 - INFO -   Node 2: DefaultNodeGene(key=2, bias=-0.36094450898270314, response=1.3765998586879102, activation=tanh, aggregation=sum)
2024-12-20 08:22:08,361 - INFO - Connections:
2024-12-20 08:22:08,361 - INFO -   (-1, 0): weight=0.3723201739926217, enabled=True
2024-12-20 08:22:08,361 - INFO -   (-1, 1): weight=1.1734902130554632, enabled=True
2024-12-20 08:22:08,362 - INFO -   (-1, 2): weight=-1.6698333213722591, enabled=True
2024-12-20 08:22:08,362 - INFO -   (-2, 0): weight=0.8523760313780786, enabled=True
2024-12-20 08:22:08,362 - INFO -   (-2, 1): weight=-2.2717805875877097, enabled=True
2024-12-20 08:22:08,362 - INFO -   (-2, 2): weight=-3.929918133328278, enabled=True
2024-12-20 08:22:08,362 - INFO -   (-3, 0): weight=-0.9103360922992539, enabled=True
2024-12-20 08:22:08,362 - INFO -   (-3, 1): weight=-1.3737150695189921, enabled=True
2024-12-20 08:22:08,362 - INFO -   (-3, 2): weight=1.3140183645846095, enabled=True
2024-12-20 08:22:08,362 - INFO -   (-4, 0): weight=0.9963988494193424, enabled=True
2024-12-20 08:22:08,362 - INFO -   (-4, 1): weight=-1.828612111943543, enabled=True
2024-12-20 08:22:08,362 - INFO -   (-4, 2): weight=1.2710421350220005, enabled=True
2024-12-20 08:22:08,362 - INFO -   (-5, 0): weight=-1.5033042363635247, enabled=True
2024-12-20 08:22:08,363 - INFO -   (-5, 1): weight=-0.12936576950442627, enabled=True
2024-12-20 08:22:08,363 - INFO -   (-5, 2): weight=-0.4408496669347982, enabled=True
2024-12-20 08:22:08,825 - INFO - 
Best Genome in Generation 2:
2024-12-20 08:22:08,825 - INFO - Fitness: 9595.076506603651
2024-12-20 08:22:08,825 - INFO - Network Structure:
2024-12-20 08:22:08,825 - INFO - Nodes:
2024-12-20 08:22:08,825 - INFO -   Node 0: DefaultNodeGene(key=0, bias=-1.9384048474478295, response=0.22485083950608503, activation=tanh, aggregation=sum)
2024-12-20 08:22:08,825 - INFO -   Node 1: DefaultNodeGene(key=1, bias=0.41718481807017543, response=1.101793884846828, activation=sin, aggregation=sum)
2024-12-20 08:22:08,826 - INFO -   Node 2: DefaultNodeGene(key=2, bias=-0.44014066829246146, response=0.8721346919884572, activation=tanh, aggregation=sum)
2024-12-20 08:22:08,826 - INFO - Connections:
2024-12-20 08:22:08,826 - INFO -   (-1, 0): weight=-1.2027550635428386, enabled=True
2024-12-20 08:22:08,826 - INFO -   (-1, 1): weight=1.5681635024072076, enabled=True
2024-12-20 08:22:08,826 - INFO -   (-1, 2): weight=-1.8959508375612946, enabled=False
2024-12-20 08:22:08,826 - INFO -   (-2, 0): weight=0.128385565799934, enabled=True
2024-12-20 08:22:08,826 - INFO -   (-2, 1): weight=-1.9041674085449332, enabled=True
2024-12-20 08:22:08,826 - INFO -   (-2, 2): weight=-2.7996666745974483, enabled=True
2024-12-20 08:22:08,826 - INFO -   (-3, 0): weight=-0.03843553389603882, enabled=True
2024-12-20 08:22:08,826 - INFO -   (-3, 1): weight=-0.6252794883949229, enabled=False
2024-12-20 08:22:08,826 - INFO -   (-3, 2): weight=-2.9131409429841417, enabled=True
2024-12-20 08:22:08,826 - INFO -   (-4, 0): weight=-1.0161716977340673, enabled=True
2024-12-20 08:22:08,827 - INFO -   (-4, 1): weight=0.8691947633075211, enabled=True
2024-12-20 08:22:08,827 - INFO -   (-4, 2): weight=0.21601530715776207, enabled=True
2024-12-20 08:22:08,827 - INFO -   (-5, 0): weight=-2.6168972109169335, enabled=True
2024-12-20 08:22:08,827 - INFO -   (-5, 1): weight=0.4821561383771338, enabled=True
2024-12-20 08:22:08,827 - INFO -   (-5, 2): weight=0.507736441640058, enabled=True
2024-12-20 08:22:08,827 - INFO - 
New Best Genome Found!
2024-12-20 08:22:08,827 - INFO - New Best Fitness: 9595.076506603651
2024-12-20 08:22:09,318 - INFO - 
Best Genome in Generation 3:
2024-12-20 08:22:09,320 - INFO - Fitness: 9595.076506603651
2024-12-20 08:22:09,320 - INFO - Network Structure:
2024-12-20 08:22:09,320 - INFO - Nodes:
2024-12-20 08:22:09,320 - INFO -   Node 0: DefaultNodeGene(key=0, bias=-1.9384048474478295, response=0.22485083950608503, activation=tanh, aggregation=sum)
2024-12-20 08:22:09,320 - INFO -   Node 1: DefaultNodeGene(key=1, bias=0.41718481807017543, response=1.101793884846828, activation=sin, aggregation=sum)
2024-12-20 08:22:09,320 - INFO -   Node 2: DefaultNodeGene(key=2, bias=-0.44014066829246146, response=0.8721346919884572, activation=tanh, aggregation=sum)
2024-12-20 08:22:09,320 - INFO - Connections:
2024-12-20 08:22:09,320 - INFO -   (-1, 0): weight=-1.2027550635428386, enabled=True
2024-12-20 08:22:09,320 - INFO -   (-1, 1): weight=1.5681635024072076, enabled=True
2024-12-20 08:22:09,320 - INFO -   (-1, 2): weight=-1.8959508375612946, enabled=False
2024-12-20 08:22:09,320 - INFO -   (-2, 0): weight=0.128385565799934, enabled=True
2024-12-20 08:22:09,320 - INFO -   (-2, 1): weight=-1.9041674085449332, enabled=True
2024-12-20 08:22:09,320 - INFO -   (-2, 2): weight=-2.7996666745974483, enabled=True
2024-12-20 08:22:09,320 - INFO -   (-3, 0): weight=-0.03843553389603882, enabled=True
2024-12-20 08:22:09,320 - INFO -   (-3, 1): weight=-0.6252794883949229, enabled=False
2024-12-20 08:22:09,320 - INFO -   (-3, 2): weight=-2.9131409429841417, enabled=True
2024-12-20 08:22:09,320 - INFO -   (-4, 0): weight=-1.0161716977340673, enabled=True
2024-12-20 08:22:09,321 - INFO -   (-4, 1): weight=0.8691947633075211, enabled=True
2024-12-20 08:22:09,321 - INFO -   (-4, 2): weight=0.21601530715776207, enabled=True
2024-12-20 08:22:09,321 - INFO -   (-5, 0): weight=-2.6168972109169335, enabled=True
2024-12-20 08:22:09,321 - INFO -   (-5, 1): weight=0.4821561383771338, enabled=True
2024-12-20 08:22:09,321 - INFO -   (-5, 2): weight=0.507736441640058, enabled=True
2024-12-20 08:22:09,776 - INFO - 
Best Genome in Generation 4:
2024-12-20 08:22:09,776 - INFO - Fitness: 9595.076506603651
2024-12-20 08:22:09,776 - INFO - Network Structure:
2024-12-20 08:22:09,777 - INFO - Nodes:
2024-12-20 08:22:09,777 - INFO -   Node 0: DefaultNodeGene(key=0, bias=-1.9384048474478295, response=0.22485083950608503, activation=tanh, aggregation=sum)
2024-12-20 08:22:09,777 - INFO -   Node 1: DefaultNodeGene(key=1, bias=0.41718481807017543, response=1.101793884846828, activation=sin, aggregation=sum)
2024-12-20 08:22:09,777 - INFO -   Node 2: DefaultNodeGene(key=2, bias=-0.44014066829246146, response=0.8721346919884572, activation=tanh, aggregation=sum)
2024-12-20 08:22:09,777 - INFO - Connections:
2024-12-20 08:22:09,777 - INFO -   (-1, 0): weight=-1.2027550635428386, enabled=True
2024-12-20 08:22:09,777 - INFO -   (-1, 1): weight=1.5681635024072076, enabled=True
2024-12-20 08:22:09,777 - INFO -   (-1, 2): weight=-1.8959508375612946, enabled=False
2024-12-20 08:22:09,777 - INFO -   (-2, 0): weight=0.128385565799934, enabled=True
2024-12-20 08:22:09,777 - INFO -   (-2, 1): weight=-1.9041674085449332, enabled=True
2024-12-20 08:22:09,777 - INFO -   (-2, 2): weight=-2.7996666745974483, enabled=True
2024-12-20 08:22:09,777 - INFO -   (-3, 0): weight=-0.03843553389603882, enabled=True
2024-12-20 08:22:09,778 - INFO -   (-3, 1): weight=-0.6252794883949229, enabled=False
2024-12-20 08:22:09,778 - INFO -   (-3, 2): weight=-2.9131409429841417, enabled=True
2024-12-20 08:22:09,778 - INFO -   (-4, 0): weight=-1.0161716977340673, enabled=True
2024-12-20 08:22:09,778 - INFO -   (-4, 1): weight=0.8691947633075211, enabled=True
2024-12-20 08:22:09,778 - INFO -   (-4, 2): weight=0.21601530715776207, enabled=True
2024-12-20 08:22:09,778 - INFO -   (-5, 0): weight=-2.6168972109169335, enabled=True
2024-12-20 08:22:09,778 - INFO -   (-5, 1): weight=0.4821561383771338, enabled=True
2024-12-20 08:22:09,778 - INFO -   (-5, 2): weight=0.507736441640058, enabled=True
2024-12-20 08:22:10,204 - INFO - 
Best Genome in Generation 5:
2024-12-20 08:22:10,204 - INFO - Fitness: 9595.076506603651
2024-12-20 08:22:10,204 - INFO - Network Structure:
2024-12-20 08:22:10,204 - INFO - Nodes:
2024-12-20 08:22:10,204 - INFO -   Node 0: DefaultNodeGene(key=0, bias=-1.9384048474478295, response=0.22485083950608503, activation=tanh, aggregation=sum)
2024-12-20 08:22:10,204 - INFO -   Node 1: DefaultNodeGene(key=1, bias=0.41718481807017543, response=1.101793884846828, activation=sin, aggregation=sum)
2024-12-20 08:22:10,204 - INFO -   Node 2: DefaultNodeGene(key=2, bias=-0.44014066829246146, response=0.8721346919884572, activation=tanh, aggregation=sum)
2024-12-20 08:22:10,205 - INFO - Connections:
2024-12-20 08:22:10,205 - INFO -   (-1, 0): weight=-1.2027550635428386, enabled=True
2024-12-20 08:22:10,205 - INFO -   (-1, 1): weight=1.5681635024072076, enabled=True
2024-12-20 08:22:10,205 - INFO -   (-1, 2): weight=-1.8959508375612946, enabled=False
2024-12-20 08:22:10,205 - INFO -   (-2, 0): weight=0.128385565799934, enabled=True
2024-12-20 08:22:10,205 - INFO -   (-2, 1): weight=-1.9041674085449332, enabled=True
2024-12-20 08:22:10,205 - INFO -   (-2, 2): weight=-2.7996666745974483, enabled=True
2024-12-20 08:22:10,205 - INFO -   (-3, 0): weight=-0.03843553389603882, enabled=True
2024-12-20 08:22:10,205 - INFO -   (-3, 1): weight=-0.6252794883949229, enabled=False
2024-12-20 08:22:10,205 - INFO -   (-3, 2): weight=-2.9131409429841417, enabled=True
2024-12-20 08:22:10,205 - INFO -   (-4, 0): weight=-1.0161716977340673, enabled=True
2024-12-20 08:22:10,205 - INFO -   (-4, 1): weight=0.8691947633075211, enabled=True
2024-12-20 08:22:10,205 - INFO -   (-4, 2): weight=0.21601530715776207, enabled=True
2024-12-20 08:22:10,205 - INFO -   (-5, 0): weight=-2.6168972109169335, enabled=True
2024-12-20 08:22:10,206 - INFO -   (-5, 1): weight=0.4821561383771338, enabled=True
2024-12-20 08:22:10,206 - INFO -   (-5, 2): weight=0.507736441640058, enabled=True
2024-12-20 08:22:10,631 - INFO - 
Best Genome in Generation 6:
2024-12-20 08:22:10,631 - INFO - Fitness: 9595.076506603651
2024-12-20 08:22:10,631 - INFO - Network Structure:
2024-12-20 08:22:10,631 - INFO - Nodes:
2024-12-20 08:22:10,631 - INFO -   Node 0: DefaultNodeGene(key=0, bias=-1.9384048474478295, response=0.22485083950608503, activation=tanh, aggregation=sum)
2024-12-20 08:22:10,631 - INFO -   Node 1: DefaultNodeGene(key=1, bias=0.41718481807017543, response=1.101793884846828, activation=sin, aggregation=sum)
2024-12-20 08:22:10,631 - INFO -   Node 2: DefaultNodeGene(key=2, bias=-0.44014066829246146, response=0.8721346919884572, activation=tanh, aggregation=sum)
2024-12-20 08:22:10,631 - INFO - Connections:
2024-12-20 08:22:10,631 - INFO -   (-1, 0): weight=-1.2027550635428386, enabled=True
2024-12-20 08:22:10,631 - INFO -   (-1, 1): weight=1.5681635024072076, enabled=True
2024-12-20 08:22:10,633 - INFO -   (-1, 2): weight=-1.8959508375612946, enabled=False
2024-12-20 08:22:10,633 - INFO -   (-2, 0): weight=0.128385565799934, enabled=True
2024-12-20 08:22:10,633 - INFO -   (-2, 1): weight=-1.9041674085449332, enabled=True
2024-12-20 08:22:10,633 - INFO -   (-2, 2): weight=-2.7996666745974483, enabled=True
2024-12-20 08:22:10,633 - INFO -   (-3, 0): weight=-0.03843553389603882, enabled=True
2024-12-20 08:22:10,633 - INFO -   (-3, 1): weight=-0.6252794883949229, enabled=False
2024-12-20 08:22:10,633 - INFO -   (-3, 2): weight=-2.9131409429841417, enabled=True
2024-12-20 08:22:10,633 - INFO -   (-4, 0): weight=-1.0161716977340673, enabled=True
2024-12-20 08:22:10,633 - INFO -   (-4, 1): weight=0.8691947633075211, enabled=True
2024-12-20 08:22:10,633 - INFO -   (-4, 2): weight=0.21601530715776207, enabled=True
2024-12-20 08:22:10,633 - INFO -   (-5, 0): weight=-2.6168972109169335, enabled=True
2024-12-20 08:22:10,633 - INFO -   (-5, 1): weight=0.4821561383771338, enabled=True
2024-12-20 08:22:10,633 - INFO -   (-5, 2): weight=0.507736441640058, enabled=True
2024-12-20 08:22:11,209 - INFO - 
Best Genome in Generation 7:
2024-12-20 08:22:11,209 - INFO - Fitness: 9595.076506603651
2024-12-20 08:22:11,209 - INFO - Network Structure:
2024-12-20 08:22:11,209 - INFO - Nodes:
2024-12-20 08:22:11,209 - INFO -   Node 0: DefaultNodeGene(key=0, bias=-1.9384048474478295, response=0.22485083950608503, activation=tanh, aggregation=sum)
2024-12-20 08:22:11,209 - INFO -   Node 1: DefaultNodeGene(key=1, bias=0.41718481807017543, response=1.101793884846828, activation=sin, aggregation=sum)
2024-12-20 08:22:11,209 - INFO -   Node 2: DefaultNodeGene(key=2, bias=-0.44014066829246146, response=0.8721346919884572, activation=tanh, aggregation=sum)
2024-12-20 08:22:11,209 - INFO - Connections:
2024-12-20 08:22:11,209 - INFO -   (-1, 0): weight=-1.2027550635428386, enabled=True
2024-12-20 08:22:11,210 - INFO -   (-1, 1): weight=1.5681635024072076, enabled=True
2024-12-20 08:22:11,210 - INFO -   (-1, 2): weight=-1.8959508375612946, enabled=False
2024-12-20 08:22:11,210 - INFO -   (-2, 0): weight=0.128385565799934, enabled=True
2024-12-20 08:22:11,211 - INFO -   (-2, 1): weight=-1.9041674085449332, enabled=True
2024-12-20 08:22:11,211 - INFO -   (-2, 2): weight=-2.7996666745974483, enabled=True
2024-12-20 08:22:11,211 - INFO -   (-3, 0): weight=-0.03843553389603882, enabled=True
2024-12-20 08:22:11,211 - INFO -   (-3, 1): weight=-0.6252794883949229, enabled=False
2024-12-20 08:22:11,211 - INFO -   (-3, 2): weight=-2.9131409429841417, enabled=True
2024-12-20 08:22:11,211 - INFO -   (-4, 0): weight=-1.0161716977340673, enabled=True
2024-12-20 08:22:11,212 - INFO -   (-4, 1): weight=0.8691947633075211, enabled=True
2024-12-20 08:22:11,212 - INFO -   (-4, 2): weight=0.21601530715776207, enabled=True
2024-12-20 08:22:11,212 - INFO -   (-5, 0): weight=-2.6168972109169335, enabled=True
2024-12-20 08:22:11,212 - INFO -   (-5, 1): weight=0.4821561383771338, enabled=True
2024-12-20 08:22:11,212 - INFO -   (-5, 2): weight=0.507736441640058, enabled=True
2024-12-20 08:22:11,716 - INFO - 
Best Genome in Generation 8:
2024-12-20 08:22:11,717 - INFO - Fitness: 9595.076506603651
2024-12-20 08:22:11,717 - INFO - Network Structure:
2024-12-20 08:22:11,717 - INFO - Nodes:
2024-12-20 08:22:11,717 - INFO -   Node 0: DefaultNodeGene(key=0, bias=-1.9384048474478295, response=0.22485083950608503, activation=tanh, aggregation=sum)
2024-12-20 08:22:11,717 - INFO -   Node 1: DefaultNodeGene(key=1, bias=0.41718481807017543, response=1.101793884846828, activation=sin, aggregation=sum)
2024-12-20 08:22:11,717 - INFO -   Node 2: DefaultNodeGene(key=2, bias=-0.44014066829246146, response=0.8721346919884572, activation=tanh, aggregation=sum)
2024-12-20 08:22:11,717 - INFO - Connections:
2024-12-20 08:22:11,717 - INFO -   (-1, 0): weight=-1.2027550635428386, enabled=True
2024-12-20 08:22:11,717 - INFO -   (-1, 1): weight=1.5681635024072076, enabled=True
2024-12-20 08:22:11,717 - INFO -   (-1, 2): weight=-1.8959508375612946, enabled=False
2024-12-20 08:22:11,717 - INFO -   (-2, 0): weight=0.128385565799934, enabled=True
2024-12-20 08:22:11,718 - INFO -   (-2, 1): weight=-1.9041674085449332, enabled=True
2024-12-20 08:22:11,718 - INFO -   (-2, 2): weight=-2.7996666745974483, enabled=True
2024-12-20 08:22:11,718 - INFO -   (-3, 0): weight=-0.03843553389603882, enabled=True
2024-12-20 08:22:11,718 - INFO -   (-3, 1): weight=-0.6252794883949229, enabled=False
2024-12-20 08:22:11,718 - INFO -   (-3, 2): weight=-2.9131409429841417, enabled=True
2024-12-20 08:22:11,718 - INFO -   (-4, 0): weight=-1.0161716977340673, enabled=True
2024-12-20 08:22:11,718 - INFO -   (-4, 1): weight=0.8691947633075211, enabled=True
2024-12-20 08:22:11,718 - INFO -   (-4, 2): weight=0.21601530715776207, enabled=True
2024-12-20 08:22:11,718 - INFO -   (-5, 0): weight=-2.6168972109169335, enabled=True
2024-12-20 08:22:11,726 - INFO -   (-5, 1): weight=0.4821561383771338, enabled=True
2024-12-20 08:22:11,726 - INFO -   (-5, 2): weight=0.507736441640058, enabled=True
2024-12-20 08:22:12,124 - INFO - 
Best Genome in Generation 9:
2024-12-20 08:22:12,124 - INFO - Fitness: 9595.076506603651
2024-12-20 08:22:12,124 - INFO - Network Structure:
2024-12-20 08:22:12,124 - INFO - Nodes:
2024-12-20 08:22:12,124 - INFO -   Node 0: DefaultNodeGene(key=0, bias=-1.9384048474478295, response=0.22485083950608503, activation=tanh, aggregation=sum)
2024-12-20 08:22:12,124 - INFO -   Node 1: DefaultNodeGene(key=1, bias=0.41718481807017543, response=1.101793884846828, activation=sin, aggregation=sum)
2024-12-20 08:22:12,124 - INFO -   Node 2: DefaultNodeGene(key=2, bias=-0.44014066829246146, response=0.8721346919884572, activation=tanh, aggregation=sum)
2024-12-20 08:22:12,124 - INFO - Connections:
2024-12-20 08:22:12,124 - INFO -   (-1, 0): weight=-1.2027550635428386, enabled=True
2024-12-20 08:22:12,124 - INFO -   (-1, 1): weight=1.5681635024072076, enabled=True
2024-12-20 08:22:12,124 - INFO -   (-1, 2): weight=-1.8959508375612946, enabled=False
2024-12-20 08:22:12,124 - INFO -   (-2, 0): weight=0.128385565799934, enabled=True
2024-12-20 08:22:12,125 - INFO -   (-2, 1): weight=-1.9041674085449332, enabled=True
2024-12-20 08:22:12,125 - INFO -   (-2, 2): weight=-2.7996666745974483, enabled=True
2024-12-20 08:22:12,125 - INFO -   (-3, 0): weight=-0.03843553389603882, enabled=True
2024-12-20 08:22:12,125 - INFO -   (-3, 1): weight=-0.6252794883949229, enabled=False
2024-12-20 08:22:12,125 - INFO -   (-3, 2): weight=-2.9131409429841417, enabled=True
2024-12-20 08:22:12,125 - INFO -   (-4, 0): weight=-1.0161716977340673, enabled=True
2024-12-20 08:22:12,125 - INFO -   (-4, 1): weight=0.8691947633075211, enabled=True
2024-12-20 08:22:12,125 - INFO -   (-4, 2): weight=0.21601530715776207, enabled=True
2024-12-20 08:22:12,125 - INFO -   (-5, 0): weight=-2.6168972109169335, enabled=True
2024-12-20 08:22:12,125 - INFO -   (-5, 1): weight=0.4821561383771338, enabled=True
2024-12-20 08:22:12,125 - INFO -   (-5, 2): weight=0.507736441640058, enabled=True
2024-12-20 08:22:12,553 - INFO - 
Best Genome in Generation 10:
2024-12-20 08:22:12,553 - INFO - Fitness: 9595.076506603651
2024-12-20 08:22:12,553 - INFO - Network Structure:
2024-12-20 08:22:12,553 - INFO - Nodes:
2024-12-20 08:22:12,553 - INFO -   Node 0: DefaultNodeGene(key=0, bias=-1.9384048474478295, response=0.22485083950608503, activation=tanh, aggregation=sum)
2024-12-20 08:22:12,553 - INFO -   Node 1: DefaultNodeGene(key=1, bias=0.41718481807017543, response=1.101793884846828, activation=sin, aggregation=sum)
2024-12-20 08:22:12,553 - INFO -   Node 2: DefaultNodeGene(key=2, bias=-0.44014066829246146, response=0.8721346919884572, activation=tanh, aggregation=sum)
2024-12-20 08:22:12,553 - INFO - Connections:
2024-12-20 08:22:12,553 - INFO -   (-1, 0): weight=-1.2027550635428386, enabled=True
2024-12-20 08:22:12,554 - INFO -   (-1, 1): weight=1.5681635024072076, enabled=True
2024-12-20 08:22:12,554 - INFO -   (-1, 2): weight=-1.8959508375612946, enabled=False
2024-12-20 08:22:12,554 - INFO -   (-2, 0): weight=0.128385565799934, enabled=True
2024-12-20 08:22:12,554 - INFO -   (-2, 1): weight=-1.9041674085449332, enabled=True
2024-12-20 08:22:12,554 - INFO -   (-2, 2): weight=-2.7996666745974483, enabled=True
2024-12-20 08:22:12,554 - INFO -   (-3, 0): weight=-0.03843553389603882, enabled=True
2024-12-20 08:22:12,554 - INFO -   (-3, 1): weight=-0.6252794883949229, enabled=False
2024-12-20 08:22:12,554 - INFO -   (-3, 2): weight=-2.9131409429841417, enabled=True
2024-12-20 08:22:12,554 - INFO -   (-4, 0): weight=-1.0161716977340673, enabled=True
2024-12-20 08:22:12,554 - INFO -   (-4, 1): weight=0.8691947633075211, enabled=True
2024-12-20 08:22:12,554 - INFO -   (-4, 2): weight=0.21601530715776207, enabled=True
2024-12-20 08:22:12,554 - INFO -   (-5, 0): weight=-2.6168972109169335, enabled=True
2024-12-20 08:22:12,554 - INFO -   (-5, 1): weight=0.4821561383771338, enabled=True
2024-12-20 08:22:12,554 - INFO -   (-5, 2): weight=0.507736441640058, enabled=True
2024-12-20 08:22:13,018 - INFO - 
Best Genome in Generation 11:
2024-12-20 08:22:13,018 - INFO - Fitness: 9595.076506603651
2024-12-20 08:22:13,018 - INFO - Network Structure:
2024-12-20 08:22:13,018 - INFO - Nodes:
2024-12-20 08:22:13,018 - INFO -   Node 0: DefaultNodeGene(key=0, bias=-1.9384048474478295, response=0.22485083950608503, activation=tanh, aggregation=sum)
2024-12-20 08:22:13,018 - INFO -   Node 1: DefaultNodeGene(key=1, bias=0.41718481807017543, response=1.101793884846828, activation=sin, aggregation=sum)
2024-12-20 08:22:13,019 - INFO -   Node 2: DefaultNodeGene(key=2, bias=-0.44014066829246146, response=0.8721346919884572, activation=tanh, aggregation=sum)
2024-12-20 08:22:13,019 - INFO - Connections:
2024-12-20 08:22:13,019 - INFO -   (-1, 0): weight=-1.2027550635428386, enabled=True
2024-12-20 08:22:13,019 - INFO -   (-1, 1): weight=1.5681635024072076, enabled=True
2024-12-20 08:22:13,019 - INFO -   (-1, 2): weight=-1.8959508375612946, enabled=False
2024-12-20 08:22:13,019 - INFO -   (-2, 0): weight=0.128385565799934, enabled=True
2024-12-20 08:22:13,019 - INFO -   (-2, 1): weight=-1.9041674085449332, enabled=True
2024-12-20 08:22:13,019 - INFO -   (-2, 2): weight=-2.7996666745974483, enabled=True
2024-12-20 08:22:13,019 - INFO -   (-3, 0): weight=-0.03843553389603882, enabled=True
2024-12-20 08:22:13,019 - INFO -   (-3, 1): weight=-0.6252794883949229, enabled=False
2024-12-20 08:22:13,019 - INFO -   (-3, 2): weight=-2.9131409429841417, enabled=True
2024-12-20 08:22:13,019 - INFO -   (-4, 0): weight=-1.0161716977340673, enabled=True
2024-12-20 08:22:13,019 - INFO -   (-4, 1): weight=0.8691947633075211, enabled=True
2024-12-20 08:22:13,020 - INFO -   (-4, 2): weight=0.21601530715776207, enabled=True
2024-12-20 08:22:13,020 - INFO -   (-5, 0): weight=-2.6168972109169335, enabled=True
2024-12-20 08:22:13,020 - INFO -   (-5, 1): weight=0.4821561383771338, enabled=True
2024-12-20 08:22:13,020 - INFO -   (-5, 2): weight=0.507736441640058, enabled=True
2024-12-20 08:22:13,437 - INFO - 
Best Genome in Generation 12:
2024-12-20 08:22:13,438 - INFO - Fitness: 9595.076506603651
2024-12-20 08:22:13,438 - INFO - Network Structure:
2024-12-20 08:22:13,438 - INFO - Nodes:
2024-12-20 08:22:13,438 - INFO -   Node 0: DefaultNodeGene(key=0, bias=-1.9384048474478295, response=0.22485083950608503, activation=tanh, aggregation=sum)
2024-12-20 08:22:13,438 - INFO -   Node 1: DefaultNodeGene(key=1, bias=0.41718481807017543, response=1.101793884846828, activation=sin, aggregation=sum)
2024-12-20 08:22:13,438 - INFO -   Node 2: DefaultNodeGene(key=2, bias=-0.44014066829246146, response=0.8721346919884572, activation=tanh, aggregation=sum)
2024-12-20 08:22:13,438 - INFO - Connections:
2024-12-20 08:22:13,438 - INFO -   (-1, 0): weight=-1.2027550635428386, enabled=True
2024-12-20 08:22:13,439 - INFO -   (-1, 1): weight=1.5681635024072076, enabled=True
2024-12-20 08:22:13,439 - INFO -   (-1, 2): weight=-1.8959508375612946, enabled=False
2024-12-20 08:22:13,439 - INFO -   (-2, 0): weight=0.128385565799934, enabled=True
2024-12-20 08:22:13,439 - INFO -   (-2, 1): weight=-1.9041674085449332, enabled=True
2024-12-20 08:22:13,439 - INFO -   (-2, 2): weight=-2.7996666745974483, enabled=True
2024-12-20 08:22:13,439 - INFO -   (-3, 0): weight=-0.03843553389603882, enabled=True
2024-12-20 08:22:13,439 - INFO -   (-3, 1): weight=-0.6252794883949229, enabled=False
2024-12-20 08:22:13,439 - INFO -   (-3, 2): weight=-2.9131409429841417, enabled=True
2024-12-20 08:22:13,440 - INFO -   (-4, 0): weight=-1.0161716977340673, enabled=True
2024-12-20 08:22:13,440 - INFO -   (-4, 1): weight=0.8691947633075211, enabled=True
2024-12-20 08:22:13,440 - INFO -   (-4, 2): weight=0.21601530715776207, enabled=True
2024-12-20 08:22:13,440 - INFO -   (-5, 0): weight=-2.6168972109169335, enabled=True
2024-12-20 08:22:13,440 - INFO -   (-5, 1): weight=0.4821561383771338, enabled=True
2024-12-20 08:22:13,440 - INFO -   (-5, 2): weight=0.507736441640058, enabled=True
2024-12-20 08:22:13,788 - INFO - 
Training interrupted by user
