2024-12-19 22:35:12,572 - INFO - Initializing LanderTrainer
2024-12-19 22:35:12,574 - DEBUG - Environment initialized
2024-12-19 22:35:12,574 - DEBUG - Input handler initialized
2024-12-19 22:35:12,574 - INFO - NEAT library patched with genome logging
2024-12-19 22:35:12,575 - INFO - LanderTrainer initialization complete
2024-12-19 22:35:12,579 - INFO - Creating new population
2024-12-19 22:35:12,873 - INFO - 
Best Genome in Generation 0:
2024-12-19 22:35:12,873 - INFO - Fitness: 3039.665978045767
2024-12-19 22:35:12,873 - INFO - Network Structure:
2024-12-19 22:35:12,873 - INFO - Nodes:
2024-12-19 22:35:12,881 - INFO -   Node 0: DefaultNodeGene(key=0, bias=-2.180317947013017, response=0.6877226828554401, activation=tanh, aggregation=sum)
2024-12-19 22:35:12,881 - INFO -   Node 1: DefaultNodeGene(key=1, bias=0.7355437988902871, response=1.8734043853794469, activation=tanh, aggregation=sum)
2024-12-19 22:35:12,881 - INFO -   Node 2: DefaultNodeGene(key=2, bias=-0.36094450898270314, response=1.3765998586879102, activation=tanh, aggregation=sum)
2024-12-19 22:35:12,881 - INFO - Connections:
2024-12-19 22:35:12,881 - INFO -   (-1, 0): weight=0.3723201739926217, enabled=True
2024-12-19 22:35:12,881 - INFO -   (-1, 1): weight=1.1734902130554632, enabled=True
2024-12-19 22:35:12,881 - INFO -   (-1, 2): weight=-1.6698333213722591, enabled=True
2024-12-19 22:35:12,881 - INFO -   (-2, 0): weight=0.8523760313780786, enabled=True
2024-12-19 22:35:12,881 - INFO -   (-2, 1): weight=-2.2717805875877097, enabled=True
2024-12-19 22:35:12,881 - INFO -   (-2, 2): weight=-3.929918133328278, enabled=True
2024-12-19 22:35:12,882 - INFO -   (-3, 0): weight=-0.9103360922992539, enabled=True
2024-12-19 22:35:12,882 - INFO -   (-3, 1): weight=-1.3737150695189921, enabled=True
2024-12-19 22:35:12,882 - INFO -   (-3, 2): weight=1.3140183645846095, enabled=True
2024-12-19 22:35:12,882 - INFO -   (-4, 0): weight=0.9963988494193424, enabled=True
2024-12-19 22:35:12,882 - INFO -   (-4, 1): weight=-1.828612111943543, enabled=True
2024-12-19 22:35:12,882 - INFO -   (-4, 2): weight=1.2710421350220005, enabled=True
2024-12-19 22:35:12,882 - INFO -   (-5, 0): weight=-1.5033042363635247, enabled=True
2024-12-19 22:35:12,882 - INFO -   (-5, 1): weight=-0.12936576950442627, enabled=True
2024-12-19 22:35:12,882 - INFO -   (-5, 2): weight=-0.4408496669347982, enabled=True
2024-12-19 22:35:12,882 - INFO - 
New Best Genome Found!
2024-12-19 22:35:12,882 - INFO - New Best Fitness: 3039.665978045767
2024-12-19 22:35:13,165 - INFO - 
Best Genome in Generation 1:
2024-12-19 22:35:13,165 - INFO - Fitness: 3247.561109383366
2024-12-19 22:35:13,165 - INFO - Network Structure:
2024-12-19 22:35:13,165 - INFO - Nodes:
2024-12-19 22:35:13,165 - INFO -   Node 0: DefaultNodeGene(key=0, bias=0.1743115197417398, response=-0.8084544266914524, activation=tanh, aggregation=sum)
2024-12-19 22:35:13,165 - INFO -   Node 1: DefaultNodeGene(key=1, bias=-1.3883679167813212, response=1.8734043853794469, activation=tanh, aggregation=product)
2024-12-19 22:35:13,165 - INFO -   Node 2: DefaultNodeGene(key=2, bias=0.4777152759815433, response=2.025097755890981, activation=cube, aggregation=sum)
2024-12-19 22:35:13,166 - INFO - Connections:
2024-12-19 22:35:13,166 - INFO -   (-1, 0): weight=-2.409464693132212, enabled=True
2024-12-19 22:35:13,166 - INFO -   (-1, 1): weight=-1.2448117433142456, enabled=True
2024-12-19 22:35:13,166 - INFO -   (-1, 2): weight=-1.2047335124082943, enabled=True
2024-12-19 22:35:13,166 - INFO -   (-2, 0): weight=2.09080191390911, enabled=True
2024-12-19 22:35:13,166 - INFO -   (-2, 1): weight=-2.288192856150317, enabled=True
2024-12-19 22:35:13,166 - INFO -   (-2, 2): weight=-4.412467068201666, enabled=True
2024-12-19 22:35:13,166 - INFO -   (-3, 0): weight=-0.7476442816093067, enabled=True
2024-12-19 22:35:13,166 - INFO -   (-3, 2): weight=1.3140183645846095, enabled=True
2024-12-19 22:35:13,166 - INFO -   (-4, 0): weight=0.9963988494193424, enabled=True
2024-12-19 22:35:13,166 - INFO -   (-4, 1): weight=-2.2793152694637877, enabled=True
2024-12-19 22:35:13,166 - INFO -   (-4, 2): weight=-0.27526378744747093, enabled=True
2024-12-19 22:35:13,167 - INFO -   (-5, 0): weight=-1.029397843627628, enabled=True
2024-12-19 22:35:13,167 - INFO -   (-5, 1): weight=-0.19328962158375382, enabled=True
2024-12-19 22:35:13,167 - INFO -   (-5, 2): weight=2.6432936507248246, enabled=True
2024-12-19 22:35:13,167 - INFO - 
New Best Genome Found!
2024-12-19 22:35:13,167 - INFO - New Best Fitness: 3247.561109383366
2024-12-19 22:35:13,487 - INFO - 
Best Genome in Generation 2:
2024-12-19 22:35:13,487 - INFO - Fitness: 3462.8708597455598
2024-12-19 22:35:13,487 - INFO - Network Structure:
2024-12-19 22:35:13,487 - INFO - Nodes:
2024-12-19 22:35:13,487 - INFO -   Node 0: DefaultNodeGene(key=0, bias=0.1743115197417398, response=-0.8084544266914524, activation=tanh, aggregation=sum)
2024-12-19 22:35:13,487 - INFO -   Node 1: DefaultNodeGene(key=1, bias=-1.3883679167813212, response=1.8734043853794469, activation=tanh, aggregation=product)
2024-12-19 22:35:13,487 - INFO -   Node 2: DefaultNodeGene(key=2, bias=0.4777152759815433, response=2.025097755890981, activation=cube, aggregation=sum)
2024-12-19 22:35:13,487 - INFO - Connections:
2024-12-19 22:35:13,487 - INFO -   (-1, 0): weight=-2.409464693132212, enabled=True
2024-12-19 22:35:13,488 - INFO -   (-1, 1): weight=-1.2448117433142456, enabled=True
2024-12-19 22:35:13,488 - INFO -   (-1, 2): weight=-1.2047335124082943, enabled=True
2024-12-19 22:35:13,488 - INFO -   (-2, 0): weight=2.09080191390911, enabled=True
2024-12-19 22:35:13,488 - INFO -   (-2, 1): weight=-2.288192856150317, enabled=True
2024-12-19 22:35:13,488 - INFO -   (-2, 2): weight=-4.412467068201666, enabled=True
2024-12-19 22:35:13,488 - INFO -   (-3, 0): weight=-0.7476442816093067, enabled=True
2024-12-19 22:35:13,488 - INFO -   (-3, 2): weight=1.3140183645846095, enabled=True
2024-12-19 22:35:13,488 - INFO -   (-4, 0): weight=0.9963988494193424, enabled=True
2024-12-19 22:35:13,488 - INFO -   (-4, 1): weight=-2.2793152694637877, enabled=True
2024-12-19 22:35:13,488 - INFO -   (-4, 2): weight=-0.27526378744747093, enabled=True
2024-12-19 22:35:13,488 - INFO -   (-5, 0): weight=-1.029397843627628, enabled=True
2024-12-19 22:35:13,488 - INFO -   (-5, 1): weight=-0.19328962158375382, enabled=True
2024-12-19 22:35:13,489 - INFO -   (-5, 2): weight=2.6432936507248246, enabled=True
2024-12-19 22:35:13,489 - INFO - 
New Best Genome Found!
2024-12-19 22:35:13,489 - INFO - New Best Fitness: 3462.8708597455598
2024-12-19 22:35:13,765 - INFO - 
Best Genome in Generation 3:
2024-12-19 22:35:13,765 - INFO - Fitness: 2611.4186651314294
2024-12-19 22:35:13,765 - INFO - Network Structure:
2024-12-19 22:35:13,766 - INFO - Nodes:
2024-12-19 22:35:13,766 - INFO -   Node 0: DefaultNodeGene(key=0, bias=0.1743115197417398, response=-0.8084544266914524, activation=tanh, aggregation=sum)
2024-12-19 22:35:13,766 - INFO -   Node 1: DefaultNodeGene(key=1, bias=-1.3883679167813212, response=1.8734043853794469, activation=tanh, aggregation=product)
2024-12-19 22:35:13,766 - INFO -   Node 2: DefaultNodeGene(key=2, bias=0.4777152759815433, response=2.025097755890981, activation=cube, aggregation=sum)
2024-12-19 22:35:13,766 - INFO - Connections:
2024-12-19 22:35:13,766 - INFO -   (-1, 0): weight=-2.409464693132212, enabled=True
2024-12-19 22:35:13,766 - INFO -   (-1, 1): weight=-1.2448117433142456, enabled=True
2024-12-19 22:35:13,766 - INFO -   (-1, 2): weight=-1.2047335124082943, enabled=True
2024-12-19 22:35:13,766 - INFO -   (-2, 0): weight=2.09080191390911, enabled=True
2024-12-19 22:35:13,766 - INFO -   (-2, 1): weight=-2.288192856150317, enabled=True
2024-12-19 22:35:13,766 - INFO -   (-2, 2): weight=-4.412467068201666, enabled=True
2024-12-19 22:35:13,766 - INFO -   (-3, 0): weight=-0.7476442816093067, enabled=True
2024-12-19 22:35:13,767 - INFO -   (-3, 2): weight=1.3140183645846095, enabled=True
2024-12-19 22:35:13,767 - INFO -   (-4, 0): weight=0.9963988494193424, enabled=True
2024-12-19 22:35:13,767 - INFO -   (-4, 1): weight=-2.2793152694637877, enabled=True
2024-12-19 22:35:13,767 - INFO -   (-4, 2): weight=-0.27526378744747093, enabled=True
2024-12-19 22:35:13,767 - INFO -   (-5, 0): weight=-1.029397843627628, enabled=True
2024-12-19 22:35:13,767 - INFO -   (-5, 1): weight=-0.19328962158375382, enabled=True
2024-12-19 22:35:13,767 - INFO -   (-5, 2): weight=2.6432936507248246, enabled=True
2024-12-19 22:35:14,623 - INFO - 
Best Genome in Generation 4:
2024-12-19 22:35:14,624 - INFO - Fitness: 16175.163120077708
2024-12-19 22:35:14,624 - INFO - Network Structure:
2024-12-19 22:35:14,624 - INFO - Nodes:
2024-12-19 22:35:14,624 - INFO -   Node 0: DefaultNodeGene(key=0, bias=-2.0771859709152567, response=0.09242191507365932, activation=tanh, aggregation=max)
2024-12-19 22:35:14,624 - INFO -   Node 1: DefaultNodeGene(key=1, bias=-0.19089504433652543, response=-1.0033328834507182, activation=sin, aggregation=sum)
2024-12-19 22:35:14,624 - INFO -   Node 2: DefaultNodeGene(key=2, bias=0.4441476545457226, response=1.0412840488914519, activation=tanh, aggregation=sum)
2024-12-19 22:35:14,624 - INFO - Connections:
2024-12-19 22:35:14,624 - INFO -   (-1, 0): weight=-2.531733813123635, enabled=False
2024-12-19 22:35:14,624 - INFO -   (-1, 1): weight=0.17857951933879024, enabled=False
2024-12-19 22:35:14,625 - INFO -   (-1, 2): weight=1.0693858479665577, enabled=True
2024-12-19 22:35:14,625 - INFO -   (-2, 0): weight=2.1521789730732372, enabled=True
2024-12-19 22:35:14,625 - INFO -   (-2, 1): weight=-0.725826154774592, enabled=True
2024-12-19 22:35:14,625 - INFO -   (-2, 2): weight=-4.460774517432292, enabled=True
2024-12-19 22:35:14,625 - INFO -   (-3, 0): weight=0.5770586532573099, enabled=True
2024-12-19 22:35:14,625 - INFO -   (-3, 2): weight=-1.303274032522424, enabled=True
2024-12-19 22:35:14,625 - INFO -   (-4, 0): weight=1.3593021664372664, enabled=True
2024-12-19 22:35:14,625 - INFO -   (-4, 1): weight=0.46272223839535054, enabled=True
2024-12-19 22:35:14,625 - INFO -   (-4, 2): weight=-0.8816363935527435, enabled=True
2024-12-19 22:35:14,625 - INFO -   (-5, 0): weight=-0.3288258114834208, enabled=True
2024-12-19 22:35:14,625 - INFO -   (-5, 1): weight=-2.700954744275609, enabled=True
2024-12-19 22:35:14,625 - INFO - 
New Best Genome Found!
2024-12-19 22:35:14,625 - INFO - New Best Fitness: 16175.163120077708
2024-12-19 22:35:15,474 - INFO - 
Best Genome in Generation 5:
2024-12-19 22:35:15,474 - INFO - Fitness: 16175.163120077708
2024-12-19 22:35:15,475 - INFO - Network Structure:
2024-12-19 22:35:15,475 - INFO - Nodes:
2024-12-19 22:35:15,475 - INFO -   Node 0: DefaultNodeGene(key=0, bias=-2.0771859709152567, response=0.09242191507365932, activation=tanh, aggregation=max)
2024-12-19 22:35:15,475 - INFO -   Node 1: DefaultNodeGene(key=1, bias=-0.19089504433652543, response=-1.0033328834507182, activation=sin, aggregation=sum)
2024-12-19 22:35:15,475 - INFO -   Node 2: DefaultNodeGene(key=2, bias=0.4441476545457226, response=1.0412840488914519, activation=tanh, aggregation=sum)
2024-12-19 22:35:15,476 - INFO - Connections:
2024-12-19 22:35:15,476 - INFO -   (-1, 0): weight=-2.531733813123635, enabled=False
2024-12-19 22:35:15,476 - INFO -   (-1, 1): weight=0.17857951933879024, enabled=False
2024-12-19 22:35:15,476 - INFO -   (-1, 2): weight=1.0693858479665577, enabled=True
2024-12-19 22:35:15,476 - INFO -   (-2, 0): weight=2.1521789730732372, enabled=True
2024-12-19 22:35:15,477 - INFO -   (-2, 1): weight=-0.725826154774592, enabled=True
2024-12-19 22:35:15,477 - INFO -   (-2, 2): weight=-4.460774517432292, enabled=True
2024-12-19 22:35:15,477 - INFO -   (-3, 0): weight=0.5770586532573099, enabled=True
2024-12-19 22:35:15,477 - INFO -   (-3, 2): weight=-1.303274032522424, enabled=True
2024-12-19 22:35:15,477 - INFO -   (-4, 0): weight=1.3593021664372664, enabled=True
2024-12-19 22:35:15,477 - INFO -   (-4, 1): weight=0.46272223839535054, enabled=True
2024-12-19 22:35:15,477 - INFO -   (-4, 2): weight=-0.8816363935527435, enabled=True
2024-12-19 22:35:15,477 - INFO -   (-5, 0): weight=-0.3288258114834208, enabled=True
2024-12-19 22:35:15,477 - INFO -   (-5, 1): weight=-2.700954744275609, enabled=True
2024-12-19 22:35:16,374 - INFO - 
Best Genome in Generation 6:
2024-12-19 22:35:16,374 - INFO - Fitness: 16175.163120077708
2024-12-19 22:35:16,375 - INFO - Network Structure:
2024-12-19 22:35:16,375 - INFO - Nodes:
2024-12-19 22:35:16,375 - INFO -   Node 0: DefaultNodeGene(key=0, bias=-2.0771859709152567, response=0.09242191507365932, activation=tanh, aggregation=max)
2024-12-19 22:35:16,375 - INFO -   Node 1: DefaultNodeGene(key=1, bias=-0.19089504433652543, response=-1.0033328834507182, activation=sin, aggregation=sum)
2024-12-19 22:35:16,375 - INFO -   Node 2: DefaultNodeGene(key=2, bias=0.4441476545457226, response=1.0412840488914519, activation=tanh, aggregation=sum)
2024-12-19 22:35:16,375 - INFO - Connections:
2024-12-19 22:35:16,375 - INFO -   (-1, 0): weight=-2.531733813123635, enabled=False
2024-12-19 22:35:16,375 - INFO -   (-1, 1): weight=0.17857951933879024, enabled=False
2024-12-19 22:35:16,375 - INFO -   (-1, 2): weight=1.0693858479665577, enabled=True
2024-12-19 22:35:16,376 - INFO -   (-2, 0): weight=2.1521789730732372, enabled=True
2024-12-19 22:35:16,376 - INFO -   (-2, 1): weight=-0.725826154774592, enabled=True
2024-12-19 22:35:16,377 - INFO -   (-2, 2): weight=-4.460774517432292, enabled=True
2024-12-19 22:35:16,377 - INFO -   (-3, 0): weight=0.5770586532573099, enabled=True
2024-12-19 22:35:16,377 - INFO -   (-3, 2): weight=-1.303274032522424, enabled=True
2024-12-19 22:35:16,377 - INFO -   (-4, 0): weight=1.3593021664372664, enabled=True
2024-12-19 22:35:16,377 - INFO -   (-4, 1): weight=0.46272223839535054, enabled=True
2024-12-19 22:35:16,377 - INFO -   (-4, 2): weight=-0.8816363935527435, enabled=True
2024-12-19 22:35:16,377 - INFO -   (-5, 0): weight=-0.3288258114834208, enabled=True
2024-12-19 22:35:16,377 - INFO -   (-5, 1): weight=-2.700954744275609, enabled=True
2024-12-19 22:35:17,265 - INFO - 
Best Genome in Generation 7:
2024-12-19 22:35:17,265 - INFO - Fitness: 16175.163120077708
2024-12-19 22:35:17,265 - INFO - Network Structure:
2024-12-19 22:35:17,266 - INFO - Nodes:
2024-12-19 22:35:17,266 - INFO -   Node 0: DefaultNodeGene(key=0, bias=-2.0771859709152567, response=0.09242191507365932, activation=tanh, aggregation=max)
2024-12-19 22:35:17,266 - INFO -   Node 1: DefaultNodeGene(key=1, bias=-0.19089504433652543, response=-1.0033328834507182, activation=sin, aggregation=sum)
2024-12-19 22:35:17,266 - INFO -   Node 2: DefaultNodeGene(key=2, bias=0.4441476545457226, response=1.0412840488914519, activation=tanh, aggregation=sum)
2024-12-19 22:35:17,266 - INFO - Connections:
2024-12-19 22:35:17,266 - INFO -   (-1, 0): weight=-2.531733813123635, enabled=False
2024-12-19 22:35:17,266 - INFO -   (-1, 1): weight=0.17857951933879024, enabled=False
2024-12-19 22:35:17,266 - INFO -   (-1, 2): weight=1.0693858479665577, enabled=True
2024-12-19 22:35:17,267 - INFO -   (-2, 0): weight=2.1521789730732372, enabled=True
2024-12-19 22:35:17,267 - INFO -   (-2, 1): weight=-0.725826154774592, enabled=True
2024-12-19 22:35:17,267 - INFO -   (-2, 2): weight=-4.460774517432292, enabled=True
2024-12-19 22:35:17,267 - INFO -   (-3, 0): weight=0.5770586532573099, enabled=True
2024-12-19 22:35:17,267 - INFO -   (-3, 2): weight=-1.303274032522424, enabled=True
2024-12-19 22:35:17,267 - INFO -   (-4, 0): weight=1.3593021664372664, enabled=True
2024-12-19 22:35:17,267 - INFO -   (-4, 1): weight=0.46272223839535054, enabled=True
2024-12-19 22:35:17,267 - INFO -   (-4, 2): weight=-0.8816363935527435, enabled=True
2024-12-19 22:35:17,267 - INFO -   (-5, 0): weight=-0.3288258114834208, enabled=True
2024-12-19 22:35:17,268 - INFO -   (-5, 1): weight=-2.700954744275609, enabled=True
2024-12-19 22:35:18,137 - INFO - 
Best Genome in Generation 8:
2024-12-19 22:35:18,137 - INFO - Fitness: 16175.163120077708
2024-12-19 22:35:18,137 - INFO - Network Structure:
2024-12-19 22:35:18,137 - INFO - Nodes:
2024-12-19 22:35:18,137 - INFO -   Node 0: DefaultNodeGene(key=0, bias=-2.0771859709152567, response=0.09242191507365932, activation=tanh, aggregation=max)
2024-12-19 22:35:18,137 - INFO -   Node 1: DefaultNodeGene(key=1, bias=-0.19089504433652543, response=-1.0033328834507182, activation=sin, aggregation=sum)
2024-12-19 22:35:18,137 - INFO -   Node 2: DefaultNodeGene(key=2, bias=0.4441476545457226, response=1.0412840488914519, activation=tanh, aggregation=sum)
2024-12-19 22:35:18,137 - INFO - Connections:
2024-12-19 22:35:18,137 - INFO -   (-1, 0): weight=-2.531733813123635, enabled=False
2024-12-19 22:35:18,138 - INFO -   (-1, 1): weight=0.17857951933879024, enabled=False
2024-12-19 22:35:18,138 - INFO -   (-1, 2): weight=1.0693858479665577, enabled=True
2024-12-19 22:35:18,138 - INFO -   (-2, 0): weight=2.1521789730732372, enabled=True
2024-12-19 22:35:18,138 - INFO -   (-2, 1): weight=-0.725826154774592, enabled=True
2024-12-19 22:35:18,138 - INFO -   (-2, 2): weight=-4.460774517432292, enabled=True
2024-12-19 22:35:18,138 - INFO -   (-3, 0): weight=0.5770586532573099, enabled=True
2024-12-19 22:35:18,138 - INFO -   (-3, 2): weight=-1.303274032522424, enabled=True
2024-12-19 22:35:18,139 - INFO -   (-4, 0): weight=1.3593021664372664, enabled=True
2024-12-19 22:35:18,139 - INFO -   (-4, 1): weight=0.46272223839535054, enabled=True
2024-12-19 22:35:18,139 - INFO -   (-4, 2): weight=-0.8816363935527435, enabled=True
2024-12-19 22:35:18,139 - INFO -   (-5, 0): weight=-0.3288258114834208, enabled=True
2024-12-19 22:35:18,139 - INFO -   (-5, 1): weight=-2.700954744275609, enabled=True
2024-12-19 22:35:19,101 - INFO - 
Best Genome in Generation 9:
2024-12-19 22:35:19,102 - INFO - Fitness: 16175.163120077708
2024-12-19 22:35:19,102 - INFO - Network Structure:
2024-12-19 22:35:19,102 - INFO - Nodes:
2024-12-19 22:35:19,102 - INFO -   Node 0: DefaultNodeGene(key=0, bias=-2.0771859709152567, response=0.09242191507365932, activation=tanh, aggregation=max)
2024-12-19 22:35:19,102 - INFO -   Node 1: DefaultNodeGene(key=1, bias=-0.19089504433652543, response=-1.0033328834507182, activation=sin, aggregation=sum)
2024-12-19 22:35:19,102 - INFO -   Node 2: DefaultNodeGene(key=2, bias=0.4441476545457226, response=1.0412840488914519, activation=tanh, aggregation=sum)
2024-12-19 22:35:19,102 - INFO - Connections:
2024-12-19 22:35:19,102 - INFO -   (-1, 0): weight=-2.531733813123635, enabled=False
2024-12-19 22:35:19,102 - INFO -   (-1, 1): weight=0.17857951933879024, enabled=False
2024-12-19 22:35:19,102 - INFO -   (-1, 2): weight=1.0693858479665577, enabled=True
2024-12-19 22:35:19,102 - INFO -   (-2, 0): weight=2.1521789730732372, enabled=True
2024-12-19 22:35:19,102 - INFO -   (-2, 1): weight=-0.725826154774592, enabled=True
2024-12-19 22:35:19,102 - INFO -   (-2, 2): weight=-4.460774517432292, enabled=True
2024-12-19 22:35:19,102 - INFO -   (-3, 0): weight=0.5770586532573099, enabled=True
2024-12-19 22:35:19,102 - INFO -   (-3, 2): weight=-1.303274032522424, enabled=True
2024-12-19 22:35:19,102 - INFO -   (-4, 0): weight=1.3593021664372664, enabled=True
2024-12-19 22:35:19,102 - INFO -   (-4, 1): weight=0.46272223839535054, enabled=True
2024-12-19 22:35:19,104 - INFO -   (-4, 2): weight=-0.8816363935527435, enabled=True
2024-12-19 22:35:19,104 - INFO -   (-5, 0): weight=-0.3288258114834208, enabled=True
2024-12-19 22:35:19,104 - INFO -   (-5, 1): weight=-2.700954744275609, enabled=True
2024-12-19 22:35:20,134 - INFO - 
Best Genome in Generation 10:
2024-12-19 22:35:20,134 - INFO - Fitness: 16672.1335345783
2024-12-19 22:35:20,134 - INFO - Network Structure:
2024-12-19 22:35:20,134 - INFO - Nodes:
2024-12-19 22:35:20,134 - INFO -   Node 0: DefaultNodeGene(key=0, bias=-2.0771859709152567, response=0.09242191507365932, activation=tanh, aggregation=max)
2024-12-19 22:35:20,134 - INFO -   Node 1: DefaultNodeGene(key=1, bias=-0.19089504433652543, response=-1.0033328834507182, activation=sin, aggregation=sum)
2024-12-19 22:35:20,134 - INFO -   Node 2: DefaultNodeGene(key=2, bias=0.4441476545457226, response=1.0412840488914519, activation=tanh, aggregation=sum)
2024-12-19 22:35:20,134 - INFO - Connections:
2024-12-19 22:35:20,134 - INFO -   (-1, 0): weight=-2.531733813123635, enabled=False
2024-12-19 22:35:20,134 - INFO -   (-1, 1): weight=0.17857951933879024, enabled=False
2024-12-19 22:35:20,135 - INFO -   (-1, 2): weight=1.0693858479665577, enabled=True
2024-12-19 22:35:20,135 - INFO -   (-2, 0): weight=2.1521789730732372, enabled=True
2024-12-19 22:35:20,135 - INFO -   (-2, 1): weight=-0.725826154774592, enabled=True
2024-12-19 22:35:20,135 - INFO -   (-2, 2): weight=-4.460774517432292, enabled=True
2024-12-19 22:35:20,135 - INFO -   (-3, 0): weight=0.5770586532573099, enabled=True
2024-12-19 22:35:20,135 - INFO -   (-3, 2): weight=-1.303274032522424, enabled=True
2024-12-19 22:35:20,135 - INFO -   (-4, 0): weight=1.3593021664372664, enabled=True
2024-12-19 22:35:20,135 - INFO -   (-4, 1): weight=0.46272223839535054, enabled=True
2024-12-19 22:35:20,135 - INFO -   (-4, 2): weight=-0.8816363935527435, enabled=True
2024-12-19 22:35:20,135 - INFO -   (-5, 0): weight=-0.3288258114834208, enabled=True
2024-12-19 22:35:20,135 - INFO -   (-5, 1): weight=-2.700954744275609, enabled=True
2024-12-19 22:35:20,136 - INFO - 
New Best Genome Found!
2024-12-19 22:35:20,136 - INFO - New Best Fitness: 16672.1335345783
2024-12-19 22:35:21,116 - INFO - 
Best Genome in Generation 11:
2024-12-19 22:35:21,116 - INFO - Fitness: 16815.756044883157
2024-12-19 22:35:21,116 - INFO - Network Structure:
2024-12-19 22:35:21,116 - INFO - Nodes:
2024-12-19 22:35:21,116 - INFO -   Node 0: DefaultNodeGene(key=0, bias=-1.6254933137429592, response=0.09242191507365932, activation=cube, aggregation=max)
2024-12-19 22:35:21,116 - INFO -   Node 1: DefaultNodeGene(key=1, bias=-0.04171221032766648, response=1.155232617411625, activation=sin, aggregation=maxabs)
2024-12-19 22:35:21,116 - INFO -   Node 2: DefaultNodeGene(key=2, bias=-0.7387724691672727, response=1.752944561975044, activation=tanh, aggregation=mean)
2024-12-19 22:35:21,116 - INFO -   Node 37: DefaultNodeGene(key=37, bias=1.0344212550308274, response=1.2042308429233854, activation=relu, aggregation=sum)
2024-12-19 22:35:21,117 - INFO - Connections:
2024-12-19 22:35:21,117 - INFO -   (-1, 0): weight=-2.766717950191642, enabled=True
2024-12-19 22:35:21,117 - INFO -   (-1, 1): weight=-0.41980821493784976, enabled=False
2024-12-19 22:35:21,117 - INFO -   (-1, 2): weight=1.3190490482049484, enabled=True
2024-12-19 22:35:21,117 - INFO -   (-2, 0): weight=2.4050253184928674, enabled=False
2024-12-19 22:35:21,117 - INFO -   (-2, 1): weight=-0.24870226665829892, enabled=True
2024-12-19 22:35:21,117 - INFO -   (-2, 2): weight=-3.984326638774004, enabled=True
2024-12-19 22:35:21,117 - INFO -   (-3, 0): weight=-0.1447805497818343, enabled=True
2024-12-19 22:35:21,117 - INFO -   (-3, 2): weight=-0.20827538535790513, enabled=True
2024-12-19 22:35:21,117 - INFO -   (-4, 0): weight=-1.4912185395733908, enabled=True
2024-12-19 22:35:21,117 - INFO -   (-4, 1): weight=0.9388590183032608, enabled=True
2024-12-19 22:35:21,117 - INFO -   (-4, 2): weight=1.2856365498464701, enabled=True
2024-12-19 22:35:21,118 - INFO -   (-5, 0): weight=-0.7766732055511005, enabled=True
2024-12-19 22:35:21,118 - INFO -   (-5, 1): weight=-2.8691732042697318, enabled=True
2024-12-19 22:35:21,118 - INFO -   (-1, 37): weight=1.1306821395999014, enabled=True
2024-12-19 22:35:21,118 - INFO -   (37, 1): weight=-0.3358235306642337, enabled=True
2024-12-19 22:35:21,118 - INFO - 
New Best Genome Found!
2024-12-19 22:35:21,118 - INFO - New Best Fitness: 16815.756044883157
2024-12-19 22:35:22,054 - INFO - 
Best Genome in Generation 12:
2024-12-19 22:35:22,054 - INFO - Fitness: 15933.559296245287
2024-12-19 22:35:22,054 - INFO - Network Structure:
2024-12-19 22:35:22,054 - INFO - Nodes:
2024-12-19 22:35:22,054 - INFO -   Node 0: DefaultNodeGene(key=0, bias=-1.6254933137429592, response=0.09242191507365932, activation=cube, aggregation=max)
2024-12-19 22:35:22,055 - INFO -   Node 1: DefaultNodeGene(key=1, bias=-0.04171221032766648, response=1.155232617411625, activation=sin, aggregation=maxabs)
2024-12-19 22:35:22,055 - INFO -   Node 2: DefaultNodeGene(key=2, bias=-0.7387724691672727, response=1.752944561975044, activation=tanh, aggregation=mean)
2024-12-19 22:35:22,055 - INFO -   Node 37: DefaultNodeGene(key=37, bias=1.0344212550308274, response=1.2042308429233854, activation=relu, aggregation=sum)
2024-12-19 22:35:22,055 - INFO - Connections:
2024-12-19 22:35:22,055 - INFO -   (-1, 0): weight=-2.766717950191642, enabled=True
2024-12-19 22:35:22,056 - INFO -   (-1, 1): weight=-0.41980821493784976, enabled=False
2024-12-19 22:35:22,056 - INFO -   (-1, 2): weight=1.3190490482049484, enabled=True
2024-12-19 22:35:22,056 - INFO -   (-2, 0): weight=2.4050253184928674, enabled=False
2024-12-19 22:35:22,056 - INFO -   (-2, 1): weight=-0.24870226665829892, enabled=True
2024-12-19 22:35:22,056 - INFO -   (-2, 2): weight=-3.984326638774004, enabled=True
2024-12-19 22:35:22,056 - INFO -   (-3, 0): weight=-0.1447805497818343, enabled=True
2024-12-19 22:35:22,056 - INFO -   (-3, 2): weight=-0.20827538535790513, enabled=True
2024-12-19 22:35:22,056 - INFO -   (-4, 0): weight=-1.4912185395733908, enabled=True
2024-12-19 22:35:22,056 - INFO -   (-4, 1): weight=0.9388590183032608, enabled=True
2024-12-19 22:35:22,057 - INFO -   (-4, 2): weight=1.2856365498464701, enabled=True
2024-12-19 22:35:22,057 - INFO -   (-5, 0): weight=-0.7766732055511005, enabled=True
2024-12-19 22:35:22,057 - INFO -   (-5, 1): weight=-2.8691732042697318, enabled=True
2024-12-19 22:35:22,057 - INFO -   (-1, 37): weight=1.1306821395999014, enabled=True
2024-12-19 22:35:22,057 - INFO -   (37, 1): weight=-0.3358235306642337, enabled=True
2024-12-19 22:35:22,982 - INFO - 
Best Genome in Generation 13:
2024-12-19 22:35:22,982 - INFO - Fitness: 15933.559296245287
2024-12-19 22:35:22,984 - INFO - Network Structure:
2024-12-19 22:35:22,984 - INFO - Nodes:
2024-12-19 22:35:22,984 - INFO -   Node 0: DefaultNodeGene(key=0, bias=-1.6254933137429592, response=0.09242191507365932, activation=cube, aggregation=max)
2024-12-19 22:35:22,984 - INFO -   Node 1: DefaultNodeGene(key=1, bias=-0.04171221032766648, response=1.155232617411625, activation=sin, aggregation=maxabs)
2024-12-19 22:35:22,984 - INFO -   Node 2: DefaultNodeGene(key=2, bias=-0.7387724691672727, response=1.752944561975044, activation=tanh, aggregation=mean)
2024-12-19 22:35:22,984 - INFO -   Node 37: DefaultNodeGene(key=37, bias=1.0344212550308274, response=1.2042308429233854, activation=relu, aggregation=sum)
2024-12-19 22:35:22,984 - INFO - Connections:
2024-12-19 22:35:22,984 - INFO -   (-1, 0): weight=-2.766717950191642, enabled=True
2024-12-19 22:35:22,984 - INFO -   (-1, 1): weight=-0.41980821493784976, enabled=False
2024-12-19 22:35:22,984 - INFO -   (-1, 2): weight=1.3190490482049484, enabled=True
2024-12-19 22:35:22,984 - INFO -   (-2, 0): weight=2.4050253184928674, enabled=False
2024-12-19 22:35:22,984 - INFO -   (-2, 1): weight=-0.24870226665829892, enabled=True
2024-12-19 22:35:22,985 - INFO -   (-2, 2): weight=-3.984326638774004, enabled=True
2024-12-19 22:35:22,985 - INFO -   (-3, 0): weight=-0.1447805497818343, enabled=True
2024-12-19 22:35:22,985 - INFO -   (-3, 2): weight=-0.20827538535790513, enabled=True
2024-12-19 22:35:22,985 - INFO -   (-4, 0): weight=-1.4912185395733908, enabled=True
2024-12-19 22:35:22,985 - INFO -   (-4, 1): weight=0.9388590183032608, enabled=True
2024-12-19 22:35:22,985 - INFO -   (-4, 2): weight=1.2856365498464701, enabled=True
2024-12-19 22:35:22,985 - INFO -   (-5, 0): weight=-0.7766732055511005, enabled=True
2024-12-19 22:35:22,985 - INFO -   (-5, 1): weight=-2.8691732042697318, enabled=True
2024-12-19 22:35:22,985 - INFO -   (-1, 37): weight=1.1306821395999014, enabled=True
2024-12-19 22:35:22,985 - INFO -   (37, 1): weight=-0.3358235306642337, enabled=True
2024-12-19 22:35:24,004 - INFO - 
Best Genome in Generation 14:
2024-12-19 22:35:24,004 - INFO - Fitness: 16682.40072241463
2024-12-19 22:35:24,004 - INFO - Network Structure:
2024-12-19 22:35:24,004 - INFO - Nodes:
2024-12-19 22:35:24,005 - INFO -   Node 0: DefaultNodeGene(key=0, bias=-1.6254933137429592, response=0.09242191507365932, activation=cube, aggregation=max)
2024-12-19 22:35:24,005 - INFO -   Node 1: DefaultNodeGene(key=1, bias=-0.04171221032766648, response=1.155232617411625, activation=sin, aggregation=maxabs)
2024-12-19 22:35:24,005 - INFO -   Node 2: DefaultNodeGene(key=2, bias=-0.7387724691672727, response=1.752944561975044, activation=tanh, aggregation=mean)
2024-12-19 22:35:24,005 - INFO -   Node 37: DefaultNodeGene(key=37, bias=1.0344212550308274, response=1.2042308429233854, activation=relu, aggregation=sum)
2024-12-19 22:35:24,005 - INFO - Connections:
2024-12-19 22:35:24,005 - INFO -   (-1, 0): weight=-2.766717950191642, enabled=True
2024-12-19 22:35:24,005 - INFO -   (-1, 1): weight=-0.41980821493784976, enabled=False
2024-12-19 22:35:24,005 - INFO -   (-1, 2): weight=1.3190490482049484, enabled=True
2024-12-19 22:35:24,005 - INFO -   (-2, 0): weight=2.4050253184928674, enabled=False
2024-12-19 22:35:24,005 - INFO -   (-2, 1): weight=-0.24870226665829892, enabled=True
2024-12-19 22:35:24,005 - INFO -   (-2, 2): weight=-3.984326638774004, enabled=True
2024-12-19 22:35:24,005 - INFO -   (-3, 0): weight=-0.1447805497818343, enabled=True
2024-12-19 22:35:24,006 - INFO -   (-3, 2): weight=-0.20827538535790513, enabled=True
2024-12-19 22:35:24,006 - INFO -   (-4, 0): weight=-1.4912185395733908, enabled=True
2024-12-19 22:35:24,006 - INFO -   (-4, 1): weight=0.9388590183032608, enabled=True
2024-12-19 22:35:24,006 - INFO -   (-4, 2): weight=1.2856365498464701, enabled=True
2024-12-19 22:35:24,006 - INFO -   (-5, 0): weight=-0.7766732055511005, enabled=True
2024-12-19 22:35:24,006 - INFO -   (-5, 1): weight=-2.8691732042697318, enabled=True
2024-12-19 22:35:24,006 - INFO -   (-1, 37): weight=1.1306821395999014, enabled=True
2024-12-19 22:35:24,006 - INFO -   (37, 1): weight=-0.3358235306642337, enabled=True
2024-12-19 22:35:25,001 - INFO - 
Best Genome in Generation 15:
2024-12-19 22:35:25,001 - INFO - Fitness: 16728.79975166774
2024-12-19 22:35:25,001 - INFO - Network Structure:
2024-12-19 22:35:25,001 - INFO - Nodes:
2024-12-19 22:35:25,001 - INFO -   Node 0: DefaultNodeGene(key=0, bias=-3.2086467818613573, response=-0.022629395476706504, activation=cube, aggregation=median)
2024-12-19 22:35:25,002 - INFO -   Node 1: DefaultNodeGene(key=1, bias=-0.22598001053832206, response=1.4377379940846364, activation=sin, aggregation=sum)
2024-12-19 22:35:25,002 - INFO -   Node 2: DefaultNodeGene(key=2, bias=-1.1472411569679375, response=0.5261914926147406, activation=tanh, aggregation=mean)
2024-12-19 22:35:25,002 - INFO -   Node 37: DefaultNodeGene(key=37, bias=1.0229780928397139, response=0.9957876108441504, activation=relu, aggregation=sum)
2024-12-19 22:35:25,002 - INFO - Connections:
2024-12-19 22:35:25,002 - INFO -   (-1, 0): weight=-3.4487532327750596, enabled=False
2024-12-19 22:35:25,003 - INFO -   (-1, 1): weight=0.7281132089614961, enabled=False
2024-12-19 22:35:25,003 - INFO -   (-1, 2): weight=1.3190490482049484, enabled=True
2024-12-19 22:35:25,003 - INFO -   (-2, 0): weight=2.9616765829823066, enabled=True
2024-12-19 22:35:25,003 - INFO -   (-2, 1): weight=0.38199375615929965, enabled=True
2024-12-19 22:35:25,003 - INFO -   (-2, 2): weight=-3.664606328753044, enabled=False
2024-12-19 22:35:25,003 - INFO -   (-3, 0): weight=-0.21400790065508746, enabled=True
2024-12-19 22:35:25,004 - INFO -   (-3, 2): weight=-1.0161716977340673, enabled=True
2024-12-19 22:35:25,004 - INFO -   (-4, 0): weight=2.9364633924717576, enabled=True
2024-12-19 22:35:25,004 - INFO -   (-4, 1): weight=1.57451955133345, enabled=False
2024-12-19 22:35:25,004 - INFO -   (-4, 2): weight=-1.641716288517305, enabled=True
2024-12-19 22:35:25,005 - INFO -   (-5, 0): weight=0.05935306028804699, enabled=True
2024-12-19 22:35:25,005 - INFO -   (-5, 1): weight=0.507736441640058, enabled=True
2024-12-19 22:35:25,005 - INFO -   (-1, 37): weight=1.9157701457778162, enabled=True
2024-12-19 22:35:25,005 - INFO -   (37, 1): weight=-0.6247031898097287, enabled=True
2024-12-19 22:35:25,005 - INFO -   (37, 2): weight=-1.121925289981597, enabled=True
2024-12-19 22:35:25,988 - INFO - 
Best Genome in Generation 16:
2024-12-19 22:35:25,989 - INFO - Fitness: 17093.70478924733
2024-12-19 22:35:25,989 - INFO - Network Structure:
2024-12-19 22:35:25,989 - INFO - Nodes:
2024-12-19 22:35:25,989 - INFO -   Node 0: DefaultNodeGene(key=0, bias=-3.2086467818613573, response=-0.022629395476706504, activation=cube, aggregation=median)
2024-12-19 22:35:25,989 - INFO -   Node 1: DefaultNodeGene(key=1, bias=-0.22598001053832206, response=1.4377379940846364, activation=sin, aggregation=sum)
2024-12-19 22:35:25,989 - INFO -   Node 2: DefaultNodeGene(key=2, bias=-1.1472411569679375, response=0.5261914926147406, activation=tanh, aggregation=mean)
2024-12-19 22:35:25,989 - INFO -   Node 37: DefaultNodeGene(key=37, bias=1.0229780928397139, response=0.9957876108441504, activation=relu, aggregation=sum)
2024-12-19 22:35:25,990 - INFO - Connections:
2024-12-19 22:35:25,990 - INFO -   (-1, 0): weight=-3.4487532327750596, enabled=False
2024-12-19 22:35:25,990 - INFO -   (-1, 1): weight=0.7281132089614961, enabled=False
2024-12-19 22:35:25,990 - INFO -   (-1, 2): weight=1.3190490482049484, enabled=True
2024-12-19 22:35:25,990 - INFO -   (-2, 0): weight=2.9616765829823066, enabled=True
2024-12-19 22:35:25,990 - INFO -   (-2, 1): weight=0.38199375615929965, enabled=True
2024-12-19 22:35:25,990 - INFO -   (-2, 2): weight=-3.664606328753044, enabled=False
2024-12-19 22:35:25,990 - INFO -   (-3, 0): weight=-0.21400790065508746, enabled=True
2024-12-19 22:35:25,990 - INFO -   (-3, 2): weight=-1.0161716977340673, enabled=True
2024-12-19 22:35:25,990 - INFO -   (-4, 0): weight=2.9364633924717576, enabled=True
2024-12-19 22:35:25,990 - INFO -   (-4, 1): weight=1.57451955133345, enabled=False
2024-12-19 22:35:25,990 - INFO -   (-4, 2): weight=-1.641716288517305, enabled=True
2024-12-19 22:35:25,990 - INFO -   (-5, 0): weight=0.05935306028804699, enabled=True
2024-12-19 22:35:25,990 - INFO -   (-5, 1): weight=0.507736441640058, enabled=True
2024-12-19 22:35:25,991 - INFO -   (-1, 37): weight=1.9157701457778162, enabled=True
2024-12-19 22:35:25,991 - INFO -   (37, 1): weight=-0.6247031898097287, enabled=True
2024-12-19 22:35:25,991 - INFO -   (37, 2): weight=-1.121925289981597, enabled=True
2024-12-19 22:35:25,991 - INFO - 
New Best Genome Found!
2024-12-19 22:35:25,991 - INFO - New Best Fitness: 17093.70478924733
2024-12-19 22:35:26,973 - INFO - 
Best Genome in Generation 17:
2024-12-19 22:35:26,974 - INFO - Fitness: 17592.408340606107
2024-12-19 22:35:26,974 - INFO - Network Structure:
2024-12-19 22:35:26,974 - INFO - Nodes:
2024-12-19 22:35:26,974 - INFO -   Node 0: DefaultNodeGene(key=0, bias=-3.2086467818613573, response=-0.022629395476706504, activation=cube, aggregation=median)
2024-12-19 22:35:26,974 - INFO -   Node 1: DefaultNodeGene(key=1, bias=-0.22598001053832206, response=1.4377379940846364, activation=sin, aggregation=sum)
2024-12-19 22:35:26,974 - INFO -   Node 2: DefaultNodeGene(key=2, bias=-1.1472411569679375, response=0.5261914926147406, activation=tanh, aggregation=mean)
2024-12-19 22:35:26,974 - INFO -   Node 37: DefaultNodeGene(key=37, bias=1.0229780928397139, response=0.9957876108441504, activation=relu, aggregation=sum)
2024-12-19 22:35:26,974 - INFO - Connections:
2024-12-19 22:35:26,974 - INFO -   (-1, 0): weight=-3.4487532327750596, enabled=False
2024-12-19 22:35:26,974 - INFO -   (-1, 1): weight=0.7281132089614961, enabled=False
2024-12-19 22:35:26,974 - INFO -   (-1, 2): weight=1.3190490482049484, enabled=True
2024-12-19 22:35:26,975 - INFO -   (-2, 0): weight=2.9616765829823066, enabled=True
2024-12-19 22:35:26,975 - INFO -   (-2, 1): weight=0.38199375615929965, enabled=True
2024-12-19 22:35:26,975 - INFO -   (-2, 2): weight=-3.664606328753044, enabled=False
2024-12-19 22:35:26,975 - INFO -   (-3, 0): weight=-0.21400790065508746, enabled=True
2024-12-19 22:35:26,975 - INFO -   (-3, 2): weight=-1.0161716977340673, enabled=True
2024-12-19 22:35:26,975 - INFO -   (-4, 0): weight=2.9364633924717576, enabled=True
2024-12-19 22:35:26,975 - INFO -   (-4, 1): weight=1.57451955133345, enabled=False
2024-12-19 22:35:26,975 - INFO -   (-4, 2): weight=-1.641716288517305, enabled=True
2024-12-19 22:35:26,975 - INFO -   (-5, 0): weight=0.05935306028804699, enabled=True
2024-12-19 22:35:26,975 - INFO -   (-5, 1): weight=0.507736441640058, enabled=True
2024-12-19 22:35:26,975 - INFO -   (-1, 37): weight=1.9157701457778162, enabled=True
2024-12-19 22:35:26,975 - INFO -   (37, 1): weight=-0.6247031898097287, enabled=True
2024-12-19 22:35:26,975 - INFO -   (37, 2): weight=-1.121925289981597, enabled=True
2024-12-19 22:35:26,976 - INFO - 
New Best Genome Found!
2024-12-19 22:35:26,976 - INFO - New Best Fitness: 17592.408340606107
2024-12-19 22:35:27,982 - INFO - 
Best Genome in Generation 18:
2024-12-19 22:35:27,982 - INFO - Fitness: 16728.79975166774
2024-12-19 22:35:27,985 - INFO - Network Structure:
2024-12-19 22:35:27,985 - INFO - Nodes:
2024-12-19 22:35:27,985 - INFO -   Node 0: DefaultNodeGene(key=0, bias=-3.2086467818613573, response=-0.022629395476706504, activation=cube, aggregation=median)
2024-12-19 22:35:27,985 - INFO -   Node 1: DefaultNodeGene(key=1, bias=-0.22598001053832206, response=1.4377379940846364, activation=sin, aggregation=sum)
2024-12-19 22:35:27,985 - INFO -   Node 2: DefaultNodeGene(key=2, bias=-1.1472411569679375, response=0.5261914926147406, activation=tanh, aggregation=mean)
2024-12-19 22:35:27,986 - INFO -   Node 37: DefaultNodeGene(key=37, bias=1.0229780928397139, response=0.9957876108441504, activation=relu, aggregation=sum)
2024-12-19 22:35:27,986 - INFO - Connections:
2024-12-19 22:35:27,986 - INFO -   (-1, 0): weight=-3.4487532327750596, enabled=False
2024-12-19 22:35:27,986 - INFO -   (-1, 1): weight=0.7281132089614961, enabled=False
2024-12-19 22:35:27,986 - INFO -   (-1, 2): weight=1.3190490482049484, enabled=True
2024-12-19 22:35:27,986 - INFO -   (-2, 0): weight=2.9616765829823066, enabled=True
2024-12-19 22:35:27,987 - INFO -   (-2, 1): weight=0.38199375615929965, enabled=True
2024-12-19 22:35:27,987 - INFO -   (-2, 2): weight=-3.664606328753044, enabled=False
2024-12-19 22:35:27,987 - INFO -   (-3, 0): weight=-0.21400790065508746, enabled=True
2024-12-19 22:35:27,987 - INFO -   (-3, 2): weight=-1.0161716977340673, enabled=True
2024-12-19 22:35:27,987 - INFO -   (-4, 0): weight=2.9364633924717576, enabled=True
2024-12-19 22:35:27,987 - INFO -   (-4, 1): weight=1.57451955133345, enabled=False
2024-12-19 22:35:27,987 - INFO -   (-4, 2): weight=-1.641716288517305, enabled=True
2024-12-19 22:35:27,987 - INFO -   (-5, 0): weight=0.05935306028804699, enabled=True
2024-12-19 22:35:27,987 - INFO -   (-5, 1): weight=0.507736441640058, enabled=True
2024-12-19 22:35:27,987 - INFO -   (-1, 37): weight=1.9157701457778162, enabled=True
2024-12-19 22:35:27,988 - INFO -   (37, 1): weight=-0.6247031898097287, enabled=True
2024-12-19 22:35:27,988 - INFO -   (37, 2): weight=-1.121925289981597, enabled=True
2024-12-19 22:35:28,931 - INFO - 
Best Genome in Generation 19:
2024-12-19 22:35:28,931 - INFO - Fitness: 16728.79975166774
2024-12-19 22:35:28,931 - INFO - Network Structure:
2024-12-19 22:35:28,931 - INFO - Nodes:
2024-12-19 22:35:28,931 - INFO -   Node 0: DefaultNodeGene(key=0, bias=-3.2086467818613573, response=-0.022629395476706504, activation=cube, aggregation=median)
2024-12-19 22:35:28,931 - INFO -   Node 1: DefaultNodeGene(key=1, bias=-0.22598001053832206, response=1.4377379940846364, activation=sin, aggregation=sum)
2024-12-19 22:35:28,931 - INFO -   Node 2: DefaultNodeGene(key=2, bias=-1.1472411569679375, response=0.5261914926147406, activation=tanh, aggregation=mean)
2024-12-19 22:35:28,931 - INFO -   Node 37: DefaultNodeGene(key=37, bias=1.0229780928397139, response=0.9957876108441504, activation=relu, aggregation=sum)
2024-12-19 22:35:28,933 - INFO - Connections:
2024-12-19 22:35:28,933 - INFO -   (-1, 0): weight=-3.4487532327750596, enabled=False
2024-12-19 22:35:28,933 - INFO -   (-1, 1): weight=0.7281132089614961, enabled=False
2024-12-19 22:35:28,933 - INFO -   (-1, 2): weight=1.3190490482049484, enabled=True
2024-12-19 22:35:28,933 - INFO -   (-2, 0): weight=2.9616765829823066, enabled=True
2024-12-19 22:35:28,933 - INFO -   (-2, 1): weight=0.38199375615929965, enabled=True
2024-12-19 22:35:28,933 - INFO -   (-2, 2): weight=-3.664606328753044, enabled=False
2024-12-19 22:35:28,933 - INFO -   (-3, 0): weight=-0.21400790065508746, enabled=True
2024-12-19 22:35:28,933 - INFO -   (-3, 2): weight=-1.0161716977340673, enabled=True
2024-12-19 22:35:28,933 - INFO -   (-4, 0): weight=2.9364633924717576, enabled=True
2024-12-19 22:35:28,933 - INFO -   (-4, 1): weight=1.57451955133345, enabled=False
2024-12-19 22:35:28,933 - INFO -   (-4, 2): weight=-1.641716288517305, enabled=True
2024-12-19 22:35:28,933 - INFO -   (-5, 0): weight=0.05935306028804699, enabled=True
2024-12-19 22:35:28,933 - INFO -   (-5, 1): weight=0.507736441640058, enabled=True
2024-12-19 22:35:28,933 - INFO -   (-1, 37): weight=1.9157701457778162, enabled=True
2024-12-19 22:35:28,933 - INFO -   (37, 1): weight=-0.6247031898097287, enabled=True
2024-12-19 22:35:28,935 - INFO -   (37, 2): weight=-1.121925289981597, enabled=True
2024-12-19 22:35:29,885 - INFO - 
Best Genome in Generation 20:
2024-12-19 22:35:29,885 - INFO - Fitness: 16728.79975166774
2024-12-19 22:35:29,885 - INFO - Network Structure:
2024-12-19 22:35:29,886 - INFO - Nodes:
2024-12-19 22:35:29,886 - INFO -   Node 0: DefaultNodeGene(key=0, bias=-3.2086467818613573, response=-0.022629395476706504, activation=cube, aggregation=median)
2024-12-19 22:35:29,886 - INFO -   Node 1: DefaultNodeGene(key=1, bias=-0.22598001053832206, response=1.4377379940846364, activation=sin, aggregation=sum)
2024-12-19 22:35:29,886 - INFO -   Node 2: DefaultNodeGene(key=2, bias=-1.1472411569679375, response=0.5261914926147406, activation=tanh, aggregation=mean)
2024-12-19 22:35:29,886 - INFO -   Node 37: DefaultNodeGene(key=37, bias=1.0229780928397139, response=0.9957876108441504, activation=relu, aggregation=sum)
2024-12-19 22:35:29,886 - INFO - Connections:
2024-12-19 22:35:29,886 - INFO -   (-1, 0): weight=-3.4487532327750596, enabled=False
2024-12-19 22:35:29,886 - INFO -   (-1, 1): weight=0.7281132089614961, enabled=False
2024-12-19 22:35:29,886 - INFO -   (-1, 2): weight=1.3190490482049484, enabled=True
2024-12-19 22:35:29,886 - INFO -   (-2, 0): weight=2.9616765829823066, enabled=True
2024-12-19 22:35:29,886 - INFO -   (-2, 1): weight=0.38199375615929965, enabled=True
2024-12-19 22:35:29,886 - INFO -   (-2, 2): weight=-3.664606328753044, enabled=False
2024-12-19 22:35:29,886 - INFO -   (-3, 0): weight=-0.21400790065508746, enabled=True
2024-12-19 22:35:29,887 - INFO -   (-3, 2): weight=-1.0161716977340673, enabled=True
2024-12-19 22:35:29,887 - INFO -   (-4, 0): weight=2.9364633924717576, enabled=True
2024-12-19 22:35:29,887 - INFO -   (-4, 1): weight=1.57451955133345, enabled=False
2024-12-19 22:35:29,887 - INFO -   (-4, 2): weight=-1.641716288517305, enabled=True
2024-12-19 22:35:29,887 - INFO -   (-5, 0): weight=0.05935306028804699, enabled=True
2024-12-19 22:35:29,887 - INFO -   (-5, 1): weight=0.507736441640058, enabled=True
2024-12-19 22:35:29,887 - INFO -   (-1, 37): weight=1.9157701457778162, enabled=True
2024-12-19 22:35:29,887 - INFO -   (37, 1): weight=-0.6247031898097287, enabled=True
2024-12-19 22:35:29,887 - INFO -   (37, 2): weight=-1.121925289981597, enabled=True
2024-12-19 22:35:30,811 - INFO - 
Best Genome in Generation 21:
2024-12-19 22:35:30,811 - INFO - Fitness: 16728.79975166774
2024-12-19 22:35:30,811 - INFO - Network Structure:
2024-12-19 22:35:30,811 - INFO - Nodes:
2024-12-19 22:35:30,812 - INFO -   Node 0: DefaultNodeGene(key=0, bias=-3.2086467818613573, response=-0.022629395476706504, activation=cube, aggregation=median)
2024-12-19 22:35:30,812 - INFO -   Node 1: DefaultNodeGene(key=1, bias=-0.22598001053832206, response=1.4377379940846364, activation=sin, aggregation=sum)
2024-12-19 22:35:30,812 - INFO -   Node 2: DefaultNodeGene(key=2, bias=-1.1472411569679375, response=0.5261914926147406, activation=tanh, aggregation=mean)
2024-12-19 22:35:30,812 - INFO -   Node 37: DefaultNodeGene(key=37, bias=1.0229780928397139, response=0.9957876108441504, activation=relu, aggregation=sum)
2024-12-19 22:35:30,812 - INFO - Connections:
2024-12-19 22:35:30,812 - INFO -   (-1, 0): weight=-3.4487532327750596, enabled=False
2024-12-19 22:35:30,812 - INFO -   (-1, 1): weight=0.7281132089614961, enabled=False
2024-12-19 22:35:30,812 - INFO -   (-1, 2): weight=1.3190490482049484, enabled=True
2024-12-19 22:35:30,812 - INFO -   (-2, 0): weight=2.9616765829823066, enabled=True
2024-12-19 22:35:30,812 - INFO -   (-2, 1): weight=0.38199375615929965, enabled=True
2024-12-19 22:35:30,812 - INFO -   (-2, 2): weight=-3.664606328753044, enabled=False
2024-12-19 22:35:30,814 - INFO -   (-3, 0): weight=-0.21400790065508746, enabled=True
2024-12-19 22:35:30,814 - INFO -   (-3, 2): weight=-1.0161716977340673, enabled=True
2024-12-19 22:35:30,814 - INFO -   (-4, 0): weight=2.9364633924717576, enabled=True
2024-12-19 22:35:30,814 - INFO -   (-4, 1): weight=1.57451955133345, enabled=False
2024-12-19 22:35:30,815 - INFO -   (-4, 2): weight=-1.641716288517305, enabled=True
2024-12-19 22:35:30,816 - INFO -   (-5, 0): weight=0.05935306028804699, enabled=True
2024-12-19 22:35:30,816 - INFO -   (-5, 1): weight=0.507736441640058, enabled=True
2024-12-19 22:35:30,816 - INFO -   (-1, 37): weight=1.9157701457778162, enabled=True
2024-12-19 22:35:30,816 - INFO -   (37, 1): weight=-0.6247031898097287, enabled=True
2024-12-19 22:35:30,816 - INFO -   (37, 2): weight=-1.121925289981597, enabled=True
2024-12-19 22:35:31,726 - INFO - 
Best Genome in Generation 22:
2024-12-19 22:35:31,727 - INFO - Fitness: 16728.79975166774
2024-12-19 22:35:31,727 - INFO - Network Structure:
2024-12-19 22:35:31,727 - INFO - Nodes:
2024-12-19 22:35:31,727 - INFO -   Node 0: DefaultNodeGene(key=0, bias=-3.2086467818613573, response=-0.022629395476706504, activation=cube, aggregation=median)
2024-12-19 22:35:31,727 - INFO -   Node 1: DefaultNodeGene(key=1, bias=-0.22598001053832206, response=1.4377379940846364, activation=sin, aggregation=sum)
2024-12-19 22:35:31,727 - INFO -   Node 2: DefaultNodeGene(key=2, bias=-1.1472411569679375, response=0.5261914926147406, activation=tanh, aggregation=mean)
2024-12-19 22:35:31,727 - INFO -   Node 37: DefaultNodeGene(key=37, bias=1.0229780928397139, response=0.9957876108441504, activation=relu, aggregation=sum)
2024-12-19 22:35:31,727 - INFO - Connections:
2024-12-19 22:35:31,727 - INFO -   (-1, 0): weight=-3.4487532327750596, enabled=False
2024-12-19 22:35:31,729 - INFO -   (-1, 1): weight=0.7281132089614961, enabled=False
2024-12-19 22:35:31,729 - INFO -   (-1, 2): weight=1.3190490482049484, enabled=True
2024-12-19 22:35:31,729 - INFO -   (-2, 0): weight=2.9616765829823066, enabled=True
2024-12-19 22:35:31,729 - INFO -   (-2, 1): weight=0.38199375615929965, enabled=True
2024-12-19 22:35:31,729 - INFO -   (-2, 2): weight=-3.664606328753044, enabled=False
2024-12-19 22:35:31,729 - INFO -   (-3, 0): weight=-0.21400790065508746, enabled=True
2024-12-19 22:35:31,730 - INFO -   (-3, 2): weight=-1.0161716977340673, enabled=True
2024-12-19 22:35:31,730 - INFO -   (-4, 0): weight=2.9364633924717576, enabled=True
2024-12-19 22:35:31,730 - INFO -   (-4, 1): weight=1.57451955133345, enabled=False
2024-12-19 22:35:31,730 - INFO -   (-4, 2): weight=-1.641716288517305, enabled=True
2024-12-19 22:35:31,730 - INFO -   (-5, 0): weight=0.05935306028804699, enabled=True
2024-12-19 22:35:31,730 - INFO -   (-5, 1): weight=0.507736441640058, enabled=True
2024-12-19 22:35:31,730 - INFO -   (-1, 37): weight=1.9157701457778162, enabled=True
2024-12-19 22:35:31,730 - INFO -   (37, 1): weight=-0.6247031898097287, enabled=True
2024-12-19 22:35:31,730 - INFO -   (37, 2): weight=-1.121925289981597, enabled=True
2024-12-19 22:35:32,620 - INFO - 
Best Genome in Generation 23:
2024-12-19 22:35:32,620 - INFO - Fitness: 16728.79975166774
2024-12-19 22:35:32,620 - INFO - Network Structure:
2024-12-19 22:35:32,620 - INFO - Nodes:
2024-12-19 22:35:32,620 - INFO -   Node 0: DefaultNodeGene(key=0, bias=-3.2086467818613573, response=-0.022629395476706504, activation=cube, aggregation=median)
2024-12-19 22:35:32,621 - INFO -   Node 1: DefaultNodeGene(key=1, bias=-0.22598001053832206, response=1.4377379940846364, activation=sin, aggregation=sum)
2024-12-19 22:35:32,621 - INFO -   Node 2: DefaultNodeGene(key=2, bias=-1.1472411569679375, response=0.5261914926147406, activation=tanh, aggregation=mean)
2024-12-19 22:35:32,621 - INFO -   Node 37: DefaultNodeGene(key=37, bias=1.0229780928397139, response=0.9957876108441504, activation=relu, aggregation=sum)
2024-12-19 22:35:32,621 - INFO - Connections:
2024-12-19 22:35:32,621 - INFO -   (-1, 0): weight=-3.4487532327750596, enabled=False
2024-12-19 22:35:32,621 - INFO -   (-1, 1): weight=0.7281132089614961, enabled=False
2024-12-19 22:35:32,621 - INFO -   (-1, 2): weight=1.3190490482049484, enabled=True
2024-12-19 22:35:32,621 - INFO -   (-2, 0): weight=2.9616765829823066, enabled=True
2024-12-19 22:35:32,621 - INFO -   (-2, 1): weight=0.38199375615929965, enabled=True
2024-12-19 22:35:32,621 - INFO -   (-2, 2): weight=-3.664606328753044, enabled=False
2024-12-19 22:35:32,621 - INFO -   (-3, 0): weight=-0.21400790065508746, enabled=True
2024-12-19 22:35:32,621 - INFO -   (-3, 2): weight=-1.0161716977340673, enabled=True
2024-12-19 22:35:32,622 - INFO -   (-4, 0): weight=2.9364633924717576, enabled=True
2024-12-19 22:35:32,622 - INFO -   (-4, 1): weight=1.57451955133345, enabled=False
2024-12-19 22:35:32,622 - INFO -   (-4, 2): weight=-1.641716288517305, enabled=True
2024-12-19 22:35:32,622 - INFO -   (-5, 0): weight=0.05935306028804699, enabled=True
2024-12-19 22:35:32,622 - INFO -   (-5, 1): weight=0.507736441640058, enabled=True
2024-12-19 22:35:32,622 - INFO -   (-1, 37): weight=1.9157701457778162, enabled=True
2024-12-19 22:35:32,622 - INFO -   (37, 1): weight=-0.6247031898097287, enabled=True
2024-12-19 22:35:32,622 - INFO -   (37, 2): weight=-1.121925289981597, enabled=True
2024-12-19 22:35:33,576 - INFO - 
Best Genome in Generation 24:
2024-12-19 22:35:33,576 - INFO - Fitness: 16728.79975166774
2024-12-19 22:35:33,576 - INFO - Network Structure:
2024-12-19 22:35:33,576 - INFO - Nodes:
2024-12-19 22:35:33,576 - INFO -   Node 0: DefaultNodeGene(key=0, bias=-3.2086467818613573, response=-0.022629395476706504, activation=cube, aggregation=median)
2024-12-19 22:35:33,576 - INFO -   Node 1: DefaultNodeGene(key=1, bias=-0.22598001053832206, response=1.4377379940846364, activation=sin, aggregation=sum)
2024-12-19 22:35:33,577 - INFO -   Node 2: DefaultNodeGene(key=2, bias=-1.1472411569679375, response=0.5261914926147406, activation=tanh, aggregation=mean)
2024-12-19 22:35:33,577 - INFO -   Node 37: DefaultNodeGene(key=37, bias=1.0229780928397139, response=0.9957876108441504, activation=relu, aggregation=sum)
2024-12-19 22:35:33,577 - INFO - Connections:
2024-12-19 22:35:33,577 - INFO -   (-1, 0): weight=-3.4487532327750596, enabled=False
2024-12-19 22:35:33,577 - INFO -   (-1, 1): weight=0.7281132089614961, enabled=False
2024-12-19 22:35:33,577 - INFO -   (-1, 2): weight=1.3190490482049484, enabled=True
2024-12-19 22:35:33,577 - INFO -   (-2, 0): weight=2.9616765829823066, enabled=True
2024-12-19 22:35:33,580 - INFO -   (-2, 1): weight=0.38199375615929965, enabled=True
2024-12-19 22:35:33,580 - INFO -   (-2, 2): weight=-3.664606328753044, enabled=False
2024-12-19 22:35:33,580 - INFO -   (-3, 0): weight=-0.21400790065508746, enabled=True
2024-12-19 22:35:33,580 - INFO -   (-3, 2): weight=-1.0161716977340673, enabled=True
2024-12-19 22:35:33,580 - INFO -   (-4, 0): weight=2.9364633924717576, enabled=True
2024-12-19 22:35:33,580 - INFO -   (-4, 1): weight=1.57451955133345, enabled=False
2024-12-19 22:35:33,581 - INFO -   (-4, 2): weight=-1.641716288517305, enabled=True
2024-12-19 22:35:33,581 - INFO -   (-5, 0): weight=0.05935306028804699, enabled=True
2024-12-19 22:35:33,581 - INFO -   (-5, 1): weight=0.507736441640058, enabled=True
2024-12-19 22:35:33,581 - INFO -   (-1, 37): weight=1.9157701457778162, enabled=True
2024-12-19 22:35:33,581 - INFO -   (37, 1): weight=-0.6247031898097287, enabled=True
2024-12-19 22:35:33,581 - INFO -   (37, 2): weight=-1.121925289981597, enabled=True
2024-12-19 22:35:34,542 - INFO - 
Best Genome in Generation 25:
2024-12-19 22:35:34,542 - INFO - Fitness: 16728.79975166774
2024-12-19 22:35:34,542 - INFO - Network Structure:
2024-12-19 22:35:34,542 - INFO - Nodes:
2024-12-19 22:35:34,542 - INFO -   Node 0: DefaultNodeGene(key=0, bias=-3.2086467818613573, response=-0.022629395476706504, activation=cube, aggregation=median)
2024-12-19 22:35:34,542 - INFO -   Node 1: DefaultNodeGene(key=1, bias=-0.22598001053832206, response=1.4377379940846364, activation=sin, aggregation=sum)
2024-12-19 22:35:34,542 - INFO -   Node 2: DefaultNodeGene(key=2, bias=-1.1472411569679375, response=0.5261914926147406, activation=tanh, aggregation=mean)
2024-12-19 22:35:34,542 - INFO -   Node 37: DefaultNodeGene(key=37, bias=1.0229780928397139, response=0.9957876108441504, activation=relu, aggregation=sum)
2024-12-19 22:35:34,542 - INFO - Connections:
2024-12-19 22:35:34,542 - INFO -   (-1, 0): weight=-3.4487532327750596, enabled=False
2024-12-19 22:35:34,542 - INFO -   (-1, 1): weight=0.7281132089614961, enabled=False
2024-12-19 22:35:34,543 - INFO -   (-1, 2): weight=1.3190490482049484, enabled=True
2024-12-19 22:35:34,543 - INFO -   (-2, 0): weight=2.9616765829823066, enabled=True
2024-12-19 22:35:34,543 - INFO -   (-2, 1): weight=0.38199375615929965, enabled=True
2024-12-19 22:35:34,543 - INFO -   (-2, 2): weight=-3.664606328753044, enabled=False
2024-12-19 22:35:34,543 - INFO -   (-3, 0): weight=-0.21400790065508746, enabled=True
2024-12-19 22:35:34,543 - INFO -   (-3, 2): weight=-1.0161716977340673, enabled=True
2024-12-19 22:35:34,543 - INFO -   (-4, 0): weight=2.9364633924717576, enabled=True
2024-12-19 22:35:34,543 - INFO -   (-4, 1): weight=1.57451955133345, enabled=False
2024-12-19 22:35:34,543 - INFO -   (-4, 2): weight=-1.641716288517305, enabled=True
2024-12-19 22:35:34,543 - INFO -   (-5, 0): weight=0.05935306028804699, enabled=True
2024-12-19 22:35:34,543 - INFO -   (-5, 1): weight=0.507736441640058, enabled=True
2024-12-19 22:35:34,543 - INFO -   (-1, 37): weight=1.9157701457778162, enabled=True
2024-12-19 22:35:34,543 - INFO -   (37, 1): weight=-0.6247031898097287, enabled=True
2024-12-19 22:35:34,543 - INFO -   (37, 2): weight=-1.121925289981597, enabled=True
2024-12-19 22:35:35,497 - INFO - 
Best Genome in Generation 26:
2024-12-19 22:35:35,497 - INFO - Fitness: 16728.79975166774
2024-12-19 22:35:35,497 - INFO - Network Structure:
2024-12-19 22:35:35,497 - INFO - Nodes:
2024-12-19 22:35:35,497 - INFO -   Node 0: DefaultNodeGene(key=0, bias=-3.2086467818613573, response=-0.022629395476706504, activation=cube, aggregation=median)
2024-12-19 22:35:35,497 - INFO -   Node 1: DefaultNodeGene(key=1, bias=-0.22598001053832206, response=1.4377379940846364, activation=sin, aggregation=sum)
2024-12-19 22:35:35,497 - INFO -   Node 2: DefaultNodeGene(key=2, bias=-1.1472411569679375, response=0.5261914926147406, activation=tanh, aggregation=mean)
2024-12-19 22:35:35,497 - INFO -   Node 37: DefaultNodeGene(key=37, bias=1.0229780928397139, response=0.9957876108441504, activation=relu, aggregation=sum)
2024-12-19 22:35:35,497 - INFO - Connections:
2024-12-19 22:35:35,497 - INFO -   (-1, 0): weight=-3.4487532327750596, enabled=False
2024-12-19 22:35:35,499 - INFO -   (-1, 1): weight=0.7281132089614961, enabled=False
2024-12-19 22:35:35,499 - INFO -   (-1, 2): weight=1.3190490482049484, enabled=True
2024-12-19 22:35:35,499 - INFO -   (-2, 0): weight=2.9616765829823066, enabled=True
2024-12-19 22:35:35,499 - INFO -   (-2, 1): weight=0.38199375615929965, enabled=True
2024-12-19 22:35:35,499 - INFO -   (-2, 2): weight=-3.664606328753044, enabled=False
2024-12-19 22:35:35,499 - INFO -   (-3, 0): weight=-0.21400790065508746, enabled=True
2024-12-19 22:35:35,499 - INFO -   (-3, 2): weight=-1.0161716977340673, enabled=True
2024-12-19 22:35:35,499 - INFO -   (-4, 0): weight=2.9364633924717576, enabled=True
2024-12-19 22:35:35,499 - INFO -   (-4, 1): weight=1.57451955133345, enabled=False
2024-12-19 22:35:35,499 - INFO -   (-4, 2): weight=-1.641716288517305, enabled=True
2024-12-19 22:35:35,499 - INFO -   (-5, 0): weight=0.05935306028804699, enabled=True
2024-12-19 22:35:35,499 - INFO -   (-5, 1): weight=0.507736441640058, enabled=True
2024-12-19 22:35:35,499 - INFO -   (-1, 37): weight=1.9157701457778162, enabled=True
2024-12-19 22:35:35,499 - INFO -   (37, 1): weight=-0.6247031898097287, enabled=True
2024-12-19 22:35:35,500 - INFO -   (37, 2): weight=-1.121925289981597, enabled=True
2024-12-19 22:35:36,477 - INFO - 
Best Genome in Generation 27:
2024-12-19 22:35:36,477 - INFO - Fitness: 16813.94426043631
2024-12-19 22:35:36,477 - INFO - Network Structure:
2024-12-19 22:35:36,477 - INFO - Nodes:
2024-12-19 22:35:36,477 - INFO -   Node 0: DefaultNodeGene(key=0, bias=-3.2086467818613573, response=-0.022629395476706504, activation=cube, aggregation=median)
2024-12-19 22:35:36,480 - INFO -   Node 1: DefaultNodeGene(key=1, bias=-0.22598001053832206, response=1.4377379940846364, activation=sin, aggregation=sum)
2024-12-19 22:35:36,480 - INFO -   Node 2: DefaultNodeGene(key=2, bias=-1.1472411569679375, response=0.5261914926147406, activation=tanh, aggregation=mean)
2024-12-19 22:35:36,480 - INFO -   Node 37: DefaultNodeGene(key=37, bias=1.0229780928397139, response=0.9957876108441504, activation=relu, aggregation=sum)
2024-12-19 22:35:36,480 - INFO - Connections:
2024-12-19 22:35:36,480 - INFO -   (-1, 0): weight=-3.4487532327750596, enabled=False
2024-12-19 22:35:36,480 - INFO -   (-1, 1): weight=0.7281132089614961, enabled=False
2024-12-19 22:35:36,481 - INFO -   (-1, 2): weight=1.3190490482049484, enabled=True
2024-12-19 22:35:36,481 - INFO -   (-2, 0): weight=2.9616765829823066, enabled=True
2024-12-19 22:35:36,481 - INFO -   (-2, 1): weight=0.38199375615929965, enabled=True
2024-12-19 22:35:36,481 - INFO -   (-2, 2): weight=-3.664606328753044, enabled=False
2024-12-19 22:35:36,481 - INFO -   (-3, 0): weight=-0.21400790065508746, enabled=True
2024-12-19 22:35:36,481 - INFO -   (-3, 2): weight=-1.0161716977340673, enabled=True
2024-12-19 22:35:36,481 - INFO -   (-4, 0): weight=2.9364633924717576, enabled=True
2024-12-19 22:35:36,482 - INFO -   (-4, 1): weight=1.57451955133345, enabled=False
2024-12-19 22:35:36,482 - INFO -   (-4, 2): weight=-1.641716288517305, enabled=True
2024-12-19 22:35:36,482 - INFO -   (-5, 0): weight=0.05935306028804699, enabled=True
2024-12-19 22:35:36,482 - INFO -   (-5, 1): weight=0.507736441640058, enabled=True
2024-12-19 22:35:36,482 - INFO -   (-1, 37): weight=1.9157701457778162, enabled=True
2024-12-19 22:35:36,482 - INFO -   (37, 1): weight=-0.6247031898097287, enabled=True
2024-12-19 22:35:36,482 - INFO -   (37, 2): weight=-1.121925289981597, enabled=True
2024-12-19 22:35:37,442 - INFO - 
Best Genome in Generation 28:
2024-12-19 22:35:37,442 - INFO - Fitness: 16728.79975166774
2024-12-19 22:35:37,442 - INFO - Network Structure:
2024-12-19 22:35:37,442 - INFO - Nodes:
2024-12-19 22:35:37,442 - INFO -   Node 0: DefaultNodeGene(key=0, bias=-3.2086467818613573, response=-0.022629395476706504, activation=cube, aggregation=median)
2024-12-19 22:35:37,443 - INFO -   Node 1: DefaultNodeGene(key=1, bias=-0.22598001053832206, response=1.4377379940846364, activation=sin, aggregation=sum)
2024-12-19 22:35:37,443 - INFO -   Node 2: DefaultNodeGene(key=2, bias=-1.1472411569679375, response=0.5261914926147406, activation=tanh, aggregation=mean)
2024-12-19 22:35:37,443 - INFO -   Node 37: DefaultNodeGene(key=37, bias=1.0229780928397139, response=0.9957876108441504, activation=relu, aggregation=sum)
2024-12-19 22:35:37,443 - INFO - Connections:
2024-12-19 22:35:37,443 - INFO -   (-1, 0): weight=-3.4487532327750596, enabled=False
2024-12-19 22:35:37,443 - INFO -   (-1, 1): weight=0.7281132089614961, enabled=False
2024-12-19 22:35:37,443 - INFO -   (-1, 2): weight=1.3190490482049484, enabled=True
2024-12-19 22:35:37,443 - INFO -   (-2, 0): weight=2.9616765829823066, enabled=True
2024-12-19 22:35:37,443 - INFO -   (-2, 1): weight=0.38199375615929965, enabled=True
2024-12-19 22:35:37,443 - INFO -   (-2, 2): weight=-3.664606328753044, enabled=False
2024-12-19 22:35:37,443 - INFO -   (-3, 0): weight=-0.21400790065508746, enabled=True
2024-12-19 22:35:37,443 - INFO -   (-3, 2): weight=-1.0161716977340673, enabled=True
2024-12-19 22:35:37,443 - INFO -   (-4, 0): weight=2.9364633924717576, enabled=True
2024-12-19 22:35:37,443 - INFO -   (-4, 1): weight=1.57451955133345, enabled=False
2024-12-19 22:35:37,443 - INFO -   (-4, 2): weight=-1.641716288517305, enabled=True
2024-12-19 22:35:37,443 - INFO -   (-5, 0): weight=0.05935306028804699, enabled=True
2024-12-19 22:35:37,443 - INFO -   (-5, 1): weight=0.507736441640058, enabled=True
2024-12-19 22:35:37,443 - INFO -   (-1, 37): weight=1.9157701457778162, enabled=True
2024-12-19 22:35:37,443 - INFO -   (37, 1): weight=-0.6247031898097287, enabled=True
2024-12-19 22:35:37,443 - INFO -   (37, 2): weight=-1.121925289981597, enabled=True
2024-12-19 22:35:38,461 - INFO - 
Best Genome in Generation 29:
2024-12-19 22:35:38,462 - INFO - Fitness: 16728.79975166774
2024-12-19 22:35:38,462 - INFO - Network Structure:
2024-12-19 22:35:38,462 - INFO - Nodes:
2024-12-19 22:35:38,462 - INFO -   Node 0: DefaultNodeGene(key=0, bias=-3.2086467818613573, response=-0.022629395476706504, activation=cube, aggregation=median)
2024-12-19 22:35:38,462 - INFO -   Node 1: DefaultNodeGene(key=1, bias=-0.22598001053832206, response=1.4377379940846364, activation=sin, aggregation=sum)
2024-12-19 22:35:38,462 - INFO -   Node 2: DefaultNodeGene(key=2, bias=-1.1472411569679375, response=0.5261914926147406, activation=tanh, aggregation=mean)
2024-12-19 22:35:38,462 - INFO -   Node 37: DefaultNodeGene(key=37, bias=1.0229780928397139, response=0.9957876108441504, activation=relu, aggregation=sum)
2024-12-19 22:35:38,462 - INFO - Connections:
2024-12-19 22:35:38,462 - INFO -   (-1, 0): weight=-3.4487532327750596, enabled=False
2024-12-19 22:35:38,462 - INFO -   (-1, 1): weight=0.7281132089614961, enabled=False
2024-12-19 22:35:38,462 - INFO -   (-1, 2): weight=1.3190490482049484, enabled=True
2024-12-19 22:35:38,462 - INFO -   (-2, 0): weight=2.9616765829823066, enabled=True
2024-12-19 22:35:38,463 - INFO -   (-2, 1): weight=0.38199375615929965, enabled=True
2024-12-19 22:35:38,463 - INFO -   (-2, 2): weight=-3.664606328753044, enabled=False
2024-12-19 22:35:38,463 - INFO -   (-3, 0): weight=-0.21400790065508746, enabled=True
2024-12-19 22:35:38,463 - INFO -   (-3, 2): weight=-1.0161716977340673, enabled=True
2024-12-19 22:35:38,463 - INFO -   (-4, 0): weight=2.9364633924717576, enabled=True
2024-12-19 22:35:38,463 - INFO -   (-4, 1): weight=1.57451955133345, enabled=False
2024-12-19 22:35:38,463 - INFO -   (-4, 2): weight=-1.641716288517305, enabled=True
2024-12-19 22:35:38,464 - INFO -   (-5, 0): weight=0.05935306028804699, enabled=True
2024-12-19 22:35:38,464 - INFO -   (-5, 1): weight=0.507736441640058, enabled=True
2024-12-19 22:35:38,464 - INFO -   (-1, 37): weight=1.9157701457778162, enabled=True
2024-12-19 22:35:38,464 - INFO -   (37, 1): weight=-0.6247031898097287, enabled=True
2024-12-19 22:35:38,464 - INFO -   (37, 2): weight=-1.121925289981597, enabled=True
2024-12-19 22:35:39,444 - INFO - 
Best Genome in Generation 30:
2024-12-19 22:35:39,444 - INFO - Fitness: 16728.79975166774
2024-12-19 22:35:39,444 - INFO - Network Structure:
2024-12-19 22:35:39,444 - INFO - Nodes:
2024-12-19 22:35:39,444 - INFO -   Node 0: DefaultNodeGene(key=0, bias=-3.2086467818613573, response=-0.022629395476706504, activation=cube, aggregation=median)
2024-12-19 22:35:39,445 - INFO -   Node 1: DefaultNodeGene(key=1, bias=-0.22598001053832206, response=1.4377379940846364, activation=sin, aggregation=sum)
2024-12-19 22:35:39,445 - INFO -   Node 2: DefaultNodeGene(key=2, bias=-1.1472411569679375, response=0.5261914926147406, activation=tanh, aggregation=mean)
2024-12-19 22:35:39,445 - INFO -   Node 37: DefaultNodeGene(key=37, bias=1.0229780928397139, response=0.9957876108441504, activation=relu, aggregation=sum)
2024-12-19 22:35:39,445 - INFO - Connections:
2024-12-19 22:35:39,446 - INFO -   (-1, 0): weight=-3.4487532327750596, enabled=False
2024-12-19 22:35:39,446 - INFO -   (-1, 1): weight=0.7281132089614961, enabled=False
2024-12-19 22:35:39,446 - INFO -   (-1, 2): weight=1.3190490482049484, enabled=True
2024-12-19 22:35:39,446 - INFO -   (-2, 0): weight=2.9616765829823066, enabled=True
2024-12-19 22:35:39,446 - INFO -   (-2, 1): weight=0.38199375615929965, enabled=True
2024-12-19 22:35:39,446 - INFO -   (-2, 2): weight=-3.664606328753044, enabled=False
2024-12-19 22:35:39,446 - INFO -   (-3, 0): weight=-0.21400790065508746, enabled=True
2024-12-19 22:35:39,446 - INFO -   (-3, 2): weight=-1.0161716977340673, enabled=True
2024-12-19 22:35:39,446 - INFO -   (-4, 0): weight=2.9364633924717576, enabled=True
2024-12-19 22:35:39,446 - INFO -   (-4, 1): weight=1.57451955133345, enabled=False
2024-12-19 22:35:39,447 - INFO -   (-4, 2): weight=-1.641716288517305, enabled=True
2024-12-19 22:35:39,447 - INFO -   (-5, 0): weight=0.05935306028804699, enabled=True
2024-12-19 22:35:39,447 - INFO -   (-5, 1): weight=0.507736441640058, enabled=True
2024-12-19 22:35:39,447 - INFO -   (-1, 37): weight=1.9157701457778162, enabled=True
2024-12-19 22:35:39,447 - INFO -   (37, 1): weight=-0.6247031898097287, enabled=True
2024-12-19 22:35:39,447 - INFO -   (37, 2): weight=-1.121925289981597, enabled=True
2024-12-19 22:35:40,409 - INFO - 
Best Genome in Generation 31:
2024-12-19 22:35:40,409 - INFO - Fitness: 18305.98210093619
2024-12-19 22:35:40,409 - INFO - Network Structure:
2024-12-19 22:35:40,409 - INFO - Nodes:
2024-12-19 22:35:40,409 - INFO -   Node 0: DefaultNodeGene(key=0, bias=-4.432043716435731, response=2.288707490219304, activation=cube, aggregation=maxabs)
2024-12-19 22:35:40,410 - INFO -   Node 1: DefaultNodeGene(key=1, bias=-0.3642371387985889, response=0.13829871413469985, activation=cube, aggregation=maxabs)
2024-12-19 22:35:40,410 - INFO -   Node 2: DefaultNodeGene(key=2, bias=-2.525086920581183, response=2.3136452471333606, activation=hat, aggregation=sum)
2024-12-19 22:35:40,410 - INFO - Connections:
2024-12-19 22:35:40,410 - INFO -   (-1, 0): weight=-4.3214917761411344, enabled=False
2024-12-19 22:35:40,410 - INFO -   (-1, 1): weight=1.6541835493781174, enabled=False
2024-12-19 22:35:40,410 - INFO -   (-1, 2): weight=0.16647626624701733, enabled=True
2024-12-19 22:35:40,410 - INFO -   (-2, 0): weight=2.2950509995989834, enabled=True
2024-12-19 22:35:40,410 - INFO -   (-2, 1): weight=0.5090499610804019, enabled=False
2024-12-19 22:35:40,410 - INFO -   (-2, 2): weight=-0.9004328204313341, enabled=False
2024-12-19 22:35:40,410 - INFO -   (-3, 0): weight=0.054303466313120496, enabled=True
2024-12-19 22:35:40,410 - INFO -   (-5, 0): weight=-0.73583297142286, enabled=True
2024-12-19 22:35:40,410 - INFO -   (-5, 1): weight=-4.716066672483965, enabled=True
2024-12-19 22:35:40,410 - INFO -   (-4, 0): weight=-1.067935394267331, enabled=True
2024-12-19 22:35:40,410 - INFO - 
New Best Genome Found!
2024-12-19 22:35:40,410 - INFO - New Best Fitness: 18305.98210093619
2024-12-19 22:35:40,975 - INFO - 
Best Genome in Generation 32:
2024-12-19 22:35:40,975 - INFO - Fitness: 9403.641295980737
2024-12-19 22:35:40,975 - INFO - Network Structure:
2024-12-19 22:35:40,976 - INFO - Nodes:
2024-12-19 22:35:40,976 - INFO -   Node 0: DefaultNodeGene(key=0, bias=-4.432043716435731, response=2.288707490219304, activation=cube, aggregation=maxabs)
2024-12-19 22:35:40,976 - INFO -   Node 1: DefaultNodeGene(key=1, bias=-0.3642371387985889, response=0.13829871413469985, activation=cube, aggregation=maxabs)
2024-12-19 22:35:40,976 - INFO -   Node 2: DefaultNodeGene(key=2, bias=-2.525086920581183, response=2.3136452471333606, activation=hat, aggregation=sum)
2024-12-19 22:35:40,976 - INFO - Connections:
2024-12-19 22:35:40,976 - INFO -   (-1, 0): weight=-4.3214917761411344, enabled=False
2024-12-19 22:35:40,977 - INFO -   (-1, 1): weight=1.6541835493781174, enabled=False
2024-12-19 22:35:40,977 - INFO -   (-1, 2): weight=0.16647626624701733, enabled=True
2024-12-19 22:35:40,977 - INFO -   (-2, 0): weight=2.2950509995989834, enabled=True
2024-12-19 22:35:40,977 - INFO -   (-2, 1): weight=0.5090499610804019, enabled=False
2024-12-19 22:35:40,977 - INFO -   (-2, 2): weight=-0.9004328204313341, enabled=False
2024-12-19 22:35:40,977 - INFO -   (-3, 0): weight=0.054303466313120496, enabled=True
2024-12-19 22:35:40,977 - INFO -   (-5, 0): weight=-0.73583297142286, enabled=True
2024-12-19 22:35:40,977 - INFO -   (-5, 1): weight=-4.716066672483965, enabled=True
2024-12-19 22:35:40,977 - INFO -   (-4, 0): weight=-1.067935394267331, enabled=True
2024-12-19 22:35:41,255 - INFO - 
Best Genome in Generation 33:
2024-12-19 22:35:41,255 - INFO - Fitness: 2121.4266741695074
2024-12-19 22:35:41,255 - INFO - Network Structure:
2024-12-19 22:35:41,255 - INFO - Nodes:
2024-12-19 22:35:41,255 - INFO -   Node 0: DefaultNodeGene(key=0, bias=-0.3098530284382388, response=0.5055471047477543, activation=gauss, aggregation=mean)
2024-12-19 22:35:41,255 - INFO -   Node 1: DefaultNodeGene(key=1, bias=1.353720554374526, response=3.106742296231936, activation=cube, aggregation=sum)
2024-12-19 22:35:41,256 - INFO -   Node 2: DefaultNodeGene(key=2, bias=-1.2641373796795343, response=1.3335619547485993, activation=cube, aggregation=product)
2024-12-19 22:35:41,256 - INFO -   Node 37: DefaultNodeGene(key=37, bias=1.979953483752828, response=3.1333451183845056, activation=cube, aggregation=min)
2024-12-19 22:35:41,256 - INFO -   Node 112: DefaultNodeGene(key=112, bias=1.9874575015915172, response=-1.5926982925189384, activation=hat, aggregation=mean)
2024-12-19 22:35:41,256 - INFO -   Node 115: DefaultNodeGene(key=115, bias=-0.19961367005373865, response=0.0645175684700382, activation=tanh, aggregation=maxabs)
2024-12-19 22:35:41,256 - INFO - Connections:
2024-12-19 22:35:41,256 - INFO -   (-1, 0): weight=-2.659502298895889, enabled=False
2024-12-19 22:35:41,256 - INFO -   (-1, 1): weight=-3.166783222945834, enabled=True
2024-12-19 22:35:41,256 - INFO -   (-1, 2): weight=0.6521637574176771, enabled=False
2024-12-19 22:35:41,256 - INFO -   (-2, 0): weight=1.2166217110606163, enabled=True
2024-12-19 22:35:41,256 - INFO -   (-2, 1): weight=-0.14726474474353618, enabled=True
2024-12-19 22:35:41,256 - INFO -   (-2, 2): weight=-1.8064277028505975, enabled=False
2024-12-19 22:35:41,256 - INFO -   (-3, 2): weight=4.052145680143306, enabled=True
2024-12-19 22:35:41,257 - INFO -   (-4, 0): weight=0.25203495594230696, enabled=False
2024-12-19 22:35:41,257 - INFO -   (-4, 1): weight=3.6256180288934003, enabled=False
2024-12-19 22:35:41,257 - INFO -   (-4, 2): weight=-2.4361045545179847, enabled=True
2024-12-19 22:35:41,257 - INFO -   (-5, 0): weight=1.195448647593778, enabled=True
2024-12-19 22:35:41,257 - INFO -   (-5, 1): weight=0.7571990309772849, enabled=True
2024-12-19 22:35:41,257 - INFO -   (-1, 37): weight=1.3714096132943538, enabled=True
2024-12-19 22:35:41,257 - INFO -   (37, 1): weight=-3.3664468167398343, enabled=True
2024-12-19 22:35:41,257 - INFO -   (-3, 112): weight=1.4313017052530732, enabled=True
2024-12-19 22:35:41,257 - INFO -   (112, 2): weight=3.4906898993745283, enabled=True
2024-12-19 22:35:41,257 - INFO -   (-1, 115): weight=0.032439360681215806, enabled=True
2024-12-19 22:35:41,257 - INFO -   (115, 2): weight=-1.6948412864600062, enabled=True
2024-12-19 22:35:41,477 - INFO - 
Best Genome in Generation 34:
2024-12-19 22:35:41,482 - INFO - Fitness: 1908.6869842166286
2024-12-19 22:35:41,482 - INFO - Network Structure:
2024-12-19 22:35:41,482 - INFO - Nodes:
2024-12-19 22:35:41,482 - INFO -   Node 0: DefaultNodeGene(key=0, bias=-0.3098530284382388, response=0.5055471047477543, activation=gauss, aggregation=mean)
2024-12-19 22:35:41,482 - INFO -   Node 1: DefaultNodeGene(key=1, bias=1.353720554374526, response=3.106742296231936, activation=cube, aggregation=sum)
2024-12-19 22:35:41,482 - INFO -   Node 2: DefaultNodeGene(key=2, bias=-1.2641373796795343, response=1.3335619547485993, activation=cube, aggregation=product)
2024-12-19 22:35:41,482 - INFO -   Node 37: DefaultNodeGene(key=37, bias=1.979953483752828, response=3.1333451183845056, activation=cube, aggregation=min)
2024-12-19 22:35:41,483 - INFO -   Node 112: DefaultNodeGene(key=112, bias=1.9874575015915172, response=-1.5926982925189384, activation=hat, aggregation=mean)
2024-12-19 22:35:41,483 - INFO -   Node 115: DefaultNodeGene(key=115, bias=-0.19961367005373865, response=0.0645175684700382, activation=tanh, aggregation=maxabs)
2024-12-19 22:35:41,483 - INFO - Connections:
2024-12-19 22:35:41,483 - INFO -   (-1, 0): weight=-2.659502298895889, enabled=False
2024-12-19 22:35:41,483 - INFO -   (-1, 1): weight=-3.166783222945834, enabled=True
2024-12-19 22:35:41,483 - INFO -   (-1, 2): weight=0.6521637574176771, enabled=False
2024-12-19 22:35:41,483 - INFO -   (-2, 0): weight=1.2166217110606163, enabled=True
2024-12-19 22:35:41,483 - INFO -   (-2, 1): weight=-0.14726474474353618, enabled=True
2024-12-19 22:35:41,483 - INFO -   (-2, 2): weight=-1.8064277028505975, enabled=False
2024-12-19 22:35:41,483 - INFO -   (-3, 2): weight=4.052145680143306, enabled=True
2024-12-19 22:35:41,483 - INFO -   (-4, 0): weight=0.25203495594230696, enabled=False
2024-12-19 22:35:41,485 - INFO -   (-4, 1): weight=3.6256180288934003, enabled=False
2024-12-19 22:35:41,485 - INFO -   (-4, 2): weight=-2.4361045545179847, enabled=True
2024-12-19 22:35:41,485 - INFO -   (-5, 0): weight=1.195448647593778, enabled=True
2024-12-19 22:35:41,485 - INFO -   (-5, 1): weight=0.7571990309772849, enabled=True
2024-12-19 22:35:41,485 - INFO -   (-1, 37): weight=1.3714096132943538, enabled=True
2024-12-19 22:35:41,485 - INFO -   (37, 1): weight=-3.3664468167398343, enabled=True
2024-12-19 22:35:41,485 - INFO -   (-3, 112): weight=1.4313017052530732, enabled=True
2024-12-19 22:35:41,485 - INFO -   (112, 2): weight=3.4906898993745283, enabled=True
2024-12-19 22:35:41,485 - INFO -   (-1, 115): weight=0.032439360681215806, enabled=True
2024-12-19 22:35:41,485 - INFO -   (115, 2): weight=-1.6948412864600062, enabled=True
2024-12-19 22:35:41,741 - INFO - 
Best Genome in Generation 35:
2024-12-19 22:35:41,741 - INFO - Fitness: 1949.0469180697119
2024-12-19 22:35:41,741 - INFO - Network Structure:
2024-12-19 22:35:41,741 - INFO - Nodes:
2024-12-19 22:35:41,741 - INFO -   Node 0: DefaultNodeGene(key=0, bias=-1.1205437473498812, response=2.3401224069296283, activation=cube, aggregation=sum)
2024-12-19 22:35:41,742 - INFO -   Node 1: DefaultNodeGene(key=1, bias=-0.08521591247301741, response=-0.9811114117681417, activation=cube, aggregation=sum)
2024-12-19 22:35:41,742 - INFO -   Node 2: DefaultNodeGene(key=2, bias=-2.650237954399138, response=2.263680829274795, activation=hat, aggregation=sum)
2024-12-19 22:35:41,742 - INFO -   Node 37: DefaultNodeGene(key=37, bias=1.90443820798341, response=3.845005631468098, activation=cube, aggregation=min)
2024-12-19 22:35:41,742 - INFO -   Node 115: DefaultNodeGene(key=115, bias=-0.17903621066014244, response=0.245770126840621, activation=relu, aggregation=maxabs)
2024-12-19 22:35:41,742 - INFO - Connections:
2024-12-19 22:35:41,742 - INFO -   (-1, 0): weight=-2.971777372287916, enabled=False
2024-12-19 22:35:41,742 - INFO -   (-1, 1): weight=2.014401652047094, enabled=False
2024-12-19 22:35:41,742 - INFO -   (-2, 0): weight=-0.13070660091931374, enabled=True
2024-12-19 22:35:41,742 - INFO -   (-2, 1): weight=-0.38968499378444904, enabled=False
2024-12-19 22:35:41,742 - INFO -   (-2, 2): weight=-0.1555411151559676, enabled=False
2024-12-19 22:35:41,742 - INFO -   (-3, 2): weight=4.874792901947965, enabled=True
2024-12-19 22:35:41,742 - INFO -   (-4, 0): weight=0.5048813013619369, enabled=False
2024-12-19 22:35:41,742 - INFO -   (-4, 1): weight=3.8295036271699407, enabled=False
2024-12-19 22:35:41,742 - INFO -   (-4, 2): weight=-2.6946211091419867, enabled=True
2024-12-19 22:35:41,742 - INFO -   (-5, 0): weight=0.13583509700437646, enabled=True
2024-12-19 22:35:41,742 - INFO -   (-1, 37): weight=1.9717432611507102, enabled=True
2024-12-19 22:35:41,742 - INFO -   (37, 1): weight=-3.169110329907401, enabled=True
2024-12-19 22:35:41,742 - INFO -   (-1, 115): weight=-0.16220950628625447, enabled=True
2024-12-19 22:35:41,744 - INFO -   (115, 2): weight=-2.4988277668541894, enabled=True
2024-12-19 22:35:41,744 - INFO -   (-5, 2): weight=0.5216781620929233, enabled=True
2024-12-19 22:35:42,019 - INFO - 
Best Genome in Generation 36:
2024-12-19 22:35:42,019 - INFO - Fitness: 2378.3960999811998
2024-12-19 22:35:42,019 - INFO - Network Structure:
2024-12-19 22:35:42,019 - INFO - Nodes:
2024-12-19 22:35:42,019 - INFO -   Node 0: DefaultNodeGene(key=0, bias=-1.6655935822624253, response=2.9349460326809016, activation=cube, aggregation=sum)
2024-12-19 22:35:42,019 - INFO -   Node 1: DefaultNodeGene(key=1, bias=-0.18736823424543925, response=3.284133841757189, activation=sin, aggregation=product)
2024-12-19 22:35:42,019 - INFO -   Node 2: DefaultNodeGene(key=2, bias=-0.9809061373857568, response=-1.4169121886234732, activation=gauss, aggregation=mean)
2024-12-19 22:35:42,019 - INFO - Connections:
2024-12-19 22:35:42,019 - INFO -   (-1, 0): weight=-1.430489441835642, enabled=True
2024-12-19 22:35:42,019 - INFO -   (-1, 1): weight=-0.9490127605334522, enabled=True
2024-12-19 22:35:42,020 - INFO -   (-1, 2): weight=3.4390598995441697, enabled=True
2024-12-19 22:35:42,020 - INFO -   (-2, 0): weight=1.9256548373796945, enabled=True
2024-12-19 22:35:42,020 - INFO -   (-2, 2): weight=-3.662131740319835, enabled=False
2024-12-19 22:35:42,020 - INFO -   (-3, 0): weight=2.3674083628460103, enabled=False
2024-12-19 22:35:42,020 - INFO -   (-5, 0): weight=-1.6416695347179624, enabled=True
2024-12-19 22:35:42,020 - INFO -   (-5, 1): weight=1.9198439811060406, enabled=True
2024-12-19 22:35:42,020 - INFO -   (-4, 0): weight=-1.0280957694290755, enabled=True
2024-12-19 22:35:42,020 - INFO -   (-3, 2): weight=-2.0571661276453153, enabled=True
2024-12-19 22:35:42,341 - INFO - 
Best Genome in Generation 37:
2024-12-19 22:35:42,341 - INFO - Fitness: 2862.1624484274143
2024-12-19 22:35:42,341 - INFO - Network Structure:
2024-12-19 22:35:42,341 - INFO - Nodes:
2024-12-19 22:35:42,341 - INFO -   Node 0: DefaultNodeGene(key=0, bias=-1.6655935822624253, response=2.9349460326809016, activation=cube, aggregation=sum)
2024-12-19 22:35:42,342 - INFO -   Node 1: DefaultNodeGene(key=1, bias=-0.18736823424543925, response=3.284133841757189, activation=sin, aggregation=product)
2024-12-19 22:35:42,342 - INFO -   Node 2: DefaultNodeGene(key=2, bias=-0.9809061373857568, response=-1.4169121886234732, activation=gauss, aggregation=mean)
2024-12-19 22:35:42,342 - INFO - Connections:
2024-12-19 22:35:42,342 - INFO -   (-1, 0): weight=-1.430489441835642, enabled=True
2024-12-19 22:35:42,342 - INFO -   (-1, 1): weight=-0.9490127605334522, enabled=True
2024-12-19 22:35:42,342 - INFO -   (-1, 2): weight=3.4390598995441697, enabled=True
2024-12-19 22:35:42,342 - INFO -   (-2, 0): weight=1.9256548373796945, enabled=True
2024-12-19 22:35:42,342 - INFO -   (-2, 2): weight=-3.662131740319835, enabled=False
2024-12-19 22:35:42,342 - INFO -   (-3, 0): weight=2.3674083628460103, enabled=False
2024-12-19 22:35:42,342 - INFO -   (-5, 0): weight=-1.6416695347179624, enabled=True
2024-12-19 22:35:42,342 - INFO -   (-5, 1): weight=1.9198439811060406, enabled=True
2024-12-19 22:35:42,343 - INFO -   (-4, 0): weight=-1.0280957694290755, enabled=True
2024-12-19 22:35:42,343 - INFO -   (-3, 2): weight=-2.0571661276453153, enabled=True
2024-12-19 22:35:42,582 - INFO - 
Training interrupted by user
