2024-12-19 19:38:05,968 - INFO - Initializing LanderTrainer
2024-12-19 19:38:05,969 - DEBUG - Environment initialized
2024-12-19 19:38:05,969 - DEBUG - Input handler initialized
2024-12-19 19:38:05,969 - INFO - NEAT library patched with genome logging
2024-12-19 19:38:05,969 - INFO - LanderTrainer initialization complete
2024-12-19 19:38:05,970 - INFO - Creating new population
2024-12-19 19:38:06,219 - INFO - 
Best Genome in Generation 0:
2024-12-19 19:38:06,219 - INFO - Fitness: 3039.665978045767
2024-12-19 19:38:06,220 - INFO - Network Structure:
2024-12-19 19:38:06,220 - INFO - Nodes:
2024-12-19 19:38:06,227 - INFO -   Node 0: DefaultNodeGene(key=0, bias=-2.180317947013017, response=0.6877226828554401, activation=tanh, aggregation=sum)
2024-12-19 19:38:06,227 - INFO -   Node 1: DefaultNodeGene(key=1, bias=0.7355437988902871, response=1.8734043853794469, activation=tanh, aggregation=sum)
2024-12-19 19:38:06,227 - INFO -   Node 2: DefaultNodeGene(key=2, bias=-0.36094450898270314, response=1.3765998586879102, activation=tanh, aggregation=sum)
2024-12-19 19:38:06,227 - INFO - Connections:
2024-12-19 19:38:06,227 - INFO -   (-1, 0): weight=0.3723201739926217, enabled=True
2024-12-19 19:38:06,227 - INFO -   (-1, 1): weight=1.1734902130554632, enabled=True
2024-12-19 19:38:06,227 - INFO -   (-1, 2): weight=-1.6698333213722591, enabled=True
2024-12-19 19:38:06,227 - INFO -   (-2, 0): weight=0.8523760313780786, enabled=True
2024-12-19 19:38:06,228 - INFO -   (-2, 1): weight=-2.2717805875877097, enabled=True
2024-12-19 19:38:06,228 - INFO -   (-2, 2): weight=-3.929918133328278, enabled=True
2024-12-19 19:38:06,228 - INFO -   (-3, 0): weight=-0.9103360922992539, enabled=True
2024-12-19 19:38:06,228 - INFO -   (-3, 1): weight=-1.3737150695189921, enabled=True
2024-12-19 19:38:06,228 - INFO -   (-3, 2): weight=1.3140183645846095, enabled=True
2024-12-19 19:38:06,228 - INFO -   (-4, 0): weight=0.9963988494193424, enabled=True
2024-12-19 19:38:06,228 - INFO -   (-4, 1): weight=-1.828612111943543, enabled=True
2024-12-19 19:38:06,228 - INFO -   (-4, 2): weight=1.2710421350220005, enabled=True
2024-12-19 19:38:06,228 - INFO -   (-5, 0): weight=-1.5033042363635247, enabled=True
2024-12-19 19:38:06,228 - INFO -   (-5, 1): weight=-0.12936576950442627, enabled=True
2024-12-19 19:38:06,228 - INFO -   (-5, 2): weight=-0.4408496669347982, enabled=True
2024-12-19 19:38:06,228 - INFO - 
New Best Genome Found!
2024-12-19 19:38:06,228 - INFO - New Best Fitness: 3039.665978045767
2024-12-19 19:38:06,517 - INFO - 
Best Genome in Generation 1:
2024-12-19 19:38:06,518 - INFO - Fitness: 3247.561109383366
2024-12-19 19:38:06,518 - INFO - Network Structure:
2024-12-19 19:38:06,518 - INFO - Nodes:
2024-12-19 19:38:06,518 - INFO -   Node 0: DefaultNodeGene(key=0, bias=0.1743115197417398, response=-0.8084544266914524, activation=tanh, aggregation=sum)
2024-12-19 19:38:06,518 - INFO -   Node 1: DefaultNodeGene(key=1, bias=-1.3883679167813212, response=1.8734043853794469, activation=tanh, aggregation=product)
2024-12-19 19:38:06,518 - INFO -   Node 2: DefaultNodeGene(key=2, bias=0.4777152759815433, response=2.025097755890981, activation=cube, aggregation=sum)
2024-12-19 19:38:06,518 - INFO - Connections:
2024-12-19 19:38:06,518 - INFO -   (-1, 0): weight=-2.409464693132212, enabled=True
2024-12-19 19:38:06,518 - INFO -   (-1, 1): weight=-1.2448117433142456, enabled=True
2024-12-19 19:38:06,518 - INFO -   (-1, 2): weight=-1.2047335124082943, enabled=True
2024-12-19 19:38:06,518 - INFO -   (-2, 0): weight=2.09080191390911, enabled=True
2024-12-19 19:38:06,518 - INFO -   (-2, 1): weight=-2.288192856150317, enabled=True
2024-12-19 19:38:06,518 - INFO -   (-2, 2): weight=-4.412467068201666, enabled=True
2024-12-19 19:38:06,518 - INFO -   (-3, 0): weight=-0.7476442816093067, enabled=True
2024-12-19 19:38:06,518 - INFO -   (-3, 2): weight=1.3140183645846095, enabled=True
2024-12-19 19:38:06,518 - INFO -   (-4, 0): weight=0.9963988494193424, enabled=True
2024-12-19 19:38:06,519 - INFO -   (-4, 1): weight=-2.2793152694637877, enabled=True
2024-12-19 19:38:06,519 - INFO -   (-4, 2): weight=-0.27526378744747093, enabled=True
2024-12-19 19:38:06,519 - INFO -   (-5, 0): weight=-1.029397843627628, enabled=True
2024-12-19 19:38:06,519 - INFO -   (-5, 1): weight=-0.19328962158375382, enabled=True
2024-12-19 19:38:06,519 - INFO -   (-5, 2): weight=2.6432936507248246, enabled=True
2024-12-19 19:38:06,519 - INFO - 
New Best Genome Found!
2024-12-19 19:38:06,519 - INFO - New Best Fitness: 3247.561109383366
2024-12-19 19:38:06,811 - INFO - 
Best Genome in Generation 2:
2024-12-19 19:38:06,812 - INFO - Fitness: 3462.8708597455598
2024-12-19 19:38:06,812 - INFO - Network Structure:
2024-12-19 19:38:06,812 - INFO - Nodes:
2024-12-19 19:38:06,812 - INFO -   Node 0: DefaultNodeGene(key=0, bias=0.1743115197417398, response=-0.8084544266914524, activation=tanh, aggregation=sum)
2024-12-19 19:38:06,812 - INFO -   Node 1: DefaultNodeGene(key=1, bias=-1.3883679167813212, response=1.8734043853794469, activation=tanh, aggregation=product)
2024-12-19 19:38:06,812 - INFO -   Node 2: DefaultNodeGene(key=2, bias=0.4777152759815433, response=2.025097755890981, activation=cube, aggregation=sum)
2024-12-19 19:38:06,812 - INFO - Connections:
2024-12-19 19:38:06,812 - INFO -   (-1, 0): weight=-2.409464693132212, enabled=True
2024-12-19 19:38:06,812 - INFO -   (-1, 1): weight=-1.2448117433142456, enabled=True
2024-12-19 19:38:06,812 - INFO -   (-1, 2): weight=-1.2047335124082943, enabled=True
2024-12-19 19:38:06,812 - INFO -   (-2, 0): weight=2.09080191390911, enabled=True
2024-12-19 19:38:06,812 - INFO -   (-2, 1): weight=-2.288192856150317, enabled=True
2024-12-19 19:38:06,812 - INFO -   (-2, 2): weight=-4.412467068201666, enabled=True
2024-12-19 19:38:06,812 - INFO -   (-3, 0): weight=-0.7476442816093067, enabled=True
2024-12-19 19:38:06,812 - INFO -   (-3, 2): weight=1.3140183645846095, enabled=True
2024-12-19 19:38:06,812 - INFO -   (-4, 0): weight=0.9963988494193424, enabled=True
2024-12-19 19:38:06,812 - INFO -   (-4, 1): weight=-2.2793152694637877, enabled=True
2024-12-19 19:38:06,812 - INFO -   (-4, 2): weight=-0.27526378744747093, enabled=True
2024-12-19 19:38:06,812 - INFO -   (-5, 0): weight=-1.029397843627628, enabled=True
2024-12-19 19:38:06,812 - INFO -   (-5, 1): weight=-0.19328962158375382, enabled=True
2024-12-19 19:38:06,812 - INFO -   (-5, 2): weight=2.6432936507248246, enabled=True
2024-12-19 19:38:06,812 - INFO - 
New Best Genome Found!
2024-12-19 19:38:06,814 - INFO - New Best Fitness: 3462.8708597455598
2024-12-19 19:38:07,072 - INFO - 
Best Genome in Generation 3:
2024-12-19 19:38:07,072 - INFO - Fitness: 2611.4186651314294
2024-12-19 19:38:07,072 - INFO - Network Structure:
2024-12-19 19:38:07,072 - INFO - Nodes:
2024-12-19 19:38:07,072 - INFO -   Node 0: DefaultNodeGene(key=0, bias=0.1743115197417398, response=-0.8084544266914524, activation=tanh, aggregation=sum)
2024-12-19 19:38:07,072 - INFO -   Node 1: DefaultNodeGene(key=1, bias=-1.3883679167813212, response=1.8734043853794469, activation=tanh, aggregation=product)
2024-12-19 19:38:07,072 - INFO -   Node 2: DefaultNodeGene(key=2, bias=0.4777152759815433, response=2.025097755890981, activation=cube, aggregation=sum)
2024-12-19 19:38:07,072 - INFO - Connections:
2024-12-19 19:38:07,072 - INFO -   (-1, 0): weight=-2.409464693132212, enabled=True
2024-12-19 19:38:07,072 - INFO -   (-1, 1): weight=-1.2448117433142456, enabled=True
2024-12-19 19:38:07,072 - INFO -   (-1, 2): weight=-1.2047335124082943, enabled=True
2024-12-19 19:38:07,073 - INFO -   (-2, 0): weight=2.09080191390911, enabled=True
2024-12-19 19:38:07,073 - INFO -   (-2, 1): weight=-2.288192856150317, enabled=True
2024-12-19 19:38:07,073 - INFO -   (-2, 2): weight=-4.412467068201666, enabled=True
2024-12-19 19:38:07,073 - INFO -   (-3, 0): weight=-0.7476442816093067, enabled=True
2024-12-19 19:38:07,073 - INFO -   (-3, 2): weight=1.3140183645846095, enabled=True
2024-12-19 19:38:07,073 - INFO -   (-4, 0): weight=0.9963988494193424, enabled=True
2024-12-19 19:38:07,073 - INFO -   (-4, 1): weight=-2.2793152694637877, enabled=True
2024-12-19 19:38:07,073 - INFO -   (-4, 2): weight=-0.27526378744747093, enabled=True
2024-12-19 19:38:07,073 - INFO -   (-5, 0): weight=-1.029397843627628, enabled=True
2024-12-19 19:38:07,073 - INFO -   (-5, 1): weight=-0.19328962158375382, enabled=True
2024-12-19 19:38:07,073 - INFO -   (-5, 2): weight=2.6432936507248246, enabled=True
2024-12-19 19:38:07,872 - INFO - 
Best Genome in Generation 4:
2024-12-19 19:38:07,872 - INFO - Fitness: 16175.163120077708
2024-12-19 19:38:07,872 - INFO - Network Structure:
2024-12-19 19:38:07,872 - INFO - Nodes:
2024-12-19 19:38:07,872 - INFO -   Node 0: DefaultNodeGene(key=0, bias=-2.0771859709152567, response=0.09242191507365932, activation=tanh, aggregation=max)
2024-12-19 19:38:07,872 - INFO -   Node 1: DefaultNodeGene(key=1, bias=-0.19089504433652543, response=-1.0033328834507182, activation=sin, aggregation=sum)
2024-12-19 19:38:07,872 - INFO -   Node 2: DefaultNodeGene(key=2, bias=0.4441476545457226, response=1.0412840488914519, activation=tanh, aggregation=sum)
2024-12-19 19:38:07,872 - INFO - Connections:
2024-12-19 19:38:07,872 - INFO -   (-1, 0): weight=-2.531733813123635, enabled=False
2024-12-19 19:38:07,872 - INFO -   (-1, 1): weight=0.17857951933879024, enabled=False
2024-12-19 19:38:07,872 - INFO -   (-1, 2): weight=1.0693858479665577, enabled=True
2024-12-19 19:38:07,872 - INFO -   (-2, 0): weight=2.1521789730732372, enabled=True
2024-12-19 19:38:07,872 - INFO -   (-2, 1): weight=-0.725826154774592, enabled=True
2024-12-19 19:38:07,872 - INFO -   (-2, 2): weight=-4.460774517432292, enabled=True
2024-12-19 19:38:07,872 - INFO -   (-3, 0): weight=0.5770586532573099, enabled=True
2024-12-19 19:38:07,873 - INFO -   (-3, 2): weight=-1.303274032522424, enabled=True
2024-12-19 19:38:07,873 - INFO -   (-4, 0): weight=1.3593021664372664, enabled=True
2024-12-19 19:38:07,873 - INFO -   (-4, 1): weight=0.46272223839535054, enabled=True
2024-12-19 19:38:07,873 - INFO -   (-4, 2): weight=-0.8816363935527435, enabled=True
2024-12-19 19:38:07,873 - INFO -   (-5, 0): weight=-0.3288258114834208, enabled=True
2024-12-19 19:38:07,873 - INFO -   (-5, 1): weight=-2.700954744275609, enabled=True
2024-12-19 19:38:07,873 - INFO - 
New Best Genome Found!
2024-12-19 19:38:07,873 - INFO - New Best Fitness: 16175.163120077708
2024-12-19 19:38:08,716 - INFO - 
Best Genome in Generation 5:
2024-12-19 19:38:08,716 - INFO - Fitness: 16175.163120077708
2024-12-19 19:38:08,716 - INFO - Network Structure:
2024-12-19 19:38:08,716 - INFO - Nodes:
2024-12-19 19:38:08,717 - INFO -   Node 0: DefaultNodeGene(key=0, bias=-2.0771859709152567, response=0.09242191507365932, activation=tanh, aggregation=max)
2024-12-19 19:38:08,717 - INFO -   Node 1: DefaultNodeGene(key=1, bias=-0.19089504433652543, response=-1.0033328834507182, activation=sin, aggregation=sum)
2024-12-19 19:38:08,717 - INFO -   Node 2: DefaultNodeGene(key=2, bias=0.4441476545457226, response=1.0412840488914519, activation=tanh, aggregation=sum)
2024-12-19 19:38:08,717 - INFO - Connections:
2024-12-19 19:38:08,717 - INFO -   (-1, 0): weight=-2.531733813123635, enabled=False
2024-12-19 19:38:08,717 - INFO -   (-1, 1): weight=0.17857951933879024, enabled=False
2024-12-19 19:38:08,717 - INFO -   (-1, 2): weight=1.0693858479665577, enabled=True
2024-12-19 19:38:08,717 - INFO -   (-2, 0): weight=2.1521789730732372, enabled=True
2024-12-19 19:38:08,717 - INFO -   (-2, 1): weight=-0.725826154774592, enabled=True
2024-12-19 19:38:08,717 - INFO -   (-2, 2): weight=-4.460774517432292, enabled=True
2024-12-19 19:38:08,717 - INFO -   (-3, 0): weight=0.5770586532573099, enabled=True
2024-12-19 19:38:08,718 - INFO -   (-3, 2): weight=-1.303274032522424, enabled=True
2024-12-19 19:38:08,718 - INFO -   (-4, 0): weight=1.3593021664372664, enabled=True
2024-12-19 19:38:08,718 - INFO -   (-4, 1): weight=0.46272223839535054, enabled=True
2024-12-19 19:38:08,718 - INFO -   (-4, 2): weight=-0.8816363935527435, enabled=True
2024-12-19 19:38:08,718 - INFO -   (-5, 0): weight=-0.3288258114834208, enabled=True
2024-12-19 19:38:08,718 - INFO -   (-5, 1): weight=-2.700954744275609, enabled=True
2024-12-19 19:38:09,550 - INFO - 
Best Genome in Generation 6:
2024-12-19 19:38:09,550 - INFO - Fitness: 16175.163120077708
2024-12-19 19:38:09,550 - INFO - Network Structure:
2024-12-19 19:38:09,550 - INFO - Nodes:
2024-12-19 19:38:09,550 - INFO -   Node 0: DefaultNodeGene(key=0, bias=-2.0771859709152567, response=0.09242191507365932, activation=tanh, aggregation=max)
2024-12-19 19:38:09,550 - INFO -   Node 1: DefaultNodeGene(key=1, bias=-0.19089504433652543, response=-1.0033328834507182, activation=sin, aggregation=sum)
2024-12-19 19:38:09,550 - INFO -   Node 2: DefaultNodeGene(key=2, bias=0.4441476545457226, response=1.0412840488914519, activation=tanh, aggregation=sum)
2024-12-19 19:38:09,551 - INFO - Connections:
2024-12-19 19:38:09,551 - INFO -   (-1, 0): weight=-2.531733813123635, enabled=False
2024-12-19 19:38:09,551 - INFO -   (-1, 1): weight=0.17857951933879024, enabled=False
2024-12-19 19:38:09,551 - INFO -   (-1, 2): weight=1.0693858479665577, enabled=True
2024-12-19 19:38:09,551 - INFO -   (-2, 0): weight=2.1521789730732372, enabled=True
2024-12-19 19:38:09,551 - INFO -   (-2, 1): weight=-0.725826154774592, enabled=True
2024-12-19 19:38:09,551 - INFO -   (-2, 2): weight=-4.460774517432292, enabled=True
2024-12-19 19:38:09,551 - INFO -   (-3, 0): weight=0.5770586532573099, enabled=True
2024-12-19 19:38:09,551 - INFO -   (-3, 2): weight=-1.303274032522424, enabled=True
2024-12-19 19:38:09,551 - INFO -   (-4, 0): weight=1.3593021664372664, enabled=True
2024-12-19 19:38:09,551 - INFO -   (-4, 1): weight=0.46272223839535054, enabled=True
2024-12-19 19:38:09,551 - INFO -   (-4, 2): weight=-0.8816363935527435, enabled=True
2024-12-19 19:38:09,551 - INFO -   (-5, 0): weight=-0.3288258114834208, enabled=True
2024-12-19 19:38:09,552 - INFO -   (-5, 1): weight=-2.700954744275609, enabled=True
2024-12-19 19:38:10,484 - INFO - 
Best Genome in Generation 7:
2024-12-19 19:38:10,484 - INFO - Fitness: 16175.163120077708
2024-12-19 19:38:10,484 - INFO - Network Structure:
2024-12-19 19:38:10,485 - INFO - Nodes:
2024-12-19 19:38:10,485 - INFO -   Node 0: DefaultNodeGene(key=0, bias=-2.0771859709152567, response=0.09242191507365932, activation=tanh, aggregation=max)
2024-12-19 19:38:10,485 - INFO -   Node 1: DefaultNodeGene(key=1, bias=-0.19089504433652543, response=-1.0033328834507182, activation=sin, aggregation=sum)
2024-12-19 19:38:10,485 - INFO -   Node 2: DefaultNodeGene(key=2, bias=0.4441476545457226, response=1.0412840488914519, activation=tanh, aggregation=sum)
2024-12-19 19:38:10,486 - INFO - Connections:
2024-12-19 19:38:10,486 - INFO -   (-1, 0): weight=-2.531733813123635, enabled=False
2024-12-19 19:38:10,486 - INFO -   (-1, 1): weight=0.17857951933879024, enabled=False
2024-12-19 19:38:10,486 - INFO -   (-1, 2): weight=1.0693858479665577, enabled=True
2024-12-19 19:38:10,486 - INFO -   (-2, 0): weight=2.1521789730732372, enabled=True
2024-12-19 19:38:10,486 - INFO -   (-2, 1): weight=-0.725826154774592, enabled=True
2024-12-19 19:38:10,486 - INFO -   (-2, 2): weight=-4.460774517432292, enabled=True
2024-12-19 19:38:10,486 - INFO -   (-3, 0): weight=0.5770586532573099, enabled=True
2024-12-19 19:38:10,486 - INFO -   (-3, 2): weight=-1.303274032522424, enabled=True
2024-12-19 19:38:10,486 - INFO -   (-4, 0): weight=1.3593021664372664, enabled=True
2024-12-19 19:38:10,486 - INFO -   (-4, 1): weight=0.46272223839535054, enabled=True
2024-12-19 19:38:10,486 - INFO -   (-4, 2): weight=-0.8816363935527435, enabled=True
2024-12-19 19:38:10,486 - INFO -   (-5, 0): weight=-0.3288258114834208, enabled=True
2024-12-19 19:38:10,487 - INFO -   (-5, 1): weight=-2.700954744275609, enabled=True
2024-12-19 19:38:11,425 - INFO - 
Best Genome in Generation 8:
2024-12-19 19:38:11,425 - INFO - Fitness: 16175.163120077708
2024-12-19 19:38:11,425 - INFO - Network Structure:
2024-12-19 19:38:11,425 - INFO - Nodes:
2024-12-19 19:38:11,425 - INFO -   Node 0: DefaultNodeGene(key=0, bias=-2.0771859709152567, response=0.09242191507365932, activation=tanh, aggregation=max)
2024-12-19 19:38:11,425 - INFO -   Node 1: DefaultNodeGene(key=1, bias=-0.19089504433652543, response=-1.0033328834507182, activation=sin, aggregation=sum)
2024-12-19 19:38:11,427 - INFO -   Node 2: DefaultNodeGene(key=2, bias=0.4441476545457226, response=1.0412840488914519, activation=tanh, aggregation=sum)
2024-12-19 19:38:11,427 - INFO - Connections:
2024-12-19 19:38:11,427 - INFO -   (-1, 0): weight=-2.531733813123635, enabled=False
2024-12-19 19:38:11,427 - INFO -   (-1, 1): weight=0.17857951933879024, enabled=False
2024-12-19 19:38:11,427 - INFO -   (-1, 2): weight=1.0693858479665577, enabled=True
2024-12-19 19:38:11,427 - INFO -   (-2, 0): weight=2.1521789730732372, enabled=True
2024-12-19 19:38:11,427 - INFO -   (-2, 1): weight=-0.725826154774592, enabled=True
2024-12-19 19:38:11,427 - INFO -   (-2, 2): weight=-4.460774517432292, enabled=True
2024-12-19 19:38:11,427 - INFO -   (-3, 0): weight=0.5770586532573099, enabled=True
2024-12-19 19:38:11,427 - INFO -   (-3, 2): weight=-1.303274032522424, enabled=True
2024-12-19 19:38:11,427 - INFO -   (-4, 0): weight=1.3593021664372664, enabled=True
2024-12-19 19:38:11,427 - INFO -   (-4, 1): weight=0.46272223839535054, enabled=True
2024-12-19 19:38:11,427 - INFO -   (-4, 2): weight=-0.8816363935527435, enabled=True
2024-12-19 19:38:11,428 - INFO -   (-5, 0): weight=-0.3288258114834208, enabled=True
2024-12-19 19:38:11,428 - INFO -   (-5, 1): weight=-2.700954744275609, enabled=True
2024-12-19 19:38:12,453 - INFO - 
Best Genome in Generation 9:
2024-12-19 19:38:12,454 - INFO - Fitness: 16175.163120077708
2024-12-19 19:38:12,454 - INFO - Network Structure:
2024-12-19 19:38:12,454 - INFO - Nodes:
2024-12-19 19:38:12,455 - INFO -   Node 0: DefaultNodeGene(key=0, bias=-2.0771859709152567, response=0.09242191507365932, activation=tanh, aggregation=max)
2024-12-19 19:38:12,455 - INFO -   Node 1: DefaultNodeGene(key=1, bias=-0.19089504433652543, response=-1.0033328834507182, activation=sin, aggregation=sum)
2024-12-19 19:38:12,455 - INFO -   Node 2: DefaultNodeGene(key=2, bias=0.4441476545457226, response=1.0412840488914519, activation=tanh, aggregation=sum)
2024-12-19 19:38:12,455 - INFO - Connections:
2024-12-19 19:38:12,455 - INFO -   (-1, 0): weight=-2.531733813123635, enabled=False
2024-12-19 19:38:12,455 - INFO -   (-1, 1): weight=0.17857951933879024, enabled=False
2024-12-19 19:38:12,455 - INFO -   (-1, 2): weight=1.0693858479665577, enabled=True
2024-12-19 19:38:12,455 - INFO -   (-2, 0): weight=2.1521789730732372, enabled=True
2024-12-19 19:38:12,455 - INFO -   (-2, 1): weight=-0.725826154774592, enabled=True
2024-12-19 19:38:12,455 - INFO -   (-2, 2): weight=-4.460774517432292, enabled=True
2024-12-19 19:38:12,455 - INFO -   (-3, 0): weight=0.5770586532573099, enabled=True
2024-12-19 19:38:12,455 - INFO -   (-3, 2): weight=-1.303274032522424, enabled=True
2024-12-19 19:38:12,455 - INFO -   (-4, 0): weight=1.3593021664372664, enabled=True
2024-12-19 19:38:12,455 - INFO -   (-4, 1): weight=0.46272223839535054, enabled=True
2024-12-19 19:38:12,455 - INFO -   (-4, 2): weight=-0.8816363935527435, enabled=True
2024-12-19 19:38:12,455 - INFO -   (-5, 0): weight=-0.3288258114834208, enabled=True
2024-12-19 19:38:12,456 - INFO -   (-5, 1): weight=-2.700954744275609, enabled=True
2024-12-19 19:38:13,615 - INFO - 
Best Genome in Generation 10:
2024-12-19 19:38:13,615 - INFO - Fitness: 16672.1335345783
2024-12-19 19:38:13,615 - INFO - Network Structure:
2024-12-19 19:38:13,615 - INFO - Nodes:
2024-12-19 19:38:13,615 - INFO -   Node 0: DefaultNodeGene(key=0, bias=-2.0771859709152567, response=0.09242191507365932, activation=tanh, aggregation=max)
2024-12-19 19:38:13,615 - INFO -   Node 1: DefaultNodeGene(key=1, bias=-0.19089504433652543, response=-1.0033328834507182, activation=sin, aggregation=sum)
2024-12-19 19:38:13,616 - INFO -   Node 2: DefaultNodeGene(key=2, bias=0.4441476545457226, response=1.0412840488914519, activation=tanh, aggregation=sum)
2024-12-19 19:38:13,616 - INFO - Connections:
2024-12-19 19:38:13,616 - INFO -   (-1, 0): weight=-2.531733813123635, enabled=False
2024-12-19 19:38:13,616 - INFO -   (-1, 1): weight=0.17857951933879024, enabled=False
2024-12-19 19:38:13,616 - INFO -   (-1, 2): weight=1.0693858479665577, enabled=True
2024-12-19 19:38:13,616 - INFO -   (-2, 0): weight=2.1521789730732372, enabled=True
2024-12-19 19:38:13,616 - INFO -   (-2, 1): weight=-0.725826154774592, enabled=True
2024-12-19 19:38:13,616 - INFO -   (-2, 2): weight=-4.460774517432292, enabled=True
2024-12-19 19:38:13,616 - INFO -   (-3, 0): weight=0.5770586532573099, enabled=True
2024-12-19 19:38:13,616 - INFO -   (-3, 2): weight=-1.303274032522424, enabled=True
2024-12-19 19:38:13,616 - INFO -   (-4, 0): weight=1.3593021664372664, enabled=True
2024-12-19 19:38:13,616 - INFO -   (-4, 1): weight=0.46272223839535054, enabled=True
2024-12-19 19:38:13,616 - INFO -   (-4, 2): weight=-0.8816363935527435, enabled=True
2024-12-19 19:38:13,616 - INFO -   (-5, 0): weight=-0.3288258114834208, enabled=True
2024-12-19 19:38:13,616 - INFO -   (-5, 1): weight=-2.700954744275609, enabled=True
2024-12-19 19:38:13,617 - INFO - 
New Best Genome Found!
2024-12-19 19:38:13,617 - INFO - New Best Fitness: 16672.1335345783
2024-12-19 19:38:14,717 - INFO - 
Best Genome in Generation 11:
2024-12-19 19:38:14,717 - INFO - Fitness: 16815.756044883157
2024-12-19 19:38:14,718 - INFO - Network Structure:
2024-12-19 19:38:14,718 - INFO - Nodes:
2024-12-19 19:38:14,719 - INFO -   Node 0: DefaultNodeGene(key=0, bias=-1.6254933137429592, response=0.09242191507365932, activation=cube, aggregation=max)
2024-12-19 19:38:14,719 - INFO -   Node 1: DefaultNodeGene(key=1, bias=-0.04171221032766648, response=1.155232617411625, activation=sin, aggregation=maxabs)
2024-12-19 19:38:14,719 - INFO -   Node 2: DefaultNodeGene(key=2, bias=-0.7387724691672727, response=1.752944561975044, activation=tanh, aggregation=mean)
2024-12-19 19:38:14,719 - INFO -   Node 37: DefaultNodeGene(key=37, bias=1.0344212550308274, response=1.2042308429233854, activation=relu, aggregation=sum)
2024-12-19 19:38:14,719 - INFO - Connections:
2024-12-19 19:38:14,720 - INFO -   (-1, 0): weight=-2.766717950191642, enabled=True
2024-12-19 19:38:14,720 - INFO -   (-1, 1): weight=-0.41980821493784976, enabled=False
2024-12-19 19:38:14,720 - INFO -   (-1, 2): weight=1.3190490482049484, enabled=True
2024-12-19 19:38:14,720 - INFO -   (-2, 0): weight=2.4050253184928674, enabled=False
2024-12-19 19:38:14,720 - INFO -   (-2, 1): weight=-0.24870226665829892, enabled=True
2024-12-19 19:38:14,720 - INFO -   (-2, 2): weight=-3.984326638774004, enabled=True
2024-12-19 19:38:14,720 - INFO -   (-3, 0): weight=-0.1447805497818343, enabled=True
2024-12-19 19:38:14,720 - INFO -   (-3, 2): weight=-0.20827538535790513, enabled=True
2024-12-19 19:38:14,720 - INFO -   (-4, 0): weight=-1.4912185395733908, enabled=True
2024-12-19 19:38:14,720 - INFO -   (-4, 1): weight=0.9388590183032608, enabled=True
2024-12-19 19:38:14,720 - INFO -   (-4, 2): weight=1.2856365498464701, enabled=True
2024-12-19 19:38:14,720 - INFO -   (-5, 0): weight=-0.7766732055511005, enabled=True
2024-12-19 19:38:14,720 - INFO -   (-5, 1): weight=-2.8691732042697318, enabled=True
2024-12-19 19:38:14,721 - INFO -   (-1, 37): weight=1.1306821395999014, enabled=True
2024-12-19 19:38:14,721 - INFO -   (37, 1): weight=-0.3358235306642337, enabled=True
2024-12-19 19:38:14,721 - INFO - 
New Best Genome Found!
2024-12-19 19:38:14,721 - INFO - New Best Fitness: 16815.756044883157
2024-12-19 19:38:15,622 - INFO - 
Best Genome in Generation 12:
2024-12-19 19:38:15,622 - INFO - Fitness: 15933.559296245287
2024-12-19 19:38:15,622 - INFO - Network Structure:
2024-12-19 19:38:15,622 - INFO - Nodes:
2024-12-19 19:38:15,622 - INFO -   Node 0: DefaultNodeGene(key=0, bias=-1.6254933137429592, response=0.09242191507365932, activation=cube, aggregation=max)
2024-12-19 19:38:15,622 - INFO -   Node 1: DefaultNodeGene(key=1, bias=-0.04171221032766648, response=1.155232617411625, activation=sin, aggregation=maxabs)
2024-12-19 19:38:15,622 - INFO -   Node 2: DefaultNodeGene(key=2, bias=-0.7387724691672727, response=1.752944561975044, activation=tanh, aggregation=mean)
2024-12-19 19:38:15,622 - INFO -   Node 37: DefaultNodeGene(key=37, bias=1.0344212550308274, response=1.2042308429233854, activation=relu, aggregation=sum)
2024-12-19 19:38:15,622 - INFO - Connections:
2024-12-19 19:38:15,622 - INFO -   (-1, 0): weight=-2.766717950191642, enabled=True
2024-12-19 19:38:15,622 - INFO -   (-1, 1): weight=-0.41980821493784976, enabled=False
2024-12-19 19:38:15,622 - INFO -   (-1, 2): weight=1.3190490482049484, enabled=True
2024-12-19 19:38:15,622 - INFO -   (-2, 0): weight=2.4050253184928674, enabled=False
2024-12-19 19:38:15,622 - INFO -   (-2, 1): weight=-0.24870226665829892, enabled=True
2024-12-19 19:38:15,622 - INFO -   (-2, 2): weight=-3.984326638774004, enabled=True
2024-12-19 19:38:15,623 - INFO -   (-3, 0): weight=-0.1447805497818343, enabled=True
2024-12-19 19:38:15,623 - INFO -   (-3, 2): weight=-0.20827538535790513, enabled=True
2024-12-19 19:38:15,623 - INFO -   (-4, 0): weight=-1.4912185395733908, enabled=True
2024-12-19 19:38:15,623 - INFO -   (-4, 1): weight=0.9388590183032608, enabled=True
2024-12-19 19:38:15,623 - INFO -   (-4, 2): weight=1.2856365498464701, enabled=True
2024-12-19 19:38:15,623 - INFO -   (-5, 0): weight=-0.7766732055511005, enabled=True
2024-12-19 19:38:15,623 - INFO -   (-5, 1): weight=-2.8691732042697318, enabled=True
2024-12-19 19:38:15,623 - INFO -   (-1, 37): weight=1.1306821395999014, enabled=True
2024-12-19 19:38:15,623 - INFO -   (37, 1): weight=-0.3358235306642337, enabled=True
2024-12-19 19:38:16,539 - INFO - 
Best Genome in Generation 13:
2024-12-19 19:38:16,539 - INFO - Fitness: 15933.559296245287
2024-12-19 19:38:16,540 - INFO - Network Structure:
2024-12-19 19:38:16,540 - INFO - Nodes:
2024-12-19 19:38:16,540 - INFO -   Node 0: DefaultNodeGene(key=0, bias=-1.6254933137429592, response=0.09242191507365932, activation=cube, aggregation=max)
2024-12-19 19:38:16,540 - INFO -   Node 1: DefaultNodeGene(key=1, bias=-0.04171221032766648, response=1.155232617411625, activation=sin, aggregation=maxabs)
2024-12-19 19:38:16,540 - INFO -   Node 2: DefaultNodeGene(key=2, bias=-0.7387724691672727, response=1.752944561975044, activation=tanh, aggregation=mean)
2024-12-19 19:38:16,540 - INFO -   Node 37: DefaultNodeGene(key=37, bias=1.0344212550308274, response=1.2042308429233854, activation=relu, aggregation=sum)
2024-12-19 19:38:16,540 - INFO - Connections:
2024-12-19 19:38:16,540 - INFO -   (-1, 0): weight=-2.766717950191642, enabled=True
2024-12-19 19:38:16,540 - INFO -   (-1, 1): weight=-0.41980821493784976, enabled=False
2024-12-19 19:38:16,540 - INFO -   (-1, 2): weight=1.3190490482049484, enabled=True
2024-12-19 19:38:16,540 - INFO -   (-2, 0): weight=2.4050253184928674, enabled=False
2024-12-19 19:38:16,540 - INFO -   (-2, 1): weight=-0.24870226665829892, enabled=True
2024-12-19 19:38:16,541 - INFO -   (-2, 2): weight=-3.984326638774004, enabled=True
2024-12-19 19:38:16,541 - INFO -   (-3, 0): weight=-0.1447805497818343, enabled=True
2024-12-19 19:38:16,541 - INFO -   (-3, 2): weight=-0.20827538535790513, enabled=True
2024-12-19 19:38:16,541 - INFO -   (-4, 0): weight=-1.4912185395733908, enabled=True
2024-12-19 19:38:16,541 - INFO -   (-4, 1): weight=0.9388590183032608, enabled=True
2024-12-19 19:38:16,541 - INFO -   (-4, 2): weight=1.2856365498464701, enabled=True
2024-12-19 19:38:16,541 - INFO -   (-5, 0): weight=-0.7766732055511005, enabled=True
2024-12-19 19:38:16,541 - INFO -   (-5, 1): weight=-2.8691732042697318, enabled=True
2024-12-19 19:38:16,541 - INFO -   (-1, 37): weight=1.1306821395999014, enabled=True
2024-12-19 19:38:16,541 - INFO -   (37, 1): weight=-0.3358235306642337, enabled=True
2024-12-19 19:38:17,570 - INFO - 
Best Genome in Generation 14:
2024-12-19 19:38:17,570 - INFO - Fitness: 16682.40072241463
2024-12-19 19:38:17,570 - INFO - Network Structure:
2024-12-19 19:38:17,570 - INFO - Nodes:
2024-12-19 19:38:17,570 - INFO -   Node 0: DefaultNodeGene(key=0, bias=-1.6254933137429592, response=0.09242191507365932, activation=cube, aggregation=max)
2024-12-19 19:38:17,570 - INFO -   Node 1: DefaultNodeGene(key=1, bias=-0.04171221032766648, response=1.155232617411625, activation=sin, aggregation=maxabs)
2024-12-19 19:38:17,572 - INFO -   Node 2: DefaultNodeGene(key=2, bias=-0.7387724691672727, response=1.752944561975044, activation=tanh, aggregation=mean)
2024-12-19 19:38:17,572 - INFO -   Node 37: DefaultNodeGene(key=37, bias=1.0344212550308274, response=1.2042308429233854, activation=relu, aggregation=sum)
2024-12-19 19:38:17,572 - INFO - Connections:
2024-12-19 19:38:17,572 - INFO -   (-1, 0): weight=-2.766717950191642, enabled=True
2024-12-19 19:38:17,572 - INFO -   (-1, 1): weight=-0.41980821493784976, enabled=False
2024-12-19 19:38:17,572 - INFO -   (-1, 2): weight=1.3190490482049484, enabled=True
2024-12-19 19:38:17,572 - INFO -   (-2, 0): weight=2.4050253184928674, enabled=False
2024-12-19 19:38:17,572 - INFO -   (-2, 1): weight=-0.24870226665829892, enabled=True
2024-12-19 19:38:17,572 - INFO -   (-2, 2): weight=-3.984326638774004, enabled=True
2024-12-19 19:38:17,572 - INFO -   (-3, 0): weight=-0.1447805497818343, enabled=True
2024-12-19 19:38:17,572 - INFO -   (-3, 2): weight=-0.20827538535790513, enabled=True
2024-12-19 19:38:17,572 - INFO -   (-4, 0): weight=-1.4912185395733908, enabled=True
2024-12-19 19:38:17,572 - INFO -   (-4, 1): weight=0.9388590183032608, enabled=True
2024-12-19 19:38:17,572 - INFO -   (-4, 2): weight=1.2856365498464701, enabled=True
2024-12-19 19:38:17,573 - INFO -   (-5, 0): weight=-0.7766732055511005, enabled=True
2024-12-19 19:38:17,573 - INFO -   (-5, 1): weight=-2.8691732042697318, enabled=True
2024-12-19 19:38:17,573 - INFO -   (-1, 37): weight=1.1306821395999014, enabled=True
2024-12-19 19:38:17,573 - INFO -   (37, 1): weight=-0.3358235306642337, enabled=True
2024-12-19 19:38:18,522 - INFO - 
Best Genome in Generation 15:
2024-12-19 19:38:18,522 - INFO - Fitness: 16728.79975166774
2024-12-19 19:38:18,522 - INFO - Network Structure:
2024-12-19 19:38:18,522 - INFO - Nodes:
2024-12-19 19:38:18,522 - INFO -   Node 0: DefaultNodeGene(key=0, bias=-3.2086467818613573, response=-0.022629395476706504, activation=cube, aggregation=median)
2024-12-19 19:38:18,523 - INFO -   Node 1: DefaultNodeGene(key=1, bias=-0.22598001053832206, response=1.4377379940846364, activation=sin, aggregation=sum)
2024-12-19 19:38:18,523 - INFO -   Node 2: DefaultNodeGene(key=2, bias=-1.1472411569679375, response=0.5261914926147406, activation=tanh, aggregation=mean)
2024-12-19 19:38:18,523 - INFO -   Node 37: DefaultNodeGene(key=37, bias=1.0229780928397139, response=0.9957876108441504, activation=relu, aggregation=sum)
2024-12-19 19:38:18,523 - INFO - Connections:
2024-12-19 19:38:18,523 - INFO -   (-1, 0): weight=-3.4487532327750596, enabled=False
2024-12-19 19:38:18,523 - INFO -   (-1, 1): weight=0.7281132089614961, enabled=False
2024-12-19 19:38:18,523 - INFO -   (-1, 2): weight=1.3190490482049484, enabled=True
2024-12-19 19:38:18,523 - INFO -   (-2, 0): weight=2.9616765829823066, enabled=True
2024-12-19 19:38:18,523 - INFO -   (-2, 1): weight=0.38199375615929965, enabled=True
2024-12-19 19:38:18,523 - INFO -   (-2, 2): weight=-3.664606328753044, enabled=False
2024-12-19 19:38:18,523 - INFO -   (-3, 0): weight=-0.21400790065508746, enabled=True
2024-12-19 19:38:18,523 - INFO -   (-3, 2): weight=-1.0161716977340673, enabled=True
2024-12-19 19:38:18,524 - INFO -   (-4, 0): weight=2.9364633924717576, enabled=True
2024-12-19 19:38:18,524 - INFO -   (-4, 1): weight=1.57451955133345, enabled=False
2024-12-19 19:38:18,524 - INFO -   (-4, 2): weight=-1.641716288517305, enabled=True
2024-12-19 19:38:18,524 - INFO -   (-5, 0): weight=0.05935306028804699, enabled=True
2024-12-19 19:38:18,524 - INFO -   (-5, 1): weight=0.507736441640058, enabled=True
2024-12-19 19:38:18,524 - INFO -   (-1, 37): weight=1.9157701457778162, enabled=True
2024-12-19 19:38:18,524 - INFO -   (37, 1): weight=-0.6247031898097287, enabled=True
2024-12-19 19:38:18,524 - INFO -   (37, 2): weight=-1.121925289981597, enabled=True
2024-12-19 19:38:19,455 - INFO - 
Best Genome in Generation 16:
2024-12-19 19:38:19,455 - INFO - Fitness: 17093.70478924733
2024-12-19 19:38:19,455 - INFO - Network Structure:
2024-12-19 19:38:19,455 - INFO - Nodes:
2024-12-19 19:38:19,455 - INFO -   Node 0: DefaultNodeGene(key=0, bias=-3.2086467818613573, response=-0.022629395476706504, activation=cube, aggregation=median)
2024-12-19 19:38:19,455 - INFO -   Node 1: DefaultNodeGene(key=1, bias=-0.22598001053832206, response=1.4377379940846364, activation=sin, aggregation=sum)
2024-12-19 19:38:19,456 - INFO -   Node 2: DefaultNodeGene(key=2, bias=-1.1472411569679375, response=0.5261914926147406, activation=tanh, aggregation=mean)
2024-12-19 19:38:19,456 - INFO -   Node 37: DefaultNodeGene(key=37, bias=1.0229780928397139, response=0.9957876108441504, activation=relu, aggregation=sum)
2024-12-19 19:38:19,456 - INFO - Connections:
2024-12-19 19:38:19,456 - INFO -   (-1, 0): weight=-3.4487532327750596, enabled=False
2024-12-19 19:38:19,456 - INFO -   (-1, 1): weight=0.7281132089614961, enabled=False
2024-12-19 19:38:19,456 - INFO -   (-1, 2): weight=1.3190490482049484, enabled=True
2024-12-19 19:38:19,456 - INFO -   (-2, 0): weight=2.9616765829823066, enabled=True
2024-12-19 19:38:19,456 - INFO -   (-2, 1): weight=0.38199375615929965, enabled=True
2024-12-19 19:38:19,456 - INFO -   (-2, 2): weight=-3.664606328753044, enabled=False
2024-12-19 19:38:19,456 - INFO -   (-3, 0): weight=-0.21400790065508746, enabled=True
2024-12-19 19:38:19,456 - INFO -   (-3, 2): weight=-1.0161716977340673, enabled=True
2024-12-19 19:38:19,456 - INFO -   (-4, 0): weight=2.9364633924717576, enabled=True
2024-12-19 19:38:19,457 - INFO -   (-4, 1): weight=1.57451955133345, enabled=False
2024-12-19 19:38:19,457 - INFO -   (-4, 2): weight=-1.641716288517305, enabled=True
2024-12-19 19:38:19,457 - INFO -   (-5, 0): weight=0.05935306028804699, enabled=True
2024-12-19 19:38:19,457 - INFO -   (-5, 1): weight=0.507736441640058, enabled=True
2024-12-19 19:38:19,457 - INFO -   (-1, 37): weight=1.9157701457778162, enabled=True
2024-12-19 19:38:19,457 - INFO -   (37, 1): weight=-0.6247031898097287, enabled=True
2024-12-19 19:38:19,457 - INFO -   (37, 2): weight=-1.121925289981597, enabled=True
2024-12-19 19:38:19,457 - INFO - 
New Best Genome Found!
2024-12-19 19:38:19,457 - INFO - New Best Fitness: 17093.70478924733
2024-12-19 19:38:20,543 - INFO - 
Best Genome in Generation 17:
2024-12-19 19:38:20,543 - INFO - Fitness: 17592.408340606107
2024-12-19 19:38:20,543 - INFO - Network Structure:
2024-12-19 19:38:20,543 - INFO - Nodes:
2024-12-19 19:38:20,543 - INFO -   Node 0: DefaultNodeGene(key=0, bias=-3.2086467818613573, response=-0.022629395476706504, activation=cube, aggregation=median)
2024-12-19 19:38:20,543 - INFO -   Node 1: DefaultNodeGene(key=1, bias=-0.22598001053832206, response=1.4377379940846364, activation=sin, aggregation=sum)
2024-12-19 19:38:20,543 - INFO -   Node 2: DefaultNodeGene(key=2, bias=-1.1472411569679375, response=0.5261914926147406, activation=tanh, aggregation=mean)
2024-12-19 19:38:20,543 - INFO -   Node 37: DefaultNodeGene(key=37, bias=1.0229780928397139, response=0.9957876108441504, activation=relu, aggregation=sum)
2024-12-19 19:38:20,543 - INFO - Connections:
2024-12-19 19:38:20,544 - INFO -   (-1, 0): weight=-3.4487532327750596, enabled=False
2024-12-19 19:38:20,544 - INFO -   (-1, 1): weight=0.7281132089614961, enabled=False
2024-12-19 19:38:20,544 - INFO -   (-1, 2): weight=1.3190490482049484, enabled=True
2024-12-19 19:38:20,544 - INFO -   (-2, 0): weight=2.9616765829823066, enabled=True
2024-12-19 19:38:20,544 - INFO -   (-2, 1): weight=0.38199375615929965, enabled=True
2024-12-19 19:38:20,544 - INFO -   (-2, 2): weight=-3.664606328753044, enabled=False
2024-12-19 19:38:20,544 - INFO -   (-3, 0): weight=-0.21400790065508746, enabled=True
2024-12-19 19:38:20,544 - INFO -   (-3, 2): weight=-1.0161716977340673, enabled=True
2024-12-19 19:38:20,544 - INFO -   (-4, 0): weight=2.9364633924717576, enabled=True
2024-12-19 19:38:20,544 - INFO -   (-4, 1): weight=1.57451955133345, enabled=False
2024-12-19 19:38:20,544 - INFO -   (-4, 2): weight=-1.641716288517305, enabled=True
2024-12-19 19:38:20,544 - INFO -   (-5, 0): weight=0.05935306028804699, enabled=True
2024-12-19 19:38:20,544 - INFO -   (-5, 1): weight=0.507736441640058, enabled=True
2024-12-19 19:38:20,545 - INFO -   (-1, 37): weight=1.9157701457778162, enabled=True
2024-12-19 19:38:20,545 - INFO -   (37, 1): weight=-0.6247031898097287, enabled=True
2024-12-19 19:38:20,545 - INFO -   (37, 2): weight=-1.121925289981597, enabled=True
2024-12-19 19:38:20,545 - INFO - 
New Best Genome Found!
2024-12-19 19:38:20,545 - INFO - New Best Fitness: 17592.408340606107
2024-12-19 19:38:21,691 - INFO - 
Best Genome in Generation 18:
2024-12-19 19:38:21,693 - INFO - Fitness: 16728.79975166774
2024-12-19 19:38:21,693 - INFO - Network Structure:
2024-12-19 19:38:21,693 - INFO - Nodes:
2024-12-19 19:38:21,693 - INFO -   Node 0: DefaultNodeGene(key=0, bias=-3.2086467818613573, response=-0.022629395476706504, activation=cube, aggregation=median)
2024-12-19 19:38:21,693 - INFO -   Node 1: DefaultNodeGene(key=1, bias=-0.22598001053832206, response=1.4377379940846364, activation=sin, aggregation=sum)
2024-12-19 19:38:21,693 - INFO -   Node 2: DefaultNodeGene(key=2, bias=-1.1472411569679375, response=0.5261914926147406, activation=tanh, aggregation=mean)
2024-12-19 19:38:21,693 - INFO -   Node 37: DefaultNodeGene(key=37, bias=1.0229780928397139, response=0.9957876108441504, activation=relu, aggregation=sum)
2024-12-19 19:38:21,693 - INFO - Connections:
2024-12-19 19:38:21,693 - INFO -   (-1, 0): weight=-3.4487532327750596, enabled=False
2024-12-19 19:38:21,693 - INFO -   (-1, 1): weight=0.7281132089614961, enabled=False
2024-12-19 19:38:21,694 - INFO -   (-1, 2): weight=1.3190490482049484, enabled=True
2024-12-19 19:38:21,694 - INFO -   (-2, 0): weight=2.9616765829823066, enabled=True
2024-12-19 19:38:21,694 - INFO -   (-2, 1): weight=0.38199375615929965, enabled=True
2024-12-19 19:38:21,694 - INFO -   (-2, 2): weight=-3.664606328753044, enabled=False
2024-12-19 19:38:21,694 - INFO -   (-3, 0): weight=-0.21400790065508746, enabled=True
2024-12-19 19:38:21,694 - INFO -   (-3, 2): weight=-1.0161716977340673, enabled=True
2024-12-19 19:38:21,694 - INFO -   (-4, 0): weight=2.9364633924717576, enabled=True
2024-12-19 19:38:21,694 - INFO -   (-4, 1): weight=1.57451955133345, enabled=False
2024-12-19 19:38:21,694 - INFO -   (-4, 2): weight=-1.641716288517305, enabled=True
2024-12-19 19:38:21,695 - INFO -   (-5, 0): weight=0.05935306028804699, enabled=True
2024-12-19 19:38:21,695 - INFO -   (-5, 1): weight=0.507736441640058, enabled=True
2024-12-19 19:38:21,695 - INFO -   (-1, 37): weight=1.9157701457778162, enabled=True
2024-12-19 19:38:21,695 - INFO -   (37, 1): weight=-0.6247031898097287, enabled=True
2024-12-19 19:38:21,695 - INFO -   (37, 2): weight=-1.121925289981597, enabled=True
2024-12-19 19:38:22,762 - INFO - 
Best Genome in Generation 19:
2024-12-19 19:38:22,763 - INFO - Fitness: 16728.79975166774
2024-12-19 19:38:22,763 - INFO - Network Structure:
2024-12-19 19:38:22,763 - INFO - Nodes:
2024-12-19 19:38:22,763 - INFO -   Node 0: DefaultNodeGene(key=0, bias=-3.2086467818613573, response=-0.022629395476706504, activation=cube, aggregation=median)
2024-12-19 19:38:22,763 - INFO -   Node 1: DefaultNodeGene(key=1, bias=-0.22598001053832206, response=1.4377379940846364, activation=sin, aggregation=sum)
2024-12-19 19:38:22,763 - INFO -   Node 2: DefaultNodeGene(key=2, bias=-1.1472411569679375, response=0.5261914926147406, activation=tanh, aggregation=mean)
2024-12-19 19:38:22,763 - INFO -   Node 37: DefaultNodeGene(key=37, bias=1.0229780928397139, response=0.9957876108441504, activation=relu, aggregation=sum)
2024-12-19 19:38:22,763 - INFO - Connections:
2024-12-19 19:38:22,763 - INFO -   (-1, 0): weight=-3.4487532327750596, enabled=False
2024-12-19 19:38:22,763 - INFO -   (-1, 1): weight=0.7281132089614961, enabled=False
2024-12-19 19:38:22,763 - INFO -   (-1, 2): weight=1.3190490482049484, enabled=True
2024-12-19 19:38:22,764 - INFO -   (-2, 0): weight=2.9616765829823066, enabled=True
2024-12-19 19:38:22,764 - INFO -   (-2, 1): weight=0.38199375615929965, enabled=True
2024-12-19 19:38:22,764 - INFO -   (-2, 2): weight=-3.664606328753044, enabled=False
2024-12-19 19:38:22,764 - INFO -   (-3, 0): weight=-0.21400790065508746, enabled=True
2024-12-19 19:38:22,764 - INFO -   (-3, 2): weight=-1.0161716977340673, enabled=True
2024-12-19 19:38:22,764 - INFO -   (-4, 0): weight=2.9364633924717576, enabled=True
2024-12-19 19:38:22,764 - INFO -   (-4, 1): weight=1.57451955133345, enabled=False
2024-12-19 19:38:22,764 - INFO -   (-4, 2): weight=-1.641716288517305, enabled=True
2024-12-19 19:38:22,764 - INFO -   (-5, 0): weight=0.05935306028804699, enabled=True
2024-12-19 19:38:22,764 - INFO -   (-5, 1): weight=0.507736441640058, enabled=True
2024-12-19 19:38:22,766 - INFO -   (-1, 37): weight=1.9157701457778162, enabled=True
2024-12-19 19:38:22,766 - INFO -   (37, 1): weight=-0.6247031898097287, enabled=True
2024-12-19 19:38:22,766 - INFO -   (37, 2): weight=-1.121925289981597, enabled=True
2024-12-19 19:38:23,833 - INFO - 
Best Genome in Generation 20:
2024-12-19 19:38:23,833 - INFO - Fitness: 16728.79975166774
2024-12-19 19:38:23,833 - INFO - Network Structure:
2024-12-19 19:38:23,833 - INFO - Nodes:
2024-12-19 19:38:23,833 - INFO -   Node 0: DefaultNodeGene(key=0, bias=-3.2086467818613573, response=-0.022629395476706504, activation=cube, aggregation=median)
2024-12-19 19:38:23,833 - INFO -   Node 1: DefaultNodeGene(key=1, bias=-0.22598001053832206, response=1.4377379940846364, activation=sin, aggregation=sum)
2024-12-19 19:38:23,834 - INFO -   Node 2: DefaultNodeGene(key=2, bias=-1.1472411569679375, response=0.5261914926147406, activation=tanh, aggregation=mean)
2024-12-19 19:38:23,834 - INFO -   Node 37: DefaultNodeGene(key=37, bias=1.0229780928397139, response=0.9957876108441504, activation=relu, aggregation=sum)
2024-12-19 19:38:23,834 - INFO - Connections:
2024-12-19 19:38:23,834 - INFO -   (-1, 0): weight=-3.4487532327750596, enabled=False
2024-12-19 19:38:23,834 - INFO -   (-1, 1): weight=0.7281132089614961, enabled=False
2024-12-19 19:38:23,834 - INFO -   (-1, 2): weight=1.3190490482049484, enabled=True
2024-12-19 19:38:23,835 - INFO -   (-2, 0): weight=2.9616765829823066, enabled=True
2024-12-19 19:38:23,835 - INFO -   (-2, 1): weight=0.38199375615929965, enabled=True
2024-12-19 19:38:23,836 - INFO -   (-2, 2): weight=-3.664606328753044, enabled=False
2024-12-19 19:38:23,836 - INFO -   (-3, 0): weight=-0.21400790065508746, enabled=True
2024-12-19 19:38:23,836 - INFO -   (-3, 2): weight=-1.0161716977340673, enabled=True
2024-12-19 19:38:23,836 - INFO -   (-4, 0): weight=2.9364633924717576, enabled=True
2024-12-19 19:38:23,837 - INFO -   (-4, 1): weight=1.57451955133345, enabled=False
2024-12-19 19:38:23,837 - INFO -   (-4, 2): weight=-1.641716288517305, enabled=True
2024-12-19 19:38:23,837 - INFO -   (-5, 0): weight=0.05935306028804699, enabled=True
2024-12-19 19:38:23,837 - INFO -   (-5, 1): weight=0.507736441640058, enabled=True
2024-12-19 19:38:23,837 - INFO -   (-1, 37): weight=1.9157701457778162, enabled=True
2024-12-19 19:38:23,837 - INFO -   (37, 1): weight=-0.6247031898097287, enabled=True
2024-12-19 19:38:23,837 - INFO -   (37, 2): weight=-1.121925289981597, enabled=True
2024-12-19 19:38:24,831 - INFO - 
Best Genome in Generation 21:
2024-12-19 19:38:24,831 - INFO - Fitness: 16728.79975166774
2024-12-19 19:38:24,831 - INFO - Network Structure:
2024-12-19 19:38:24,831 - INFO - Nodes:
2024-12-19 19:38:24,831 - INFO -   Node 0: DefaultNodeGene(key=0, bias=-3.2086467818613573, response=-0.022629395476706504, activation=cube, aggregation=median)
2024-12-19 19:38:24,831 - INFO -   Node 1: DefaultNodeGene(key=1, bias=-0.22598001053832206, response=1.4377379940846364, activation=sin, aggregation=sum)
2024-12-19 19:38:24,831 - INFO -   Node 2: DefaultNodeGene(key=2, bias=-1.1472411569679375, response=0.5261914926147406, activation=tanh, aggregation=mean)
2024-12-19 19:38:24,831 - INFO -   Node 37: DefaultNodeGene(key=37, bias=1.0229780928397139, response=0.9957876108441504, activation=relu, aggregation=sum)
2024-12-19 19:38:24,832 - INFO - Connections:
2024-12-19 19:38:24,832 - INFO -   (-1, 0): weight=-3.4487532327750596, enabled=False
2024-12-19 19:38:24,832 - INFO -   (-1, 1): weight=0.7281132089614961, enabled=False
2024-12-19 19:38:24,833 - INFO -   (-1, 2): weight=1.3190490482049484, enabled=True
2024-12-19 19:38:24,833 - INFO -   (-2, 0): weight=2.9616765829823066, enabled=True
2024-12-19 19:38:24,833 - INFO -   (-2, 1): weight=0.38199375615929965, enabled=True
2024-12-19 19:38:24,833 - INFO -   (-2, 2): weight=-3.664606328753044, enabled=False
2024-12-19 19:38:24,833 - INFO -   (-3, 0): weight=-0.21400790065508746, enabled=True
2024-12-19 19:38:24,833 - INFO -   (-3, 2): weight=-1.0161716977340673, enabled=True
2024-12-19 19:38:24,833 - INFO -   (-4, 0): weight=2.9364633924717576, enabled=True
2024-12-19 19:38:24,833 - INFO -   (-4, 1): weight=1.57451955133345, enabled=False
2024-12-19 19:38:24,833 - INFO -   (-4, 2): weight=-1.641716288517305, enabled=True
2024-12-19 19:38:24,833 - INFO -   (-5, 0): weight=0.05935306028804699, enabled=True
2024-12-19 19:38:24,834 - INFO -   (-5, 1): weight=0.507736441640058, enabled=True
2024-12-19 19:38:24,834 - INFO -   (-1, 37): weight=1.9157701457778162, enabled=True
2024-12-19 19:38:24,834 - INFO -   (37, 1): weight=-0.6247031898097287, enabled=True
2024-12-19 19:38:24,834 - INFO -   (37, 2): weight=-1.121925289981597, enabled=True
2024-12-19 19:38:25,788 - INFO - 
Best Genome in Generation 22:
2024-12-19 19:38:25,788 - INFO - Fitness: 16728.79975166774
2024-12-19 19:38:25,788 - INFO - Network Structure:
2024-12-19 19:38:25,788 - INFO - Nodes:
2024-12-19 19:38:25,788 - INFO -   Node 0: DefaultNodeGene(key=0, bias=-3.2086467818613573, response=-0.022629395476706504, activation=cube, aggregation=median)
2024-12-19 19:38:25,789 - INFO -   Node 1: DefaultNodeGene(key=1, bias=-0.22598001053832206, response=1.4377379940846364, activation=sin, aggregation=sum)
2024-12-19 19:38:25,789 - INFO -   Node 2: DefaultNodeGene(key=2, bias=-1.1472411569679375, response=0.5261914926147406, activation=tanh, aggregation=mean)
2024-12-19 19:38:25,789 - INFO -   Node 37: DefaultNodeGene(key=37, bias=1.0229780928397139, response=0.9957876108441504, activation=relu, aggregation=sum)
2024-12-19 19:38:25,789 - INFO - Connections:
2024-12-19 19:38:25,789 - INFO -   (-1, 0): weight=-3.4487532327750596, enabled=False
2024-12-19 19:38:25,789 - INFO -   (-1, 1): weight=0.7281132089614961, enabled=False
2024-12-19 19:38:25,789 - INFO -   (-1, 2): weight=1.3190490482049484, enabled=True
2024-12-19 19:38:25,790 - INFO -   (-2, 0): weight=2.9616765829823066, enabled=True
2024-12-19 19:38:25,790 - INFO -   (-2, 1): weight=0.38199375615929965, enabled=True
2024-12-19 19:38:25,790 - INFO -   (-2, 2): weight=-3.664606328753044, enabled=False
2024-12-19 19:38:25,790 - INFO -   (-3, 0): weight=-0.21400790065508746, enabled=True
2024-12-19 19:38:25,790 - INFO -   (-3, 2): weight=-1.0161716977340673, enabled=True
2024-12-19 19:38:25,790 - INFO -   (-4, 0): weight=2.9364633924717576, enabled=True
2024-12-19 19:38:25,790 - INFO -   (-4, 1): weight=1.57451955133345, enabled=False
2024-12-19 19:38:25,790 - INFO -   (-4, 2): weight=-1.641716288517305, enabled=True
2024-12-19 19:38:25,790 - INFO -   (-5, 0): weight=0.05935306028804699, enabled=True
2024-12-19 19:38:25,790 - INFO -   (-5, 1): weight=0.507736441640058, enabled=True
2024-12-19 19:38:25,790 - INFO -   (-1, 37): weight=1.9157701457778162, enabled=True
2024-12-19 19:38:25,791 - INFO -   (37, 1): weight=-0.6247031898097287, enabled=True
2024-12-19 19:38:25,791 - INFO -   (37, 2): weight=-1.121925289981597, enabled=True
2024-12-19 19:38:26,675 - INFO - 
Best Genome in Generation 23:
2024-12-19 19:38:26,675 - INFO - Fitness: 16728.79975166774
2024-12-19 19:38:26,675 - INFO - Network Structure:
2024-12-19 19:38:26,676 - INFO - Nodes:
2024-12-19 19:38:26,676 - INFO -   Node 0: DefaultNodeGene(key=0, bias=-3.2086467818613573, response=-0.022629395476706504, activation=cube, aggregation=median)
2024-12-19 19:38:26,676 - INFO -   Node 1: DefaultNodeGene(key=1, bias=-0.22598001053832206, response=1.4377379940846364, activation=sin, aggregation=sum)
2024-12-19 19:38:26,676 - INFO -   Node 2: DefaultNodeGene(key=2, bias=-1.1472411569679375, response=0.5261914926147406, activation=tanh, aggregation=mean)
2024-12-19 19:38:26,676 - INFO -   Node 37: DefaultNodeGene(key=37, bias=1.0229780928397139, response=0.9957876108441504, activation=relu, aggregation=sum)
2024-12-19 19:38:26,676 - INFO - Connections:
2024-12-19 19:38:26,676 - INFO -   (-1, 0): weight=-3.4487532327750596, enabled=False
2024-12-19 19:38:26,676 - INFO -   (-1, 1): weight=0.7281132089614961, enabled=False
2024-12-19 19:38:26,676 - INFO -   (-1, 2): weight=1.3190490482049484, enabled=True
2024-12-19 19:38:26,676 - INFO -   (-2, 0): weight=2.9616765829823066, enabled=True
2024-12-19 19:38:26,676 - INFO -   (-2, 1): weight=0.38199375615929965, enabled=True
2024-12-19 19:38:26,676 - INFO -   (-2, 2): weight=-3.664606328753044, enabled=False
2024-12-19 19:38:26,677 - INFO -   (-3, 0): weight=-0.21400790065508746, enabled=True
2024-12-19 19:38:26,677 - INFO -   (-3, 2): weight=-1.0161716977340673, enabled=True
2024-12-19 19:38:26,677 - INFO -   (-4, 0): weight=2.9364633924717576, enabled=True
2024-12-19 19:38:26,677 - INFO -   (-4, 1): weight=1.57451955133345, enabled=False
2024-12-19 19:38:26,677 - INFO -   (-4, 2): weight=-1.641716288517305, enabled=True
2024-12-19 19:38:26,677 - INFO -   (-5, 0): weight=0.05935306028804699, enabled=True
2024-12-19 19:38:26,677 - INFO -   (-5, 1): weight=0.507736441640058, enabled=True
2024-12-19 19:38:26,677 - INFO -   (-1, 37): weight=1.9157701457778162, enabled=True
2024-12-19 19:38:26,677 - INFO -   (37, 1): weight=-0.6247031898097287, enabled=True
2024-12-19 19:38:26,677 - INFO -   (37, 2): weight=-1.121925289981597, enabled=True
2024-12-19 19:38:27,557 - INFO - 
Best Genome in Generation 24:
2024-12-19 19:38:27,557 - INFO - Fitness: 16728.79975166774
2024-12-19 19:38:27,557 - INFO - Network Structure:
2024-12-19 19:38:27,557 - INFO - Nodes:
2024-12-19 19:38:27,557 - INFO -   Node 0: DefaultNodeGene(key=0, bias=-3.2086467818613573, response=-0.022629395476706504, activation=cube, aggregation=median)
2024-12-19 19:38:27,557 - INFO -   Node 1: DefaultNodeGene(key=1, bias=-0.22598001053832206, response=1.4377379940846364, activation=sin, aggregation=sum)
2024-12-19 19:38:27,557 - INFO -   Node 2: DefaultNodeGene(key=2, bias=-1.1472411569679375, response=0.5261914926147406, activation=tanh, aggregation=mean)
2024-12-19 19:38:27,558 - INFO -   Node 37: DefaultNodeGene(key=37, bias=1.0229780928397139, response=0.9957876108441504, activation=relu, aggregation=sum)
2024-12-19 19:38:27,558 - INFO - Connections:
2024-12-19 19:38:27,558 - INFO -   (-1, 0): weight=-3.4487532327750596, enabled=False
2024-12-19 19:38:27,558 - INFO -   (-1, 1): weight=0.7281132089614961, enabled=False
2024-12-19 19:38:27,558 - INFO -   (-1, 2): weight=1.3190490482049484, enabled=True
2024-12-19 19:38:27,558 - INFO -   (-2, 0): weight=2.9616765829823066, enabled=True
2024-12-19 19:38:27,558 - INFO -   (-2, 1): weight=0.38199375615929965, enabled=True
2024-12-19 19:38:27,558 - INFO -   (-2, 2): weight=-3.664606328753044, enabled=False
2024-12-19 19:38:27,558 - INFO -   (-3, 0): weight=-0.21400790065508746, enabled=True
2024-12-19 19:38:27,558 - INFO -   (-3, 2): weight=-1.0161716977340673, enabled=True
2024-12-19 19:38:27,558 - INFO -   (-4, 0): weight=2.9364633924717576, enabled=True
2024-12-19 19:38:27,558 - INFO -   (-4, 1): weight=1.57451955133345, enabled=False
2024-12-19 19:38:27,558 - INFO -   (-4, 2): weight=-1.641716288517305, enabled=True
2024-12-19 19:38:27,558 - INFO -   (-5, 0): weight=0.05935306028804699, enabled=True
2024-12-19 19:38:27,559 - INFO -   (-5, 1): weight=0.507736441640058, enabled=True
2024-12-19 19:38:27,559 - INFO -   (-1, 37): weight=1.9157701457778162, enabled=True
2024-12-19 19:38:27,559 - INFO -   (37, 1): weight=-0.6247031898097287, enabled=True
2024-12-19 19:38:27,559 - INFO -   (37, 2): weight=-1.121925289981597, enabled=True
2024-12-19 19:38:28,440 - INFO - 
Best Genome in Generation 25:
2024-12-19 19:38:28,440 - INFO - Fitness: 16728.79975166774
2024-12-19 19:38:28,441 - INFO - Network Structure:
2024-12-19 19:38:28,441 - INFO - Nodes:
2024-12-19 19:38:28,441 - INFO -   Node 0: DefaultNodeGene(key=0, bias=-3.2086467818613573, response=-0.022629395476706504, activation=cube, aggregation=median)
2024-12-19 19:38:28,441 - INFO -   Node 1: DefaultNodeGene(key=1, bias=-0.22598001053832206, response=1.4377379940846364, activation=sin, aggregation=sum)
2024-12-19 19:38:28,441 - INFO -   Node 2: DefaultNodeGene(key=2, bias=-1.1472411569679375, response=0.5261914926147406, activation=tanh, aggregation=mean)
2024-12-19 19:38:28,441 - INFO -   Node 37: DefaultNodeGene(key=37, bias=1.0229780928397139, response=0.9957876108441504, activation=relu, aggregation=sum)
2024-12-19 19:38:28,441 - INFO - Connections:
2024-12-19 19:38:28,441 - INFO -   (-1, 0): weight=-3.4487532327750596, enabled=False
2024-12-19 19:38:28,441 - INFO -   (-1, 1): weight=0.7281132089614961, enabled=False
2024-12-19 19:38:28,441 - INFO -   (-1, 2): weight=1.3190490482049484, enabled=True
2024-12-19 19:38:28,441 - INFO -   (-2, 0): weight=2.9616765829823066, enabled=True
2024-12-19 19:38:28,441 - INFO -   (-2, 1): weight=0.38199375615929965, enabled=True
2024-12-19 19:38:28,442 - INFO -   (-2, 2): weight=-3.664606328753044, enabled=False
2024-12-19 19:38:28,442 - INFO -   (-3, 0): weight=-0.21400790065508746, enabled=True
2024-12-19 19:38:28,442 - INFO -   (-3, 2): weight=-1.0161716977340673, enabled=True
2024-12-19 19:38:28,442 - INFO -   (-4, 0): weight=2.9364633924717576, enabled=True
2024-12-19 19:38:28,442 - INFO -   (-4, 1): weight=1.57451955133345, enabled=False
2024-12-19 19:38:28,443 - INFO -   (-4, 2): weight=-1.641716288517305, enabled=True
2024-12-19 19:38:28,443 - INFO -   (-5, 0): weight=0.05935306028804699, enabled=True
2024-12-19 19:38:28,443 - INFO -   (-5, 1): weight=0.507736441640058, enabled=True
2024-12-19 19:38:28,444 - INFO -   (-1, 37): weight=1.9157701457778162, enabled=True
2024-12-19 19:38:28,444 - INFO -   (37, 1): weight=-0.6247031898097287, enabled=True
2024-12-19 19:38:28,444 - INFO -   (37, 2): weight=-1.121925289981597, enabled=True
2024-12-19 19:38:29,339 - INFO - 
Best Genome in Generation 26:
2024-12-19 19:38:29,339 - INFO - Fitness: 16728.79975166774
2024-12-19 19:38:29,340 - INFO - Network Structure:
2024-12-19 19:38:29,340 - INFO - Nodes:
2024-12-19 19:38:29,340 - INFO -   Node 0: DefaultNodeGene(key=0, bias=-3.2086467818613573, response=-0.022629395476706504, activation=cube, aggregation=median)
2024-12-19 19:38:29,341 - INFO -   Node 1: DefaultNodeGene(key=1, bias=-0.22598001053832206, response=1.4377379940846364, activation=sin, aggregation=sum)
2024-12-19 19:38:29,341 - INFO -   Node 2: DefaultNodeGene(key=2, bias=-1.1472411569679375, response=0.5261914926147406, activation=tanh, aggregation=mean)
2024-12-19 19:38:29,341 - INFO -   Node 37: DefaultNodeGene(key=37, bias=1.0229780928397139, response=0.9957876108441504, activation=relu, aggregation=sum)
2024-12-19 19:38:29,341 - INFO - Connections:
2024-12-19 19:38:29,341 - INFO -   (-1, 0): weight=-3.4487532327750596, enabled=False
2024-12-19 19:38:29,341 - INFO -   (-1, 1): weight=0.7281132089614961, enabled=False
2024-12-19 19:38:29,341 - INFO -   (-1, 2): weight=1.3190490482049484, enabled=True
2024-12-19 19:38:29,341 - INFO -   (-2, 0): weight=2.9616765829823066, enabled=True
2024-12-19 19:38:29,341 - INFO -   (-2, 1): weight=0.38199375615929965, enabled=True
2024-12-19 19:38:29,341 - INFO -   (-2, 2): weight=-3.664606328753044, enabled=False
2024-12-19 19:38:29,341 - INFO -   (-3, 0): weight=-0.21400790065508746, enabled=True
2024-12-19 19:38:29,341 - INFO -   (-3, 2): weight=-1.0161716977340673, enabled=True
2024-12-19 19:38:29,342 - INFO -   (-4, 0): weight=2.9364633924717576, enabled=True
2024-12-19 19:38:29,342 - INFO -   (-4, 1): weight=1.57451955133345, enabled=False
2024-12-19 19:38:29,342 - INFO -   (-4, 2): weight=-1.641716288517305, enabled=True
2024-12-19 19:38:29,342 - INFO -   (-5, 0): weight=0.05935306028804699, enabled=True
2024-12-19 19:38:29,342 - INFO -   (-5, 1): weight=0.507736441640058, enabled=True
2024-12-19 19:38:29,342 - INFO -   (-1, 37): weight=1.9157701457778162, enabled=True
2024-12-19 19:38:29,342 - INFO -   (37, 1): weight=-0.6247031898097287, enabled=True
2024-12-19 19:38:29,342 - INFO -   (37, 2): weight=-1.121925289981597, enabled=True
2024-12-19 19:38:30,361 - INFO - 
Best Genome in Generation 27:
2024-12-19 19:38:30,369 - INFO - Fitness: 16813.94426043631
2024-12-19 19:38:30,369 - INFO - Network Structure:
2024-12-19 19:38:30,370 - INFO - Nodes:
2024-12-19 19:38:30,370 - INFO -   Node 0: DefaultNodeGene(key=0, bias=-3.2086467818613573, response=-0.022629395476706504, activation=cube, aggregation=median)
2024-12-19 19:38:30,370 - INFO -   Node 1: DefaultNodeGene(key=1, bias=-0.22598001053832206, response=1.4377379940846364, activation=sin, aggregation=sum)
2024-12-19 19:38:30,370 - INFO -   Node 2: DefaultNodeGene(key=2, bias=-1.1472411569679375, response=0.5261914926147406, activation=tanh, aggregation=mean)
2024-12-19 19:38:30,370 - INFO -   Node 37: DefaultNodeGene(key=37, bias=1.0229780928397139, response=0.9957876108441504, activation=relu, aggregation=sum)
2024-12-19 19:38:30,371 - INFO - Connections:
2024-12-19 19:38:30,371 - INFO -   (-1, 0): weight=-3.4487532327750596, enabled=False
2024-12-19 19:38:30,371 - INFO -   (-1, 1): weight=0.7281132089614961, enabled=False
2024-12-19 19:38:30,371 - INFO -   (-1, 2): weight=1.3190490482049484, enabled=True
2024-12-19 19:38:30,371 - INFO -   (-2, 0): weight=2.9616765829823066, enabled=True
2024-12-19 19:38:30,371 - INFO -   (-2, 1): weight=0.38199375615929965, enabled=True
2024-12-19 19:38:30,371 - INFO -   (-2, 2): weight=-3.664606328753044, enabled=False
2024-12-19 19:38:30,371 - INFO -   (-3, 0): weight=-0.21400790065508746, enabled=True
2024-12-19 19:38:30,371 - INFO -   (-3, 2): weight=-1.0161716977340673, enabled=True
2024-12-19 19:38:30,371 - INFO -   (-4, 0): weight=2.9364633924717576, enabled=True
2024-12-19 19:38:30,371 - INFO -   (-4, 1): weight=1.57451955133345, enabled=False
2024-12-19 19:38:30,371 - INFO -   (-4, 2): weight=-1.641716288517305, enabled=True
2024-12-19 19:38:30,372 - INFO -   (-5, 0): weight=0.05935306028804699, enabled=True
2024-12-19 19:38:30,372 - INFO -   (-5, 1): weight=0.507736441640058, enabled=True
2024-12-19 19:38:30,372 - INFO -   (-1, 37): weight=1.9157701457778162, enabled=True
2024-12-19 19:38:30,372 - INFO -   (37, 1): weight=-0.6247031898097287, enabled=True
2024-12-19 19:38:30,373 - INFO -   (37, 2): weight=-1.121925289981597, enabled=True
2024-12-19 19:38:31,410 - INFO - 
Best Genome in Generation 28:
2024-12-19 19:38:31,410 - INFO - Fitness: 16728.79975166774
2024-12-19 19:38:31,410 - INFO - Network Structure:
2024-12-19 19:38:31,410 - INFO - Nodes:
2024-12-19 19:38:31,410 - INFO -   Node 0: DefaultNodeGene(key=0, bias=-3.2086467818613573, response=-0.022629395476706504, activation=cube, aggregation=median)
2024-12-19 19:38:31,410 - INFO -   Node 1: DefaultNodeGene(key=1, bias=-0.22598001053832206, response=1.4377379940846364, activation=sin, aggregation=sum)
2024-12-19 19:38:31,410 - INFO -   Node 2: DefaultNodeGene(key=2, bias=-1.1472411569679375, response=0.5261914926147406, activation=tanh, aggregation=mean)
2024-12-19 19:38:31,410 - INFO -   Node 37: DefaultNodeGene(key=37, bias=1.0229780928397139, response=0.9957876108441504, activation=relu, aggregation=sum)
2024-12-19 19:38:31,411 - INFO - Connections:
2024-12-19 19:38:31,411 - INFO -   (-1, 0): weight=-3.4487532327750596, enabled=False
2024-12-19 19:38:31,411 - INFO -   (-1, 1): weight=0.7281132089614961, enabled=False
2024-12-19 19:38:31,411 - INFO -   (-1, 2): weight=1.3190490482049484, enabled=True
2024-12-19 19:38:31,411 - INFO -   (-2, 0): weight=2.9616765829823066, enabled=True
2024-12-19 19:38:31,411 - INFO -   (-2, 1): weight=0.38199375615929965, enabled=True
2024-12-19 19:38:31,411 - INFO -   (-2, 2): weight=-3.664606328753044, enabled=False
2024-12-19 19:38:31,411 - INFO -   (-3, 0): weight=-0.21400790065508746, enabled=True
2024-12-19 19:38:31,411 - INFO -   (-3, 2): weight=-1.0161716977340673, enabled=True
2024-12-19 19:38:31,411 - INFO -   (-4, 0): weight=2.9364633924717576, enabled=True
2024-12-19 19:38:31,411 - INFO -   (-4, 1): weight=1.57451955133345, enabled=False
2024-12-19 19:38:31,411 - INFO -   (-4, 2): weight=-1.641716288517305, enabled=True
2024-12-19 19:38:31,411 - INFO -   (-5, 0): weight=0.05935306028804699, enabled=True
2024-12-19 19:38:31,411 - INFO -   (-5, 1): weight=0.507736441640058, enabled=True
2024-12-19 19:38:31,412 - INFO -   (-1, 37): weight=1.9157701457778162, enabled=True
2024-12-19 19:38:31,412 - INFO -   (37, 1): weight=-0.6247031898097287, enabled=True
2024-12-19 19:38:31,412 - INFO -   (37, 2): weight=-1.121925289981597, enabled=True
2024-12-19 19:38:32,568 - INFO - 
Best Genome in Generation 29:
2024-12-19 19:38:32,568 - INFO - Fitness: 16728.79975166774
2024-12-19 19:38:32,568 - INFO - Network Structure:
2024-12-19 19:38:32,568 - INFO - Nodes:
2024-12-19 19:38:32,568 - INFO -   Node 0: DefaultNodeGene(key=0, bias=-3.2086467818613573, response=-0.022629395476706504, activation=cube, aggregation=median)
2024-12-19 19:38:32,568 - INFO -   Node 1: DefaultNodeGene(key=1, bias=-0.22598001053832206, response=1.4377379940846364, activation=sin, aggregation=sum)
2024-12-19 19:38:32,568 - INFO -   Node 2: DefaultNodeGene(key=2, bias=-1.1472411569679375, response=0.5261914926147406, activation=tanh, aggregation=mean)
2024-12-19 19:38:32,568 - INFO -   Node 37: DefaultNodeGene(key=37, bias=1.0229780928397139, response=0.9957876108441504, activation=relu, aggregation=sum)
2024-12-19 19:38:32,568 - INFO - Connections:
2024-12-19 19:38:32,569 - INFO -   (-1, 0): weight=-3.4487532327750596, enabled=False
2024-12-19 19:38:32,569 - INFO -   (-1, 1): weight=0.7281132089614961, enabled=False
2024-12-19 19:38:32,569 - INFO -   (-1, 2): weight=1.3190490482049484, enabled=True
2024-12-19 19:38:32,569 - INFO -   (-2, 0): weight=2.9616765829823066, enabled=True
2024-12-19 19:38:32,569 - INFO -   (-2, 1): weight=0.38199375615929965, enabled=True
2024-12-19 19:38:32,569 - INFO -   (-2, 2): weight=-3.664606328753044, enabled=False
2024-12-19 19:38:32,569 - INFO -   (-3, 0): weight=-0.21400790065508746, enabled=True
2024-12-19 19:38:32,569 - INFO -   (-3, 2): weight=-1.0161716977340673, enabled=True
2024-12-19 19:38:32,571 - INFO -   (-4, 0): weight=2.9364633924717576, enabled=True
2024-12-19 19:38:32,571 - INFO -   (-4, 1): weight=1.57451955133345, enabled=False
2024-12-19 19:38:32,571 - INFO -   (-4, 2): weight=-1.641716288517305, enabled=True
2024-12-19 19:38:32,571 - INFO -   (-5, 0): weight=0.05935306028804699, enabled=True
2024-12-19 19:38:32,571 - INFO -   (-5, 1): weight=0.507736441640058, enabled=True
2024-12-19 19:38:32,571 - INFO -   (-1, 37): weight=1.9157701457778162, enabled=True
2024-12-19 19:38:32,571 - INFO -   (37, 1): weight=-0.6247031898097287, enabled=True
2024-12-19 19:38:32,571 - INFO -   (37, 2): weight=-1.121925289981597, enabled=True
2024-12-19 19:38:33,635 - INFO - 
Best Genome in Generation 30:
2024-12-19 19:38:33,635 - INFO - Fitness: 16728.79975166774
2024-12-19 19:38:33,636 - INFO - Network Structure:
2024-12-19 19:38:33,636 - INFO - Nodes:
2024-12-19 19:38:33,636 - INFO -   Node 0: DefaultNodeGene(key=0, bias=-3.2086467818613573, response=-0.022629395476706504, activation=cube, aggregation=median)
2024-12-19 19:38:33,636 - INFO -   Node 1: DefaultNodeGene(key=1, bias=-0.22598001053832206, response=1.4377379940846364, activation=sin, aggregation=sum)
2024-12-19 19:38:33,636 - INFO -   Node 2: DefaultNodeGene(key=2, bias=-1.1472411569679375, response=0.5261914926147406, activation=tanh, aggregation=mean)
2024-12-19 19:38:33,636 - INFO -   Node 37: DefaultNodeGene(key=37, bias=1.0229780928397139, response=0.9957876108441504, activation=relu, aggregation=sum)
2024-12-19 19:38:33,636 - INFO - Connections:
2024-12-19 19:38:33,636 - INFO -   (-1, 0): weight=-3.4487532327750596, enabled=False
2024-12-19 19:38:33,636 - INFO -   (-1, 1): weight=0.7281132089614961, enabled=False
2024-12-19 19:38:33,636 - INFO -   (-1, 2): weight=1.3190490482049484, enabled=True
2024-12-19 19:38:33,636 - INFO -   (-2, 0): weight=2.9616765829823066, enabled=True
2024-12-19 19:38:33,636 - INFO -   (-2, 1): weight=0.38199375615929965, enabled=True
2024-12-19 19:38:33,636 - INFO -   (-2, 2): weight=-3.664606328753044, enabled=False
2024-12-19 19:38:33,637 - INFO -   (-3, 0): weight=-0.21400790065508746, enabled=True
2024-12-19 19:38:33,637 - INFO -   (-3, 2): weight=-1.0161716977340673, enabled=True
2024-12-19 19:38:33,637 - INFO -   (-4, 0): weight=2.9364633924717576, enabled=True
2024-12-19 19:38:33,637 - INFO -   (-4, 1): weight=1.57451955133345, enabled=False
2024-12-19 19:38:33,637 - INFO -   (-4, 2): weight=-1.641716288517305, enabled=True
2024-12-19 19:38:33,637 - INFO -   (-5, 0): weight=0.05935306028804699, enabled=True
2024-12-19 19:38:33,637 - INFO -   (-5, 1): weight=0.507736441640058, enabled=True
2024-12-19 19:38:33,637 - INFO -   (-1, 37): weight=1.9157701457778162, enabled=True
2024-12-19 19:38:33,637 - INFO -   (37, 1): weight=-0.6247031898097287, enabled=True
2024-12-19 19:38:33,637 - INFO -   (37, 2): weight=-1.121925289981597, enabled=True
2024-12-19 19:38:34,704 - INFO - 
Best Genome in Generation 31:
2024-12-19 19:38:34,704 - INFO - Fitness: 18305.98210093619
2024-12-19 19:38:34,705 - INFO - Network Structure:
2024-12-19 19:38:34,705 - INFO - Nodes:
2024-12-19 19:38:34,705 - INFO -   Node 0: DefaultNodeGene(key=0, bias=-4.432043716435731, response=2.288707490219304, activation=cube, aggregation=maxabs)
2024-12-19 19:38:34,705 - INFO -   Node 1: DefaultNodeGene(key=1, bias=-0.3642371387985889, response=0.13829871413469985, activation=cube, aggregation=maxabs)
2024-12-19 19:38:34,705 - INFO -   Node 2: DefaultNodeGene(key=2, bias=-2.525086920581183, response=2.3136452471333606, activation=hat, aggregation=sum)
2024-12-19 19:38:34,705 - INFO - Connections:
2024-12-19 19:38:34,705 - INFO -   (-1, 0): weight=-4.3214917761411344, enabled=False
2024-12-19 19:38:34,705 - INFO -   (-1, 1): weight=1.6541835493781174, enabled=False
2024-12-19 19:38:34,705 - INFO -   (-1, 2): weight=0.16647626624701733, enabled=True
2024-12-19 19:38:34,705 - INFO -   (-2, 0): weight=2.2950509995989834, enabled=True
2024-12-19 19:38:34,705 - INFO -   (-2, 1): weight=0.5090499610804019, enabled=False
2024-12-19 19:38:34,705 - INFO -   (-2, 2): weight=-0.9004328204313341, enabled=False
2024-12-19 19:38:34,705 - INFO -   (-3, 0): weight=0.054303466313120496, enabled=True
2024-12-19 19:38:34,705 - INFO -   (-5, 0): weight=-0.73583297142286, enabled=True
2024-12-19 19:38:34,705 - INFO -   (-5, 1): weight=-4.716066672483965, enabled=True
2024-12-19 19:38:34,705 - INFO -   (-4, 0): weight=-1.067935394267331, enabled=True
2024-12-19 19:38:34,705 - INFO - 
New Best Genome Found!
2024-12-19 19:38:34,705 - INFO - New Best Fitness: 18305.98210093619
2024-12-19 19:38:35,323 - INFO - 
Best Genome in Generation 32:
2024-12-19 19:38:35,323 - INFO - Fitness: 9403.641295980737
2024-12-19 19:38:35,323 - INFO - Network Structure:
2024-12-19 19:38:35,323 - INFO - Nodes:
2024-12-19 19:38:35,323 - INFO -   Node 0: DefaultNodeGene(key=0, bias=-4.432043716435731, response=2.288707490219304, activation=cube, aggregation=maxabs)
2024-12-19 19:38:35,323 - INFO -   Node 1: DefaultNodeGene(key=1, bias=-0.3642371387985889, response=0.13829871413469985, activation=cube, aggregation=maxabs)
2024-12-19 19:38:35,323 - INFO -   Node 2: DefaultNodeGene(key=2, bias=-2.525086920581183, response=2.3136452471333606, activation=hat, aggregation=sum)
2024-12-19 19:38:35,324 - INFO - Connections:
2024-12-19 19:38:35,324 - INFO -   (-1, 0): weight=-4.3214917761411344, enabled=False
2024-12-19 19:38:35,324 - INFO -   (-1, 1): weight=1.6541835493781174, enabled=False
2024-12-19 19:38:35,324 - INFO -   (-1, 2): weight=0.16647626624701733, enabled=True
2024-12-19 19:38:35,324 - INFO -   (-2, 0): weight=2.2950509995989834, enabled=True
2024-12-19 19:38:35,324 - INFO -   (-2, 1): weight=0.5090499610804019, enabled=False
2024-12-19 19:38:35,324 - INFO -   (-2, 2): weight=-0.9004328204313341, enabled=False
2024-12-19 19:38:35,324 - INFO -   (-3, 0): weight=0.054303466313120496, enabled=True
2024-12-19 19:38:35,324 - INFO -   (-5, 0): weight=-0.73583297142286, enabled=True
2024-12-19 19:38:35,324 - INFO -   (-5, 1): weight=-4.716066672483965, enabled=True
2024-12-19 19:38:35,324 - INFO -   (-4, 0): weight=-1.067935394267331, enabled=True
2024-12-19 19:38:35,587 - INFO - 
Best Genome in Generation 33:
2024-12-19 19:38:35,587 - INFO - Fitness: 2121.4266741695074
2024-12-19 19:38:35,587 - INFO - Network Structure:
2024-12-19 19:38:35,587 - INFO - Nodes:
2024-12-19 19:38:35,587 - INFO -   Node 0: DefaultNodeGene(key=0, bias=-0.3098530284382388, response=0.5055471047477543, activation=gauss, aggregation=mean)
2024-12-19 19:38:35,587 - INFO -   Node 1: DefaultNodeGene(key=1, bias=1.353720554374526, response=3.106742296231936, activation=cube, aggregation=sum)
2024-12-19 19:38:35,587 - INFO -   Node 2: DefaultNodeGene(key=2, bias=-1.2641373796795343, response=1.3335619547485993, activation=cube, aggregation=product)
2024-12-19 19:38:35,587 - INFO -   Node 37: DefaultNodeGene(key=37, bias=1.979953483752828, response=3.1333451183845056, activation=cube, aggregation=min)
2024-12-19 19:38:35,587 - INFO -   Node 112: DefaultNodeGene(key=112, bias=1.9874575015915172, response=-1.5926982925189384, activation=hat, aggregation=mean)
2024-12-19 19:38:35,587 - INFO -   Node 115: DefaultNodeGene(key=115, bias=-0.19961367005373865, response=0.0645175684700382, activation=tanh, aggregation=maxabs)
2024-12-19 19:38:35,587 - INFO - Connections:
2024-12-19 19:38:35,588 - INFO -   (-1, 0): weight=-2.659502298895889, enabled=False
2024-12-19 19:38:35,588 - INFO -   (-1, 1): weight=-3.166783222945834, enabled=True
2024-12-19 19:38:35,588 - INFO -   (-1, 2): weight=0.6521637574176771, enabled=False
2024-12-19 19:38:35,588 - INFO -   (-2, 0): weight=1.2166217110606163, enabled=True
2024-12-19 19:38:35,588 - INFO -   (-2, 1): weight=-0.14726474474353618, enabled=True
2024-12-19 19:38:35,588 - INFO -   (-2, 2): weight=-1.8064277028505975, enabled=False
2024-12-19 19:38:35,588 - INFO -   (-3, 2): weight=4.052145680143306, enabled=True
2024-12-19 19:38:35,588 - INFO -   (-4, 0): weight=0.25203495594230696, enabled=False
2024-12-19 19:38:35,588 - INFO -   (-4, 1): weight=3.6256180288934003, enabled=False
2024-12-19 19:38:35,588 - INFO -   (-4, 2): weight=-2.4361045545179847, enabled=True
2024-12-19 19:38:35,588 - INFO -   (-5, 0): weight=1.195448647593778, enabled=True
2024-12-19 19:38:35,588 - INFO -   (-5, 1): weight=0.7571990309772849, enabled=True
2024-12-19 19:38:35,588 - INFO -   (-1, 37): weight=1.3714096132943538, enabled=True
2024-12-19 19:38:35,589 - INFO -   (37, 1): weight=-3.3664468167398343, enabled=True
2024-12-19 19:38:35,589 - INFO -   (-3, 112): weight=1.4313017052530732, enabled=True
2024-12-19 19:38:35,589 - INFO -   (112, 2): weight=3.4906898993745283, enabled=True
2024-12-19 19:38:35,589 - INFO -   (-1, 115): weight=0.032439360681215806, enabled=True
2024-12-19 19:38:35,589 - INFO -   (115, 2): weight=-1.6948412864600062, enabled=True
2024-12-19 19:38:35,784 - INFO - 
Best Genome in Generation 34:
2024-12-19 19:38:35,786 - INFO - Fitness: 1908.6869842166286
2024-12-19 19:38:35,786 - INFO - Network Structure:
2024-12-19 19:38:35,786 - INFO - Nodes:
2024-12-19 19:38:35,786 - INFO -   Node 0: DefaultNodeGene(key=0, bias=-0.3098530284382388, response=0.5055471047477543, activation=gauss, aggregation=mean)
2024-12-19 19:38:35,786 - INFO -   Node 1: DefaultNodeGene(key=1, bias=1.353720554374526, response=3.106742296231936, activation=cube, aggregation=sum)
2024-12-19 19:38:35,786 - INFO -   Node 2: DefaultNodeGene(key=2, bias=-1.2641373796795343, response=1.3335619547485993, activation=cube, aggregation=product)
2024-12-19 19:38:35,787 - INFO -   Node 37: DefaultNodeGene(key=37, bias=1.979953483752828, response=3.1333451183845056, activation=cube, aggregation=min)
2024-12-19 19:38:35,787 - INFO -   Node 112: DefaultNodeGene(key=112, bias=1.9874575015915172, response=-1.5926982925189384, activation=hat, aggregation=mean)
2024-12-19 19:38:35,787 - INFO -   Node 115: DefaultNodeGene(key=115, bias=-0.19961367005373865, response=0.0645175684700382, activation=tanh, aggregation=maxabs)
2024-12-19 19:38:35,787 - INFO - Connections:
2024-12-19 19:38:35,787 - INFO -   (-1, 0): weight=-2.659502298895889, enabled=False
2024-12-19 19:38:35,787 - INFO -   (-1, 1): weight=-3.166783222945834, enabled=True
2024-12-19 19:38:35,787 - INFO -   (-1, 2): weight=0.6521637574176771, enabled=False
2024-12-19 19:38:35,787 - INFO -   (-2, 0): weight=1.2166217110606163, enabled=True
2024-12-19 19:38:35,787 - INFO -   (-2, 1): weight=-0.14726474474353618, enabled=True
2024-12-19 19:38:35,787 - INFO -   (-2, 2): weight=-1.8064277028505975, enabled=False
2024-12-19 19:38:35,787 - INFO -   (-3, 2): weight=4.052145680143306, enabled=True
2024-12-19 19:38:35,788 - INFO -   (-4, 0): weight=0.25203495594230696, enabled=False
2024-12-19 19:38:35,788 - INFO -   (-4, 1): weight=3.6256180288934003, enabled=False
2024-12-19 19:38:35,788 - INFO -   (-4, 2): weight=-2.4361045545179847, enabled=True
2024-12-19 19:38:35,788 - INFO -   (-5, 0): weight=1.195448647593778, enabled=True
2024-12-19 19:38:35,788 - INFO -   (-5, 1): weight=0.7571990309772849, enabled=True
2024-12-19 19:38:35,788 - INFO -   (-1, 37): weight=1.3714096132943538, enabled=True
2024-12-19 19:38:35,788 - INFO -   (37, 1): weight=-3.3664468167398343, enabled=True
2024-12-19 19:38:35,788 - INFO -   (-3, 112): weight=1.4313017052530732, enabled=True
2024-12-19 19:38:35,788 - INFO -   (112, 2): weight=3.4906898993745283, enabled=True
2024-12-19 19:38:35,788 - INFO -   (-1, 115): weight=0.032439360681215806, enabled=True
2024-12-19 19:38:35,788 - INFO -   (115, 2): weight=-1.6948412864600062, enabled=True
2024-12-19 19:38:36,046 - INFO - 
Best Genome in Generation 35:
2024-12-19 19:38:36,046 - INFO - Fitness: 1949.0469180697119
2024-12-19 19:38:36,046 - INFO - Network Structure:
2024-12-19 19:38:36,046 - INFO - Nodes:
2024-12-19 19:38:36,047 - INFO -   Node 0: DefaultNodeGene(key=0, bias=-1.1205437473498812, response=2.3401224069296283, activation=cube, aggregation=sum)
2024-12-19 19:38:36,047 - INFO -   Node 1: DefaultNodeGene(key=1, bias=-0.08521591247301741, response=-0.9811114117681417, activation=cube, aggregation=sum)
2024-12-19 19:38:36,047 - INFO -   Node 2: DefaultNodeGene(key=2, bias=-2.650237954399138, response=2.263680829274795, activation=hat, aggregation=sum)
2024-12-19 19:38:36,047 - INFO -   Node 37: DefaultNodeGene(key=37, bias=1.90443820798341, response=3.845005631468098, activation=cube, aggregation=min)
2024-12-19 19:38:36,047 - INFO -   Node 115: DefaultNodeGene(key=115, bias=-0.17903621066014244, response=0.245770126840621, activation=relu, aggregation=maxabs)
2024-12-19 19:38:36,047 - INFO - Connections:
2024-12-19 19:38:36,047 - INFO -   (-1, 0): weight=-2.971777372287916, enabled=False
2024-12-19 19:38:36,047 - INFO -   (-1, 1): weight=2.014401652047094, enabled=False
2024-12-19 19:38:36,047 - INFO -   (-2, 0): weight=-0.13070660091931374, enabled=True
2024-12-19 19:38:36,047 - INFO -   (-2, 1): weight=-0.38968499378444904, enabled=False
2024-12-19 19:38:36,047 - INFO -   (-2, 2): weight=-0.1555411151559676, enabled=False
2024-12-19 19:38:36,047 - INFO -   (-3, 2): weight=4.874792901947965, enabled=True
2024-12-19 19:38:36,047 - INFO -   (-4, 0): weight=0.5048813013619369, enabled=False
2024-12-19 19:38:36,047 - INFO -   (-4, 1): weight=3.8295036271699407, enabled=False
2024-12-19 19:38:36,047 - INFO -   (-4, 2): weight=-2.6946211091419867, enabled=True
2024-12-19 19:38:36,047 - INFO -   (-5, 0): weight=0.13583509700437646, enabled=True
2024-12-19 19:38:36,048 - INFO -   (-1, 37): weight=1.9717432611507102, enabled=True
2024-12-19 19:38:36,048 - INFO -   (37, 1): weight=-3.169110329907401, enabled=True
2024-12-19 19:38:36,048 - INFO -   (-1, 115): weight=-0.16220950628625447, enabled=True
2024-12-19 19:38:36,048 - INFO -   (115, 2): weight=-2.4988277668541894, enabled=True
2024-12-19 19:38:36,048 - INFO -   (-5, 2): weight=0.5216781620929233, enabled=True
2024-12-19 19:38:36,286 - INFO - 
Best Genome in Generation 36:
2024-12-19 19:38:36,286 - INFO - Fitness: 2378.3960999811998
2024-12-19 19:38:36,286 - INFO - Network Structure:
2024-12-19 19:38:36,287 - INFO - Nodes:
2024-12-19 19:38:36,287 - INFO -   Node 0: DefaultNodeGene(key=0, bias=-1.6655935822624253, response=2.9349460326809016, activation=cube, aggregation=sum)
2024-12-19 19:38:36,287 - INFO -   Node 1: DefaultNodeGene(key=1, bias=-0.18736823424543925, response=3.284133841757189, activation=sin, aggregation=product)
2024-12-19 19:38:36,287 - INFO -   Node 2: DefaultNodeGene(key=2, bias=-0.9809061373857568, response=-1.4169121886234732, activation=gauss, aggregation=mean)
2024-12-19 19:38:36,287 - INFO - Connections:
2024-12-19 19:38:36,287 - INFO -   (-1, 0): weight=-1.430489441835642, enabled=True
2024-12-19 19:38:36,287 - INFO -   (-1, 1): weight=-0.9490127605334522, enabled=True
2024-12-19 19:38:36,287 - INFO -   (-1, 2): weight=3.4390598995441697, enabled=True
2024-12-19 19:38:36,287 - INFO -   (-2, 0): weight=1.9256548373796945, enabled=True
2024-12-19 19:38:36,287 - INFO -   (-2, 2): weight=-3.662131740319835, enabled=False
2024-12-19 19:38:36,288 - INFO -   (-3, 0): weight=2.3674083628460103, enabled=False
2024-12-19 19:38:36,288 - INFO -   (-5, 0): weight=-1.6416695347179624, enabled=True
2024-12-19 19:38:36,288 - INFO -   (-5, 1): weight=1.9198439811060406, enabled=True
2024-12-19 19:38:36,288 - INFO -   (-4, 0): weight=-1.0280957694290755, enabled=True
2024-12-19 19:38:36,288 - INFO -   (-3, 2): weight=-2.0571661276453153, enabled=True
2024-12-19 19:38:36,575 - INFO - 
Best Genome in Generation 37:
2024-12-19 19:38:36,576 - INFO - Fitness: 2862.1624484274143
2024-12-19 19:38:36,576 - INFO - Network Structure:
2024-12-19 19:38:36,576 - INFO - Nodes:
2024-12-19 19:38:36,576 - INFO -   Node 0: DefaultNodeGene(key=0, bias=-1.6655935822624253, response=2.9349460326809016, activation=cube, aggregation=sum)
2024-12-19 19:38:36,576 - INFO -   Node 1: DefaultNodeGene(key=1, bias=-0.18736823424543925, response=3.284133841757189, activation=sin, aggregation=product)
2024-12-19 19:38:36,576 - INFO -   Node 2: DefaultNodeGene(key=2, bias=-0.9809061373857568, response=-1.4169121886234732, activation=gauss, aggregation=mean)
2024-12-19 19:38:36,576 - INFO - Connections:
2024-12-19 19:38:36,576 - INFO -   (-1, 0): weight=-1.430489441835642, enabled=True
2024-12-19 19:38:36,576 - INFO -   (-1, 1): weight=-0.9490127605334522, enabled=True
2024-12-19 19:38:36,576 - INFO -   (-1, 2): weight=3.4390598995441697, enabled=True
2024-12-19 19:38:36,576 - INFO -   (-2, 0): weight=1.9256548373796945, enabled=True
2024-12-19 19:38:36,577 - INFO -   (-2, 2): weight=-3.662131740319835, enabled=False
2024-12-19 19:38:36,577 - INFO -   (-3, 0): weight=2.3674083628460103, enabled=False
2024-12-19 19:38:36,577 - INFO -   (-5, 0): weight=-1.6416695347179624, enabled=True
2024-12-19 19:38:36,577 - INFO -   (-5, 1): weight=1.9198439811060406, enabled=True
2024-12-19 19:38:36,577 - INFO -   (-4, 0): weight=-1.0280957694290755, enabled=True
2024-12-19 19:38:36,577 - INFO -   (-3, 2): weight=-2.0571661276453153, enabled=True
2024-12-19 19:38:36,891 - INFO - 
Best Genome in Generation 38:
2024-12-19 19:38:36,891 - INFO - Fitness: 3121.9628948151963
2024-12-19 19:38:36,891 - INFO - Network Structure:
2024-12-19 19:38:36,891 - INFO - Nodes:
2024-12-19 19:38:36,891 - INFO -   Node 0: DefaultNodeGene(key=0, bias=-1.6655935822624253, response=2.9349460326809016, activation=cube, aggregation=sum)
2024-12-19 19:38:36,891 - INFO -   Node 1: DefaultNodeGene(key=1, bias=-0.18736823424543925, response=3.284133841757189, activation=sin, aggregation=product)
2024-12-19 19:38:36,891 - INFO -   Node 2: DefaultNodeGene(key=2, bias=-0.9809061373857568, response=-1.4169121886234732, activation=gauss, aggregation=mean)
2024-12-19 19:38:36,891 - INFO - Connections:
2024-12-19 19:38:36,893 - INFO -   (-1, 0): weight=-1.430489441835642, enabled=True
2024-12-19 19:38:36,893 - INFO -   (-1, 1): weight=-0.9490127605334522, enabled=True
2024-12-19 19:38:36,893 - INFO -   (-1, 2): weight=3.4390598995441697, enabled=True
2024-12-19 19:38:36,893 - INFO -   (-2, 0): weight=1.9256548373796945, enabled=True
2024-12-19 19:38:36,893 - INFO -   (-2, 2): weight=-3.662131740319835, enabled=False
2024-12-19 19:38:36,893 - INFO -   (-3, 0): weight=2.3674083628460103, enabled=False
2024-12-19 19:38:36,894 - INFO -   (-5, 0): weight=-1.6416695347179624, enabled=True
2024-12-19 19:38:36,894 - INFO -   (-5, 1): weight=1.9198439811060406, enabled=True
2024-12-19 19:38:36,894 - INFO -   (-4, 0): weight=-1.0280957694290755, enabled=True
2024-12-19 19:38:36,894 - INFO -   (-3, 2): weight=-2.0571661276453153, enabled=True
2024-12-19 19:38:37,178 - INFO - 
Best Genome in Generation 39:
2024-12-19 19:38:37,179 - INFO - Fitness: 2768.6876314853425
2024-12-19 19:38:37,179 - INFO - Network Structure:
2024-12-19 19:38:37,179 - INFO - Nodes:
2024-12-19 19:38:37,179 - INFO -   Node 0: DefaultNodeGene(key=0, bias=-0.26596791623668237, response=1.2844268218387462, activation=sin, aggregation=sum)
2024-12-19 19:38:37,179 - INFO -   Node 1: DefaultNodeGene(key=1, bias=-0.1592506539938141, response=2.7492054283245793, activation=sin, aggregation=min)
2024-12-19 19:38:37,179 - INFO -   Node 2: DefaultNodeGene(key=2, bias=-1.8907277102751814, response=-1.0774259193283724, activation=hat, aggregation=product)
2024-12-19 19:38:37,179 - INFO - Connections:
2024-12-19 19:38:37,179 - INFO -   (-1, 0): weight=-4.085322112709158, enabled=False
2024-12-19 19:38:37,179 - INFO -   (-1, 2): weight=-0.5987221326072995, enabled=True
2024-12-19 19:38:37,180 - INFO -   (-2, 0): weight=-0.21408351218650773, enabled=True
2024-12-19 19:38:37,180 - INFO -   (-2, 2): weight=-4.311012153510749, enabled=False
2024-12-19 19:38:37,180 - INFO -   (-3, 0): weight=1.8417894281056997, enabled=False
2024-12-19 19:38:37,180 - INFO -   (-5, 0): weight=-1.657607458037024, enabled=True
2024-12-19 19:38:37,180 - INFO -   (-5, 1): weight=-2.777023850224786, enabled=True
2024-12-19 19:38:37,180 - INFO -   (-4, 0): weight=0.6564770144186347, enabled=True
2024-12-19 19:38:37,180 - INFO -   (-3, 2): weight=4.748815396051516, enabled=True
2024-12-19 19:38:37,288 - INFO - 
Training interrupted by user
