2024-12-19 19:09:47,472 - INFO - Initializing LanderTrainer
2024-12-19 19:09:47,473 - DEBUG - Environment initialized
2024-12-19 19:09:47,473 - DEBUG - Input handler initialized
2024-12-19 19:09:47,473 - INFO - NEAT library patched with genome logging
2024-12-19 19:09:47,475 - INFO - LanderTrainer initialization complete
2024-12-19 19:09:47,476 - INFO - Creating new population
2024-12-19 19:09:47,747 - INFO - 
Best Genome in Generation 0:
2024-12-19 19:09:47,747 - INFO - Fitness: 2932.3567357795087
2024-12-19 19:09:47,747 - INFO - Network Structure:
2024-12-19 19:09:47,747 - INFO - Nodes:
2024-12-19 19:09:47,757 - INFO -   Node 0: DefaultNodeGene(key=0, bias=2.8167957893395656, response=1.3111151634398532, activation=tanh, aggregation=sum)
2024-12-19 19:09:47,757 - INFO -   Node 1: DefaultNodeGene(key=1, bias=0.11733294669324432, response=1.0209123457314941, activation=tanh, aggregation=sum)
2024-12-19 19:09:47,760 - INFO -   Node 2: DefaultNodeGene(key=2, bias=-1.9813128720646835, response=0.35853439025030964, activation=tanh, aggregation=sum)
2024-12-19 19:09:47,765 - INFO - Connections:
2024-12-19 19:09:47,766 - INFO -   (-1, 0): weight=1.2245890883955768, enabled=True
2024-12-19 19:09:47,770 - INFO -   (-1, 1): weight=-1.400386717169797, enabled=True
2024-12-19 19:09:47,772 - INFO -   (-1, 2): weight=0.21517024121567346, enabled=True
2024-12-19 19:09:47,775 - INFO -   (-2, 0): weight=0.5012708621860411, enabled=True
2024-12-19 19:09:47,775 - INFO -   (-2, 1): weight=1.2094350295651015, enabled=True
2024-12-19 19:09:47,776 - INFO -   (-2, 2): weight=1.0578737654019705, enabled=True
2024-12-19 19:09:47,776 - INFO -   (-3, 0): weight=-1.6646558037674692, enabled=True
2024-12-19 19:09:47,776 - INFO -   (-3, 1): weight=-2.6301092404203956, enabled=True
2024-12-19 19:09:47,776 - INFO -   (-3, 2): weight=-0.42956852085183983, enabled=True
2024-12-19 19:09:47,776 - INFO -   (-4, 0): weight=-1.8513674861349896, enabled=True
2024-12-19 19:09:47,776 - INFO -   (-4, 1): weight=-1.3739840783013868, enabled=True
2024-12-19 19:09:47,776 - INFO -   (-4, 2): weight=-0.8158694199781829, enabled=True
2024-12-19 19:09:47,776 - INFO -   (-5, 0): weight=0.8733856107897464, enabled=True
2024-12-19 19:09:47,777 - INFO -   (-5, 1): weight=-2.8355812845853317, enabled=True
2024-12-19 19:09:47,777 - INFO -   (-5, 2): weight=0.8038835237682898, enabled=True
2024-12-19 19:09:47,777 - INFO - 
New Best Genome Found!
2024-12-19 19:09:47,777 - INFO - New Best Fitness: 2932.3567357795087
2024-12-19 19:09:48,126 - INFO - 
Best Genome in Generation 1:
2024-12-19 19:09:48,126 - INFO - Fitness: 2919.1648124193093
2024-12-19 19:09:48,126 - INFO - Network Structure:
2024-12-19 19:09:48,126 - INFO - Nodes:
2024-12-19 19:09:48,126 - INFO -   Node 0: DefaultNodeGene(key=0, bias=2.8167957893395656, response=1.3111151634398532, activation=tanh, aggregation=sum)
2024-12-19 19:09:48,126 - INFO -   Node 1: DefaultNodeGene(key=1, bias=0.11733294669324432, response=1.0209123457314941, activation=tanh, aggregation=sum)
2024-12-19 19:09:48,126 - INFO -   Node 2: DefaultNodeGene(key=2, bias=-1.9813128720646835, response=0.35853439025030964, activation=tanh, aggregation=sum)
2024-12-19 19:09:48,126 - INFO - Connections:
2024-12-19 19:09:48,126 - INFO -   (-1, 0): weight=1.2245890883955768, enabled=True
2024-12-19 19:09:48,126 - INFO -   (-1, 1): weight=-1.400386717169797, enabled=True
2024-12-19 19:09:48,126 - INFO -   (-1, 2): weight=0.21517024121567346, enabled=True
2024-12-19 19:09:48,127 - INFO -   (-2, 0): weight=0.5012708621860411, enabled=True
2024-12-19 19:09:48,127 - INFO -   (-2, 1): weight=1.2094350295651015, enabled=True
2024-12-19 19:09:48,127 - INFO -   (-2, 2): weight=1.0578737654019705, enabled=True
2024-12-19 19:09:48,127 - INFO -   (-3, 0): weight=-1.6646558037674692, enabled=True
2024-12-19 19:09:48,127 - INFO -   (-3, 1): weight=-2.6301092404203956, enabled=True
2024-12-19 19:09:48,127 - INFO -   (-3, 2): weight=-0.42956852085183983, enabled=True
2024-12-19 19:09:48,127 - INFO -   (-4, 0): weight=-1.8513674861349896, enabled=True
2024-12-19 19:09:48,127 - INFO -   (-4, 1): weight=-1.3739840783013868, enabled=True
2024-12-19 19:09:48,127 - INFO -   (-4, 2): weight=-0.8158694199781829, enabled=True
2024-12-19 19:09:48,127 - INFO -   (-5, 0): weight=0.8733856107897464, enabled=True
2024-12-19 19:09:48,127 - INFO -   (-5, 1): weight=-2.8355812845853317, enabled=True
2024-12-19 19:09:48,127 - INFO -   (-5, 2): weight=0.8038835237682898, enabled=True
2024-12-19 19:09:48,367 - INFO - 
Best Genome in Generation 2:
2024-12-19 19:09:48,367 - INFO - Fitness: 2734.4778853765188
2024-12-19 19:09:48,367 - INFO - Network Structure:
2024-12-19 19:09:48,367 - INFO - Nodes:
2024-12-19 19:09:48,367 - INFO -   Node 0: DefaultNodeGene(key=0, bias=2.8167957893395656, response=1.3111151634398532, activation=tanh, aggregation=sum)
2024-12-19 19:09:48,367 - INFO -   Node 1: DefaultNodeGene(key=1, bias=0.11733294669324432, response=1.0209123457314941, activation=tanh, aggregation=sum)
2024-12-19 19:09:48,367 - INFO -   Node 2: DefaultNodeGene(key=2, bias=-1.9813128720646835, response=0.35853439025030964, activation=tanh, aggregation=sum)
2024-12-19 19:09:48,367 - INFO - Connections:
2024-12-19 19:09:48,368 - INFO -   (-1, 0): weight=1.2245890883955768, enabled=True
2024-12-19 19:09:48,368 - INFO -   (-1, 1): weight=-1.400386717169797, enabled=True
2024-12-19 19:09:48,368 - INFO -   (-1, 2): weight=0.21517024121567346, enabled=True
2024-12-19 19:09:48,368 - INFO -   (-2, 0): weight=0.5012708621860411, enabled=True
2024-12-19 19:09:48,368 - INFO -   (-2, 1): weight=1.2094350295651015, enabled=True
2024-12-19 19:09:48,368 - INFO -   (-2, 2): weight=1.0578737654019705, enabled=True
2024-12-19 19:09:48,368 - INFO -   (-3, 0): weight=-1.6646558037674692, enabled=True
2024-12-19 19:09:48,368 - INFO -   (-3, 1): weight=-2.6301092404203956, enabled=True
2024-12-19 19:09:48,368 - INFO -   (-3, 2): weight=-0.42956852085183983, enabled=True
2024-12-19 19:09:48,368 - INFO -   (-4, 0): weight=-1.8513674861349896, enabled=True
2024-12-19 19:09:48,368 - INFO -   (-4, 1): weight=-1.3739840783013868, enabled=True
2024-12-19 19:09:48,368 - INFO -   (-4, 2): weight=-0.8158694199781829, enabled=True
2024-12-19 19:09:48,369 - INFO -   (-5, 0): weight=0.8733856107897464, enabled=True
2024-12-19 19:09:48,369 - INFO -   (-5, 1): weight=-2.8355812845853317, enabled=True
2024-12-19 19:09:48,369 - INFO -   (-5, 2): weight=0.8038835237682898, enabled=True
2024-12-19 19:09:48,581 - INFO - 
Best Genome in Generation 3:
2024-12-19 19:09:48,581 - INFO - Fitness: 2549.790958333728
2024-12-19 19:09:48,581 - INFO - Network Structure:
2024-12-19 19:09:48,581 - INFO - Nodes:
2024-12-19 19:09:48,581 - INFO -   Node 0: DefaultNodeGene(key=0, bias=2.8167957893395656, response=1.3111151634398532, activation=tanh, aggregation=sum)
2024-12-19 19:09:48,582 - INFO -   Node 1: DefaultNodeGene(key=1, bias=0.11733294669324432, response=1.0209123457314941, activation=tanh, aggregation=sum)
2024-12-19 19:09:48,582 - INFO -   Node 2: DefaultNodeGene(key=2, bias=-1.9813128720646835, response=0.35853439025030964, activation=tanh, aggregation=sum)
2024-12-19 19:09:48,582 - INFO - Connections:
2024-12-19 19:09:48,582 - INFO -   (-1, 0): weight=1.2245890883955768, enabled=True
2024-12-19 19:09:48,582 - INFO -   (-1, 1): weight=-1.400386717169797, enabled=True
2024-12-19 19:09:48,582 - INFO -   (-1, 2): weight=0.21517024121567346, enabled=True
2024-12-19 19:09:48,582 - INFO -   (-2, 0): weight=0.5012708621860411, enabled=True
2024-12-19 19:09:48,582 - INFO -   (-2, 1): weight=1.2094350295651015, enabled=True
2024-12-19 19:09:48,582 - INFO -   (-2, 2): weight=1.0578737654019705, enabled=True
2024-12-19 19:09:48,582 - INFO -   (-3, 0): weight=-1.6646558037674692, enabled=True
2024-12-19 19:09:48,582 - INFO -   (-3, 1): weight=-2.6301092404203956, enabled=True
2024-12-19 19:09:48,582 - INFO -   (-3, 2): weight=-0.42956852085183983, enabled=True
2024-12-19 19:09:48,583 - INFO -   (-4, 0): weight=-1.8513674861349896, enabled=True
2024-12-19 19:09:48,583 - INFO -   (-4, 1): weight=-1.3739840783013868, enabled=True
2024-12-19 19:09:48,583 - INFO -   (-4, 2): weight=-0.8158694199781829, enabled=True
2024-12-19 19:09:48,583 - INFO -   (-5, 0): weight=0.8733856107897464, enabled=True
2024-12-19 19:09:48,583 - INFO -   (-5, 1): weight=-2.8355812845853317, enabled=True
2024-12-19 19:09:48,583 - INFO -   (-5, 2): weight=0.8038835237682898, enabled=True
2024-12-19 19:09:48,820 - INFO - 
Best Genome in Generation 4:
2024-12-19 19:09:48,820 - INFO - Fitness: 2549.790958333728
2024-12-19 19:09:48,820 - INFO - Network Structure:
2024-12-19 19:09:48,820 - INFO - Nodes:
2024-12-19 19:09:48,820 - INFO -   Node 0: DefaultNodeGene(key=0, bias=2.8167957893395656, response=1.3111151634398532, activation=tanh, aggregation=sum)
2024-12-19 19:09:48,820 - INFO -   Node 1: DefaultNodeGene(key=1, bias=0.11733294669324432, response=1.0209123457314941, activation=tanh, aggregation=sum)
2024-12-19 19:09:48,820 - INFO -   Node 2: DefaultNodeGene(key=2, bias=-1.9813128720646835, response=0.35853439025030964, activation=tanh, aggregation=sum)
2024-12-19 19:09:48,820 - INFO - Connections:
2024-12-19 19:09:48,820 - INFO -   (-1, 0): weight=1.2245890883955768, enabled=True
2024-12-19 19:09:48,820 - INFO -   (-1, 1): weight=-1.400386717169797, enabled=True
2024-12-19 19:09:48,822 - INFO -   (-1, 2): weight=0.21517024121567346, enabled=True
2024-12-19 19:09:48,822 - INFO -   (-2, 0): weight=0.5012708621860411, enabled=True
2024-12-19 19:09:48,822 - INFO -   (-2, 1): weight=1.2094350295651015, enabled=True
2024-12-19 19:09:48,822 - INFO -   (-2, 2): weight=1.0578737654019705, enabled=True
2024-12-19 19:09:48,822 - INFO -   (-3, 0): weight=-1.6646558037674692, enabled=True
2024-12-19 19:09:48,822 - INFO -   (-3, 1): weight=-2.6301092404203956, enabled=True
2024-12-19 19:09:48,823 - INFO -   (-3, 2): weight=-0.42956852085183983, enabled=True
2024-12-19 19:09:48,823 - INFO -   (-4, 0): weight=-1.8513674861349896, enabled=True
2024-12-19 19:09:48,823 - INFO -   (-4, 1): weight=-1.3739840783013868, enabled=True
2024-12-19 19:09:48,823 - INFO -   (-4, 2): weight=-0.8158694199781829, enabled=True
2024-12-19 19:09:48,823 - INFO -   (-5, 0): weight=0.8733856107897464, enabled=True
2024-12-19 19:09:48,823 - INFO -   (-5, 1): weight=-2.8355812845853317, enabled=True
2024-12-19 19:09:48,823 - INFO -   (-5, 2): weight=0.8038835237682898, enabled=True
2024-12-19 19:09:49,127 - INFO - 
Best Genome in Generation 5:
2024-12-19 19:09:49,127 - INFO - Fitness: 4119.629838197448
2024-12-19 19:09:49,127 - INFO - Network Structure:
2024-12-19 19:09:49,127 - INFO - Nodes:
2024-12-19 19:09:49,127 - INFO -   Node 0: DefaultNodeGene(key=0, bias=2.8167957893395656, response=1.3111151634398532, activation=tanh, aggregation=sum)
2024-12-19 19:09:49,127 - INFO -   Node 1: DefaultNodeGene(key=1, bias=0.11733294669324432, response=1.0209123457314941, activation=tanh, aggregation=sum)
2024-12-19 19:09:49,127 - INFO -   Node 2: DefaultNodeGene(key=2, bias=-1.9813128720646835, response=0.35853439025030964, activation=tanh, aggregation=sum)
2024-12-19 19:09:49,128 - INFO - Connections:
2024-12-19 19:09:49,128 - INFO -   (-1, 0): weight=1.2245890883955768, enabled=True
2024-12-19 19:09:49,128 - INFO -   (-1, 1): weight=-1.400386717169797, enabled=True
2024-12-19 19:09:49,128 - INFO -   (-1, 2): weight=0.21517024121567346, enabled=True
2024-12-19 19:09:49,128 - INFO -   (-2, 0): weight=0.5012708621860411, enabled=True
2024-12-19 19:09:49,128 - INFO -   (-2, 1): weight=1.2094350295651015, enabled=True
2024-12-19 19:09:49,128 - INFO -   (-2, 2): weight=1.0578737654019705, enabled=True
2024-12-19 19:09:49,128 - INFO -   (-3, 0): weight=-1.6646558037674692, enabled=True
2024-12-19 19:09:49,128 - INFO -   (-3, 1): weight=-2.6301092404203956, enabled=True
2024-12-19 19:09:49,128 - INFO -   (-3, 2): weight=-0.42956852085183983, enabled=True
2024-12-19 19:09:49,128 - INFO -   (-4, 0): weight=-1.8513674861349896, enabled=True
2024-12-19 19:09:49,128 - INFO -   (-4, 1): weight=-1.3739840783013868, enabled=True
2024-12-19 19:09:49,128 - INFO -   (-4, 2): weight=-0.8158694199781829, enabled=True
2024-12-19 19:09:49,129 - INFO -   (-5, 0): weight=0.8733856107897464, enabled=True
2024-12-19 19:09:49,129 - INFO -   (-5, 1): weight=-2.8355812845853317, enabled=True
2024-12-19 19:09:49,129 - INFO -   (-5, 2): weight=0.8038835237682898, enabled=True
2024-12-19 19:09:49,129 - INFO - 
New Best Genome Found!
2024-12-19 19:09:49,129 - INFO - New Best Fitness: 4119.629838197448
2024-12-19 19:09:49,460 - INFO - 
Best Genome in Generation 6:
2024-12-19 19:09:49,461 - INFO - Fitness: 3763.447907472066
2024-12-19 19:09:49,461 - INFO - Network Structure:
2024-12-19 19:09:49,461 - INFO - Nodes:
2024-12-19 19:09:49,461 - INFO -   Node 0: DefaultNodeGene(key=0, bias=2.8167957893395656, response=1.3111151634398532, activation=tanh, aggregation=sum)
2024-12-19 19:09:49,461 - INFO -   Node 1: DefaultNodeGene(key=1, bias=0.11733294669324432, response=1.0209123457314941, activation=tanh, aggregation=sum)
2024-12-19 19:09:49,461 - INFO -   Node 2: DefaultNodeGene(key=2, bias=-1.9813128720646835, response=0.35853439025030964, activation=tanh, aggregation=sum)
2024-12-19 19:09:49,461 - INFO - Connections:
2024-12-19 19:09:49,461 - INFO -   (-1, 0): weight=1.2245890883955768, enabled=True
2024-12-19 19:09:49,461 - INFO -   (-1, 1): weight=-1.400386717169797, enabled=True
2024-12-19 19:09:49,461 - INFO -   (-1, 2): weight=0.21517024121567346, enabled=True
2024-12-19 19:09:49,461 - INFO -   (-2, 0): weight=0.5012708621860411, enabled=True
2024-12-19 19:09:49,461 - INFO -   (-2, 1): weight=1.2094350295651015, enabled=True
2024-12-19 19:09:49,462 - INFO -   (-2, 2): weight=1.0578737654019705, enabled=True
2024-12-19 19:09:49,462 - INFO -   (-3, 0): weight=-1.6646558037674692, enabled=True
2024-12-19 19:09:49,462 - INFO -   (-3, 1): weight=-2.6301092404203956, enabled=True
2024-12-19 19:09:49,462 - INFO -   (-3, 2): weight=-0.42956852085183983, enabled=True
2024-12-19 19:09:49,462 - INFO -   (-4, 0): weight=-1.8513674861349896, enabled=True
2024-12-19 19:09:49,462 - INFO -   (-4, 1): weight=-1.3739840783013868, enabled=True
2024-12-19 19:09:49,462 - INFO -   (-4, 2): weight=-0.8158694199781829, enabled=True
2024-12-19 19:09:49,462 - INFO -   (-5, 0): weight=0.8733856107897464, enabled=True
2024-12-19 19:09:49,462 - INFO -   (-5, 1): weight=-2.8355812845853317, enabled=True
2024-12-19 19:09:49,462 - INFO -   (-5, 2): weight=0.8038835237682898, enabled=True
2024-12-19 19:09:49,682 - INFO - 
Best Genome in Generation 7:
2024-12-19 19:09:49,683 - INFO - Fitness: 2549.790958333728
2024-12-19 19:09:49,683 - INFO - Network Structure:
2024-12-19 19:09:49,683 - INFO - Nodes:
2024-12-19 19:09:49,683 - INFO -   Node 0: DefaultNodeGene(key=0, bias=2.8167957893395656, response=1.3111151634398532, activation=tanh, aggregation=sum)
2024-12-19 19:09:49,683 - INFO -   Node 1: DefaultNodeGene(key=1, bias=0.11733294669324432, response=1.0209123457314941, activation=tanh, aggregation=sum)
2024-12-19 19:09:49,683 - INFO -   Node 2: DefaultNodeGene(key=2, bias=-1.9813128720646835, response=0.35853439025030964, activation=tanh, aggregation=sum)
2024-12-19 19:09:49,684 - INFO - Connections:
2024-12-19 19:09:49,684 - INFO -   (-1, 0): weight=1.2245890883955768, enabled=True
2024-12-19 19:09:49,684 - INFO -   (-1, 1): weight=-1.400386717169797, enabled=True
2024-12-19 19:09:49,684 - INFO -   (-1, 2): weight=0.21517024121567346, enabled=True
2024-12-19 19:09:49,684 - INFO -   (-2, 0): weight=0.5012708621860411, enabled=True
2024-12-19 19:09:49,684 - INFO -   (-2, 1): weight=1.2094350295651015, enabled=True
2024-12-19 19:09:49,685 - INFO -   (-2, 2): weight=1.0578737654019705, enabled=True
2024-12-19 19:09:49,685 - INFO -   (-3, 0): weight=-1.6646558037674692, enabled=True
2024-12-19 19:09:49,685 - INFO -   (-3, 1): weight=-2.6301092404203956, enabled=True
2024-12-19 19:09:49,685 - INFO -   (-3, 2): weight=-0.42956852085183983, enabled=True
2024-12-19 19:09:49,685 - INFO -   (-4, 0): weight=-1.8513674861349896, enabled=True
2024-12-19 19:09:49,685 - INFO -   (-4, 1): weight=-1.3739840783013868, enabled=True
2024-12-19 19:09:49,685 - INFO -   (-4, 2): weight=-0.8158694199781829, enabled=True
2024-12-19 19:09:49,685 - INFO -   (-5, 0): weight=0.8733856107897464, enabled=True
2024-12-19 19:09:49,685 - INFO -   (-5, 1): weight=-2.8355812845853317, enabled=True
2024-12-19 19:09:49,685 - INFO -   (-5, 2): weight=0.8038835237682898, enabled=True
2024-12-19 19:09:49,923 - INFO - 
Best Genome in Generation 8:
2024-12-19 19:09:49,923 - INFO - Fitness: 2549.790958333728
2024-12-19 19:09:49,923 - INFO - Network Structure:
2024-12-19 19:09:49,923 - INFO - Nodes:
2024-12-19 19:09:49,923 - INFO -   Node 0: DefaultNodeGene(key=0, bias=2.8167957893395656, response=1.3111151634398532, activation=tanh, aggregation=sum)
2024-12-19 19:09:49,923 - INFO -   Node 1: DefaultNodeGene(key=1, bias=0.11733294669324432, response=1.0209123457314941, activation=tanh, aggregation=sum)
2024-12-19 19:09:49,924 - INFO -   Node 2: DefaultNodeGene(key=2, bias=-1.9813128720646835, response=0.35853439025030964, activation=tanh, aggregation=sum)
2024-12-19 19:09:49,924 - INFO - Connections:
2024-12-19 19:09:49,924 - INFO -   (-1, 0): weight=1.2245890883955768, enabled=True
2024-12-19 19:09:49,924 - INFO -   (-1, 1): weight=-1.400386717169797, enabled=True
2024-12-19 19:09:49,924 - INFO -   (-1, 2): weight=0.21517024121567346, enabled=True
2024-12-19 19:09:49,924 - INFO -   (-2, 0): weight=0.5012708621860411, enabled=True
2024-12-19 19:09:49,924 - INFO -   (-2, 1): weight=1.2094350295651015, enabled=True
2024-12-19 19:09:49,924 - INFO -   (-2, 2): weight=1.0578737654019705, enabled=True
2024-12-19 19:09:49,924 - INFO -   (-3, 0): weight=-1.6646558037674692, enabled=True
2024-12-19 19:09:49,924 - INFO -   (-3, 1): weight=-2.6301092404203956, enabled=True
2024-12-19 19:09:49,924 - INFO -   (-3, 2): weight=-0.42956852085183983, enabled=True
2024-12-19 19:09:49,924 - INFO -   (-4, 0): weight=-1.8513674861349896, enabled=True
2024-12-19 19:09:49,925 - INFO -   (-4, 1): weight=-1.3739840783013868, enabled=True
2024-12-19 19:09:49,925 - INFO -   (-4, 2): weight=-0.8158694199781829, enabled=True
2024-12-19 19:09:49,925 - INFO -   (-5, 0): weight=0.8733856107897464, enabled=True
2024-12-19 19:09:49,925 - INFO -   (-5, 1): weight=-2.8355812845853317, enabled=True
2024-12-19 19:09:49,925 - INFO -   (-5, 2): weight=0.8038835237682898, enabled=True
2024-12-19 19:09:50,170 - INFO - 
Best Genome in Generation 9:
2024-12-19 19:09:50,171 - INFO - Fitness: 2549.790958333728
2024-12-19 19:09:50,171 - INFO - Network Structure:
2024-12-19 19:09:50,171 - INFO - Nodes:
2024-12-19 19:09:50,171 - INFO -   Node 0: DefaultNodeGene(key=0, bias=2.8167957893395656, response=1.3111151634398532, activation=tanh, aggregation=sum)
2024-12-19 19:09:50,171 - INFO -   Node 1: DefaultNodeGene(key=1, bias=0.11733294669324432, response=1.0209123457314941, activation=tanh, aggregation=sum)
2024-12-19 19:09:50,171 - INFO -   Node 2: DefaultNodeGene(key=2, bias=-1.9813128720646835, response=0.35853439025030964, activation=tanh, aggregation=sum)
2024-12-19 19:09:50,172 - INFO - Connections:
2024-12-19 19:09:50,172 - INFO -   (-1, 0): weight=1.2245890883955768, enabled=True
2024-12-19 19:09:50,172 - INFO -   (-1, 1): weight=-1.400386717169797, enabled=True
2024-12-19 19:09:50,172 - INFO -   (-1, 2): weight=0.21517024121567346, enabled=True
2024-12-19 19:09:50,172 - INFO -   (-2, 0): weight=0.5012708621860411, enabled=True
2024-12-19 19:09:50,173 - INFO -   (-2, 1): weight=1.2094350295651015, enabled=True
2024-12-19 19:09:50,173 - INFO -   (-2, 2): weight=1.0578737654019705, enabled=True
2024-12-19 19:09:50,173 - INFO -   (-3, 0): weight=-1.6646558037674692, enabled=True
2024-12-19 19:09:50,173 - INFO -   (-3, 1): weight=-2.6301092404203956, enabled=True
2024-12-19 19:09:50,173 - INFO -   (-3, 2): weight=-0.42956852085183983, enabled=True
2024-12-19 19:09:50,173 - INFO -   (-4, 0): weight=-1.8513674861349896, enabled=True
2024-12-19 19:09:50,173 - INFO -   (-4, 1): weight=-1.3739840783013868, enabled=True
2024-12-19 19:09:50,173 - INFO -   (-4, 2): weight=-0.8158694199781829, enabled=True
2024-12-19 19:09:50,173 - INFO -   (-5, 0): weight=0.8733856107897464, enabled=True
2024-12-19 19:09:50,174 - INFO -   (-5, 1): weight=-2.8355812845853317, enabled=True
2024-12-19 19:09:50,174 - INFO -   (-5, 2): weight=0.8038835237682898, enabled=True
2024-12-19 19:09:50,392 - INFO - 
Best Genome in Generation 10:
2024-12-19 19:09:50,392 - INFO - Fitness: 2549.790958333728
2024-12-19 19:09:50,392 - INFO - Network Structure:
2024-12-19 19:09:50,392 - INFO - Nodes:
2024-12-19 19:09:50,392 - INFO -   Node 0: DefaultNodeGene(key=0, bias=2.8167957893395656, response=1.3111151634398532, activation=tanh, aggregation=sum)
2024-12-19 19:09:50,392 - INFO -   Node 1: DefaultNodeGene(key=1, bias=0.11733294669324432, response=1.0209123457314941, activation=tanh, aggregation=sum)
2024-12-19 19:09:50,392 - INFO -   Node 2: DefaultNodeGene(key=2, bias=-1.9813128720646835, response=0.35853439025030964, activation=tanh, aggregation=sum)
2024-12-19 19:09:50,392 - INFO - Connections:
2024-12-19 19:09:50,392 - INFO -   (-1, 0): weight=1.2245890883955768, enabled=True
2024-12-19 19:09:50,392 - INFO -   (-1, 1): weight=-1.400386717169797, enabled=True
2024-12-19 19:09:50,392 - INFO -   (-1, 2): weight=0.21517024121567346, enabled=True
2024-12-19 19:09:50,393 - INFO -   (-2, 0): weight=0.5012708621860411, enabled=True
2024-12-19 19:09:50,393 - INFO -   (-2, 1): weight=1.2094350295651015, enabled=True
2024-12-19 19:09:50,393 - INFO -   (-2, 2): weight=1.0578737654019705, enabled=True
2024-12-19 19:09:50,393 - INFO -   (-3, 0): weight=-1.6646558037674692, enabled=True
2024-12-19 19:09:50,393 - INFO -   (-3, 1): weight=-2.6301092404203956, enabled=True
2024-12-19 19:09:50,393 - INFO -   (-3, 2): weight=-0.42956852085183983, enabled=True
2024-12-19 19:09:50,393 - INFO -   (-4, 0): weight=-1.8513674861349896, enabled=True
2024-12-19 19:09:50,393 - INFO -   (-4, 1): weight=-1.3739840783013868, enabled=True
2024-12-19 19:09:50,393 - INFO -   (-4, 2): weight=-0.8158694199781829, enabled=True
2024-12-19 19:09:50,393 - INFO -   (-5, 0): weight=0.8733856107897464, enabled=True
2024-12-19 19:09:50,393 - INFO -   (-5, 1): weight=-2.8355812845853317, enabled=True
2024-12-19 19:09:50,394 - INFO -   (-5, 2): weight=0.8038835237682898, enabled=True
2024-12-19 19:09:50,645 - INFO - 
Best Genome in Generation 11:
2024-12-19 19:09:50,645 - INFO - Fitness: 2549.790958333728
2024-12-19 19:09:50,645 - INFO - Network Structure:
2024-12-19 19:09:50,645 - INFO - Nodes:
2024-12-19 19:09:50,645 - INFO -   Node 0: DefaultNodeGene(key=0, bias=2.8167957893395656, response=1.3111151634398532, activation=tanh, aggregation=sum)
2024-12-19 19:09:50,645 - INFO -   Node 1: DefaultNodeGene(key=1, bias=0.11733294669324432, response=1.0209123457314941, activation=tanh, aggregation=sum)
2024-12-19 19:09:50,645 - INFO -   Node 2: DefaultNodeGene(key=2, bias=-1.9813128720646835, response=0.35853439025030964, activation=tanh, aggregation=sum)
2024-12-19 19:09:50,645 - INFO - Connections:
2024-12-19 19:09:50,646 - INFO -   (-1, 0): weight=1.2245890883955768, enabled=True
2024-12-19 19:09:50,646 - INFO -   (-1, 1): weight=-1.400386717169797, enabled=True
2024-12-19 19:09:50,646 - INFO -   (-1, 2): weight=0.21517024121567346, enabled=True
2024-12-19 19:09:50,646 - INFO -   (-2, 0): weight=0.5012708621860411, enabled=True
2024-12-19 19:09:50,646 - INFO -   (-2, 1): weight=1.2094350295651015, enabled=True
2024-12-19 19:09:50,646 - INFO -   (-2, 2): weight=1.0578737654019705, enabled=True
2024-12-19 19:09:50,646 - INFO -   (-3, 0): weight=-1.6646558037674692, enabled=True
2024-12-19 19:09:50,646 - INFO -   (-3, 1): weight=-2.6301092404203956, enabled=True
2024-12-19 19:09:50,646 - INFO -   (-3, 2): weight=-0.42956852085183983, enabled=True
2024-12-19 19:09:50,646 - INFO -   (-4, 0): weight=-1.8513674861349896, enabled=True
2024-12-19 19:09:50,646 - INFO -   (-4, 1): weight=-1.3739840783013868, enabled=True
2024-12-19 19:09:50,646 - INFO -   (-4, 2): weight=-0.8158694199781829, enabled=True
2024-12-19 19:09:50,646 - INFO -   (-5, 0): weight=0.8733856107897464, enabled=True
2024-12-19 19:09:50,646 - INFO -   (-5, 1): weight=-2.8355812845853317, enabled=True
2024-12-19 19:09:50,647 - INFO -   (-5, 2): weight=0.8038835237682898, enabled=True
2024-12-19 19:09:50,910 - INFO - 
Best Genome in Generation 12:
2024-12-19 19:09:50,910 - INFO - Fitness: 2549.790958333728
2024-12-19 19:09:50,910 - INFO - Network Structure:
2024-12-19 19:09:50,910 - INFO - Nodes:
2024-12-19 19:09:50,910 - INFO -   Node 0: DefaultNodeGene(key=0, bias=2.8167957893395656, response=1.3111151634398532, activation=tanh, aggregation=sum)
2024-12-19 19:09:50,910 - INFO -   Node 1: DefaultNodeGene(key=1, bias=0.11733294669324432, response=1.0209123457314941, activation=tanh, aggregation=sum)
2024-12-19 19:09:50,910 - INFO -   Node 2: DefaultNodeGene(key=2, bias=-1.9813128720646835, response=0.35853439025030964, activation=tanh, aggregation=sum)
2024-12-19 19:09:50,910 - INFO - Connections:
2024-12-19 19:09:50,910 - INFO -   (-1, 0): weight=1.2245890883955768, enabled=True
2024-12-19 19:09:50,910 - INFO -   (-1, 1): weight=-1.400386717169797, enabled=True
2024-12-19 19:09:50,910 - INFO -   (-1, 2): weight=0.21517024121567346, enabled=True
2024-12-19 19:09:50,910 - INFO -   (-2, 0): weight=0.5012708621860411, enabled=True
2024-12-19 19:09:50,911 - INFO -   (-2, 1): weight=1.2094350295651015, enabled=True
2024-12-19 19:09:50,911 - INFO -   (-2, 2): weight=1.0578737654019705, enabled=True
2024-12-19 19:09:50,912 - INFO -   (-3, 0): weight=-1.6646558037674692, enabled=True
2024-12-19 19:09:50,912 - INFO -   (-3, 1): weight=-2.6301092404203956, enabled=True
2024-12-19 19:09:50,912 - INFO -   (-3, 2): weight=-0.42956852085183983, enabled=True
2024-12-19 19:09:50,912 - INFO -   (-4, 0): weight=-1.8513674861349896, enabled=True
2024-12-19 19:09:50,912 - INFO -   (-4, 1): weight=-1.3739840783013868, enabled=True
2024-12-19 19:09:50,912 - INFO -   (-4, 2): weight=-0.8158694199781829, enabled=True
2024-12-19 19:09:50,912 - INFO -   (-5, 0): weight=0.8733856107897464, enabled=True
2024-12-19 19:09:50,912 - INFO -   (-5, 1): weight=-2.8355812845853317, enabled=True
2024-12-19 19:09:50,912 - INFO -   (-5, 2): weight=0.8038835237682898, enabled=True
2024-12-19 19:09:51,215 - INFO - 
Best Genome in Generation 13:
2024-12-19 19:09:51,216 - INFO - Fitness: 2787.245578817316
2024-12-19 19:09:51,216 - INFO - Network Structure:
2024-12-19 19:09:51,216 - INFO - Nodes:
2024-12-19 19:09:51,216 - INFO -   Node 0: DefaultNodeGene(key=0, bias=2.8167957893395656, response=1.3111151634398532, activation=tanh, aggregation=sum)
2024-12-19 19:09:51,217 - INFO -   Node 1: DefaultNodeGene(key=1, bias=0.11733294669324432, response=1.0209123457314941, activation=tanh, aggregation=sum)
2024-12-19 19:09:51,217 - INFO -   Node 2: DefaultNodeGene(key=2, bias=-1.9813128720646835, response=0.35853439025030964, activation=tanh, aggregation=sum)
2024-12-19 19:09:51,217 - INFO - Connections:
2024-12-19 19:09:51,217 - INFO -   (-1, 0): weight=1.2245890883955768, enabled=True
2024-12-19 19:09:51,217 - INFO -   (-1, 1): weight=-1.400386717169797, enabled=True
2024-12-19 19:09:51,217 - INFO -   (-1, 2): weight=0.21517024121567346, enabled=True
2024-12-19 19:09:51,217 - INFO -   (-2, 0): weight=0.5012708621860411, enabled=True
2024-12-19 19:09:51,217 - INFO -   (-2, 1): weight=1.2094350295651015, enabled=True
2024-12-19 19:09:51,217 - INFO -   (-2, 2): weight=1.0578737654019705, enabled=True
2024-12-19 19:09:51,217 - INFO -   (-3, 0): weight=-1.6646558037674692, enabled=True
2024-12-19 19:09:51,217 - INFO -   (-3, 1): weight=-2.6301092404203956, enabled=True
2024-12-19 19:09:51,217 - INFO -   (-3, 2): weight=-0.42956852085183983, enabled=True
2024-12-19 19:09:51,217 - INFO -   (-4, 0): weight=-1.8513674861349896, enabled=True
2024-12-19 19:09:51,218 - INFO -   (-4, 1): weight=-1.3739840783013868, enabled=True
2024-12-19 19:09:51,218 - INFO -   (-4, 2): weight=-0.8158694199781829, enabled=True
2024-12-19 19:09:51,218 - INFO -   (-5, 0): weight=0.8733856107897464, enabled=True
2024-12-19 19:09:51,218 - INFO -   (-5, 1): weight=-2.8355812845853317, enabled=True
2024-12-19 19:09:51,218 - INFO -   (-5, 2): weight=0.8038835237682898, enabled=True
2024-12-19 19:09:51,488 - INFO - 
Best Genome in Generation 14:
2024-12-19 19:09:51,488 - INFO - Fitness: 2549.790958333728
2024-12-19 19:09:51,488 - INFO - Network Structure:
2024-12-19 19:09:51,490 - INFO - Nodes:
2024-12-19 19:09:51,490 - INFO -   Node 0: DefaultNodeGene(key=0, bias=2.8167957893395656, response=1.3111151634398532, activation=tanh, aggregation=sum)
2024-12-19 19:09:51,490 - INFO -   Node 1: DefaultNodeGene(key=1, bias=0.11733294669324432, response=1.0209123457314941, activation=tanh, aggregation=sum)
2024-12-19 19:09:51,490 - INFO -   Node 2: DefaultNodeGene(key=2, bias=-1.9813128720646835, response=0.35853439025030964, activation=tanh, aggregation=sum)
2024-12-19 19:09:51,490 - INFO - Connections:
2024-12-19 19:09:51,490 - INFO -   (-1, 0): weight=1.2245890883955768, enabled=True
2024-12-19 19:09:51,490 - INFO -   (-1, 1): weight=-1.400386717169797, enabled=True
2024-12-19 19:09:51,491 - INFO -   (-1, 2): weight=0.21517024121567346, enabled=True
2024-12-19 19:09:51,491 - INFO -   (-2, 0): weight=0.5012708621860411, enabled=True
2024-12-19 19:09:51,491 - INFO -   (-2, 1): weight=1.2094350295651015, enabled=True
2024-12-19 19:09:51,491 - INFO -   (-2, 2): weight=1.0578737654019705, enabled=True
2024-12-19 19:09:51,491 - INFO -   (-3, 0): weight=-1.6646558037674692, enabled=True
2024-12-19 19:09:51,491 - INFO -   (-3, 1): weight=-2.6301092404203956, enabled=True
2024-12-19 19:09:51,491 - INFO -   (-3, 2): weight=-0.42956852085183983, enabled=True
2024-12-19 19:09:51,491 - INFO -   (-4, 0): weight=-1.8513674861349896, enabled=True
2024-12-19 19:09:51,492 - INFO -   (-4, 1): weight=-1.3739840783013868, enabled=True
2024-12-19 19:09:51,492 - INFO -   (-4, 2): weight=-0.8158694199781829, enabled=True
2024-12-19 19:09:51,492 - INFO -   (-5, 0): weight=0.8733856107897464, enabled=True
2024-12-19 19:09:51,492 - INFO -   (-5, 1): weight=-2.8355812845853317, enabled=True
2024-12-19 19:09:51,492 - INFO -   (-5, 2): weight=0.8038835237682898, enabled=True
2024-12-19 19:09:51,746 - INFO - 
Best Genome in Generation 15:
2024-12-19 19:09:51,746 - INFO - Fitness: 2549.790958333728
2024-12-19 19:09:51,746 - INFO - Network Structure:
2024-12-19 19:09:51,746 - INFO - Nodes:
2024-12-19 19:09:51,746 - INFO -   Node 0: DefaultNodeGene(key=0, bias=2.8167957893395656, response=1.3111151634398532, activation=tanh, aggregation=sum)
2024-12-19 19:09:51,746 - INFO -   Node 1: DefaultNodeGene(key=1, bias=0.11733294669324432, response=1.0209123457314941, activation=tanh, aggregation=sum)
2024-12-19 19:09:51,746 - INFO -   Node 2: DefaultNodeGene(key=2, bias=-1.9813128720646835, response=0.35853439025030964, activation=tanh, aggregation=sum)
2024-12-19 19:09:51,746 - INFO - Connections:
2024-12-19 19:09:51,747 - INFO -   (-1, 0): weight=1.2245890883955768, enabled=True
2024-12-19 19:09:51,747 - INFO -   (-1, 1): weight=-1.400386717169797, enabled=True
2024-12-19 19:09:51,747 - INFO -   (-1, 2): weight=0.21517024121567346, enabled=True
2024-12-19 19:09:51,747 - INFO -   (-2, 0): weight=0.5012708621860411, enabled=True
2024-12-19 19:09:51,747 - INFO -   (-2, 1): weight=1.2094350295651015, enabled=True
2024-12-19 19:09:51,747 - INFO -   (-2, 2): weight=1.0578737654019705, enabled=True
2024-12-19 19:09:51,747 - INFO -   (-3, 0): weight=-1.6646558037674692, enabled=True
2024-12-19 19:09:51,747 - INFO -   (-3, 1): weight=-2.6301092404203956, enabled=True
2024-12-19 19:09:51,747 - INFO -   (-3, 2): weight=-0.42956852085183983, enabled=True
2024-12-19 19:09:51,747 - INFO -   (-4, 0): weight=-1.8513674861349896, enabled=True
2024-12-19 19:09:51,747 - INFO -   (-4, 1): weight=-1.3739840783013868, enabled=True
2024-12-19 19:09:51,747 - INFO -   (-4, 2): weight=-0.8158694199781829, enabled=True
2024-12-19 19:09:51,747 - INFO -   (-5, 0): weight=0.8733856107897464, enabled=True
2024-12-19 19:09:51,748 - INFO -   (-5, 1): weight=-2.8355812845853317, enabled=True
2024-12-19 19:09:51,748 - INFO -   (-5, 2): weight=0.8038835237682898, enabled=True
2024-12-19 19:09:52,020 - INFO - 
Best Genome in Generation 16:
2024-12-19 19:09:52,020 - INFO - Fitness: 2945.548659139708
2024-12-19 19:09:52,020 - INFO - Network Structure:
2024-12-19 19:09:52,020 - INFO - Nodes:
2024-12-19 19:09:52,020 - INFO -   Node 0: DefaultNodeGene(key=0, bias=2.8167957893395656, response=1.3111151634398532, activation=tanh, aggregation=sum)
2024-12-19 19:09:52,020 - INFO -   Node 1: DefaultNodeGene(key=1, bias=0.11733294669324432, response=1.0209123457314941, activation=tanh, aggregation=sum)
2024-12-19 19:09:52,020 - INFO -   Node 2: DefaultNodeGene(key=2, bias=-1.9813128720646835, response=0.35853439025030964, activation=tanh, aggregation=sum)
2024-12-19 19:09:52,020 - INFO - Connections:
2024-12-19 19:09:52,021 - INFO -   (-1, 0): weight=1.2245890883955768, enabled=True
2024-12-19 19:09:52,021 - INFO -   (-1, 1): weight=-1.400386717169797, enabled=True
2024-12-19 19:09:52,021 - INFO -   (-1, 2): weight=0.21517024121567346, enabled=True
2024-12-19 19:09:52,021 - INFO -   (-2, 0): weight=0.5012708621860411, enabled=True
2024-12-19 19:09:52,021 - INFO -   (-2, 1): weight=1.2094350295651015, enabled=True
2024-12-19 19:09:52,021 - INFO -   (-2, 2): weight=1.0578737654019705, enabled=True
2024-12-19 19:09:52,021 - INFO -   (-3, 0): weight=-1.6646558037674692, enabled=True
2024-12-19 19:09:52,021 - INFO -   (-3, 1): weight=-2.6301092404203956, enabled=True
2024-12-19 19:09:52,021 - INFO -   (-3, 2): weight=-0.42956852085183983, enabled=True
2024-12-19 19:09:52,021 - INFO -   (-4, 0): weight=-1.8513674861349896, enabled=True
2024-12-19 19:09:52,021 - INFO -   (-4, 1): weight=-1.3739840783013868, enabled=True
2024-12-19 19:09:52,021 - INFO -   (-4, 2): weight=-0.8158694199781829, enabled=True
2024-12-19 19:09:52,021 - INFO -   (-5, 0): weight=0.8733856107897464, enabled=True
2024-12-19 19:09:52,022 - INFO -   (-5, 1): weight=-2.8355812845853317, enabled=True
2024-12-19 19:09:52,022 - INFO -   (-5, 2): weight=0.8038835237682898, enabled=True
2024-12-19 19:09:52,314 - INFO - 
Best Genome in Generation 17:
2024-12-19 19:09:52,314 - INFO - Fitness: 2945.548659139708
2024-12-19 19:09:52,314 - INFO - Network Structure:
2024-12-19 19:09:52,314 - INFO - Nodes:
2024-12-19 19:09:52,314 - INFO -   Node 0: DefaultNodeGene(key=0, bias=2.8167957893395656, response=1.3111151634398532, activation=tanh, aggregation=sum)
2024-12-19 19:09:52,314 - INFO -   Node 1: DefaultNodeGene(key=1, bias=0.11733294669324432, response=1.0209123457314941, activation=tanh, aggregation=sum)
2024-12-19 19:09:52,315 - INFO -   Node 2: DefaultNodeGene(key=2, bias=-1.9813128720646835, response=0.35853439025030964, activation=tanh, aggregation=sum)
2024-12-19 19:09:52,315 - INFO - Connections:
2024-12-19 19:09:52,315 - INFO -   (-1, 0): weight=1.2245890883955768, enabled=True
2024-12-19 19:09:52,315 - INFO -   (-1, 1): weight=-1.400386717169797, enabled=True
2024-12-19 19:09:52,315 - INFO -   (-1, 2): weight=0.21517024121567346, enabled=True
2024-12-19 19:09:52,315 - INFO -   (-2, 0): weight=0.5012708621860411, enabled=True
2024-12-19 19:09:52,315 - INFO -   (-2, 1): weight=1.2094350295651015, enabled=True
2024-12-19 19:09:52,315 - INFO -   (-2, 2): weight=1.0578737654019705, enabled=True
2024-12-19 19:09:52,315 - INFO -   (-3, 0): weight=-1.6646558037674692, enabled=True
2024-12-19 19:09:52,315 - INFO -   (-3, 1): weight=-2.6301092404203956, enabled=True
2024-12-19 19:09:52,315 - INFO -   (-3, 2): weight=-0.42956852085183983, enabled=True
2024-12-19 19:09:52,315 - INFO -   (-4, 0): weight=-1.8513674861349896, enabled=True
2024-12-19 19:09:52,315 - INFO -   (-4, 1): weight=-1.3739840783013868, enabled=True
2024-12-19 19:09:52,316 - INFO -   (-4, 2): weight=-0.8158694199781829, enabled=True
2024-12-19 19:09:52,316 - INFO -   (-5, 0): weight=0.8733856107897464, enabled=True
2024-12-19 19:09:52,316 - INFO -   (-5, 1): weight=-2.8355812845853317, enabled=True
2024-12-19 19:09:52,316 - INFO -   (-5, 2): weight=0.8038835237682898, enabled=True
2024-12-19 19:09:52,557 - INFO - 
Best Genome in Generation 18:
2024-12-19 19:09:52,558 - INFO - Fitness: 2549.790958333728
2024-12-19 19:09:52,558 - INFO - Network Structure:
2024-12-19 19:09:52,558 - INFO - Nodes:
2024-12-19 19:09:52,558 - INFO -   Node 0: DefaultNodeGene(key=0, bias=2.8167957893395656, response=1.3111151634398532, activation=tanh, aggregation=sum)
2024-12-19 19:09:52,558 - INFO -   Node 1: DefaultNodeGene(key=1, bias=0.11733294669324432, response=1.0209123457314941, activation=tanh, aggregation=sum)
2024-12-19 19:09:52,558 - INFO -   Node 2: DefaultNodeGene(key=2, bias=-1.9813128720646835, response=0.35853439025030964, activation=tanh, aggregation=sum)
2024-12-19 19:09:52,558 - INFO - Connections:
2024-12-19 19:09:52,558 - INFO -   (-1, 0): weight=1.2245890883955768, enabled=True
2024-12-19 19:09:52,558 - INFO -   (-1, 1): weight=-1.400386717169797, enabled=True
2024-12-19 19:09:52,559 - INFO -   (-1, 2): weight=0.21517024121567346, enabled=True
2024-12-19 19:09:52,560 - INFO -   (-2, 0): weight=0.5012708621860411, enabled=True
2024-12-19 19:09:52,560 - INFO -   (-2, 1): weight=1.2094350295651015, enabled=True
2024-12-19 19:09:52,560 - INFO -   (-2, 2): weight=1.0578737654019705, enabled=True
2024-12-19 19:09:52,560 - INFO -   (-3, 0): weight=-1.6646558037674692, enabled=True
2024-12-19 19:09:52,560 - INFO -   (-3, 1): weight=-2.6301092404203956, enabled=True
2024-12-19 19:09:52,561 - INFO -   (-3, 2): weight=-0.42956852085183983, enabled=True
2024-12-19 19:09:52,561 - INFO -   (-4, 0): weight=-1.8513674861349896, enabled=True
2024-12-19 19:09:52,561 - INFO -   (-4, 1): weight=-1.3739840783013868, enabled=True
2024-12-19 19:09:52,561 - INFO -   (-4, 2): weight=-0.8158694199781829, enabled=True
2024-12-19 19:09:52,561 - INFO -   (-5, 0): weight=0.8733856107897464, enabled=True
2024-12-19 19:09:52,561 - INFO -   (-5, 1): weight=-2.8355812845853317, enabled=True
2024-12-19 19:09:52,561 - INFO -   (-5, 2): weight=0.8038835237682898, enabled=True
2024-12-19 19:09:52,851 - INFO - 
Best Genome in Generation 19:
2024-12-19 19:09:52,851 - INFO - Fitness: 2866.397118978512
2024-12-19 19:09:52,851 - INFO - Network Structure:
2024-12-19 19:09:52,851 - INFO - Nodes:
2024-12-19 19:09:52,851 - INFO -   Node 0: DefaultNodeGene(key=0, bias=2.8167957893395656, response=1.3111151634398532, activation=tanh, aggregation=sum)
2024-12-19 19:09:52,851 - INFO -   Node 1: DefaultNodeGene(key=1, bias=0.11733294669324432, response=1.0209123457314941, activation=tanh, aggregation=sum)
2024-12-19 19:09:52,851 - INFO -   Node 2: DefaultNodeGene(key=2, bias=-1.9813128720646835, response=0.35853439025030964, activation=tanh, aggregation=sum)
2024-12-19 19:09:52,851 - INFO - Connections:
2024-12-19 19:09:52,851 - INFO -   (-1, 0): weight=1.2245890883955768, enabled=True
2024-12-19 19:09:52,852 - INFO -   (-1, 1): weight=-1.400386717169797, enabled=True
2024-12-19 19:09:52,852 - INFO -   (-1, 2): weight=0.21517024121567346, enabled=True
2024-12-19 19:09:52,852 - INFO -   (-2, 0): weight=0.5012708621860411, enabled=True
2024-12-19 19:09:52,852 - INFO -   (-2, 1): weight=1.2094350295651015, enabled=True
2024-12-19 19:09:52,852 - INFO -   (-2, 2): weight=1.0578737654019705, enabled=True
2024-12-19 19:09:52,852 - INFO -   (-3, 0): weight=-1.6646558037674692, enabled=True
2024-12-19 19:09:52,852 - INFO -   (-3, 1): weight=-2.6301092404203956, enabled=True
2024-12-19 19:09:52,852 - INFO -   (-3, 2): weight=-0.42956852085183983, enabled=True
2024-12-19 19:09:52,852 - INFO -   (-4, 0): weight=-1.8513674861349896, enabled=True
2024-12-19 19:09:52,852 - INFO -   (-4, 1): weight=-1.3739840783013868, enabled=True
2024-12-19 19:09:52,852 - INFO -   (-4, 2): weight=-0.8158694199781829, enabled=True
2024-12-19 19:09:52,852 - INFO -   (-5, 0): weight=0.8733856107897464, enabled=True
2024-12-19 19:09:52,852 - INFO -   (-5, 1): weight=-2.8355812845853317, enabled=True
2024-12-19 19:09:52,852 - INFO -   (-5, 2): weight=0.8038835237682898, enabled=True
2024-12-19 19:09:53,092 - INFO - 
Best Genome in Generation 20:
2024-12-19 19:09:53,093 - INFO - Fitness: 2574.5673558971166
2024-12-19 19:09:53,093 - INFO - Network Structure:
2024-12-19 19:09:53,093 - INFO - Nodes:
2024-12-19 19:09:53,093 - INFO -   Node 0: DefaultNodeGene(key=0, bias=1.3095244047189982, response=1.5313316842992162, activation=tanh, aggregation=median)
2024-12-19 19:09:53,093 - INFO -   Node 1: DefaultNodeGene(key=1, bias=-0.3186135370238794, response=1.130132424782854, activation=tanh, aggregation=median)
2024-12-19 19:09:53,093 - INFO -   Node 2: DefaultNodeGene(key=2, bias=1.2542508355572943, response=0.24942386585704432, activation=tanh, aggregation=sum)
2024-12-19 19:09:53,093 - INFO - Connections:
2024-12-19 19:09:53,093 - INFO -   (-1, 0): weight=0.6627351389089149, enabled=True
2024-12-19 19:09:53,093 - INFO -   (-1, 1): weight=0.43210919711861256, enabled=True
2024-12-19 19:09:53,093 - INFO -   (-1, 2): weight=0.1770187091142324, enabled=True
2024-12-19 19:09:53,093 - INFO -   (-2, 0): weight=0.278591900998326, enabled=True
2024-12-19 19:09:53,094 - INFO -   (-2, 1): weight=1.2094350295651015, enabled=True
2024-12-19 19:09:53,094 - INFO -   (-2, 2): weight=0.497275213922891, enabled=False
2024-12-19 19:09:53,094 - INFO -   (-3, 0): weight=-1.618937515791627, enabled=True
2024-12-19 19:09:53,094 - INFO -   (-3, 1): weight=-3.261001958945786, enabled=True
2024-12-19 19:09:53,094 - INFO -   (-3, 2): weight=-0.5408014086956224, enabled=True
2024-12-19 19:09:53,094 - INFO -   (-4, 0): weight=-2.6755788754094705, enabled=True
2024-12-19 19:09:53,094 - INFO -   (-4, 1): weight=-1.36602402392029, enabled=True
2024-12-19 19:09:53,094 - INFO -   (-4, 2): weight=-0.24541409130628478, enabled=True
2024-12-19 19:09:53,094 - INFO -   (-5, 0): weight=1.5793660393843747, enabled=True
2024-12-19 19:09:53,094 - INFO -   (-5, 2): weight=0.7548607024088131, enabled=True
2024-12-19 19:09:53,392 - INFO - 
Best Genome in Generation 21:
2024-12-19 19:09:53,392 - INFO - Fitness: 3334.4179705014767
2024-12-19 19:09:53,392 - INFO - Network Structure:
2024-12-19 19:09:53,392 - INFO - Nodes:
2024-12-19 19:09:53,393 - INFO -   Node 0: DefaultNodeGene(key=0, bias=1.1750606734490023, response=1.1448967529805005, activation=sin, aggregation=maxabs)
2024-12-19 19:09:53,393 - INFO -   Node 1: DefaultNodeGene(key=1, bias=-1.0703193770366615, response=2.052429330499704, activation=tanh, aggregation=median)
2024-12-19 19:09:53,393 - INFO -   Node 2: DefaultNodeGene(key=2, bias=1.721574774897231, response=0.7938422191871031, activation=cube, aggregation=median)
2024-12-19 19:09:53,393 - INFO - Connections:
2024-12-19 19:09:53,393 - INFO -   (-1, 0): weight=-0.538799647199389, enabled=True
2024-12-19 19:09:53,393 - INFO -   (-1, 1): weight=2.66157770762992, enabled=True
2024-12-19 19:09:53,394 - INFO -   (-1, 2): weight=-0.15533957475270488, enabled=True
2024-12-19 19:09:53,394 - INFO -   (-2, 0): weight=-2.297645356593307, enabled=True
2024-12-19 19:09:53,394 - INFO -   (-2, 1): weight=1.703818668808867, enabled=True
2024-12-19 19:09:53,394 - INFO -   (-2, 2): weight=1.8966936321814991, enabled=True
2024-12-19 19:09:53,394 - INFO -   (-3, 0): weight=-0.17658686618334213, enabled=True
2024-12-19 19:09:53,394 - INFO -   (-3, 1): weight=-1.9957746777753689, enabled=True
2024-12-19 19:09:53,394 - INFO -   (-3, 2): weight=0.6837058738869383, enabled=True
2024-12-19 19:09:53,394 - INFO -   (-4, 0): weight=-2.3057659490235407, enabled=False
2024-12-19 19:09:53,394 - INFO -   (-4, 1): weight=-0.4218124533340652, enabled=False
2024-12-19 19:09:53,394 - INFO -   (-4, 2): weight=0.7047250146449063, enabled=True
2024-12-19 19:09:53,394 - INFO -   (-5, 1): weight=-1.351199753599658, enabled=True
2024-12-19 19:09:53,394 - INFO -   (-5, 2): weight=2.389220987481897, enabled=True
2024-12-19 19:09:53,695 - INFO - 
Best Genome in Generation 22:
2024-12-19 19:09:53,695 - INFO - Fitness: 3334.4179705014767
2024-12-19 19:09:53,695 - INFO - Network Structure:
2024-12-19 19:09:53,696 - INFO - Nodes:
2024-12-19 19:09:53,696 - INFO -   Node 0: DefaultNodeGene(key=0, bias=1.1750606734490023, response=1.1448967529805005, activation=sin, aggregation=maxabs)
2024-12-19 19:09:53,696 - INFO -   Node 1: DefaultNodeGene(key=1, bias=-1.0703193770366615, response=2.052429330499704, activation=tanh, aggregation=median)
2024-12-19 19:09:53,696 - INFO -   Node 2: DefaultNodeGene(key=2, bias=1.721574774897231, response=0.7938422191871031, activation=cube, aggregation=median)
2024-12-19 19:09:53,696 - INFO - Connections:
2024-12-19 19:09:53,696 - INFO -   (-1, 0): weight=-0.538799647199389, enabled=True
2024-12-19 19:09:53,696 - INFO -   (-1, 1): weight=2.66157770762992, enabled=True
2024-12-19 19:09:53,696 - INFO -   (-1, 2): weight=-0.15533957475270488, enabled=True
2024-12-19 19:09:53,696 - INFO -   (-2, 0): weight=-2.297645356593307, enabled=True
2024-12-19 19:09:53,696 - INFO -   (-2, 1): weight=1.703818668808867, enabled=True
2024-12-19 19:09:53,697 - INFO -   (-2, 2): weight=1.8966936321814991, enabled=True
2024-12-19 19:09:53,697 - INFO -   (-3, 0): weight=-0.17658686618334213, enabled=True
2024-12-19 19:09:53,697 - INFO -   (-3, 1): weight=-1.9957746777753689, enabled=True
2024-12-19 19:09:53,697 - INFO -   (-3, 2): weight=0.6837058738869383, enabled=True
2024-12-19 19:09:53,697 - INFO -   (-4, 0): weight=-2.3057659490235407, enabled=False
2024-12-19 19:09:53,697 - INFO -   (-4, 1): weight=-0.4218124533340652, enabled=False
2024-12-19 19:09:53,697 - INFO -   (-4, 2): weight=0.7047250146449063, enabled=True
2024-12-19 19:09:53,697 - INFO -   (-5, 1): weight=-1.351199753599658, enabled=True
2024-12-19 19:09:53,697 - INFO -   (-5, 2): weight=2.389220987481897, enabled=True
2024-12-19 19:09:53,941 - INFO - 
Best Genome in Generation 23:
2024-12-19 19:09:53,941 - INFO - Fitness: 3334.4179705014767
2024-12-19 19:09:53,941 - INFO - Network Structure:
2024-12-19 19:09:53,941 - INFO - Nodes:
2024-12-19 19:09:53,942 - INFO -   Node 0: DefaultNodeGene(key=0, bias=1.1750606734490023, response=1.1448967529805005, activation=sin, aggregation=maxabs)
2024-12-19 19:09:53,942 - INFO -   Node 1: DefaultNodeGene(key=1, bias=-1.0703193770366615, response=2.052429330499704, activation=tanh, aggregation=median)
2024-12-19 19:09:53,942 - INFO -   Node 2: DefaultNodeGene(key=2, bias=1.721574774897231, response=0.7938422191871031, activation=cube, aggregation=median)
2024-12-19 19:09:53,942 - INFO - Connections:
2024-12-19 19:09:53,942 - INFO -   (-1, 0): weight=-0.538799647199389, enabled=True
2024-12-19 19:09:53,942 - INFO -   (-1, 1): weight=2.66157770762992, enabled=True
2024-12-19 19:09:53,942 - INFO -   (-1, 2): weight=-0.15533957475270488, enabled=True
2024-12-19 19:09:53,942 - INFO -   (-2, 0): weight=-2.297645356593307, enabled=True
2024-12-19 19:09:53,942 - INFO -   (-2, 1): weight=1.703818668808867, enabled=True
2024-12-19 19:09:53,942 - INFO -   (-2, 2): weight=1.8966936321814991, enabled=True
2024-12-19 19:09:53,942 - INFO -   (-3, 0): weight=-0.17658686618334213, enabled=True
2024-12-19 19:09:53,943 - INFO -   (-3, 1): weight=-1.9957746777753689, enabled=True
2024-12-19 19:09:53,943 - INFO -   (-3, 2): weight=0.6837058738869383, enabled=True
2024-12-19 19:09:53,943 - INFO -   (-4, 0): weight=-2.3057659490235407, enabled=False
2024-12-19 19:09:53,943 - INFO -   (-4, 1): weight=-0.4218124533340652, enabled=False
2024-12-19 19:09:53,943 - INFO -   (-4, 2): weight=0.7047250146449063, enabled=True
2024-12-19 19:09:53,943 - INFO -   (-5, 1): weight=-1.351199753599658, enabled=True
2024-12-19 19:09:53,943 - INFO -   (-5, 2): weight=2.389220987481897, enabled=True
2024-12-19 19:09:54,242 - INFO - 
Best Genome in Generation 24:
2024-12-19 19:09:54,242 - INFO - Fitness: 3334.4179705014767
2024-12-19 19:09:54,242 - INFO - Network Structure:
2024-12-19 19:09:54,242 - INFO - Nodes:
2024-12-19 19:09:54,242 - INFO -   Node 0: DefaultNodeGene(key=0, bias=1.1750606734490023, response=1.1448967529805005, activation=sin, aggregation=maxabs)
2024-12-19 19:09:54,242 - INFO -   Node 1: DefaultNodeGene(key=1, bias=-1.0703193770366615, response=2.052429330499704, activation=tanh, aggregation=median)
2024-12-19 19:09:54,243 - INFO -   Node 2: DefaultNodeGene(key=2, bias=1.721574774897231, response=0.7938422191871031, activation=cube, aggregation=median)
2024-12-19 19:09:54,243 - INFO - Connections:
2024-12-19 19:09:54,243 - INFO -   (-1, 0): weight=-0.538799647199389, enabled=True
2024-12-19 19:09:54,243 - INFO -   (-1, 1): weight=2.66157770762992, enabled=True
2024-12-19 19:09:54,243 - INFO -   (-1, 2): weight=-0.15533957475270488, enabled=True
2024-12-19 19:09:54,243 - INFO -   (-2, 0): weight=-2.297645356593307, enabled=True
2024-12-19 19:09:54,243 - INFO -   (-2, 1): weight=1.703818668808867, enabled=True
2024-12-19 19:09:54,243 - INFO -   (-2, 2): weight=1.8966936321814991, enabled=True
2024-12-19 19:09:54,243 - INFO -   (-3, 0): weight=-0.17658686618334213, enabled=True
2024-12-19 19:09:54,243 - INFO -   (-3, 1): weight=-1.9957746777753689, enabled=True
2024-12-19 19:09:54,243 - INFO -   (-3, 2): weight=0.6837058738869383, enabled=True
2024-12-19 19:09:54,243 - INFO -   (-4, 0): weight=-2.3057659490235407, enabled=False
2024-12-19 19:09:54,243 - INFO -   (-4, 1): weight=-0.4218124533340652, enabled=False
2024-12-19 19:09:54,244 - INFO -   (-4, 2): weight=0.7047250146449063, enabled=True
2024-12-19 19:09:54,244 - INFO -   (-5, 1): weight=-1.351199753599658, enabled=True
2024-12-19 19:09:54,244 - INFO -   (-5, 2): weight=2.389220987481897, enabled=True
2024-12-19 19:09:54,506 - INFO - 
Best Genome in Generation 25:
2024-12-19 19:09:54,506 - INFO - Fitness: 3334.4179705014767
2024-12-19 19:09:54,506 - INFO - Network Structure:
2024-12-19 19:09:54,507 - INFO - Nodes:
2024-12-19 19:09:54,507 - INFO -   Node 0: DefaultNodeGene(key=0, bias=1.1750606734490023, response=1.1448967529805005, activation=sin, aggregation=maxabs)
2024-12-19 19:09:54,507 - INFO -   Node 1: DefaultNodeGene(key=1, bias=-1.0703193770366615, response=2.052429330499704, activation=tanh, aggregation=median)
2024-12-19 19:09:54,507 - INFO -   Node 2: DefaultNodeGene(key=2, bias=1.721574774897231, response=0.7938422191871031, activation=cube, aggregation=median)
2024-12-19 19:09:54,507 - INFO - Connections:
2024-12-19 19:09:54,507 - INFO -   (-1, 0): weight=-0.538799647199389, enabled=True
2024-12-19 19:09:54,507 - INFO -   (-1, 1): weight=2.66157770762992, enabled=True
2024-12-19 19:09:54,507 - INFO -   (-1, 2): weight=-0.15533957475270488, enabled=True
2024-12-19 19:09:54,507 - INFO -   (-2, 0): weight=-2.297645356593307, enabled=True
2024-12-19 19:09:54,507 - INFO -   (-2, 1): weight=1.703818668808867, enabled=True
2024-12-19 19:09:54,507 - INFO -   (-2, 2): weight=1.8966936321814991, enabled=True
2024-12-19 19:09:54,508 - INFO -   (-3, 0): weight=-0.17658686618334213, enabled=True
2024-12-19 19:09:54,508 - INFO -   (-3, 1): weight=-1.9957746777753689, enabled=True
2024-12-19 19:09:54,508 - INFO -   (-3, 2): weight=0.6837058738869383, enabled=True
2024-12-19 19:09:54,508 - INFO -   (-4, 0): weight=-2.3057659490235407, enabled=False
2024-12-19 19:09:54,508 - INFO -   (-4, 1): weight=-0.4218124533340652, enabled=False
2024-12-19 19:09:54,508 - INFO -   (-4, 2): weight=0.7047250146449063, enabled=True
2024-12-19 19:09:54,508 - INFO -   (-5, 1): weight=-1.351199753599658, enabled=True
2024-12-19 19:09:54,508 - INFO -   (-5, 2): weight=2.389220987481897, enabled=True
2024-12-19 19:09:54,801 - INFO - 
Best Genome in Generation 26:
2024-12-19 19:09:54,802 - INFO - Fitness: 3334.4179705014767
2024-12-19 19:09:54,802 - INFO - Network Structure:
2024-12-19 19:09:54,802 - INFO - Nodes:
2024-12-19 19:09:54,802 - INFO -   Node 0: DefaultNodeGene(key=0, bias=1.1750606734490023, response=1.1448967529805005, activation=sin, aggregation=maxabs)
2024-12-19 19:09:54,802 - INFO -   Node 1: DefaultNodeGene(key=1, bias=-1.0703193770366615, response=2.052429330499704, activation=tanh, aggregation=median)
2024-12-19 19:09:54,804 - INFO -   Node 2: DefaultNodeGene(key=2, bias=1.721574774897231, response=0.7938422191871031, activation=cube, aggregation=median)
2024-12-19 19:09:54,804 - INFO - Connections:
2024-12-19 19:09:54,804 - INFO -   (-1, 0): weight=-0.538799647199389, enabled=True
2024-12-19 19:09:54,804 - INFO -   (-1, 1): weight=2.66157770762992, enabled=True
2024-12-19 19:09:54,804 - INFO -   (-1, 2): weight=-0.15533957475270488, enabled=True
2024-12-19 19:09:54,805 - INFO -   (-2, 0): weight=-2.297645356593307, enabled=True
2024-12-19 19:09:54,805 - INFO -   (-2, 1): weight=1.703818668808867, enabled=True
2024-12-19 19:09:54,805 - INFO -   (-2, 2): weight=1.8966936321814991, enabled=True
2024-12-19 19:09:54,805 - INFO -   (-3, 0): weight=-0.17658686618334213, enabled=True
2024-12-19 19:09:54,805 - INFO -   (-3, 1): weight=-1.9957746777753689, enabled=True
2024-12-19 19:09:54,805 - INFO -   (-3, 2): weight=0.6837058738869383, enabled=True
2024-12-19 19:09:54,805 - INFO -   (-4, 0): weight=-2.3057659490235407, enabled=False
2024-12-19 19:09:54,805 - INFO -   (-4, 1): weight=-0.4218124533340652, enabled=False
2024-12-19 19:09:54,806 - INFO -   (-4, 2): weight=0.7047250146449063, enabled=True
2024-12-19 19:09:54,806 - INFO -   (-5, 1): weight=-1.351199753599658, enabled=True
2024-12-19 19:09:54,806 - INFO -   (-5, 2): weight=2.389220987481897, enabled=True
2024-12-19 19:09:55,098 - INFO - 
Best Genome in Generation 27:
2024-12-19 19:09:55,098 - INFO - Fitness: 3685.3517526697424
2024-12-19 19:09:55,098 - INFO - Network Structure:
2024-12-19 19:09:55,099 - INFO - Nodes:
2024-12-19 19:09:55,099 - INFO -   Node 0: DefaultNodeGene(key=0, bias=1.1750606734490023, response=1.1448967529805005, activation=sin, aggregation=maxabs)
2024-12-19 19:09:55,101 - INFO -   Node 1: DefaultNodeGene(key=1, bias=-1.0703193770366615, response=2.052429330499704, activation=tanh, aggregation=median)
2024-12-19 19:09:55,101 - INFO -   Node 2: DefaultNodeGene(key=2, bias=1.721574774897231, response=0.7938422191871031, activation=cube, aggregation=median)
2024-12-19 19:09:55,101 - INFO - Connections:
2024-12-19 19:09:55,101 - INFO -   (-1, 0): weight=-0.538799647199389, enabled=True
2024-12-19 19:09:55,101 - INFO -   (-1, 1): weight=2.66157770762992, enabled=True
2024-12-19 19:09:55,101 - INFO -   (-1, 2): weight=-0.15533957475270488, enabled=True
2024-12-19 19:09:55,101 - INFO -   (-2, 0): weight=-2.297645356593307, enabled=True
2024-12-19 19:09:55,101 - INFO -   (-2, 1): weight=1.703818668808867, enabled=True
2024-12-19 19:09:55,101 - INFO -   (-2, 2): weight=1.8966936321814991, enabled=True
2024-12-19 19:09:55,101 - INFO -   (-3, 0): weight=-0.17658686618334213, enabled=True
2024-12-19 19:09:55,101 - INFO -   (-3, 1): weight=-1.9957746777753689, enabled=True
2024-12-19 19:09:55,101 - INFO -   (-3, 2): weight=0.6837058738869383, enabled=True
2024-12-19 19:09:55,101 - INFO -   (-4, 0): weight=-2.3057659490235407, enabled=False
2024-12-19 19:09:55,101 - INFO -   (-4, 1): weight=-0.4218124533340652, enabled=False
2024-12-19 19:09:55,101 - INFO -   (-4, 2): weight=0.7047250146449063, enabled=True
2024-12-19 19:09:55,101 - INFO -   (-5, 1): weight=-1.351199753599658, enabled=True
2024-12-19 19:09:55,101 - INFO -   (-5, 2): weight=2.389220987481897, enabled=True
2024-12-19 19:09:55,463 - INFO - 
Best Genome in Generation 28:
2024-12-19 19:09:55,463 - INFO - Fitness: 3589.6425393511245
2024-12-19 19:09:55,463 - INFO - Network Structure:
2024-12-19 19:09:55,463 - INFO - Nodes:
2024-12-19 19:09:55,463 - INFO -   Node 0: DefaultNodeGene(key=0, bias=1.1750606734490023, response=1.1448967529805005, activation=sin, aggregation=maxabs)
2024-12-19 19:09:55,463 - INFO -   Node 1: DefaultNodeGene(key=1, bias=-1.0703193770366615, response=2.052429330499704, activation=tanh, aggregation=median)
2024-12-19 19:09:55,463 - INFO -   Node 2: DefaultNodeGene(key=2, bias=1.721574774897231, response=0.7938422191871031, activation=cube, aggregation=median)
2024-12-19 19:09:55,463 - INFO - Connections:
2024-12-19 19:09:55,463 - INFO -   (-1, 0): weight=-0.538799647199389, enabled=True
2024-12-19 19:09:55,463 - INFO -   (-1, 1): weight=2.66157770762992, enabled=True
2024-12-19 19:09:55,464 - INFO -   (-1, 2): weight=-0.15533957475270488, enabled=True
2024-12-19 19:09:55,464 - INFO -   (-2, 0): weight=-2.297645356593307, enabled=True
2024-12-19 19:09:55,464 - INFO -   (-2, 1): weight=1.703818668808867, enabled=True
2024-12-19 19:09:55,464 - INFO -   (-2, 2): weight=1.8966936321814991, enabled=True
2024-12-19 19:09:55,464 - INFO -   (-3, 0): weight=-0.17658686618334213, enabled=True
2024-12-19 19:09:55,464 - INFO -   (-3, 1): weight=-1.9957746777753689, enabled=True
2024-12-19 19:09:55,464 - INFO -   (-3, 2): weight=0.6837058738869383, enabled=True
2024-12-19 19:09:55,464 - INFO -   (-4, 0): weight=-2.3057659490235407, enabled=False
2024-12-19 19:09:55,464 - INFO -   (-4, 1): weight=-0.4218124533340652, enabled=False
2024-12-19 19:09:55,464 - INFO -   (-4, 2): weight=0.7047250146449063, enabled=True
2024-12-19 19:09:55,464 - INFO -   (-5, 1): weight=-1.351199753599658, enabled=True
2024-12-19 19:09:55,464 - INFO -   (-5, 2): weight=2.389220987481897, enabled=True
2024-12-19 19:09:55,745 - INFO - 
Best Genome in Generation 29:
2024-12-19 19:09:55,745 - INFO - Fitness: 3334.4179705014767
2024-12-19 19:09:55,745 - INFO - Network Structure:
2024-12-19 19:09:55,745 - INFO - Nodes:
2024-12-19 19:09:55,745 - INFO -   Node 0: DefaultNodeGene(key=0, bias=1.1750606734490023, response=1.1448967529805005, activation=sin, aggregation=maxabs)
2024-12-19 19:09:55,745 - INFO -   Node 1: DefaultNodeGene(key=1, bias=-1.0703193770366615, response=2.052429330499704, activation=tanh, aggregation=median)
2024-12-19 19:09:55,745 - INFO -   Node 2: DefaultNodeGene(key=2, bias=1.721574774897231, response=0.7938422191871031, activation=cube, aggregation=median)
2024-12-19 19:09:55,745 - INFO - Connections:
2024-12-19 19:09:55,745 - INFO -   (-1, 0): weight=-0.538799647199389, enabled=True
2024-12-19 19:09:55,746 - INFO -   (-1, 1): weight=2.66157770762992, enabled=True
2024-12-19 19:09:55,746 - INFO -   (-1, 2): weight=-0.15533957475270488, enabled=True
2024-12-19 19:09:55,746 - INFO -   (-2, 0): weight=-2.297645356593307, enabled=True
2024-12-19 19:09:55,746 - INFO -   (-2, 1): weight=1.703818668808867, enabled=True
2024-12-19 19:09:55,746 - INFO -   (-2, 2): weight=1.8966936321814991, enabled=True
2024-12-19 19:09:55,746 - INFO -   (-3, 0): weight=-0.17658686618334213, enabled=True
2024-12-19 19:09:55,746 - INFO -   (-3, 1): weight=-1.9957746777753689, enabled=True
2024-12-19 19:09:55,747 - INFO -   (-3, 2): weight=0.6837058738869383, enabled=True
2024-12-19 19:09:55,747 - INFO -   (-4, 0): weight=-2.3057659490235407, enabled=False
2024-12-19 19:09:55,747 - INFO -   (-4, 1): weight=-0.4218124533340652, enabled=False
2024-12-19 19:09:55,747 - INFO -   (-4, 2): weight=0.7047250146449063, enabled=True
2024-12-19 19:09:55,747 - INFO -   (-5, 1): weight=-1.351199753599658, enabled=True
2024-12-19 19:09:55,747 - INFO -   (-5, 2): weight=2.389220987481897, enabled=True
2024-12-19 19:09:56,036 - INFO - 
Best Genome in Generation 30:
2024-12-19 19:09:56,036 - INFO - Fitness: 3334.4179705014767
2024-12-19 19:09:56,037 - INFO - Network Structure:
2024-12-19 19:09:56,037 - INFO - Nodes:
2024-12-19 19:09:56,037 - INFO -   Node 0: DefaultNodeGene(key=0, bias=1.1750606734490023, response=1.1448967529805005, activation=sin, aggregation=maxabs)
2024-12-19 19:09:56,037 - INFO -   Node 1: DefaultNodeGene(key=1, bias=-1.0703193770366615, response=2.052429330499704, activation=tanh, aggregation=median)
2024-12-19 19:09:56,037 - INFO -   Node 2: DefaultNodeGene(key=2, bias=1.721574774897231, response=0.7938422191871031, activation=cube, aggregation=median)
2024-12-19 19:09:56,037 - INFO - Connections:
2024-12-19 19:09:56,037 - INFO -   (-1, 0): weight=-0.538799647199389, enabled=True
2024-12-19 19:09:56,037 - INFO -   (-1, 1): weight=2.66157770762992, enabled=True
2024-12-19 19:09:56,037 - INFO -   (-1, 2): weight=-0.15533957475270488, enabled=True
2024-12-19 19:09:56,037 - INFO -   (-2, 0): weight=-2.297645356593307, enabled=True
2024-12-19 19:09:56,038 - INFO -   (-2, 1): weight=1.703818668808867, enabled=True
2024-12-19 19:09:56,038 - INFO -   (-2, 2): weight=1.8966936321814991, enabled=True
2024-12-19 19:09:56,038 - INFO -   (-3, 0): weight=-0.17658686618334213, enabled=True
2024-12-19 19:09:56,039 - INFO -   (-3, 1): weight=-1.9957746777753689, enabled=True
2024-12-19 19:09:56,039 - INFO -   (-3, 2): weight=0.6837058738869383, enabled=True
2024-12-19 19:09:56,039 - INFO -   (-4, 0): weight=-2.3057659490235407, enabled=False
2024-12-19 19:09:56,039 - INFO -   (-4, 1): weight=-0.4218124533340652, enabled=False
2024-12-19 19:09:56,039 - INFO -   (-4, 2): weight=0.7047250146449063, enabled=True
2024-12-19 19:09:56,040 - INFO -   (-5, 1): weight=-1.351199753599658, enabled=True
2024-12-19 19:09:56,040 - INFO -   (-5, 2): weight=2.389220987481897, enabled=True
2024-12-19 19:09:56,298 - INFO - 
Best Genome in Generation 31:
2024-12-19 19:09:56,298 - INFO - Fitness: 3334.4179705014767
2024-12-19 19:09:56,298 - INFO - Network Structure:
2024-12-19 19:09:56,298 - INFO - Nodes:
2024-12-19 19:09:56,298 - INFO -   Node 0: DefaultNodeGene(key=0, bias=1.1750606734490023, response=1.1448967529805005, activation=sin, aggregation=maxabs)
2024-12-19 19:09:56,298 - INFO -   Node 1: DefaultNodeGene(key=1, bias=-1.0703193770366615, response=2.052429330499704, activation=tanh, aggregation=median)
2024-12-19 19:09:56,299 - INFO -   Node 2: DefaultNodeGene(key=2, bias=1.721574774897231, response=0.7938422191871031, activation=cube, aggregation=median)
2024-12-19 19:09:56,299 - INFO - Connections:
2024-12-19 19:09:56,299 - INFO -   (-1, 0): weight=-0.538799647199389, enabled=True
2024-12-19 19:09:56,299 - INFO -   (-1, 1): weight=2.66157770762992, enabled=True
2024-12-19 19:09:56,299 - INFO -   (-1, 2): weight=-0.15533957475270488, enabled=True
2024-12-19 19:09:56,299 - INFO -   (-2, 0): weight=-2.297645356593307, enabled=True
2024-12-19 19:09:56,299 - INFO -   (-2, 1): weight=1.703818668808867, enabled=True
2024-12-19 19:09:56,300 - INFO -   (-2, 2): weight=1.8966936321814991, enabled=True
2024-12-19 19:09:56,300 - INFO -   (-3, 0): weight=-0.17658686618334213, enabled=True
2024-12-19 19:09:56,300 - INFO -   (-3, 1): weight=-1.9957746777753689, enabled=True
2024-12-19 19:09:56,300 - INFO -   (-3, 2): weight=0.6837058738869383, enabled=True
2024-12-19 19:09:56,300 - INFO -   (-4, 0): weight=-2.3057659490235407, enabled=False
2024-12-19 19:09:56,301 - INFO -   (-4, 1): weight=-0.4218124533340652, enabled=False
2024-12-19 19:09:56,301 - INFO -   (-4, 2): weight=0.7047250146449063, enabled=True
2024-12-19 19:09:56,301 - INFO -   (-5, 1): weight=-1.351199753599658, enabled=True
2024-12-19 19:09:56,301 - INFO -   (-5, 2): weight=2.389220987481897, enabled=True
2024-12-19 19:09:56,573 - INFO - 
Best Genome in Generation 32:
2024-12-19 19:09:56,573 - INFO - Fitness: 3334.4179705014767
2024-12-19 19:09:56,573 - INFO - Network Structure:
2024-12-19 19:09:56,573 - INFO - Nodes:
2024-12-19 19:09:56,573 - INFO -   Node 0: DefaultNodeGene(key=0, bias=1.1750606734490023, response=1.1448967529805005, activation=sin, aggregation=maxabs)
2024-12-19 19:09:56,573 - INFO -   Node 1: DefaultNodeGene(key=1, bias=-1.0703193770366615, response=2.052429330499704, activation=tanh, aggregation=median)
2024-12-19 19:09:56,573 - INFO -   Node 2: DefaultNodeGene(key=2, bias=1.721574774897231, response=0.7938422191871031, activation=cube, aggregation=median)
2024-12-19 19:09:56,573 - INFO - Connections:
2024-12-19 19:09:56,573 - INFO -   (-1, 0): weight=-0.538799647199389, enabled=True
2024-12-19 19:09:56,573 - INFO -   (-1, 1): weight=2.66157770762992, enabled=True
2024-12-19 19:09:56,573 - INFO -   (-1, 2): weight=-0.15533957475270488, enabled=True
2024-12-19 19:09:56,574 - INFO -   (-2, 0): weight=-2.297645356593307, enabled=True
2024-12-19 19:09:56,574 - INFO -   (-2, 1): weight=1.703818668808867, enabled=True
2024-12-19 19:09:56,574 - INFO -   (-2, 2): weight=1.8966936321814991, enabled=True
2024-12-19 19:09:56,574 - INFO -   (-3, 0): weight=-0.17658686618334213, enabled=True
2024-12-19 19:09:56,574 - INFO -   (-3, 1): weight=-1.9957746777753689, enabled=True
2024-12-19 19:09:56,574 - INFO -   (-3, 2): weight=0.6837058738869383, enabled=True
2024-12-19 19:09:56,574 - INFO -   (-4, 0): weight=-2.3057659490235407, enabled=False
2024-12-19 19:09:56,574 - INFO -   (-4, 1): weight=-0.4218124533340652, enabled=False
2024-12-19 19:09:56,574 - INFO -   (-4, 2): weight=0.7047250146449063, enabled=True
2024-12-19 19:09:56,574 - INFO -   (-5, 1): weight=-1.351199753599658, enabled=True
2024-12-19 19:09:56,574 - INFO -   (-5, 2): weight=2.389220987481897, enabled=True
2024-12-19 19:09:56,859 - INFO - 
Best Genome in Generation 33:
2024-12-19 19:09:56,859 - INFO - Fitness: 3334.4179705014767
2024-12-19 19:09:56,859 - INFO - Network Structure:
2024-12-19 19:09:56,859 - INFO - Nodes:
2024-12-19 19:09:56,859 - INFO -   Node 0: DefaultNodeGene(key=0, bias=1.1750606734490023, response=1.1448967529805005, activation=sin, aggregation=maxabs)
2024-12-19 19:09:56,859 - INFO -   Node 1: DefaultNodeGene(key=1, bias=-1.0703193770366615, response=2.052429330499704, activation=tanh, aggregation=median)
2024-12-19 19:09:56,860 - INFO -   Node 2: DefaultNodeGene(key=2, bias=1.721574774897231, response=0.7938422191871031, activation=cube, aggregation=median)
2024-12-19 19:09:56,860 - INFO - Connections:
2024-12-19 19:09:56,860 - INFO -   (-1, 0): weight=-0.538799647199389, enabled=True
2024-12-19 19:09:56,860 - INFO -   (-1, 1): weight=2.66157770762992, enabled=True
2024-12-19 19:09:56,860 - INFO -   (-1, 2): weight=-0.15533957475270488, enabled=True
2024-12-19 19:09:56,860 - INFO -   (-2, 0): weight=-2.297645356593307, enabled=True
2024-12-19 19:09:56,860 - INFO -   (-2, 1): weight=1.703818668808867, enabled=True
2024-12-19 19:09:56,860 - INFO -   (-2, 2): weight=1.8966936321814991, enabled=True
2024-12-19 19:09:56,860 - INFO -   (-3, 0): weight=-0.17658686618334213, enabled=True
2024-12-19 19:09:56,860 - INFO -   (-3, 1): weight=-1.9957746777753689, enabled=True
2024-12-19 19:09:56,860 - INFO -   (-3, 2): weight=0.6837058738869383, enabled=True
2024-12-19 19:09:56,860 - INFO -   (-4, 0): weight=-2.3057659490235407, enabled=False
2024-12-19 19:09:56,860 - INFO -   (-4, 1): weight=-0.4218124533340652, enabled=False
2024-12-19 19:09:56,860 - INFO -   (-4, 2): weight=0.7047250146449063, enabled=True
2024-12-19 19:09:56,860 - INFO -   (-5, 1): weight=-1.351199753599658, enabled=True
2024-12-19 19:09:56,862 - INFO -   (-5, 2): weight=2.389220987481897, enabled=True
2024-12-19 19:09:57,127 - INFO - 
Best Genome in Generation 34:
2024-12-19 19:09:57,127 - INFO - Fitness: 3334.4179705014767
2024-12-19 19:09:57,127 - INFO - Network Structure:
2024-12-19 19:09:57,128 - INFO - Nodes:
2024-12-19 19:09:57,128 - INFO -   Node 0: DefaultNodeGene(key=0, bias=1.1750606734490023, response=1.1448967529805005, activation=sin, aggregation=maxabs)
2024-12-19 19:09:57,128 - INFO -   Node 1: DefaultNodeGene(key=1, bias=-1.0703193770366615, response=2.052429330499704, activation=tanh, aggregation=median)
2024-12-19 19:09:57,128 - INFO -   Node 2: DefaultNodeGene(key=2, bias=1.721574774897231, response=0.7938422191871031, activation=cube, aggregation=median)
2024-12-19 19:09:57,128 - INFO - Connections:
2024-12-19 19:09:57,128 - INFO -   (-1, 0): weight=-0.538799647199389, enabled=True
2024-12-19 19:09:57,128 - INFO -   (-1, 1): weight=2.66157770762992, enabled=True
2024-12-19 19:09:57,129 - INFO -   (-1, 2): weight=-0.15533957475270488, enabled=True
2024-12-19 19:09:57,129 - INFO -   (-2, 0): weight=-2.297645356593307, enabled=True
2024-12-19 19:09:57,129 - INFO -   (-2, 1): weight=1.703818668808867, enabled=True
2024-12-19 19:09:57,129 - INFO -   (-2, 2): weight=1.8966936321814991, enabled=True
2024-12-19 19:09:57,129 - INFO -   (-3, 0): weight=-0.17658686618334213, enabled=True
2024-12-19 19:09:57,129 - INFO -   (-3, 1): weight=-1.9957746777753689, enabled=True
2024-12-19 19:09:57,130 - INFO -   (-3, 2): weight=0.6837058738869383, enabled=True
2024-12-19 19:09:57,130 - INFO -   (-4, 0): weight=-2.3057659490235407, enabled=False
2024-12-19 19:09:57,130 - INFO -   (-4, 1): weight=-0.4218124533340652, enabled=False
2024-12-19 19:09:57,130 - INFO -   (-4, 2): weight=0.7047250146449063, enabled=True
2024-12-19 19:09:57,130 - INFO -   (-5, 1): weight=-1.351199753599658, enabled=True
2024-12-19 19:09:57,130 - INFO -   (-5, 2): weight=2.389220987481897, enabled=True
2024-12-19 19:09:57,418 - INFO - 
Best Genome in Generation 35:
2024-12-19 19:09:57,419 - INFO - Fitness: 3334.4179705014767
2024-12-19 19:09:57,419 - INFO - Network Structure:
2024-12-19 19:09:57,419 - INFO - Nodes:
2024-12-19 19:09:57,419 - INFO -   Node 0: DefaultNodeGene(key=0, bias=1.1750606734490023, response=1.1448967529805005, activation=sin, aggregation=maxabs)
2024-12-19 19:09:57,419 - INFO -   Node 1: DefaultNodeGene(key=1, bias=-1.0703193770366615, response=2.052429330499704, activation=tanh, aggregation=median)
2024-12-19 19:09:57,419 - INFO -   Node 2: DefaultNodeGene(key=2, bias=1.721574774897231, response=0.7938422191871031, activation=cube, aggregation=median)
2024-12-19 19:09:57,419 - INFO - Connections:
2024-12-19 19:09:57,419 - INFO -   (-1, 0): weight=-0.538799647199389, enabled=True
2024-12-19 19:09:57,419 - INFO -   (-1, 1): weight=2.66157770762992, enabled=True
2024-12-19 19:09:57,419 - INFO -   (-1, 2): weight=-0.15533957475270488, enabled=True
2024-12-19 19:09:57,419 - INFO -   (-2, 0): weight=-2.297645356593307, enabled=True
2024-12-19 19:09:57,419 - INFO -   (-2, 1): weight=1.703818668808867, enabled=True
2024-12-19 19:09:57,419 - INFO -   (-2, 2): weight=1.8966936321814991, enabled=True
2024-12-19 19:09:57,420 - INFO -   (-3, 0): weight=-0.17658686618334213, enabled=True
2024-12-19 19:09:57,420 - INFO -   (-3, 1): weight=-1.9957746777753689, enabled=True
2024-12-19 19:09:57,420 - INFO -   (-3, 2): weight=0.6837058738869383, enabled=True
2024-12-19 19:09:57,420 - INFO -   (-4, 0): weight=-2.3057659490235407, enabled=False
2024-12-19 19:09:57,420 - INFO -   (-4, 1): weight=-0.4218124533340652, enabled=False
2024-12-19 19:09:57,420 - INFO -   (-4, 2): weight=0.7047250146449063, enabled=True
2024-12-19 19:09:57,420 - INFO -   (-5, 1): weight=-1.351199753599658, enabled=True
2024-12-19 19:09:57,420 - INFO -   (-5, 2): weight=2.389220987481897, enabled=True
2024-12-19 19:09:57,710 - INFO - 
Best Genome in Generation 36:
2024-12-19 19:09:57,710 - INFO - Fitness: 3334.4179705014767
2024-12-19 19:09:57,710 - INFO - Network Structure:
2024-12-19 19:09:57,710 - INFO - Nodes:
2024-12-19 19:09:57,710 - INFO -   Node 0: DefaultNodeGene(key=0, bias=1.1750606734490023, response=1.1448967529805005, activation=sin, aggregation=maxabs)
2024-12-19 19:09:57,711 - INFO -   Node 1: DefaultNodeGene(key=1, bias=-1.0703193770366615, response=2.052429330499704, activation=tanh, aggregation=median)
2024-12-19 19:09:57,711 - INFO -   Node 2: DefaultNodeGene(key=2, bias=1.721574774897231, response=0.7938422191871031, activation=cube, aggregation=median)
2024-12-19 19:09:57,711 - INFO - Connections:
2024-12-19 19:09:57,711 - INFO -   (-1, 0): weight=-0.538799647199389, enabled=True
2024-12-19 19:09:57,711 - INFO -   (-1, 1): weight=2.66157770762992, enabled=True
2024-12-19 19:09:57,711 - INFO -   (-1, 2): weight=-0.15533957475270488, enabled=True
2024-12-19 19:09:57,711 - INFO -   (-2, 0): weight=-2.297645356593307, enabled=True
2024-12-19 19:09:57,711 - INFO -   (-2, 1): weight=1.703818668808867, enabled=True
2024-12-19 19:09:57,711 - INFO -   (-2, 2): weight=1.8966936321814991, enabled=True
2024-12-19 19:09:57,711 - INFO -   (-3, 0): weight=-0.17658686618334213, enabled=True
2024-12-19 19:09:57,711 - INFO -   (-3, 1): weight=-1.9957746777753689, enabled=True
2024-12-19 19:09:57,711 - INFO -   (-3, 2): weight=0.6837058738869383, enabled=True
2024-12-19 19:09:57,711 - INFO -   (-4, 0): weight=-2.3057659490235407, enabled=False
2024-12-19 19:09:57,711 - INFO -   (-4, 1): weight=-0.4218124533340652, enabled=False
2024-12-19 19:09:57,711 - INFO -   (-4, 2): weight=0.7047250146449063, enabled=True
2024-12-19 19:09:57,711 - INFO -   (-5, 1): weight=-1.351199753599658, enabled=True
2024-12-19 19:09:57,711 - INFO -   (-5, 2): weight=2.389220987481897, enabled=True
2024-12-19 19:09:57,989 - INFO - 
Best Genome in Generation 37:
2024-12-19 19:09:57,989 - INFO - Fitness: 3334.4179705014767
2024-12-19 19:09:57,989 - INFO - Network Structure:
2024-12-19 19:09:57,989 - INFO - Nodes:
2024-12-19 19:09:57,989 - INFO -   Node 0: DefaultNodeGene(key=0, bias=1.1750606734490023, response=1.1448967529805005, activation=sin, aggregation=maxabs)
2024-12-19 19:09:57,989 - INFO -   Node 1: DefaultNodeGene(key=1, bias=-1.0703193770366615, response=2.052429330499704, activation=tanh, aggregation=median)
2024-12-19 19:09:57,989 - INFO -   Node 2: DefaultNodeGene(key=2, bias=1.721574774897231, response=0.7938422191871031, activation=cube, aggregation=median)
2024-12-19 19:09:57,989 - INFO - Connections:
2024-12-19 19:09:57,989 - INFO -   (-1, 0): weight=-0.538799647199389, enabled=True
2024-12-19 19:09:57,990 - INFO -   (-1, 1): weight=2.66157770762992, enabled=True
2024-12-19 19:09:57,990 - INFO -   (-1, 2): weight=-0.15533957475270488, enabled=True
2024-12-19 19:09:57,990 - INFO -   (-2, 0): weight=-2.297645356593307, enabled=True
2024-12-19 19:09:57,990 - INFO -   (-2, 1): weight=1.703818668808867, enabled=True
2024-12-19 19:09:57,990 - INFO -   (-2, 2): weight=1.8966936321814991, enabled=True
2024-12-19 19:09:57,991 - INFO -   (-3, 0): weight=-0.17658686618334213, enabled=True
2024-12-19 19:09:57,991 - INFO -   (-3, 1): weight=-1.9957746777753689, enabled=True
2024-12-19 19:09:57,991 - INFO -   (-3, 2): weight=0.6837058738869383, enabled=True
2024-12-19 19:09:57,991 - INFO -   (-4, 0): weight=-2.3057659490235407, enabled=False
2024-12-19 19:09:57,991 - INFO -   (-4, 1): weight=-0.4218124533340652, enabled=False
2024-12-19 19:09:57,992 - INFO -   (-4, 2): weight=0.7047250146449063, enabled=True
2024-12-19 19:09:57,992 - INFO -   (-5, 1): weight=-1.351199753599658, enabled=True
2024-12-19 19:09:57,992 - INFO -   (-5, 2): weight=2.389220987481897, enabled=True
2024-12-19 19:09:58,286 - INFO - 
Best Genome in Generation 38:
2024-12-19 19:09:58,286 - INFO - Fitness: 3334.4179705014767
2024-12-19 19:09:58,286 - INFO - Network Structure:
2024-12-19 19:09:58,288 - INFO - Nodes:
2024-12-19 19:09:58,288 - INFO -   Node 0: DefaultNodeGene(key=0, bias=1.1750606734490023, response=1.1448967529805005, activation=sin, aggregation=maxabs)
2024-12-19 19:09:58,288 - INFO -   Node 1: DefaultNodeGene(key=1, bias=-1.0703193770366615, response=2.052429330499704, activation=tanh, aggregation=median)
2024-12-19 19:09:58,289 - INFO -   Node 2: DefaultNodeGene(key=2, bias=1.721574774897231, response=0.7938422191871031, activation=cube, aggregation=median)
2024-12-19 19:09:58,290 - INFO - Connections:
2024-12-19 19:09:58,290 - INFO -   (-1, 0): weight=-0.538799647199389, enabled=True
2024-12-19 19:09:58,290 - INFO -   (-1, 1): weight=2.66157770762992, enabled=True
2024-12-19 19:09:58,291 - INFO -   (-1, 2): weight=-0.15533957475270488, enabled=True
2024-12-19 19:09:58,291 - INFO -   (-2, 0): weight=-2.297645356593307, enabled=True
2024-12-19 19:09:58,291 - INFO -   (-2, 1): weight=1.703818668808867, enabled=True
2024-12-19 19:09:58,291 - INFO -   (-2, 2): weight=1.8966936321814991, enabled=True
2024-12-19 19:09:58,291 - INFO -   (-3, 0): weight=-0.17658686618334213, enabled=True
2024-12-19 19:09:58,292 - INFO -   (-3, 1): weight=-1.9957746777753689, enabled=True
2024-12-19 19:09:58,292 - INFO -   (-3, 2): weight=0.6837058738869383, enabled=True
2024-12-19 19:09:58,292 - INFO -   (-4, 0): weight=-2.3057659490235407, enabled=False
2024-12-19 19:09:58,292 - INFO -   (-4, 1): weight=-0.4218124533340652, enabled=False
2024-12-19 19:09:58,293 - INFO -   (-4, 2): weight=0.7047250146449063, enabled=True
2024-12-19 19:09:58,293 - INFO -   (-5, 1): weight=-1.351199753599658, enabled=True
2024-12-19 19:09:58,293 - INFO -   (-5, 2): weight=2.389220987481897, enabled=True
2024-12-19 19:09:58,599 - INFO - 
Best Genome in Generation 39:
2024-12-19 19:09:58,599 - INFO - Fitness: 3685.3517526697424
2024-12-19 19:09:58,599 - INFO - Network Structure:
2024-12-19 19:09:58,599 - INFO - Nodes:
2024-12-19 19:09:58,599 - INFO -   Node 0: DefaultNodeGene(key=0, bias=1.1750606734490023, response=1.1448967529805005, activation=sin, aggregation=maxabs)
2024-12-19 19:09:58,599 - INFO -   Node 1: DefaultNodeGene(key=1, bias=-1.0703193770366615, response=2.052429330499704, activation=tanh, aggregation=median)
2024-12-19 19:09:58,599 - INFO -   Node 2: DefaultNodeGene(key=2, bias=1.721574774897231, response=0.7938422191871031, activation=cube, aggregation=median)
2024-12-19 19:09:58,599 - INFO - Connections:
2024-12-19 19:09:58,600 - INFO -   (-1, 0): weight=-0.538799647199389, enabled=True
2024-12-19 19:09:58,600 - INFO -   (-1, 1): weight=2.66157770762992, enabled=True
2024-12-19 19:09:58,600 - INFO -   (-1, 2): weight=-0.15533957475270488, enabled=True
2024-12-19 19:09:58,600 - INFO -   (-2, 0): weight=-2.297645356593307, enabled=True
2024-12-19 19:09:58,600 - INFO -   (-2, 1): weight=1.703818668808867, enabled=True
2024-12-19 19:09:58,600 - INFO -   (-2, 2): weight=1.8966936321814991, enabled=True
2024-12-19 19:09:58,600 - INFO -   (-3, 0): weight=-0.17658686618334213, enabled=True
2024-12-19 19:09:58,601 - INFO -   (-3, 1): weight=-1.9957746777753689, enabled=True
2024-12-19 19:09:58,601 - INFO -   (-3, 2): weight=0.6837058738869383, enabled=True
2024-12-19 19:09:58,601 - INFO -   (-4, 0): weight=-2.3057659490235407, enabled=False
2024-12-19 19:09:58,601 - INFO -   (-4, 1): weight=-0.4218124533340652, enabled=False
2024-12-19 19:09:58,601 - INFO -   (-4, 2): weight=0.7047250146449063, enabled=True
2024-12-19 19:09:58,601 - INFO -   (-5, 1): weight=-1.351199753599658, enabled=True
2024-12-19 19:09:58,601 - INFO -   (-5, 2): weight=2.389220987481897, enabled=True
2024-12-19 19:09:58,939 - INFO - 
Best Genome in Generation 40:
2024-12-19 19:09:58,939 - INFO - Fitness: 4490.904298101465
2024-12-19 19:09:58,939 - INFO - Network Structure:
2024-12-19 19:09:58,939 - INFO - Nodes:
2024-12-19 19:09:58,939 - INFO -   Node 0: DefaultNodeGene(key=0, bias=1.1750606734490023, response=1.1448967529805005, activation=sin, aggregation=maxabs)
2024-12-19 19:09:58,939 - INFO -   Node 1: DefaultNodeGene(key=1, bias=-1.0703193770366615, response=2.052429330499704, activation=tanh, aggregation=median)
2024-12-19 19:09:58,939 - INFO -   Node 2: DefaultNodeGene(key=2, bias=1.721574774897231, response=0.7938422191871031, activation=cube, aggregation=median)
2024-12-19 19:09:58,940 - INFO - Connections:
2024-12-19 19:09:58,940 - INFO -   (-1, 0): weight=-0.538799647199389, enabled=True
2024-12-19 19:09:58,940 - INFO -   (-1, 1): weight=2.66157770762992, enabled=True
2024-12-19 19:09:58,940 - INFO -   (-1, 2): weight=-0.15533957475270488, enabled=True
2024-12-19 19:09:58,940 - INFO -   (-2, 0): weight=-2.297645356593307, enabled=True
2024-12-19 19:09:58,940 - INFO -   (-2, 1): weight=1.703818668808867, enabled=True
2024-12-19 19:09:58,940 - INFO -   (-2, 2): weight=1.8966936321814991, enabled=True
2024-12-19 19:09:58,940 - INFO -   (-3, 0): weight=-0.17658686618334213, enabled=True
2024-12-19 19:09:58,940 - INFO -   (-3, 1): weight=-1.9957746777753689, enabled=True
2024-12-19 19:09:58,940 - INFO -   (-3, 2): weight=0.6837058738869383, enabled=True
2024-12-19 19:09:58,940 - INFO -   (-4, 0): weight=-2.3057659490235407, enabled=False
2024-12-19 19:09:58,940 - INFO -   (-4, 1): weight=-0.4218124533340652, enabled=False
2024-12-19 19:09:58,940 - INFO -   (-4, 2): weight=0.7047250146449063, enabled=True
2024-12-19 19:09:58,940 - INFO -   (-5, 1): weight=-1.351199753599658, enabled=True
2024-12-19 19:09:58,940 - INFO -   (-5, 2): weight=2.389220987481897, enabled=True
2024-12-19 19:09:58,940 - INFO - 
New Best Genome Found!
2024-12-19 19:09:58,940 - INFO - New Best Fitness: 4490.904298101465
2024-12-19 19:09:59,230 - INFO - 
Best Genome in Generation 41:
2024-12-19 19:09:59,230 - INFO - Fitness: 3334.4179705014767
2024-12-19 19:09:59,230 - INFO - Network Structure:
2024-12-19 19:09:59,230 - INFO - Nodes:
2024-12-19 19:09:59,230 - INFO -   Node 0: DefaultNodeGene(key=0, bias=1.1750606734490023, response=1.1448967529805005, activation=sin, aggregation=maxabs)
2024-12-19 19:09:59,230 - INFO -   Node 1: DefaultNodeGene(key=1, bias=-1.0703193770366615, response=2.052429330499704, activation=tanh, aggregation=median)
2024-12-19 19:09:59,230 - INFO -   Node 2: DefaultNodeGene(key=2, bias=1.721574774897231, response=0.7938422191871031, activation=cube, aggregation=median)
2024-12-19 19:09:59,230 - INFO - Connections:
2024-12-19 19:09:59,230 - INFO -   (-1, 0): weight=-0.538799647199389, enabled=True
2024-12-19 19:09:59,230 - INFO -   (-1, 1): weight=2.66157770762992, enabled=True
2024-12-19 19:09:59,230 - INFO -   (-1, 2): weight=-0.15533957475270488, enabled=True
2024-12-19 19:09:59,231 - INFO -   (-2, 0): weight=-2.297645356593307, enabled=True
2024-12-19 19:09:59,231 - INFO -   (-2, 1): weight=1.703818668808867, enabled=True
2024-12-19 19:09:59,231 - INFO -   (-2, 2): weight=1.8966936321814991, enabled=True
2024-12-19 19:09:59,231 - INFO -   (-3, 0): weight=-0.17658686618334213, enabled=True
2024-12-19 19:09:59,231 - INFO -   (-3, 1): weight=-1.9957746777753689, enabled=True
2024-12-19 19:09:59,231 - INFO -   (-3, 2): weight=0.6837058738869383, enabled=True
2024-12-19 19:09:59,231 - INFO -   (-4, 0): weight=-2.3057659490235407, enabled=False
2024-12-19 19:09:59,231 - INFO -   (-4, 1): weight=-0.4218124533340652, enabled=False
2024-12-19 19:09:59,231 - INFO -   (-4, 2): weight=0.7047250146449063, enabled=True
2024-12-19 19:09:59,231 - INFO -   (-5, 1): weight=-1.351199753599658, enabled=True
2024-12-19 19:09:59,231 - INFO -   (-5, 2): weight=2.389220987481897, enabled=True
2024-12-19 19:09:59,279 - INFO - 
Training interrupted by user
