2024-12-20 08:14:04,168 - INFO - Initializing LanderTrainer
2024-12-20 08:14:04,169 - DEBUG - Environment initialized
2024-12-20 08:14:04,169 - DEBUG - Input handler initialized
2024-12-20 08:14:04,169 - INFO - NEAT library patched with genome logging
2024-12-20 08:14:04,170 - INFO - LanderTrainer initialization complete
2024-12-20 08:14:04,170 - INFO - Creating new population
2024-12-20 08:14:04,396 - INFO - 
Best Genome in Generation 0:
2024-12-20 08:14:04,396 - INFO - Fitness: 3039.6659780457676
2024-12-20 08:14:04,396 - INFO - Network Structure:
2024-12-20 08:14:04,396 - INFO - Nodes:
2024-12-20 08:14:04,396 - INFO -   Node 0: DefaultNodeGene(key=0, bias=-2.180317947013017, response=0.6877226828554401, activation=tanh, aggregation=sum)
2024-12-20 08:14:04,396 - INFO -   Node 1: DefaultNodeGene(key=1, bias=0.7355437988902871, response=1.8734043853794469, activation=tanh, aggregation=sum)
2024-12-20 08:14:04,397 - INFO -   Node 2: DefaultNodeGene(key=2, bias=-0.36094450898270314, response=1.3765998586879102, activation=tanh, aggregation=sum)
2024-12-20 08:14:04,397 - INFO - Connections:
2024-12-20 08:14:04,397 - INFO -   (-1, 0): weight=0.3723201739926217, enabled=True
2024-12-20 08:14:04,397 - INFO -   (-1, 1): weight=1.1734902130554632, enabled=True
2024-12-20 08:14:04,397 - INFO -   (-1, 2): weight=-1.6698333213722591, enabled=True
2024-12-20 08:14:04,397 - INFO -   (-2, 0): weight=0.8523760313780786, enabled=True
2024-12-20 08:14:04,398 - INFO -   (-2, 1): weight=-2.2717805875877097, enabled=True
2024-12-20 08:14:04,398 - INFO -   (-2, 2): weight=-3.929918133328278, enabled=True
2024-12-20 08:14:04,398 - INFO -   (-3, 0): weight=-0.9103360922992539, enabled=True
2024-12-20 08:14:04,398 - INFO -   (-3, 1): weight=-1.3737150695189921, enabled=True
2024-12-20 08:14:04,398 - INFO -   (-3, 2): weight=1.3140183645846095, enabled=True
2024-12-20 08:14:04,398 - INFO -   (-4, 0): weight=0.9963988494193424, enabled=True
2024-12-20 08:14:04,398 - INFO -   (-4, 1): weight=-1.828612111943543, enabled=True
2024-12-20 08:14:04,398 - INFO -   (-4, 2): weight=1.2710421350220005, enabled=True
2024-12-20 08:14:04,398 - INFO -   (-5, 0): weight=-1.5033042363635247, enabled=True
2024-12-20 08:14:04,398 - INFO -   (-5, 1): weight=-0.12936576950442627, enabled=True
2024-12-20 08:14:04,398 - INFO -   (-5, 2): weight=-0.4408496669347982, enabled=True
2024-12-20 08:14:04,398 - INFO - 
New Best Genome Found!
2024-12-20 08:14:04,399 - INFO - New Best Fitness: 3039.6659780457676
2024-12-20 08:14:04,956 - INFO - 
Best Genome in Generation 1:
2024-12-20 08:14:04,957 - INFO - Fitness: 3039.6659780457676
2024-12-20 08:14:04,957 - INFO - Network Structure:
2024-12-20 08:14:04,957 - INFO - Nodes:
2024-12-20 08:14:04,957 - INFO -   Node 0: DefaultNodeGene(key=0, bias=-2.180317947013017, response=0.6877226828554401, activation=tanh, aggregation=sum)
2024-12-20 08:14:04,957 - INFO -   Node 1: DefaultNodeGene(key=1, bias=0.7355437988902871, response=1.8734043853794469, activation=tanh, aggregation=sum)
2024-12-20 08:14:04,957 - INFO -   Node 2: DefaultNodeGene(key=2, bias=-0.36094450898270314, response=1.3765998586879102, activation=tanh, aggregation=sum)
2024-12-20 08:14:04,957 - INFO - Connections:
2024-12-20 08:14:04,957 - INFO -   (-1, 0): weight=0.3723201739926217, enabled=True
2024-12-20 08:14:04,957 - INFO -   (-1, 1): weight=1.1734902130554632, enabled=True
2024-12-20 08:14:04,957 - INFO -   (-1, 2): weight=-1.6698333213722591, enabled=True
2024-12-20 08:14:04,957 - INFO -   (-2, 0): weight=0.8523760313780786, enabled=True
2024-12-20 08:14:04,957 - INFO -   (-2, 1): weight=-2.2717805875877097, enabled=True
2024-12-20 08:14:04,957 - INFO -   (-2, 2): weight=-3.929918133328278, enabled=True
2024-12-20 08:14:04,958 - INFO -   (-3, 0): weight=-0.9103360922992539, enabled=True
2024-12-20 08:14:04,958 - INFO -   (-3, 1): weight=-1.3737150695189921, enabled=True
2024-12-20 08:14:04,958 - INFO -   (-3, 2): weight=1.3140183645846095, enabled=True
2024-12-20 08:14:04,958 - INFO -   (-4, 0): weight=0.9963988494193424, enabled=True
2024-12-20 08:14:04,958 - INFO -   (-4, 1): weight=-1.828612111943543, enabled=True
2024-12-20 08:14:04,958 - INFO -   (-4, 2): weight=1.2710421350220005, enabled=True
2024-12-20 08:14:04,958 - INFO -   (-5, 0): weight=-1.5033042363635247, enabled=True
2024-12-20 08:14:04,958 - INFO -   (-5, 1): weight=-0.12936576950442627, enabled=True
2024-12-20 08:14:04,958 - INFO -   (-5, 2): weight=-0.4408496669347982, enabled=True
2024-12-20 08:14:05,775 - INFO - 
Best Genome in Generation 2:
2024-12-20 08:14:05,775 - INFO - Fitness: 9595.076506603651
2024-12-20 08:14:05,775 - INFO - Network Structure:
2024-12-20 08:14:05,775 - INFO - Nodes:
2024-12-20 08:14:05,775 - INFO -   Node 0: DefaultNodeGene(key=0, bias=-1.9384048474478295, response=0.22485083950608503, activation=tanh, aggregation=sum)
2024-12-20 08:14:05,775 - INFO -   Node 1: DefaultNodeGene(key=1, bias=0.41718481807017543, response=1.101793884846828, activation=sin, aggregation=sum)
2024-12-20 08:14:05,775 - INFO -   Node 2: DefaultNodeGene(key=2, bias=-0.44014066829246146, response=0.8721346919884572, activation=tanh, aggregation=sum)
2024-12-20 08:14:05,776 - INFO - Connections:
2024-12-20 08:14:05,776 - INFO -   (-1, 0): weight=-1.2027550635428386, enabled=True
2024-12-20 08:14:05,776 - INFO -   (-1, 1): weight=1.5681635024072076, enabled=True
2024-12-20 08:14:05,776 - INFO -   (-1, 2): weight=-1.8959508375612946, enabled=False
2024-12-20 08:14:05,776 - INFO -   (-2, 0): weight=0.128385565799934, enabled=True
2024-12-20 08:14:05,776 - INFO -   (-2, 1): weight=-1.9041674085449332, enabled=True
2024-12-20 08:14:05,776 - INFO -   (-2, 2): weight=-2.7996666745974483, enabled=True
2024-12-20 08:14:05,776 - INFO -   (-3, 0): weight=-0.03843553389603882, enabled=True
2024-12-20 08:14:05,776 - INFO -   (-3, 1): weight=-0.6252794883949229, enabled=False
2024-12-20 08:14:05,776 - INFO -   (-3, 2): weight=-2.9131409429841417, enabled=True
2024-12-20 08:14:05,776 - INFO -   (-4, 0): weight=-1.0161716977340673, enabled=True
2024-12-20 08:14:05,776 - INFO -   (-4, 1): weight=0.8691947633075211, enabled=True
2024-12-20 08:14:05,776 - INFO -   (-4, 2): weight=0.21601530715776207, enabled=True
2024-12-20 08:14:05,777 - INFO -   (-5, 0): weight=-2.6168972109169335, enabled=True
2024-12-20 08:14:05,777 - INFO -   (-5, 1): weight=0.4821561383771338, enabled=True
2024-12-20 08:14:05,777 - INFO -   (-5, 2): weight=0.507736441640058, enabled=True
2024-12-20 08:14:05,777 - INFO - 
New Best Genome Found!
2024-12-20 08:14:05,777 - INFO - New Best Fitness: 9595.076506603651
2024-12-20 08:14:06,767 - INFO - 
Best Genome in Generation 3:
2024-12-20 08:14:06,767 - INFO - Fitness: 9595.076506603651
2024-12-20 08:14:06,767 - INFO - Network Structure:
2024-12-20 08:14:06,768 - INFO - Nodes:
2024-12-20 08:14:06,768 - INFO -   Node 0: DefaultNodeGene(key=0, bias=-1.9384048474478295, response=0.22485083950608503, activation=tanh, aggregation=sum)
2024-12-20 08:14:06,768 - INFO -   Node 1: DefaultNodeGene(key=1, bias=0.41718481807017543, response=1.101793884846828, activation=sin, aggregation=sum)
2024-12-20 08:14:06,768 - INFO -   Node 2: DefaultNodeGene(key=2, bias=-0.44014066829246146, response=0.8721346919884572, activation=tanh, aggregation=sum)
2024-12-20 08:14:06,768 - INFO - Connections:
2024-12-20 08:14:06,768 - INFO -   (-1, 0): weight=-1.2027550635428386, enabled=True
2024-12-20 08:14:06,768 - INFO -   (-1, 1): weight=1.5681635024072076, enabled=True
2024-12-20 08:14:06,768 - INFO -   (-1, 2): weight=-1.8959508375612946, enabled=False
2024-12-20 08:14:06,768 - INFO -   (-2, 0): weight=0.128385565799934, enabled=True
2024-12-20 08:14:06,768 - INFO -   (-2, 1): weight=-1.9041674085449332, enabled=True
2024-12-20 08:14:06,768 - INFO -   (-2, 2): weight=-2.7996666745974483, enabled=True
2024-12-20 08:14:06,769 - INFO -   (-3, 0): weight=-0.03843553389603882, enabled=True
2024-12-20 08:14:06,769 - INFO -   (-3, 1): weight=-0.6252794883949229, enabled=False
2024-12-20 08:14:06,769 - INFO -   (-3, 2): weight=-2.9131409429841417, enabled=True
2024-12-20 08:14:06,769 - INFO -   (-4, 0): weight=-1.0161716977340673, enabled=True
2024-12-20 08:14:06,769 - INFO -   (-4, 1): weight=0.8691947633075211, enabled=True
2024-12-20 08:14:06,769 - INFO -   (-4, 2): weight=0.21601530715776207, enabled=True
2024-12-20 08:14:06,769 - INFO -   (-5, 0): weight=-2.6168972109169335, enabled=True
2024-12-20 08:14:06,769 - INFO -   (-5, 1): weight=0.4821561383771338, enabled=True
2024-12-20 08:14:06,769 - INFO -   (-5, 2): weight=0.507736441640058, enabled=True
2024-12-20 08:14:07,787 - INFO - 
Best Genome in Generation 4:
2024-12-20 08:14:07,787 - INFO - Fitness: 9595.076506603651
2024-12-20 08:14:07,787 - INFO - Network Structure:
2024-12-20 08:14:07,787 - INFO - Nodes:
2024-12-20 08:14:07,787 - INFO -   Node 0: DefaultNodeGene(key=0, bias=-1.9384048474478295, response=0.22485083950608503, activation=tanh, aggregation=sum)
2024-12-20 08:14:07,787 - INFO -   Node 1: DefaultNodeGene(key=1, bias=0.41718481807017543, response=1.101793884846828, activation=sin, aggregation=sum)
2024-12-20 08:14:07,787 - INFO -   Node 2: DefaultNodeGene(key=2, bias=-0.44014066829246146, response=0.8721346919884572, activation=tanh, aggregation=sum)
2024-12-20 08:14:07,787 - INFO - Connections:
2024-12-20 08:14:07,787 - INFO -   (-1, 0): weight=-1.2027550635428386, enabled=True
2024-12-20 08:14:07,788 - INFO -   (-1, 1): weight=1.5681635024072076, enabled=True
2024-12-20 08:14:07,788 - INFO -   (-1, 2): weight=-1.8959508375612946, enabled=False
2024-12-20 08:14:07,788 - INFO -   (-2, 0): weight=0.128385565799934, enabled=True
2024-12-20 08:14:07,788 - INFO -   (-2, 1): weight=-1.9041674085449332, enabled=True
2024-12-20 08:14:07,788 - INFO -   (-2, 2): weight=-2.7996666745974483, enabled=True
2024-12-20 08:14:07,788 - INFO -   (-3, 0): weight=-0.03843553389603882, enabled=True
2024-12-20 08:14:07,788 - INFO -   (-3, 1): weight=-0.6252794883949229, enabled=False
2024-12-20 08:14:07,788 - INFO -   (-3, 2): weight=-2.9131409429841417, enabled=True
2024-12-20 08:14:07,788 - INFO -   (-4, 0): weight=-1.0161716977340673, enabled=True
2024-12-20 08:14:07,788 - INFO -   (-4, 1): weight=0.8691947633075211, enabled=True
2024-12-20 08:14:07,788 - INFO -   (-4, 2): weight=0.21601530715776207, enabled=True
2024-12-20 08:14:07,788 - INFO -   (-5, 0): weight=-2.6168972109169335, enabled=True
2024-12-20 08:14:07,788 - INFO -   (-5, 1): weight=0.4821561383771338, enabled=True
2024-12-20 08:14:07,789 - INFO -   (-5, 2): weight=0.507736441640058, enabled=True
2024-12-20 08:14:08,250 - INFO - 
Training interrupted by user
