2024-12-19 22:53:48,720 - INFO - Initializing LanderTrainer
2024-12-19 22:53:48,721 - DEBUG - Environment initialized
2024-12-19 22:53:48,721 - DEBUG - Input handler initialized
2024-12-19 22:53:48,721 - INFO - NEAT library patched with genome logging
2024-12-19 22:53:48,721 - INFO - LanderTrainer initialization complete
2024-12-19 22:53:48,722 - INFO - Creating new population
2024-12-19 22:53:48,974 - INFO - 
Best Genome in Generation 0:
2024-12-19 22:53:48,975 - INFO - Fitness: 3039.6659780457676
2024-12-19 22:53:48,975 - INFO - Network Structure:
2024-12-19 22:53:48,975 - INFO - Nodes:
2024-12-19 22:53:48,984 - INFO -   Node 0: DefaultNodeGene(key=0, bias=-2.180317947013017, response=0.6877226828554401, activation=tanh, aggregation=sum)
2024-12-19 22:53:48,984 - INFO -   Node 1: DefaultNodeGene(key=1, bias=0.7355437988902871, response=1.8734043853794469, activation=tanh, aggregation=sum)
2024-12-19 22:53:48,984 - INFO -   Node 2: DefaultNodeGene(key=2, bias=-0.36094450898270314, response=1.3765998586879102, activation=tanh, aggregation=sum)
2024-12-19 22:53:48,984 - INFO - Connections:
2024-12-19 22:53:48,984 - INFO -   (-1, 0): weight=0.3723201739926217, enabled=True
2024-12-19 22:53:48,984 - INFO -   (-1, 1): weight=1.1734902130554632, enabled=True
2024-12-19 22:53:48,984 - INFO -   (-1, 2): weight=-1.6698333213722591, enabled=True
2024-12-19 22:53:48,984 - INFO -   (-2, 0): weight=0.8523760313780786, enabled=True
2024-12-19 22:53:48,984 - INFO -   (-2, 1): weight=-2.2717805875877097, enabled=True
2024-12-19 22:53:48,985 - INFO -   (-2, 2): weight=-3.929918133328278, enabled=True
2024-12-19 22:53:48,985 - INFO -   (-3, 0): weight=-0.9103360922992539, enabled=True
2024-12-19 22:53:48,985 - INFO -   (-3, 1): weight=-1.3737150695189921, enabled=True
2024-12-19 22:53:48,985 - INFO -   (-3, 2): weight=1.3140183645846095, enabled=True
2024-12-19 22:53:48,985 - INFO -   (-4, 0): weight=0.9963988494193424, enabled=True
2024-12-19 22:53:48,985 - INFO -   (-4, 1): weight=-1.828612111943543, enabled=True
2024-12-19 22:53:48,985 - INFO -   (-4, 2): weight=1.2710421350220005, enabled=True
2024-12-19 22:53:48,985 - INFO -   (-5, 0): weight=-1.5033042363635247, enabled=True
2024-12-19 22:53:48,985 - INFO -   (-5, 1): weight=-0.12936576950442627, enabled=True
2024-12-19 22:53:48,985 - INFO -   (-5, 2): weight=-0.4408496669347982, enabled=True
2024-12-19 22:53:48,985 - INFO - 
New Best Genome Found!
2024-12-19 22:53:48,985 - INFO - New Best Fitness: 3039.6659780457676
2024-12-19 22:53:49,263 - INFO - 
Best Genome in Generation 1:
2024-12-19 22:53:49,263 - INFO - Fitness: 3247.561109383366
2024-12-19 22:53:49,263 - INFO - Network Structure:
2024-12-19 22:53:49,263 - INFO - Nodes:
2024-12-19 22:53:49,263 - INFO -   Node 0: DefaultNodeGene(key=0, bias=0.1743115197417398, response=-0.8084544266914524, activation=tanh, aggregation=sum)
2024-12-19 22:53:49,263 - INFO -   Node 1: DefaultNodeGene(key=1, bias=-1.3883679167813212, response=1.8734043853794469, activation=tanh, aggregation=product)
2024-12-19 22:53:49,263 - INFO -   Node 2: DefaultNodeGene(key=2, bias=0.4777152759815433, response=2.025097755890981, activation=cube, aggregation=sum)
2024-12-19 22:53:49,263 - INFO - Connections:
2024-12-19 22:53:49,263 - INFO -   (-1, 0): weight=-2.409464693132212, enabled=True
2024-12-19 22:53:49,264 - INFO -   (-1, 1): weight=-1.2448117433142456, enabled=True
2024-12-19 22:53:49,264 - INFO -   (-1, 2): weight=-1.2047335124082943, enabled=True
2024-12-19 22:53:49,264 - INFO -   (-2, 0): weight=2.09080191390911, enabled=True
2024-12-19 22:53:49,264 - INFO -   (-2, 1): weight=-2.288192856150317, enabled=True
2024-12-19 22:53:49,264 - INFO -   (-2, 2): weight=-4.412467068201666, enabled=True
2024-12-19 22:53:49,264 - INFO -   (-3, 0): weight=-0.7476442816093067, enabled=True
2024-12-19 22:53:49,264 - INFO -   (-3, 2): weight=1.3140183645846095, enabled=True
2024-12-19 22:53:49,264 - INFO -   (-4, 0): weight=0.9963988494193424, enabled=True
2024-12-19 22:53:49,264 - INFO -   (-4, 1): weight=-2.2793152694637877, enabled=True
2024-12-19 22:53:49,264 - INFO -   (-4, 2): weight=-0.27526378744747093, enabled=True
2024-12-19 22:53:49,264 - INFO -   (-5, 0): weight=-1.029397843627628, enabled=True
2024-12-19 22:53:49,264 - INFO -   (-5, 1): weight=-0.19328962158375382, enabled=True
2024-12-19 22:53:49,264 - INFO -   (-5, 2): weight=2.6432936507248246, enabled=True
2024-12-19 22:53:49,264 - INFO - 
New Best Genome Found!
2024-12-19 22:53:49,264 - INFO - New Best Fitness: 3247.561109383366
2024-12-19 22:53:49,574 - INFO - 
Best Genome in Generation 2:
2024-12-19 22:53:49,574 - INFO - Fitness: 3462.8708597455598
2024-12-19 22:53:49,574 - INFO - Network Structure:
2024-12-19 22:53:49,575 - INFO - Nodes:
2024-12-19 22:53:49,575 - INFO -   Node 0: DefaultNodeGene(key=0, bias=0.1743115197417398, response=-0.8084544266914524, activation=tanh, aggregation=sum)
2024-12-19 22:53:49,575 - INFO -   Node 1: DefaultNodeGene(key=1, bias=-1.3883679167813212, response=1.8734043853794469, activation=tanh, aggregation=product)
2024-12-19 22:53:49,575 - INFO -   Node 2: DefaultNodeGene(key=2, bias=0.4777152759815433, response=2.025097755890981, activation=cube, aggregation=sum)
2024-12-19 22:53:49,575 - INFO - Connections:
2024-12-19 22:53:49,575 - INFO -   (-1, 0): weight=-2.409464693132212, enabled=True
2024-12-19 22:53:49,575 - INFO -   (-1, 1): weight=-1.2448117433142456, enabled=True
2024-12-19 22:53:49,575 - INFO -   (-1, 2): weight=-1.2047335124082943, enabled=True
2024-12-19 22:53:49,575 - INFO -   (-2, 0): weight=2.09080191390911, enabled=True
2024-12-19 22:53:49,575 - INFO -   (-2, 1): weight=-2.288192856150317, enabled=True
2024-12-19 22:53:49,575 - INFO -   (-2, 2): weight=-4.412467068201666, enabled=True
2024-12-19 22:53:49,576 - INFO -   (-3, 0): weight=-0.7476442816093067, enabled=True
2024-12-19 22:53:49,576 - INFO -   (-3, 2): weight=1.3140183645846095, enabled=True
2024-12-19 22:53:49,576 - INFO -   (-4, 0): weight=0.9963988494193424, enabled=True
2024-12-19 22:53:49,576 - INFO -   (-4, 1): weight=-2.2793152694637877, enabled=True
2024-12-19 22:53:49,576 - INFO -   (-4, 2): weight=-0.27526378744747093, enabled=True
2024-12-19 22:53:49,576 - INFO -   (-5, 0): weight=-1.029397843627628, enabled=True
2024-12-19 22:53:49,576 - INFO -   (-5, 1): weight=-0.19328962158375382, enabled=True
2024-12-19 22:53:49,576 - INFO -   (-5, 2): weight=2.6432936507248246, enabled=True
2024-12-19 22:53:49,576 - INFO - 
New Best Genome Found!
2024-12-19 22:53:49,576 - INFO - New Best Fitness: 3462.8708597455598
2024-12-19 22:53:49,857 - INFO - 
Best Genome in Generation 3:
2024-12-19 22:53:49,857 - INFO - Fitness: 2611.4186651314294
2024-12-19 22:53:49,857 - INFO - Network Structure:
2024-12-19 22:53:49,857 - INFO - Nodes:
2024-12-19 22:53:49,857 - INFO -   Node 0: DefaultNodeGene(key=0, bias=0.1743115197417398, response=-0.8084544266914524, activation=tanh, aggregation=sum)
2024-12-19 22:53:49,858 - INFO -   Node 1: DefaultNodeGene(key=1, bias=-1.3883679167813212, response=1.8734043853794469, activation=tanh, aggregation=product)
2024-12-19 22:53:49,858 - INFO -   Node 2: DefaultNodeGene(key=2, bias=0.4777152759815433, response=2.025097755890981, activation=cube, aggregation=sum)
2024-12-19 22:53:49,858 - INFO - Connections:
2024-12-19 22:53:49,858 - INFO -   (-1, 0): weight=-2.409464693132212, enabled=True
2024-12-19 22:53:49,858 - INFO -   (-1, 1): weight=-1.2448117433142456, enabled=True
2024-12-19 22:53:49,858 - INFO -   (-1, 2): weight=-1.2047335124082943, enabled=True
2024-12-19 22:53:49,858 - INFO -   (-2, 0): weight=2.09080191390911, enabled=True
2024-12-19 22:53:49,858 - INFO -   (-2, 1): weight=-2.288192856150317, enabled=True
2024-12-19 22:53:49,858 - INFO -   (-2, 2): weight=-4.412467068201666, enabled=True
2024-12-19 22:53:49,858 - INFO -   (-3, 0): weight=-0.7476442816093067, enabled=True
2024-12-19 22:53:49,858 - INFO -   (-3, 2): weight=1.3140183645846095, enabled=True
2024-12-19 22:53:49,858 - INFO -   (-4, 0): weight=0.9963988494193424, enabled=True
2024-12-19 22:53:49,859 - INFO -   (-4, 1): weight=-2.2793152694637877, enabled=True
2024-12-19 22:53:49,859 - INFO -   (-4, 2): weight=-0.27526378744747093, enabled=True
2024-12-19 22:53:49,859 - INFO -   (-5, 0): weight=-1.029397843627628, enabled=True
2024-12-19 22:53:49,859 - INFO -   (-5, 1): weight=-0.19328962158375382, enabled=True
2024-12-19 22:53:49,859 - INFO -   (-5, 2): weight=2.6432936507248246, enabled=True
2024-12-19 22:53:50,660 - INFO - 
Best Genome in Generation 4:
2024-12-19 22:53:50,660 - INFO - Fitness: 16175.163120077708
2024-12-19 22:53:50,660 - INFO - Network Structure:
2024-12-19 22:53:50,660 - INFO - Nodes:
2024-12-19 22:53:50,660 - INFO -   Node 0: DefaultNodeGene(key=0, bias=-2.0771859709152567, response=0.09242191507365932, activation=tanh, aggregation=max)
2024-12-19 22:53:50,660 - INFO -   Node 1: DefaultNodeGene(key=1, bias=-0.19089504433652543, response=-1.0033328834507182, activation=sin, aggregation=sum)
2024-12-19 22:53:50,660 - INFO -   Node 2: DefaultNodeGene(key=2, bias=0.4441476545457226, response=1.0412840488914519, activation=tanh, aggregation=sum)
2024-12-19 22:53:50,660 - INFO - Connections:
2024-12-19 22:53:50,660 - INFO -   (-1, 0): weight=-2.531733813123635, enabled=False
2024-12-19 22:53:50,661 - INFO -   (-1, 1): weight=0.17857951933879024, enabled=False
2024-12-19 22:53:50,661 - INFO -   (-1, 2): weight=1.0693858479665577, enabled=True
2024-12-19 22:53:50,661 - INFO -   (-2, 0): weight=2.1521789730732372, enabled=True
2024-12-19 22:53:50,661 - INFO -   (-2, 1): weight=-0.725826154774592, enabled=True
2024-12-19 22:53:50,661 - INFO -   (-2, 2): weight=-4.460774517432292, enabled=True
2024-12-19 22:53:50,661 - INFO -   (-3, 0): weight=0.5770586532573099, enabled=True
2024-12-19 22:53:50,661 - INFO -   (-3, 2): weight=-1.303274032522424, enabled=True
2024-12-19 22:53:50,661 - INFO -   (-4, 0): weight=1.3593021664372664, enabled=True
2024-12-19 22:53:50,661 - INFO -   (-4, 1): weight=0.46272223839535054, enabled=True
2024-12-19 22:53:50,661 - INFO -   (-4, 2): weight=-0.8816363935527435, enabled=True
2024-12-19 22:53:50,661 - INFO -   (-5, 0): weight=-0.3288258114834208, enabled=True
2024-12-19 22:53:50,661 - INFO -   (-5, 1): weight=-2.700954744275609, enabled=True
2024-12-19 22:53:50,662 - INFO - 
New Best Genome Found!
2024-12-19 22:53:50,662 - INFO - New Best Fitness: 16175.163120077708
2024-12-19 22:53:51,492 - INFO - 
Best Genome in Generation 5:
2024-12-19 22:53:51,498 - INFO - Fitness: 16175.163120077708
2024-12-19 22:53:51,498 - INFO - Network Structure:
2024-12-19 22:53:51,498 - INFO - Nodes:
2024-12-19 22:53:51,498 - INFO -   Node 0: DefaultNodeGene(key=0, bias=-2.0771859709152567, response=0.09242191507365932, activation=tanh, aggregation=max)
2024-12-19 22:53:51,498 - INFO -   Node 1: DefaultNodeGene(key=1, bias=-0.19089504433652543, response=-1.0033328834507182, activation=sin, aggregation=sum)
2024-12-19 22:53:51,498 - INFO -   Node 2: DefaultNodeGene(key=2, bias=0.4441476545457226, response=1.0412840488914519, activation=tanh, aggregation=sum)
2024-12-19 22:53:51,498 - INFO - Connections:
2024-12-19 22:53:51,498 - INFO -   (-1, 0): weight=-2.531733813123635, enabled=False
2024-12-19 22:53:51,499 - INFO -   (-1, 1): weight=0.17857951933879024, enabled=False
2024-12-19 22:53:51,499 - INFO -   (-1, 2): weight=1.0693858479665577, enabled=True
2024-12-19 22:53:51,499 - INFO -   (-2, 0): weight=2.1521789730732372, enabled=True
2024-12-19 22:53:51,499 - INFO -   (-2, 1): weight=-0.725826154774592, enabled=True
2024-12-19 22:53:51,499 - INFO -   (-2, 2): weight=-4.460774517432292, enabled=True
2024-12-19 22:53:51,499 - INFO -   (-3, 0): weight=0.5770586532573099, enabled=True
2024-12-19 22:53:51,499 - INFO -   (-3, 2): weight=-1.303274032522424, enabled=True
2024-12-19 22:53:51,499 - INFO -   (-4, 0): weight=1.3593021664372664, enabled=True
2024-12-19 22:53:51,499 - INFO -   (-4, 1): weight=0.46272223839535054, enabled=True
2024-12-19 22:53:51,499 - INFO -   (-4, 2): weight=-0.8816363935527435, enabled=True
2024-12-19 22:53:51,499 - INFO -   (-5, 0): weight=-0.3288258114834208, enabled=True
2024-12-19 22:53:51,499 - INFO -   (-5, 1): weight=-2.700954744275609, enabled=True
2024-12-19 22:53:52,334 - INFO - 
Best Genome in Generation 6:
2024-12-19 22:53:52,335 - INFO - Fitness: 16175.163120077708
2024-12-19 22:53:52,335 - INFO - Network Structure:
2024-12-19 22:53:52,335 - INFO - Nodes:
2024-12-19 22:53:52,335 - INFO -   Node 0: DefaultNodeGene(key=0, bias=-2.0771859709152567, response=0.09242191507365932, activation=tanh, aggregation=max)
2024-12-19 22:53:52,335 - INFO -   Node 1: DefaultNodeGene(key=1, bias=-0.19089504433652543, response=-1.0033328834507182, activation=sin, aggregation=sum)
2024-12-19 22:53:52,336 - INFO -   Node 2: DefaultNodeGene(key=2, bias=0.4441476545457226, response=1.0412840488914519, activation=tanh, aggregation=sum)
2024-12-19 22:53:52,336 - INFO - Connections:
2024-12-19 22:53:52,336 - INFO -   (-1, 0): weight=-2.531733813123635, enabled=False
2024-12-19 22:53:52,336 - INFO -   (-1, 1): weight=0.17857951933879024, enabled=False
2024-12-19 22:53:52,336 - INFO -   (-1, 2): weight=1.0693858479665577, enabled=True
2024-12-19 22:53:52,336 - INFO -   (-2, 0): weight=2.1521789730732372, enabled=True
2024-12-19 22:53:52,336 - INFO -   (-2, 1): weight=-0.725826154774592, enabled=True
2024-12-19 22:53:52,337 - INFO -   (-2, 2): weight=-4.460774517432292, enabled=True
2024-12-19 22:53:52,337 - INFO -   (-3, 0): weight=0.5770586532573099, enabled=True
2024-12-19 22:53:52,337 - INFO -   (-3, 2): weight=-1.303274032522424, enabled=True
2024-12-19 22:53:52,337 - INFO -   (-4, 0): weight=1.3593021664372664, enabled=True
2024-12-19 22:53:52,337 - INFO -   (-4, 1): weight=0.46272223839535054, enabled=True
2024-12-19 22:53:52,337 - INFO -   (-4, 2): weight=-0.8816363935527435, enabled=True
2024-12-19 22:53:52,337 - INFO -   (-5, 0): weight=-0.3288258114834208, enabled=True
2024-12-19 22:53:52,337 - INFO -   (-5, 1): weight=-2.700954744275609, enabled=True
2024-12-19 22:53:53,201 - INFO - 
Best Genome in Generation 7:
2024-12-19 22:53:53,201 - INFO - Fitness: 16175.163120077708
2024-12-19 22:53:53,201 - INFO - Network Structure:
2024-12-19 22:53:53,201 - INFO - Nodes:
2024-12-19 22:53:53,201 - INFO -   Node 0: DefaultNodeGene(key=0, bias=-2.0771859709152567, response=0.09242191507365932, activation=tanh, aggregation=max)
2024-12-19 22:53:53,201 - INFO -   Node 1: DefaultNodeGene(key=1, bias=-0.19089504433652543, response=-1.0033328834507182, activation=sin, aggregation=sum)
2024-12-19 22:53:53,201 - INFO -   Node 2: DefaultNodeGene(key=2, bias=0.4441476545457226, response=1.0412840488914519, activation=tanh, aggregation=sum)
2024-12-19 22:53:53,201 - INFO - Connections:
2024-12-19 22:53:53,201 - INFO -   (-1, 0): weight=-2.531733813123635, enabled=False
2024-12-19 22:53:53,201 - INFO -   (-1, 1): weight=0.17857951933879024, enabled=False
2024-12-19 22:53:53,202 - INFO -   (-1, 2): weight=1.0693858479665577, enabled=True
2024-12-19 22:53:53,202 - INFO -   (-2, 0): weight=2.1521789730732372, enabled=True
2024-12-19 22:53:53,202 - INFO -   (-2, 1): weight=-0.725826154774592, enabled=True
2024-12-19 22:53:53,202 - INFO -   (-2, 2): weight=-4.460774517432292, enabled=True
2024-12-19 22:53:53,202 - INFO -   (-3, 0): weight=0.5770586532573099, enabled=True
2024-12-19 22:53:53,202 - INFO -   (-3, 2): weight=-1.303274032522424, enabled=True
2024-12-19 22:53:53,202 - INFO -   (-4, 0): weight=1.3593021664372664, enabled=True
2024-12-19 22:53:53,202 - INFO -   (-4, 1): weight=0.46272223839535054, enabled=True
2024-12-19 22:53:53,202 - INFO -   (-4, 2): weight=-0.8816363935527435, enabled=True
2024-12-19 22:53:53,202 - INFO -   (-5, 0): weight=-0.3288258114834208, enabled=True
2024-12-19 22:53:53,202 - INFO -   (-5, 1): weight=-2.700954744275609, enabled=True
2024-12-19 22:53:54,043 - INFO - 
Best Genome in Generation 8:
2024-12-19 22:53:54,043 - INFO - Fitness: 16175.163120077708
2024-12-19 22:53:54,043 - INFO - Network Structure:
2024-12-19 22:53:54,043 - INFO - Nodes:
2024-12-19 22:53:54,044 - INFO -   Node 0: DefaultNodeGene(key=0, bias=-2.0771859709152567, response=0.09242191507365932, activation=tanh, aggregation=max)
2024-12-19 22:53:54,044 - INFO -   Node 1: DefaultNodeGene(key=1, bias=-0.19089504433652543, response=-1.0033328834507182, activation=sin, aggregation=sum)
2024-12-19 22:53:54,044 - INFO -   Node 2: DefaultNodeGene(key=2, bias=0.4441476545457226, response=1.0412840488914519, activation=tanh, aggregation=sum)
2024-12-19 22:53:54,044 - INFO - Connections:
2024-12-19 22:53:54,044 - INFO -   (-1, 0): weight=-2.531733813123635, enabled=False
2024-12-19 22:53:54,044 - INFO -   (-1, 1): weight=0.17857951933879024, enabled=False
2024-12-19 22:53:54,044 - INFO -   (-1, 2): weight=1.0693858479665577, enabled=True
2024-12-19 22:53:54,044 - INFO -   (-2, 0): weight=2.1521789730732372, enabled=True
2024-12-19 22:53:54,044 - INFO -   (-2, 1): weight=-0.725826154774592, enabled=True
2024-12-19 22:53:54,044 - INFO -   (-2, 2): weight=-4.460774517432292, enabled=True
2024-12-19 22:53:54,044 - INFO -   (-3, 0): weight=0.5770586532573099, enabled=True
2024-12-19 22:53:54,044 - INFO -   (-3, 2): weight=-1.303274032522424, enabled=True
2024-12-19 22:53:54,044 - INFO -   (-4, 0): weight=1.3593021664372664, enabled=True
2024-12-19 22:53:54,045 - INFO -   (-4, 1): weight=0.46272223839535054, enabled=True
2024-12-19 22:53:54,045 - INFO -   (-4, 2): weight=-0.8816363935527435, enabled=True
2024-12-19 22:53:54,045 - INFO -   (-5, 0): weight=-0.3288258114834208, enabled=True
2024-12-19 22:53:54,045 - INFO -   (-5, 1): weight=-2.700954744275609, enabled=True
2024-12-19 22:53:54,869 - INFO - 
Best Genome in Generation 9:
2024-12-19 22:53:54,869 - INFO - Fitness: 16175.163120077708
2024-12-19 22:53:54,869 - INFO - Network Structure:
2024-12-19 22:53:54,869 - INFO - Nodes:
2024-12-19 22:53:54,869 - INFO -   Node 0: DefaultNodeGene(key=0, bias=-2.0771859709152567, response=0.09242191507365932, activation=tanh, aggregation=max)
2024-12-19 22:53:54,869 - INFO -   Node 1: DefaultNodeGene(key=1, bias=-0.19089504433652543, response=-1.0033328834507182, activation=sin, aggregation=sum)
2024-12-19 22:53:54,869 - INFO -   Node 2: DefaultNodeGene(key=2, bias=0.4441476545457226, response=1.0412840488914519, activation=tanh, aggregation=sum)
2024-12-19 22:53:54,869 - INFO - Connections:
2024-12-19 22:53:54,869 - INFO -   (-1, 0): weight=-2.531733813123635, enabled=False
2024-12-19 22:53:54,869 - INFO -   (-1, 1): weight=0.17857951933879024, enabled=False
2024-12-19 22:53:54,869 - INFO -   (-1, 2): weight=1.0693858479665577, enabled=True
2024-12-19 22:53:54,870 - INFO -   (-2, 0): weight=2.1521789730732372, enabled=True
2024-12-19 22:53:54,870 - INFO -   (-2, 1): weight=-0.725826154774592, enabled=True
2024-12-19 22:53:54,870 - INFO -   (-2, 2): weight=-4.460774517432292, enabled=True
2024-12-19 22:53:54,870 - INFO -   (-3, 0): weight=0.5770586532573099, enabled=True
2024-12-19 22:53:54,870 - INFO -   (-3, 2): weight=-1.303274032522424, enabled=True
2024-12-19 22:53:54,870 - INFO -   (-4, 0): weight=1.3593021664372664, enabled=True
2024-12-19 22:53:54,870 - INFO -   (-4, 1): weight=0.46272223839535054, enabled=True
2024-12-19 22:53:54,870 - INFO -   (-4, 2): weight=-0.8816363935527435, enabled=True
2024-12-19 22:53:54,870 - INFO -   (-5, 0): weight=-0.3288258114834208, enabled=True
2024-12-19 22:53:54,870 - INFO -   (-5, 1): weight=-2.700954744275609, enabled=True
2024-12-19 22:53:55,865 - INFO - 
Best Genome in Generation 10:
2024-12-19 22:53:55,865 - INFO - Fitness: 16672.1335345783
2024-12-19 22:53:55,865 - INFO - Network Structure:
2024-12-19 22:53:55,865 - INFO - Nodes:
2024-12-19 22:53:55,865 - INFO -   Node 0: DefaultNodeGene(key=0, bias=-2.0771859709152567, response=0.09242191507365932, activation=tanh, aggregation=max)
2024-12-19 22:53:55,865 - INFO -   Node 1: DefaultNodeGene(key=1, bias=-0.19089504433652543, response=-1.0033328834507182, activation=sin, aggregation=sum)
2024-12-19 22:53:55,865 - INFO -   Node 2: DefaultNodeGene(key=2, bias=0.4441476545457226, response=1.0412840488914519, activation=tanh, aggregation=sum)
2024-12-19 22:53:55,865 - INFO - Connections:
2024-12-19 22:53:55,865 - INFO -   (-1, 0): weight=-2.531733813123635, enabled=False
2024-12-19 22:53:55,866 - INFO -   (-1, 1): weight=0.17857951933879024, enabled=False
2024-12-19 22:53:55,866 - INFO -   (-1, 2): weight=1.0693858479665577, enabled=True
2024-12-19 22:53:55,866 - INFO -   (-2, 0): weight=2.1521789730732372, enabled=True
2024-12-19 22:53:55,866 - INFO -   (-2, 1): weight=-0.725826154774592, enabled=True
2024-12-19 22:53:55,866 - INFO -   (-2, 2): weight=-4.460774517432292, enabled=True
2024-12-19 22:53:55,866 - INFO -   (-3, 0): weight=0.5770586532573099, enabled=True
2024-12-19 22:53:55,866 - INFO -   (-3, 2): weight=-1.303274032522424, enabled=True
2024-12-19 22:53:55,866 - INFO -   (-4, 0): weight=1.3593021664372664, enabled=True
2024-12-19 22:53:55,866 - INFO -   (-4, 1): weight=0.46272223839535054, enabled=True
2024-12-19 22:53:55,866 - INFO -   (-4, 2): weight=-0.8816363935527435, enabled=True
2024-12-19 22:53:55,867 - INFO -   (-5, 0): weight=-0.3288258114834208, enabled=True
2024-12-19 22:53:55,867 - INFO -   (-5, 1): weight=-2.700954744275609, enabled=True
2024-12-19 22:53:55,867 - INFO - 
New Best Genome Found!
2024-12-19 22:53:55,867 - INFO - New Best Fitness: 16672.1335345783
2024-12-19 22:53:56,771 - INFO - 
Best Genome in Generation 11:
2024-12-19 22:53:56,771 - INFO - Fitness: 16815.756044883157
2024-12-19 22:53:56,771 - INFO - Network Structure:
2024-12-19 22:53:56,771 - INFO - Nodes:
2024-12-19 22:53:56,772 - INFO -   Node 0: DefaultNodeGene(key=0, bias=-1.6254933137429592, response=0.09242191507365932, activation=cube, aggregation=max)
2024-12-19 22:53:56,774 - INFO -   Node 1: DefaultNodeGene(key=1, bias=-0.04171221032766648, response=1.155232617411625, activation=sin, aggregation=maxabs)
2024-12-19 22:53:56,774 - INFO -   Node 2: DefaultNodeGene(key=2, bias=-0.7387724691672727, response=1.752944561975044, activation=tanh, aggregation=mean)
2024-12-19 22:53:56,774 - INFO -   Node 37: DefaultNodeGene(key=37, bias=1.0344212550308274, response=1.2042308429233854, activation=relu, aggregation=sum)
2024-12-19 22:53:56,774 - INFO - Connections:
2024-12-19 22:53:56,775 - INFO -   (-1, 0): weight=-2.766717950191642, enabled=True
2024-12-19 22:53:56,775 - INFO -   (-1, 1): weight=-0.41980821493784976, enabled=False
2024-12-19 22:53:56,775 - INFO -   (-1, 2): weight=1.3190490482049484, enabled=True
2024-12-19 22:53:56,775 - INFO -   (-2, 0): weight=2.4050253184928674, enabled=False
2024-12-19 22:53:56,775 - INFO -   (-2, 1): weight=-0.24870226665829892, enabled=True
2024-12-19 22:53:56,775 - INFO -   (-2, 2): weight=-3.984326638774004, enabled=True
2024-12-19 22:53:56,775 - INFO -   (-3, 0): weight=-0.1447805497818343, enabled=True
2024-12-19 22:53:56,775 - INFO -   (-3, 2): weight=-0.20827538535790513, enabled=True
2024-12-19 22:53:56,775 - INFO -   (-4, 0): weight=-1.4912185395733908, enabled=True
2024-12-19 22:53:56,775 - INFO -   (-4, 1): weight=0.9388590183032608, enabled=True
2024-12-19 22:53:56,775 - INFO -   (-4, 2): weight=1.2856365498464701, enabled=True
2024-12-19 22:53:56,775 - INFO -   (-5, 0): weight=-0.7766732055511005, enabled=True
2024-12-19 22:53:56,776 - INFO -   (-5, 1): weight=-2.8691732042697318, enabled=True
2024-12-19 22:53:56,776 - INFO -   (-1, 37): weight=1.1306821395999014, enabled=True
2024-12-19 22:53:56,776 - INFO -   (37, 1): weight=-0.3358235306642337, enabled=True
2024-12-19 22:53:56,776 - INFO - 
New Best Genome Found!
2024-12-19 22:53:56,776 - INFO - New Best Fitness: 16815.756044883157
2024-12-19 22:53:57,649 - INFO - 
Best Genome in Generation 12:
2024-12-19 22:53:57,649 - INFO - Fitness: 15933.559296245285
2024-12-19 22:53:57,650 - INFO - Network Structure:
2024-12-19 22:53:57,650 - INFO - Nodes:
2024-12-19 22:53:57,650 - INFO -   Node 0: DefaultNodeGene(key=0, bias=-1.6254933137429592, response=0.09242191507365932, activation=cube, aggregation=max)
2024-12-19 22:53:57,650 - INFO -   Node 1: DefaultNodeGene(key=1, bias=-0.04171221032766648, response=1.155232617411625, activation=sin, aggregation=maxabs)
2024-12-19 22:53:57,650 - INFO -   Node 2: DefaultNodeGene(key=2, bias=-0.7387724691672727, response=1.752944561975044, activation=tanh, aggregation=mean)
2024-12-19 22:53:57,650 - INFO -   Node 37: DefaultNodeGene(key=37, bias=1.0344212550308274, response=1.2042308429233854, activation=relu, aggregation=sum)
2024-12-19 22:53:57,650 - INFO - Connections:
2024-12-19 22:53:57,650 - INFO -   (-1, 0): weight=-2.766717950191642, enabled=True
2024-12-19 22:53:57,650 - INFO -   (-1, 1): weight=-0.41980821493784976, enabled=False
2024-12-19 22:53:57,650 - INFO -   (-1, 2): weight=1.3190490482049484, enabled=True
2024-12-19 22:53:57,650 - INFO -   (-2, 0): weight=2.4050253184928674, enabled=False
2024-12-19 22:53:57,650 - INFO -   (-2, 1): weight=-0.24870226665829892, enabled=True
2024-12-19 22:53:57,651 - INFO -   (-2, 2): weight=-3.984326638774004, enabled=True
2024-12-19 22:53:57,651 - INFO -   (-3, 0): weight=-0.1447805497818343, enabled=True
2024-12-19 22:53:57,653 - INFO -   (-3, 2): weight=-0.20827538535790513, enabled=True
2024-12-19 22:53:57,653 - INFO -   (-4, 0): weight=-1.4912185395733908, enabled=True
2024-12-19 22:53:57,653 - INFO -   (-4, 1): weight=0.9388590183032608, enabled=True
2024-12-19 22:53:57,653 - INFO -   (-4, 2): weight=1.2856365498464701, enabled=True
2024-12-19 22:53:57,653 - INFO -   (-5, 0): weight=-0.7766732055511005, enabled=True
2024-12-19 22:53:57,653 - INFO -   (-5, 1): weight=-2.8691732042697318, enabled=True
2024-12-19 22:53:57,653 - INFO -   (-1, 37): weight=1.1306821395999014, enabled=True
2024-12-19 22:53:57,653 - INFO -   (37, 1): weight=-0.3358235306642337, enabled=True
2024-12-19 22:53:58,514 - INFO - 
Best Genome in Generation 13:
2024-12-19 22:53:58,514 - INFO - Fitness: 15933.559296245285
2024-12-19 22:53:58,514 - INFO - Network Structure:
2024-12-19 22:53:58,514 - INFO - Nodes:
2024-12-19 22:53:58,514 - INFO -   Node 0: DefaultNodeGene(key=0, bias=-1.6254933137429592, response=0.09242191507365932, activation=cube, aggregation=max)
2024-12-19 22:53:58,514 - INFO -   Node 1: DefaultNodeGene(key=1, bias=-0.04171221032766648, response=1.155232617411625, activation=sin, aggregation=maxabs)
2024-12-19 22:53:58,514 - INFO -   Node 2: DefaultNodeGene(key=2, bias=-0.7387724691672727, response=1.752944561975044, activation=tanh, aggregation=mean)
2024-12-19 22:53:58,514 - INFO -   Node 37: DefaultNodeGene(key=37, bias=1.0344212550308274, response=1.2042308429233854, activation=relu, aggregation=sum)
2024-12-19 22:53:58,515 - INFO - Connections:
2024-12-19 22:53:58,515 - INFO -   (-1, 0): weight=-2.766717950191642, enabled=True
2024-12-19 22:53:58,515 - INFO -   (-1, 1): weight=-0.41980821493784976, enabled=False
2024-12-19 22:53:58,515 - INFO -   (-1, 2): weight=1.3190490482049484, enabled=True
2024-12-19 22:53:58,515 - INFO -   (-2, 0): weight=2.4050253184928674, enabled=False
2024-12-19 22:53:58,515 - INFO -   (-2, 1): weight=-0.24870226665829892, enabled=True
2024-12-19 22:53:58,515 - INFO -   (-2, 2): weight=-3.984326638774004, enabled=True
2024-12-19 22:53:58,515 - INFO -   (-3, 0): weight=-0.1447805497818343, enabled=True
2024-12-19 22:53:58,515 - INFO -   (-3, 2): weight=-0.20827538535790513, enabled=True
2024-12-19 22:53:58,515 - INFO -   (-4, 0): weight=-1.4912185395733908, enabled=True
2024-12-19 22:53:58,516 - INFO -   (-4, 1): weight=0.9388590183032608, enabled=True
2024-12-19 22:53:58,516 - INFO -   (-4, 2): weight=1.2856365498464701, enabled=True
2024-12-19 22:53:58,516 - INFO -   (-5, 0): weight=-0.7766732055511005, enabled=True
2024-12-19 22:53:58,516 - INFO -   (-5, 1): weight=-2.8691732042697318, enabled=True
2024-12-19 22:53:58,516 - INFO -   (-1, 37): weight=1.1306821395999014, enabled=True
2024-12-19 22:53:58,516 - INFO -   (37, 1): weight=-0.3358235306642337, enabled=True
2024-12-19 22:53:59,471 - INFO - 
Best Genome in Generation 14:
2024-12-19 22:53:59,471 - INFO - Fitness: 16682.40072241463
2024-12-19 22:53:59,471 - INFO - Network Structure:
2024-12-19 22:53:59,471 - INFO - Nodes:
2024-12-19 22:53:59,472 - INFO -   Node 0: DefaultNodeGene(key=0, bias=-1.6254933137429592, response=0.09242191507365932, activation=cube, aggregation=max)
2024-12-19 22:53:59,472 - INFO -   Node 1: DefaultNodeGene(key=1, bias=-0.04171221032766648, response=1.155232617411625, activation=sin, aggregation=maxabs)
2024-12-19 22:53:59,472 - INFO -   Node 2: DefaultNodeGene(key=2, bias=-0.7387724691672727, response=1.752944561975044, activation=tanh, aggregation=mean)
2024-12-19 22:53:59,472 - INFO -   Node 37: DefaultNodeGene(key=37, bias=1.0344212550308274, response=1.2042308429233854, activation=relu, aggregation=sum)
2024-12-19 22:53:59,472 - INFO - Connections:
2024-12-19 22:53:59,472 - INFO -   (-1, 0): weight=-2.766717950191642, enabled=True
2024-12-19 22:53:59,472 - INFO -   (-1, 1): weight=-0.41980821493784976, enabled=False
2024-12-19 22:53:59,472 - INFO -   (-1, 2): weight=1.3190490482049484, enabled=True
2024-12-19 22:53:59,472 - INFO -   (-2, 0): weight=2.4050253184928674, enabled=False
2024-12-19 22:53:59,472 - INFO -   (-2, 1): weight=-0.24870226665829892, enabled=True
2024-12-19 22:53:59,473 - INFO -   (-2, 2): weight=-3.984326638774004, enabled=True
2024-12-19 22:53:59,473 - INFO -   (-3, 0): weight=-0.1447805497818343, enabled=True
2024-12-19 22:53:59,473 - INFO -   (-3, 2): weight=-0.20827538535790513, enabled=True
2024-12-19 22:53:59,473 - INFO -   (-4, 0): weight=-1.4912185395733908, enabled=True
2024-12-19 22:53:59,473 - INFO -   (-4, 1): weight=0.9388590183032608, enabled=True
2024-12-19 22:53:59,473 - INFO -   (-4, 2): weight=1.2856365498464701, enabled=True
2024-12-19 22:53:59,473 - INFO -   (-5, 0): weight=-0.7766732055511005, enabled=True
2024-12-19 22:53:59,473 - INFO -   (-5, 1): weight=-2.8691732042697318, enabled=True
2024-12-19 22:53:59,474 - INFO -   (-1, 37): weight=1.1306821395999014, enabled=True
2024-12-19 22:53:59,474 - INFO -   (37, 1): weight=-0.3358235306642337, enabled=True
2024-12-19 22:54:00,391 - INFO - 
Best Genome in Generation 15:
2024-12-19 22:54:00,391 - INFO - Fitness: 16728.799751667742
2024-12-19 22:54:00,391 - INFO - Network Structure:
2024-12-19 22:54:00,391 - INFO - Nodes:
2024-12-19 22:54:00,391 - INFO -   Node 0: DefaultNodeGene(key=0, bias=-3.2086467818613573, response=-0.022629395476706504, activation=cube, aggregation=median)
2024-12-19 22:54:00,391 - INFO -   Node 1: DefaultNodeGene(key=1, bias=-0.22598001053832206, response=1.4377379940846364, activation=sin, aggregation=sum)
2024-12-19 22:54:00,391 - INFO -   Node 2: DefaultNodeGene(key=2, bias=-1.1472411569679375, response=0.5261914926147406, activation=tanh, aggregation=mean)
2024-12-19 22:54:00,392 - INFO -   Node 37: DefaultNodeGene(key=37, bias=1.0229780928397139, response=0.9957876108441504, activation=relu, aggregation=sum)
2024-12-19 22:54:00,392 - INFO - Connections:
2024-12-19 22:54:00,392 - INFO -   (-1, 0): weight=-3.4487532327750596, enabled=False
2024-12-19 22:54:00,392 - INFO -   (-1, 1): weight=0.7281132089614961, enabled=False
2024-12-19 22:54:00,392 - INFO -   (-1, 2): weight=1.3190490482049484, enabled=True
2024-12-19 22:54:00,393 - INFO -   (-2, 0): weight=2.9616765829823066, enabled=True
2024-12-19 22:54:00,394 - INFO -   (-2, 1): weight=0.38199375615929965, enabled=True
2024-12-19 22:54:00,394 - INFO -   (-2, 2): weight=-3.664606328753044, enabled=False
2024-12-19 22:54:00,394 - INFO -   (-3, 0): weight=-0.21400790065508746, enabled=True
2024-12-19 22:54:00,394 - INFO -   (-3, 2): weight=-1.0161716977340673, enabled=True
2024-12-19 22:54:00,395 - INFO -   (-4, 0): weight=2.9364633924717576, enabled=True
2024-12-19 22:54:00,395 - INFO -   (-4, 1): weight=1.57451955133345, enabled=False
2024-12-19 22:54:00,395 - INFO -   (-4, 2): weight=-1.641716288517305, enabled=True
2024-12-19 22:54:00,395 - INFO -   (-5, 0): weight=0.05935306028804699, enabled=True
2024-12-19 22:54:00,395 - INFO -   (-5, 1): weight=0.507736441640058, enabled=True
2024-12-19 22:54:00,395 - INFO -   (-1, 37): weight=1.9157701457778162, enabled=True
2024-12-19 22:54:00,395 - INFO -   (37, 1): weight=-0.6247031898097287, enabled=True
2024-12-19 22:54:00,395 - INFO -   (37, 2): weight=-1.121925289981597, enabled=True
2024-12-19 22:54:01,318 - INFO - 
Best Genome in Generation 16:
2024-12-19 22:54:01,318 - INFO - Fitness: 17093.704789247335
2024-12-19 22:54:01,318 - INFO - Network Structure:
2024-12-19 22:54:01,318 - INFO - Nodes:
2024-12-19 22:54:01,318 - INFO -   Node 0: DefaultNodeGene(key=0, bias=-3.2086467818613573, response=-0.022629395476706504, activation=cube, aggregation=median)
2024-12-19 22:54:01,318 - INFO -   Node 1: DefaultNodeGene(key=1, bias=-0.22598001053832206, response=1.4377379940846364, activation=sin, aggregation=sum)
2024-12-19 22:54:01,320 - INFO -   Node 2: DefaultNodeGene(key=2, bias=-1.1472411569679375, response=0.5261914926147406, activation=tanh, aggregation=mean)
2024-12-19 22:54:01,320 - INFO -   Node 37: DefaultNodeGene(key=37, bias=1.0229780928397139, response=0.9957876108441504, activation=relu, aggregation=sum)
2024-12-19 22:54:01,320 - INFO - Connections:
2024-12-19 22:54:01,320 - INFO -   (-1, 0): weight=-3.4487532327750596, enabled=False
2024-12-19 22:54:01,320 - INFO -   (-1, 1): weight=0.7281132089614961, enabled=False
2024-12-19 22:54:01,320 - INFO -   (-1, 2): weight=1.3190490482049484, enabled=True
2024-12-19 22:54:01,320 - INFO -   (-2, 0): weight=2.9616765829823066, enabled=True
2024-12-19 22:54:01,320 - INFO -   (-2, 1): weight=0.38199375615929965, enabled=True
2024-12-19 22:54:01,320 - INFO -   (-2, 2): weight=-3.664606328753044, enabled=False
2024-12-19 22:54:01,321 - INFO -   (-3, 0): weight=-0.21400790065508746, enabled=True
2024-12-19 22:54:01,321 - INFO -   (-3, 2): weight=-1.0161716977340673, enabled=True
2024-12-19 22:54:01,321 - INFO -   (-4, 0): weight=2.9364633924717576, enabled=True
2024-12-19 22:54:01,321 - INFO -   (-4, 1): weight=1.57451955133345, enabled=False
2024-12-19 22:54:01,321 - INFO -   (-4, 2): weight=-1.641716288517305, enabled=True
2024-12-19 22:54:01,321 - INFO -   (-5, 0): weight=0.05935306028804699, enabled=True
2024-12-19 22:54:01,322 - INFO -   (-5, 1): weight=0.507736441640058, enabled=True
2024-12-19 22:54:01,322 - INFO -   (-1, 37): weight=1.9157701457778162, enabled=True
2024-12-19 22:54:01,322 - INFO -   (37, 1): weight=-0.6247031898097287, enabled=True
2024-12-19 22:54:01,322 - INFO -   (37, 2): weight=-1.121925289981597, enabled=True
2024-12-19 22:54:01,322 - INFO - 
New Best Genome Found!
2024-12-19 22:54:01,322 - INFO - New Best Fitness: 17093.704789247335
2024-12-19 22:54:02,241 - INFO - 
Best Genome in Generation 17:
2024-12-19 22:54:02,241 - INFO - Fitness: 17592.40834060611
2024-12-19 22:54:02,241 - INFO - Network Structure:
2024-12-19 22:54:02,241 - INFO - Nodes:
2024-12-19 22:54:02,241 - INFO -   Node 0: DefaultNodeGene(key=0, bias=-3.2086467818613573, response=-0.022629395476706504, activation=cube, aggregation=median)
2024-12-19 22:54:02,241 - INFO -   Node 1: DefaultNodeGene(key=1, bias=-0.22598001053832206, response=1.4377379940846364, activation=sin, aggregation=sum)
2024-12-19 22:54:02,242 - INFO -   Node 2: DefaultNodeGene(key=2, bias=-1.1472411569679375, response=0.5261914926147406, activation=tanh, aggregation=mean)
2024-12-19 22:54:02,242 - INFO -   Node 37: DefaultNodeGene(key=37, bias=1.0229780928397139, response=0.9957876108441504, activation=relu, aggregation=sum)
2024-12-19 22:54:02,242 - INFO - Connections:
2024-12-19 22:54:02,242 - INFO -   (-1, 0): weight=-3.4487532327750596, enabled=False
2024-12-19 22:54:02,242 - INFO -   (-1, 1): weight=0.7281132089614961, enabled=False
2024-12-19 22:54:02,242 - INFO -   (-1, 2): weight=1.3190490482049484, enabled=True
2024-12-19 22:54:02,242 - INFO -   (-2, 0): weight=2.9616765829823066, enabled=True
2024-12-19 22:54:02,242 - INFO -   (-2, 1): weight=0.38199375615929965, enabled=True
2024-12-19 22:54:02,242 - INFO -   (-2, 2): weight=-3.664606328753044, enabled=False
2024-12-19 22:54:02,242 - INFO -   (-3, 0): weight=-0.21400790065508746, enabled=True
2024-12-19 22:54:02,242 - INFO -   (-3, 2): weight=-1.0161716977340673, enabled=True
2024-12-19 22:54:02,242 - INFO -   (-4, 0): weight=2.9364633924717576, enabled=True
2024-12-19 22:54:02,243 - INFO -   (-4, 1): weight=1.57451955133345, enabled=False
2024-12-19 22:54:02,243 - INFO -   (-4, 2): weight=-1.641716288517305, enabled=True
2024-12-19 22:54:02,243 - INFO -   (-5, 0): weight=0.05935306028804699, enabled=True
2024-12-19 22:54:02,243 - INFO -   (-5, 1): weight=0.507736441640058, enabled=True
2024-12-19 22:54:02,243 - INFO -   (-1, 37): weight=1.9157701457778162, enabled=True
2024-12-19 22:54:02,243 - INFO -   (37, 1): weight=-0.6247031898097287, enabled=True
2024-12-19 22:54:02,243 - INFO -   (37, 2): weight=-1.121925289981597, enabled=True
2024-12-19 22:54:02,243 - INFO - 
New Best Genome Found!
2024-12-19 22:54:02,243 - INFO - New Best Fitness: 17592.40834060611
2024-12-19 22:54:03,221 - INFO - 
Best Genome in Generation 18:
2024-12-19 22:54:03,221 - INFO - Fitness: 16728.799751667742
2024-12-19 22:54:03,221 - INFO - Network Structure:
2024-12-19 22:54:03,224 - INFO - Nodes:
2024-12-19 22:54:03,224 - INFO -   Node 0: DefaultNodeGene(key=0, bias=-3.2086467818613573, response=-0.022629395476706504, activation=cube, aggregation=median)
2024-12-19 22:54:03,224 - INFO -   Node 1: DefaultNodeGene(key=1, bias=-0.22598001053832206, response=1.4377379940846364, activation=sin, aggregation=sum)
2024-12-19 22:54:03,224 - INFO -   Node 2: DefaultNodeGene(key=2, bias=-1.1472411569679375, response=0.5261914926147406, activation=tanh, aggregation=mean)
2024-12-19 22:54:03,224 - INFO -   Node 37: DefaultNodeGene(key=37, bias=1.0229780928397139, response=0.9957876108441504, activation=relu, aggregation=sum)
2024-12-19 22:54:03,224 - INFO - Connections:
2024-12-19 22:54:03,224 - INFO -   (-1, 0): weight=-3.4487532327750596, enabled=False
2024-12-19 22:54:03,224 - INFO -   (-1, 1): weight=0.7281132089614961, enabled=False
2024-12-19 22:54:03,224 - INFO -   (-1, 2): weight=1.3190490482049484, enabled=True
2024-12-19 22:54:03,225 - INFO -   (-2, 0): weight=2.9616765829823066, enabled=True
2024-12-19 22:54:03,225 - INFO -   (-2, 1): weight=0.38199375615929965, enabled=True
2024-12-19 22:54:03,225 - INFO -   (-2, 2): weight=-3.664606328753044, enabled=False
2024-12-19 22:54:03,225 - INFO -   (-3, 0): weight=-0.21400790065508746, enabled=True
2024-12-19 22:54:03,227 - INFO -   (-3, 2): weight=-1.0161716977340673, enabled=True
2024-12-19 22:54:03,227 - INFO -   (-4, 0): weight=2.9364633924717576, enabled=True
2024-12-19 22:54:03,227 - INFO -   (-4, 1): weight=1.57451955133345, enabled=False
2024-12-19 22:54:03,227 - INFO -   (-4, 2): weight=-1.641716288517305, enabled=True
2024-12-19 22:54:03,227 - INFO -   (-5, 0): weight=0.05935306028804699, enabled=True
2024-12-19 22:54:03,228 - INFO -   (-5, 1): weight=0.507736441640058, enabled=True
2024-12-19 22:54:03,228 - INFO -   (-1, 37): weight=1.9157701457778162, enabled=True
2024-12-19 22:54:03,228 - INFO -   (37, 1): weight=-0.6247031898097287, enabled=True
2024-12-19 22:54:03,228 - INFO -   (37, 2): weight=-1.121925289981597, enabled=True
2024-12-19 22:54:04,089 - INFO - 
Best Genome in Generation 19:
2024-12-19 22:54:04,089 - INFO - Fitness: 16728.799751667742
2024-12-19 22:54:04,089 - INFO - Network Structure:
2024-12-19 22:54:04,089 - INFO - Nodes:
2024-12-19 22:54:04,089 - INFO -   Node 0: DefaultNodeGene(key=0, bias=-3.2086467818613573, response=-0.022629395476706504, activation=cube, aggregation=median)
2024-12-19 22:54:04,089 - INFO -   Node 1: DefaultNodeGene(key=1, bias=-0.22598001053832206, response=1.4377379940846364, activation=sin, aggregation=sum)
2024-12-19 22:54:04,089 - INFO -   Node 2: DefaultNodeGene(key=2, bias=-1.1472411569679375, response=0.5261914926147406, activation=tanh, aggregation=mean)
2024-12-19 22:54:04,089 - INFO -   Node 37: DefaultNodeGene(key=37, bias=1.0229780928397139, response=0.9957876108441504, activation=relu, aggregation=sum)
2024-12-19 22:54:04,089 - INFO - Connections:
2024-12-19 22:54:04,090 - INFO -   (-1, 0): weight=-3.4487532327750596, enabled=False
2024-12-19 22:54:04,090 - INFO -   (-1, 1): weight=0.7281132089614961, enabled=False
2024-12-19 22:54:04,090 - INFO -   (-1, 2): weight=1.3190490482049484, enabled=True
2024-12-19 22:54:04,090 - INFO -   (-2, 0): weight=2.9616765829823066, enabled=True
2024-12-19 22:54:04,090 - INFO -   (-2, 1): weight=0.38199375615929965, enabled=True
2024-12-19 22:54:04,091 - INFO -   (-2, 2): weight=-3.664606328753044, enabled=False
2024-12-19 22:54:04,091 - INFO -   (-3, 0): weight=-0.21400790065508746, enabled=True
2024-12-19 22:54:04,091 - INFO -   (-3, 2): weight=-1.0161716977340673, enabled=True
2024-12-19 22:54:04,091 - INFO -   (-4, 0): weight=2.9364633924717576, enabled=True
2024-12-19 22:54:04,092 - INFO -   (-4, 1): weight=1.57451955133345, enabled=False
2024-12-19 22:54:04,092 - INFO -   (-4, 2): weight=-1.641716288517305, enabled=True
2024-12-19 22:54:04,092 - INFO -   (-5, 0): weight=0.05935306028804699, enabled=True
2024-12-19 22:54:04,092 - INFO -   (-5, 1): weight=0.507736441640058, enabled=True
2024-12-19 22:54:04,092 - INFO -   (-1, 37): weight=1.9157701457778162, enabled=True
2024-12-19 22:54:04,094 - INFO -   (37, 1): weight=-0.6247031898097287, enabled=True
2024-12-19 22:54:04,094 - INFO -   (37, 2): weight=-1.121925289981597, enabled=True
2024-12-19 22:54:04,938 - INFO - 
Best Genome in Generation 20:
2024-12-19 22:54:04,938 - INFO - Fitness: 16728.799751667742
2024-12-19 22:54:04,938 - INFO - Network Structure:
2024-12-19 22:54:04,939 - INFO - Nodes:
2024-12-19 22:54:04,939 - INFO -   Node 0: DefaultNodeGene(key=0, bias=-3.2086467818613573, response=-0.022629395476706504, activation=cube, aggregation=median)
2024-12-19 22:54:04,939 - INFO -   Node 1: DefaultNodeGene(key=1, bias=-0.22598001053832206, response=1.4377379940846364, activation=sin, aggregation=sum)
2024-12-19 22:54:04,939 - INFO -   Node 2: DefaultNodeGene(key=2, bias=-1.1472411569679375, response=0.5261914926147406, activation=tanh, aggregation=mean)
2024-12-19 22:54:04,939 - INFO -   Node 37: DefaultNodeGene(key=37, bias=1.0229780928397139, response=0.9957876108441504, activation=relu, aggregation=sum)
2024-12-19 22:54:04,939 - INFO - Connections:
2024-12-19 22:54:04,939 - INFO -   (-1, 0): weight=-3.4487532327750596, enabled=False
2024-12-19 22:54:04,939 - INFO -   (-1, 1): weight=0.7281132089614961, enabled=False
2024-12-19 22:54:04,939 - INFO -   (-1, 2): weight=1.3190490482049484, enabled=True
2024-12-19 22:54:04,939 - INFO -   (-2, 0): weight=2.9616765829823066, enabled=True
2024-12-19 22:54:04,939 - INFO -   (-2, 1): weight=0.38199375615929965, enabled=True
2024-12-19 22:54:04,940 - INFO -   (-2, 2): weight=-3.664606328753044, enabled=False
2024-12-19 22:54:04,940 - INFO -   (-3, 0): weight=-0.21400790065508746, enabled=True
2024-12-19 22:54:04,940 - INFO -   (-3, 2): weight=-1.0161716977340673, enabled=True
2024-12-19 22:54:04,940 - INFO -   (-4, 0): weight=2.9364633924717576, enabled=True
2024-12-19 22:54:04,940 - INFO -   (-4, 1): weight=1.57451955133345, enabled=False
2024-12-19 22:54:04,940 - INFO -   (-4, 2): weight=-1.641716288517305, enabled=True
2024-12-19 22:54:04,940 - INFO -   (-5, 0): weight=0.05935306028804699, enabled=True
2024-12-19 22:54:04,942 - INFO -   (-5, 1): weight=0.507736441640058, enabled=True
2024-12-19 22:54:04,942 - INFO -   (-1, 37): weight=1.9157701457778162, enabled=True
2024-12-19 22:54:04,942 - INFO -   (37, 1): weight=-0.6247031898097287, enabled=True
2024-12-19 22:54:04,942 - INFO -   (37, 2): weight=-1.121925289981597, enabled=True
2024-12-19 22:54:05,749 - INFO - 
Best Genome in Generation 21:
2024-12-19 22:54:05,749 - INFO - Fitness: 16728.799751667742
2024-12-19 22:54:05,750 - INFO - Network Structure:
2024-12-19 22:54:05,750 - INFO - Nodes:
2024-12-19 22:54:05,750 - INFO -   Node 0: DefaultNodeGene(key=0, bias=-3.2086467818613573, response=-0.022629395476706504, activation=cube, aggregation=median)
2024-12-19 22:54:05,750 - INFO -   Node 1: DefaultNodeGene(key=1, bias=-0.22598001053832206, response=1.4377379940846364, activation=sin, aggregation=sum)
2024-12-19 22:54:05,750 - INFO -   Node 2: DefaultNodeGene(key=2, bias=-1.1472411569679375, response=0.5261914926147406, activation=tanh, aggregation=mean)
2024-12-19 22:54:05,750 - INFO -   Node 37: DefaultNodeGene(key=37, bias=1.0229780928397139, response=0.9957876108441504, activation=relu, aggregation=sum)
2024-12-19 22:54:05,750 - INFO - Connections:
2024-12-19 22:54:05,750 - INFO -   (-1, 0): weight=-3.4487532327750596, enabled=False
2024-12-19 22:54:05,750 - INFO -   (-1, 1): weight=0.7281132089614961, enabled=False
2024-12-19 22:54:05,752 - INFO -   (-1, 2): weight=1.3190490482049484, enabled=True
2024-12-19 22:54:05,752 - INFO -   (-2, 0): weight=2.9616765829823066, enabled=True
2024-12-19 22:54:05,752 - INFO -   (-2, 1): weight=0.38199375615929965, enabled=True
2024-12-19 22:54:05,752 - INFO -   (-2, 2): weight=-3.664606328753044, enabled=False
2024-12-19 22:54:05,752 - INFO -   (-3, 0): weight=-0.21400790065508746, enabled=True
2024-12-19 22:54:05,752 - INFO -   (-3, 2): weight=-1.0161716977340673, enabled=True
2024-12-19 22:54:05,752 - INFO -   (-4, 0): weight=2.9364633924717576, enabled=True
2024-12-19 22:54:05,752 - INFO -   (-4, 1): weight=1.57451955133345, enabled=False
2024-12-19 22:54:05,752 - INFO -   (-4, 2): weight=-1.641716288517305, enabled=True
2024-12-19 22:54:05,753 - INFO -   (-5, 0): weight=0.05935306028804699, enabled=True
2024-12-19 22:54:05,753 - INFO -   (-5, 1): weight=0.507736441640058, enabled=True
2024-12-19 22:54:05,753 - INFO -   (-1, 37): weight=1.9157701457778162, enabled=True
2024-12-19 22:54:05,753 - INFO -   (37, 1): weight=-0.6247031898097287, enabled=True
2024-12-19 22:54:05,753 - INFO -   (37, 2): weight=-1.121925289981597, enabled=True
2024-12-19 22:54:06,590 - INFO - 
Best Genome in Generation 22:
2024-12-19 22:54:06,590 - INFO - Fitness: 16728.799751667742
2024-12-19 22:54:06,591 - INFO - Network Structure:
2024-12-19 22:54:06,591 - INFO - Nodes:
2024-12-19 22:54:06,591 - INFO -   Node 0: DefaultNodeGene(key=0, bias=-3.2086467818613573, response=-0.022629395476706504, activation=cube, aggregation=median)
2024-12-19 22:54:06,591 - INFO -   Node 1: DefaultNodeGene(key=1, bias=-0.22598001053832206, response=1.4377379940846364, activation=sin, aggregation=sum)
2024-12-19 22:54:06,591 - INFO -   Node 2: DefaultNodeGene(key=2, bias=-1.1472411569679375, response=0.5261914926147406, activation=tanh, aggregation=mean)
2024-12-19 22:54:06,591 - INFO -   Node 37: DefaultNodeGene(key=37, bias=1.0229780928397139, response=0.9957876108441504, activation=relu, aggregation=sum)
2024-12-19 22:54:06,591 - INFO - Connections:
2024-12-19 22:54:06,592 - INFO -   (-1, 0): weight=-3.4487532327750596, enabled=False
2024-12-19 22:54:06,592 - INFO -   (-1, 1): weight=0.7281132089614961, enabled=False
2024-12-19 22:54:06,592 - INFO -   (-1, 2): weight=1.3190490482049484, enabled=True
2024-12-19 22:54:06,592 - INFO -   (-2, 0): weight=2.9616765829823066, enabled=True
2024-12-19 22:54:06,592 - INFO -   (-2, 1): weight=0.38199375615929965, enabled=True
2024-12-19 22:54:06,594 - INFO -   (-2, 2): weight=-3.664606328753044, enabled=False
2024-12-19 22:54:06,594 - INFO -   (-3, 0): weight=-0.21400790065508746, enabled=True
2024-12-19 22:54:06,594 - INFO -   (-3, 2): weight=-1.0161716977340673, enabled=True
2024-12-19 22:54:06,594 - INFO -   (-4, 0): weight=2.9364633924717576, enabled=True
2024-12-19 22:54:06,594 - INFO -   (-4, 1): weight=1.57451955133345, enabled=False
2024-12-19 22:54:06,594 - INFO -   (-4, 2): weight=-1.641716288517305, enabled=True
2024-12-19 22:54:06,594 - INFO -   (-5, 0): weight=0.05935306028804699, enabled=True
2024-12-19 22:54:06,595 - INFO -   (-5, 1): weight=0.507736441640058, enabled=True
2024-12-19 22:54:06,595 - INFO -   (-1, 37): weight=1.9157701457778162, enabled=True
2024-12-19 22:54:06,595 - INFO -   (37, 1): weight=-0.6247031898097287, enabled=True
2024-12-19 22:54:06,595 - INFO -   (37, 2): weight=-1.121925289981597, enabled=True
2024-12-19 22:54:07,428 - INFO - 
Best Genome in Generation 23:
2024-12-19 22:54:07,428 - INFO - Fitness: 16728.799751667742
2024-12-19 22:54:07,428 - INFO - Network Structure:
2024-12-19 22:54:07,428 - INFO - Nodes:
2024-12-19 22:54:07,428 - INFO -   Node 0: DefaultNodeGene(key=0, bias=-3.2086467818613573, response=-0.022629395476706504, activation=cube, aggregation=median)
2024-12-19 22:54:07,428 - INFO -   Node 1: DefaultNodeGene(key=1, bias=-0.22598001053832206, response=1.4377379940846364, activation=sin, aggregation=sum)
2024-12-19 22:54:07,428 - INFO -   Node 2: DefaultNodeGene(key=2, bias=-1.1472411569679375, response=0.5261914926147406, activation=tanh, aggregation=mean)
2024-12-19 22:54:07,428 - INFO -   Node 37: DefaultNodeGene(key=37, bias=1.0229780928397139, response=0.9957876108441504, activation=relu, aggregation=sum)
2024-12-19 22:54:07,428 - INFO - Connections:
2024-12-19 22:54:07,430 - INFO -   (-1, 0): weight=-3.4487532327750596, enabled=False
2024-12-19 22:54:07,430 - INFO -   (-1, 1): weight=0.7281132089614961, enabled=False
2024-12-19 22:54:07,430 - INFO -   (-1, 2): weight=1.3190490482049484, enabled=True
2024-12-19 22:54:07,430 - INFO -   (-2, 0): weight=2.9616765829823066, enabled=True
2024-12-19 22:54:07,430 - INFO -   (-2, 1): weight=0.38199375615929965, enabled=True
2024-12-19 22:54:07,430 - INFO -   (-2, 2): weight=-3.664606328753044, enabled=False
2024-12-19 22:54:07,430 - INFO -   (-3, 0): weight=-0.21400790065508746, enabled=True
2024-12-19 22:54:07,430 - INFO -   (-3, 2): weight=-1.0161716977340673, enabled=True
2024-12-19 22:54:07,430 - INFO -   (-4, 0): weight=2.9364633924717576, enabled=True
2024-12-19 22:54:07,430 - INFO -   (-4, 1): weight=1.57451955133345, enabled=False
2024-12-19 22:54:07,430 - INFO -   (-4, 2): weight=-1.641716288517305, enabled=True
2024-12-19 22:54:07,430 - INFO -   (-5, 0): weight=0.05935306028804699, enabled=True
2024-12-19 22:54:07,431 - INFO -   (-5, 1): weight=0.507736441640058, enabled=True
2024-12-19 22:54:07,431 - INFO -   (-1, 37): weight=1.9157701457778162, enabled=True
2024-12-19 22:54:07,431 - INFO -   (37, 1): weight=-0.6247031898097287, enabled=True
2024-12-19 22:54:07,431 - INFO -   (37, 2): weight=-1.121925289981597, enabled=True
2024-12-19 22:54:08,303 - INFO - 
Best Genome in Generation 24:
2024-12-19 22:54:08,303 - INFO - Fitness: 16728.799751667742
2024-12-19 22:54:08,303 - INFO - Network Structure:
2024-12-19 22:54:08,303 - INFO - Nodes:
2024-12-19 22:54:08,303 - INFO -   Node 0: DefaultNodeGene(key=0, bias=-3.2086467818613573, response=-0.022629395476706504, activation=cube, aggregation=median)
2024-12-19 22:54:08,303 - INFO -   Node 1: DefaultNodeGene(key=1, bias=-0.22598001053832206, response=1.4377379940846364, activation=sin, aggregation=sum)
2024-12-19 22:54:08,303 - INFO -   Node 2: DefaultNodeGene(key=2, bias=-1.1472411569679375, response=0.5261914926147406, activation=tanh, aggregation=mean)
2024-12-19 22:54:08,303 - INFO -   Node 37: DefaultNodeGene(key=37, bias=1.0229780928397139, response=0.9957876108441504, activation=relu, aggregation=sum)
2024-12-19 22:54:08,303 - INFO - Connections:
2024-12-19 22:54:08,303 - INFO -   (-1, 0): weight=-3.4487532327750596, enabled=False
2024-12-19 22:54:08,304 - INFO -   (-1, 1): weight=0.7281132089614961, enabled=False
2024-12-19 22:54:08,304 - INFO -   (-1, 2): weight=1.3190490482049484, enabled=True
2024-12-19 22:54:08,304 - INFO -   (-2, 0): weight=2.9616765829823066, enabled=True
2024-12-19 22:54:08,304 - INFO -   (-2, 1): weight=0.38199375615929965, enabled=True
2024-12-19 22:54:08,304 - INFO -   (-2, 2): weight=-3.664606328753044, enabled=False
2024-12-19 22:54:08,304 - INFO -   (-3, 0): weight=-0.21400790065508746, enabled=True
2024-12-19 22:54:08,304 - INFO -   (-3, 2): weight=-1.0161716977340673, enabled=True
2024-12-19 22:54:08,304 - INFO -   (-4, 0): weight=2.9364633924717576, enabled=True
2024-12-19 22:54:08,305 - INFO -   (-4, 1): weight=1.57451955133345, enabled=False
2024-12-19 22:54:08,305 - INFO -   (-4, 2): weight=-1.641716288517305, enabled=True
2024-12-19 22:54:08,306 - INFO -   (-5, 0): weight=0.05935306028804699, enabled=True
2024-12-19 22:54:08,306 - INFO -   (-5, 1): weight=0.507736441640058, enabled=True
2024-12-19 22:54:08,306 - INFO -   (-1, 37): weight=1.9157701457778162, enabled=True
2024-12-19 22:54:08,306 - INFO -   (37, 1): weight=-0.6247031898097287, enabled=True
2024-12-19 22:54:08,306 - INFO -   (37, 2): weight=-1.121925289981597, enabled=True
2024-12-19 22:54:09,192 - INFO - 
Best Genome in Generation 25:
2024-12-19 22:54:09,192 - INFO - Fitness: 16728.799751667742
2024-12-19 22:54:09,193 - INFO - Network Structure:
2024-12-19 22:54:09,193 - INFO - Nodes:
2024-12-19 22:54:09,193 - INFO -   Node 0: DefaultNodeGene(key=0, bias=-3.2086467818613573, response=-0.022629395476706504, activation=cube, aggregation=median)
2024-12-19 22:54:09,193 - INFO -   Node 1: DefaultNodeGene(key=1, bias=-0.22598001053832206, response=1.4377379940846364, activation=sin, aggregation=sum)
2024-12-19 22:54:09,193 - INFO -   Node 2: DefaultNodeGene(key=2, bias=-1.1472411569679375, response=0.5261914926147406, activation=tanh, aggregation=mean)
2024-12-19 22:54:09,193 - INFO -   Node 37: DefaultNodeGene(key=37, bias=1.0229780928397139, response=0.9957876108441504, activation=relu, aggregation=sum)
2024-12-19 22:54:09,193 - INFO - Connections:
2024-12-19 22:54:09,193 - INFO -   (-1, 0): weight=-3.4487532327750596, enabled=False
2024-12-19 22:54:09,194 - INFO -   (-1, 1): weight=0.7281132089614961, enabled=False
2024-12-19 22:54:09,194 - INFO -   (-1, 2): weight=1.3190490482049484, enabled=True
2024-12-19 22:54:09,194 - INFO -   (-2, 0): weight=2.9616765829823066, enabled=True
2024-12-19 22:54:09,195 - INFO -   (-2, 1): weight=0.38199375615929965, enabled=True
2024-12-19 22:54:09,195 - INFO -   (-2, 2): weight=-3.664606328753044, enabled=False
2024-12-19 22:54:09,195 - INFO -   (-3, 0): weight=-0.21400790065508746, enabled=True
2024-12-19 22:54:09,195 - INFO -   (-3, 2): weight=-1.0161716977340673, enabled=True
2024-12-19 22:54:09,195 - INFO -   (-4, 0): weight=2.9364633924717576, enabled=True
2024-12-19 22:54:09,195 - INFO -   (-4, 1): weight=1.57451955133345, enabled=False
2024-12-19 22:54:09,195 - INFO -   (-4, 2): weight=-1.641716288517305, enabled=True
2024-12-19 22:54:09,195 - INFO -   (-5, 0): weight=0.05935306028804699, enabled=True
2024-12-19 22:54:09,195 - INFO -   (-5, 1): weight=0.507736441640058, enabled=True
2024-12-19 22:54:09,195 - INFO -   (-1, 37): weight=1.9157701457778162, enabled=True
2024-12-19 22:54:09,195 - INFO -   (37, 1): weight=-0.6247031898097287, enabled=True
2024-12-19 22:54:09,195 - INFO -   (37, 2): weight=-1.121925289981597, enabled=True
2024-12-19 22:54:10,086 - INFO - 
Best Genome in Generation 26:
2024-12-19 22:54:10,086 - INFO - Fitness: 16728.799751667742
2024-12-19 22:54:10,086 - INFO - Network Structure:
2024-12-19 22:54:10,086 - INFO - Nodes:
2024-12-19 22:54:10,086 - INFO -   Node 0: DefaultNodeGene(key=0, bias=-3.2086467818613573, response=-0.022629395476706504, activation=cube, aggregation=median)
2024-12-19 22:54:10,086 - INFO -   Node 1: DefaultNodeGene(key=1, bias=-0.22598001053832206, response=1.4377379940846364, activation=sin, aggregation=sum)
2024-12-19 22:54:10,086 - INFO -   Node 2: DefaultNodeGene(key=2, bias=-1.1472411569679375, response=0.5261914926147406, activation=tanh, aggregation=mean)
2024-12-19 22:54:10,086 - INFO -   Node 37: DefaultNodeGene(key=37, bias=1.0229780928397139, response=0.9957876108441504, activation=relu, aggregation=sum)
2024-12-19 22:54:10,086 - INFO - Connections:
2024-12-19 22:54:10,086 - INFO -   (-1, 0): weight=-3.4487532327750596, enabled=False
2024-12-19 22:54:10,086 - INFO -   (-1, 1): weight=0.7281132089614961, enabled=False
2024-12-19 22:54:10,087 - INFO -   (-1, 2): weight=1.3190490482049484, enabled=True
2024-12-19 22:54:10,087 - INFO -   (-2, 0): weight=2.9616765829823066, enabled=True
2024-12-19 22:54:10,087 - INFO -   (-2, 1): weight=0.38199375615929965, enabled=True
2024-12-19 22:54:10,087 - INFO -   (-2, 2): weight=-3.664606328753044, enabled=False
2024-12-19 22:54:10,087 - INFO -   (-3, 0): weight=-0.21400790065508746, enabled=True
2024-12-19 22:54:10,087 - INFO -   (-3, 2): weight=-1.0161716977340673, enabled=True
2024-12-19 22:54:10,087 - INFO -   (-4, 0): weight=2.9364633924717576, enabled=True
2024-12-19 22:54:10,087 - INFO -   (-4, 1): weight=1.57451955133345, enabled=False
2024-12-19 22:54:10,087 - INFO -   (-4, 2): weight=-1.641716288517305, enabled=True
2024-12-19 22:54:10,087 - INFO -   (-5, 0): weight=0.05935306028804699, enabled=True
2024-12-19 22:54:10,087 - INFO -   (-5, 1): weight=0.507736441640058, enabled=True
2024-12-19 22:54:10,087 - INFO -   (-1, 37): weight=1.9157701457778162, enabled=True
2024-12-19 22:54:10,087 - INFO -   (37, 1): weight=-0.6247031898097287, enabled=True
2024-12-19 22:54:10,087 - INFO -   (37, 2): weight=-1.121925289981597, enabled=True
2024-12-19 22:54:10,994 - INFO - 
Best Genome in Generation 27:
2024-12-19 22:54:10,994 - INFO - Fitness: 16813.944260436314
2024-12-19 22:54:10,994 - INFO - Network Structure:
2024-12-19 22:54:10,994 - INFO - Nodes:
2024-12-19 22:54:10,994 - INFO -   Node 0: DefaultNodeGene(key=0, bias=-3.2086467818613573, response=-0.022629395476706504, activation=cube, aggregation=median)
2024-12-19 22:54:10,994 - INFO -   Node 1: DefaultNodeGene(key=1, bias=-0.22598001053832206, response=1.4377379940846364, activation=sin, aggregation=sum)
2024-12-19 22:54:10,995 - INFO -   Node 2: DefaultNodeGene(key=2, bias=-1.1472411569679375, response=0.5261914926147406, activation=tanh, aggregation=mean)
2024-12-19 22:54:10,995 - INFO -   Node 37: DefaultNodeGene(key=37, bias=1.0229780928397139, response=0.9957876108441504, activation=relu, aggregation=sum)
2024-12-19 22:54:10,995 - INFO - Connections:
2024-12-19 22:54:10,995 - INFO -   (-1, 0): weight=-3.4487532327750596, enabled=False
2024-12-19 22:54:10,995 - INFO -   (-1, 1): weight=0.7281132089614961, enabled=False
2024-12-19 22:54:10,995 - INFO -   (-1, 2): weight=1.3190490482049484, enabled=True
2024-12-19 22:54:10,995 - INFO -   (-2, 0): weight=2.9616765829823066, enabled=True
2024-12-19 22:54:10,995 - INFO -   (-2, 1): weight=0.38199375615929965, enabled=True
2024-12-19 22:54:10,995 - INFO -   (-2, 2): weight=-3.664606328753044, enabled=False
2024-12-19 22:54:10,995 - INFO -   (-3, 0): weight=-0.21400790065508746, enabled=True
2024-12-19 22:54:10,995 - INFO -   (-3, 2): weight=-1.0161716977340673, enabled=True
2024-12-19 22:54:10,995 - INFO -   (-4, 0): weight=2.9364633924717576, enabled=True
2024-12-19 22:54:10,996 - INFO -   (-4, 1): weight=1.57451955133345, enabled=False
2024-12-19 22:54:10,996 - INFO -   (-4, 2): weight=-1.641716288517305, enabled=True
2024-12-19 22:54:10,996 - INFO -   (-5, 0): weight=0.05935306028804699, enabled=True
2024-12-19 22:54:10,996 - INFO -   (-5, 1): weight=0.507736441640058, enabled=True
2024-12-19 22:54:10,996 - INFO -   (-1, 37): weight=1.9157701457778162, enabled=True
2024-12-19 22:54:10,996 - INFO -   (37, 1): weight=-0.6247031898097287, enabled=True
2024-12-19 22:54:10,996 - INFO -   (37, 2): weight=-1.121925289981597, enabled=True
2024-12-19 22:54:11,895 - INFO - 
Best Genome in Generation 28:
2024-12-19 22:54:11,895 - INFO - Fitness: 16728.799751667742
2024-12-19 22:54:11,895 - INFO - Network Structure:
2024-12-19 22:54:11,895 - INFO - Nodes:
2024-12-19 22:54:11,895 - INFO -   Node 0: DefaultNodeGene(key=0, bias=-3.2086467818613573, response=-0.022629395476706504, activation=cube, aggregation=median)
2024-12-19 22:54:11,895 - INFO -   Node 1: DefaultNodeGene(key=1, bias=-0.22598001053832206, response=1.4377379940846364, activation=sin, aggregation=sum)
2024-12-19 22:54:11,895 - INFO -   Node 2: DefaultNodeGene(key=2, bias=-1.1472411569679375, response=0.5261914926147406, activation=tanh, aggregation=mean)
2024-12-19 22:54:11,895 - INFO -   Node 37: DefaultNodeGene(key=37, bias=1.0229780928397139, response=0.9957876108441504, activation=relu, aggregation=sum)
2024-12-19 22:54:11,895 - INFO - Connections:
2024-12-19 22:54:11,896 - INFO -   (-1, 0): weight=-3.4487532327750596, enabled=False
2024-12-19 22:54:11,896 - INFO -   (-1, 1): weight=0.7281132089614961, enabled=False
2024-12-19 22:54:11,896 - INFO -   (-1, 2): weight=1.3190490482049484, enabled=True
2024-12-19 22:54:11,896 - INFO -   (-2, 0): weight=2.9616765829823066, enabled=True
2024-12-19 22:54:11,896 - INFO -   (-2, 1): weight=0.38199375615929965, enabled=True
2024-12-19 22:54:11,896 - INFO -   (-2, 2): weight=-3.664606328753044, enabled=False
2024-12-19 22:54:11,896 - INFO -   (-3, 0): weight=-0.21400790065508746, enabled=True
2024-12-19 22:54:11,896 - INFO -   (-3, 2): weight=-1.0161716977340673, enabled=True
2024-12-19 22:54:11,896 - INFO -   (-4, 0): weight=2.9364633924717576, enabled=True
2024-12-19 22:54:11,896 - INFO -   (-4, 1): weight=1.57451955133345, enabled=False
2024-12-19 22:54:11,896 - INFO -   (-4, 2): weight=-1.641716288517305, enabled=True
2024-12-19 22:54:11,896 - INFO -   (-5, 0): weight=0.05935306028804699, enabled=True
2024-12-19 22:54:11,896 - INFO -   (-5, 1): weight=0.507736441640058, enabled=True
2024-12-19 22:54:11,897 - INFO -   (-1, 37): weight=1.9157701457778162, enabled=True
2024-12-19 22:54:11,897 - INFO -   (37, 1): weight=-0.6247031898097287, enabled=True
2024-12-19 22:54:11,897 - INFO -   (37, 2): weight=-1.121925289981597, enabled=True
2024-12-19 22:54:12,855 - INFO - 
Best Genome in Generation 29:
2024-12-19 22:54:12,855 - INFO - Fitness: 16728.799751667742
2024-12-19 22:54:12,855 - INFO - Network Structure:
2024-12-19 22:54:12,855 - INFO - Nodes:
2024-12-19 22:54:12,855 - INFO -   Node 0: DefaultNodeGene(key=0, bias=-3.2086467818613573, response=-0.022629395476706504, activation=cube, aggregation=median)
2024-12-19 22:54:12,855 - INFO -   Node 1: DefaultNodeGene(key=1, bias=-0.22598001053832206, response=1.4377379940846364, activation=sin, aggregation=sum)
2024-12-19 22:54:12,856 - INFO -   Node 2: DefaultNodeGene(key=2, bias=-1.1472411569679375, response=0.5261914926147406, activation=tanh, aggregation=mean)
2024-12-19 22:54:12,856 - INFO -   Node 37: DefaultNodeGene(key=37, bias=1.0229780928397139, response=0.9957876108441504, activation=relu, aggregation=sum)
2024-12-19 22:54:12,856 - INFO - Connections:
2024-12-19 22:54:12,856 - INFO -   (-1, 0): weight=-3.4487532327750596, enabled=False
2024-12-19 22:54:12,856 - INFO -   (-1, 1): weight=0.7281132089614961, enabled=False
2024-12-19 22:54:12,856 - INFO -   (-1, 2): weight=1.3190490482049484, enabled=True
2024-12-19 22:54:12,856 - INFO -   (-2, 0): weight=2.9616765829823066, enabled=True
2024-12-19 22:54:12,856 - INFO -   (-2, 1): weight=0.38199375615929965, enabled=True
2024-12-19 22:54:12,857 - INFO -   (-2, 2): weight=-3.664606328753044, enabled=False
2024-12-19 22:54:12,857 - INFO -   (-3, 0): weight=-0.21400790065508746, enabled=True
2024-12-19 22:54:12,857 - INFO -   (-3, 2): weight=-1.0161716977340673, enabled=True
2024-12-19 22:54:12,857 - INFO -   (-4, 0): weight=2.9364633924717576, enabled=True
2024-12-19 22:54:12,857 - INFO -   (-4, 1): weight=1.57451955133345, enabled=False
2024-12-19 22:54:12,857 - INFO -   (-4, 2): weight=-1.641716288517305, enabled=True
2024-12-19 22:54:12,857 - INFO -   (-5, 0): weight=0.05935306028804699, enabled=True
2024-12-19 22:54:12,858 - INFO -   (-5, 1): weight=0.507736441640058, enabled=True
2024-12-19 22:54:12,858 - INFO -   (-1, 37): weight=1.9157701457778162, enabled=True
2024-12-19 22:54:12,858 - INFO -   (37, 1): weight=-0.6247031898097287, enabled=True
2024-12-19 22:54:12,858 - INFO -   (37, 2): weight=-1.121925289981597, enabled=True
2024-12-19 22:54:13,781 - INFO - 
Best Genome in Generation 30:
2024-12-19 22:54:13,781 - INFO - Fitness: 16728.799751667742
2024-12-19 22:54:13,781 - INFO - Network Structure:
2024-12-19 22:54:13,781 - INFO - Nodes:
2024-12-19 22:54:13,781 - INFO -   Node 0: DefaultNodeGene(key=0, bias=-3.2086467818613573, response=-0.022629395476706504, activation=cube, aggregation=median)
2024-12-19 22:54:13,781 - INFO -   Node 1: DefaultNodeGene(key=1, bias=-0.22598001053832206, response=1.4377379940846364, activation=sin, aggregation=sum)
2024-12-19 22:54:13,781 - INFO -   Node 2: DefaultNodeGene(key=2, bias=-1.1472411569679375, response=0.5261914926147406, activation=tanh, aggregation=mean)
2024-12-19 22:54:13,782 - INFO -   Node 37: DefaultNodeGene(key=37, bias=1.0229780928397139, response=0.9957876108441504, activation=relu, aggregation=sum)
2024-12-19 22:54:13,782 - INFO - Connections:
2024-12-19 22:54:13,782 - INFO -   (-1, 0): weight=-3.4487532327750596, enabled=False
2024-12-19 22:54:13,782 - INFO -   (-1, 1): weight=0.7281132089614961, enabled=False
2024-12-19 22:54:13,782 - INFO -   (-1, 2): weight=1.3190490482049484, enabled=True
2024-12-19 22:54:13,782 - INFO -   (-2, 0): weight=2.9616765829823066, enabled=True
2024-12-19 22:54:13,782 - INFO -   (-2, 1): weight=0.38199375615929965, enabled=True
2024-12-19 22:54:13,782 - INFO -   (-2, 2): weight=-3.664606328753044, enabled=False
2024-12-19 22:54:13,783 - INFO -   (-3, 0): weight=-0.21400790065508746, enabled=True
2024-12-19 22:54:13,783 - INFO -   (-3, 2): weight=-1.0161716977340673, enabled=True
2024-12-19 22:54:13,783 - INFO -   (-4, 0): weight=2.9364633924717576, enabled=True
2024-12-19 22:54:13,783 - INFO -   (-4, 1): weight=1.57451955133345, enabled=False
2024-12-19 22:54:13,783 - INFO -   (-4, 2): weight=-1.641716288517305, enabled=True
2024-12-19 22:54:13,783 - INFO -   (-5, 0): weight=0.05935306028804699, enabled=True
2024-12-19 22:54:13,783 - INFO -   (-5, 1): weight=0.507736441640058, enabled=True
2024-12-19 22:54:13,783 - INFO -   (-1, 37): weight=1.9157701457778162, enabled=True
2024-12-19 22:54:13,783 - INFO -   (37, 1): weight=-0.6247031898097287, enabled=True
2024-12-19 22:54:13,783 - INFO -   (37, 2): weight=-1.121925289981597, enabled=True
2024-12-19 22:54:14,635 - INFO - 
Best Genome in Generation 31:
2024-12-19 22:54:14,635 - INFO - Fitness: 18305.98210093619
2024-12-19 22:54:14,635 - INFO - Network Structure:
2024-12-19 22:54:14,635 - INFO - Nodes:
2024-12-19 22:54:14,635 - INFO -   Node 0: DefaultNodeGene(key=0, bias=-4.432043716435731, response=2.288707490219304, activation=cube, aggregation=maxabs)
2024-12-19 22:54:14,635 - INFO -   Node 1: DefaultNodeGene(key=1, bias=-0.3642371387985889, response=0.13829871413469985, activation=cube, aggregation=maxabs)
2024-12-19 22:54:14,635 - INFO -   Node 2: DefaultNodeGene(key=2, bias=-2.525086920581183, response=2.3136452471333606, activation=hat, aggregation=sum)
2024-12-19 22:54:14,635 - INFO - Connections:
2024-12-19 22:54:14,635 - INFO -   (-1, 0): weight=-4.3214917761411344, enabled=False
2024-12-19 22:54:14,635 - INFO -   (-1, 1): weight=1.6541835493781174, enabled=False
2024-12-19 22:54:14,635 - INFO -   (-1, 2): weight=0.16647626624701733, enabled=True
2024-12-19 22:54:14,637 - INFO -   (-2, 0): weight=2.2950509995989834, enabled=True
2024-12-19 22:54:14,637 - INFO -   (-2, 1): weight=0.5090499610804019, enabled=False
2024-12-19 22:54:14,637 - INFO -   (-2, 2): weight=-0.9004328204313341, enabled=False
2024-12-19 22:54:14,637 - INFO -   (-3, 0): weight=0.054303466313120496, enabled=True
2024-12-19 22:54:14,637 - INFO -   (-5, 0): weight=-0.73583297142286, enabled=True
2024-12-19 22:54:14,637 - INFO -   (-5, 1): weight=-4.716066672483965, enabled=True
2024-12-19 22:54:14,637 - INFO -   (-4, 0): weight=-1.067935394267331, enabled=True
2024-12-19 22:54:14,637 - INFO - 
New Best Genome Found!
2024-12-19 22:54:14,637 - INFO - New Best Fitness: 18305.98210093619
2024-12-19 22:54:15,194 - INFO - 
Best Genome in Generation 32:
2024-12-19 22:54:15,194 - INFO - Fitness: 9403.641295980737
2024-12-19 22:54:15,194 - INFO - Network Structure:
2024-12-19 22:54:15,194 - INFO - Nodes:
2024-12-19 22:54:15,194 - INFO -   Node 0: DefaultNodeGene(key=0, bias=-4.432043716435731, response=2.288707490219304, activation=cube, aggregation=maxabs)
2024-12-19 22:54:15,194 - INFO -   Node 1: DefaultNodeGene(key=1, bias=-0.3642371387985889, response=0.13829871413469985, activation=cube, aggregation=maxabs)
2024-12-19 22:54:15,194 - INFO -   Node 2: DefaultNodeGene(key=2, bias=-2.525086920581183, response=2.3136452471333606, activation=hat, aggregation=sum)
2024-12-19 22:54:15,194 - INFO - Connections:
2024-12-19 22:54:15,196 - INFO -   (-1, 0): weight=-4.3214917761411344, enabled=False
2024-12-19 22:54:15,196 - INFO -   (-1, 1): weight=1.6541835493781174, enabled=False
2024-12-19 22:54:15,196 - INFO -   (-1, 2): weight=0.16647626624701733, enabled=True
2024-12-19 22:54:15,196 - INFO -   (-2, 0): weight=2.2950509995989834, enabled=True
2024-12-19 22:54:15,196 - INFO -   (-2, 1): weight=0.5090499610804019, enabled=False
2024-12-19 22:54:15,196 - INFO -   (-2, 2): weight=-0.9004328204313341, enabled=False
2024-12-19 22:54:15,196 - INFO -   (-3, 0): weight=0.054303466313120496, enabled=True
2024-12-19 22:54:15,196 - INFO -   (-5, 0): weight=-0.73583297142286, enabled=True
2024-12-19 22:54:15,196 - INFO -   (-5, 1): weight=-4.716066672483965, enabled=True
2024-12-19 22:54:15,196 - INFO -   (-4, 0): weight=-1.067935394267331, enabled=True
2024-12-19 22:54:15,456 - INFO - 
Best Genome in Generation 33:
2024-12-19 22:54:15,456 - INFO - Fitness: 2121.4266741695074
2024-12-19 22:54:15,456 - INFO - Network Structure:
2024-12-19 22:54:15,458 - INFO - Nodes:
2024-12-19 22:54:15,458 - INFO -   Node 0: DefaultNodeGene(key=0, bias=-0.3098530284382388, response=0.5055471047477543, activation=gauss, aggregation=mean)
2024-12-19 22:54:15,458 - INFO -   Node 1: DefaultNodeGene(key=1, bias=1.353720554374526, response=3.106742296231936, activation=cube, aggregation=sum)
2024-12-19 22:54:15,458 - INFO -   Node 2: DefaultNodeGene(key=2, bias=-1.2641373796795343, response=1.3335619547485993, activation=cube, aggregation=product)
2024-12-19 22:54:15,458 - INFO -   Node 37: DefaultNodeGene(key=37, bias=1.979953483752828, response=3.1333451183845056, activation=cube, aggregation=min)
2024-12-19 22:54:15,458 - INFO -   Node 112: DefaultNodeGene(key=112, bias=1.9874575015915172, response=-1.5926982925189384, activation=hat, aggregation=mean)
2024-12-19 22:54:15,458 - INFO -   Node 115: DefaultNodeGene(key=115, bias=-0.19961367005373865, response=0.0645175684700382, activation=tanh, aggregation=maxabs)
2024-12-19 22:54:15,458 - INFO - Connections:
2024-12-19 22:54:15,458 - INFO -   (-1, 0): weight=-2.659502298895889, enabled=False
2024-12-19 22:54:15,458 - INFO -   (-1, 1): weight=-3.166783222945834, enabled=True
2024-12-19 22:54:15,458 - INFO -   (-1, 2): weight=0.6521637574176771, enabled=False
2024-12-19 22:54:15,458 - INFO -   (-2, 0): weight=1.2166217110606163, enabled=True
2024-12-19 22:54:15,458 - INFO -   (-2, 1): weight=-0.14726474474353618, enabled=True
2024-12-19 22:54:15,458 - INFO -   (-2, 2): weight=-1.8064277028505975, enabled=False
2024-12-19 22:54:15,458 - INFO -   (-3, 2): weight=4.052145680143306, enabled=True
2024-12-19 22:54:15,458 - INFO -   (-4, 0): weight=0.25203495594230696, enabled=False
2024-12-19 22:54:15,459 - INFO -   (-4, 1): weight=3.6256180288934003, enabled=False
2024-12-19 22:54:15,459 - INFO -   (-4, 2): weight=-2.4361045545179847, enabled=True
2024-12-19 22:54:15,459 - INFO -   (-5, 0): weight=1.195448647593778, enabled=True
2024-12-19 22:54:15,460 - INFO -   (-5, 1): weight=0.7571990309772849, enabled=True
2024-12-19 22:54:15,460 - INFO -   (-1, 37): weight=1.3714096132943538, enabled=True
2024-12-19 22:54:15,460 - INFO -   (37, 1): weight=-3.3664468167398343, enabled=True
2024-12-19 22:54:15,460 - INFO -   (-3, 112): weight=1.4313017052530732, enabled=True
2024-12-19 22:54:15,460 - INFO -   (112, 2): weight=3.4906898993745283, enabled=True
2024-12-19 22:54:15,460 - INFO -   (-1, 115): weight=0.032439360681215806, enabled=True
2024-12-19 22:54:15,460 - INFO -   (115, 2): weight=-1.6948412864600062, enabled=True
2024-12-19 22:54:15,688 - INFO - 
Best Genome in Generation 34:
2024-12-19 22:54:15,688 - INFO - Fitness: 1908.6869842166286
2024-12-19 22:54:15,688 - INFO - Network Structure:
2024-12-19 22:54:15,688 - INFO - Nodes:
2024-12-19 22:54:15,688 - INFO -   Node 0: DefaultNodeGene(key=0, bias=-0.3098530284382388, response=0.5055471047477543, activation=gauss, aggregation=mean)
2024-12-19 22:54:15,688 - INFO -   Node 1: DefaultNodeGene(key=1, bias=1.353720554374526, response=3.106742296231936, activation=cube, aggregation=sum)
2024-12-19 22:54:15,688 - INFO -   Node 2: DefaultNodeGene(key=2, bias=-1.2641373796795343, response=1.3335619547485993, activation=cube, aggregation=product)
2024-12-19 22:54:15,688 - INFO -   Node 37: DefaultNodeGene(key=37, bias=1.979953483752828, response=3.1333451183845056, activation=cube, aggregation=min)
2024-12-19 22:54:15,689 - INFO -   Node 112: DefaultNodeGene(key=112, bias=1.9874575015915172, response=-1.5926982925189384, activation=hat, aggregation=mean)
2024-12-19 22:54:15,689 - INFO -   Node 115: DefaultNodeGene(key=115, bias=-0.19961367005373865, response=0.0645175684700382, activation=tanh, aggregation=maxabs)
2024-12-19 22:54:15,689 - INFO - Connections:
2024-12-19 22:54:15,689 - INFO -   (-1, 0): weight=-2.659502298895889, enabled=False
2024-12-19 22:54:15,689 - INFO -   (-1, 1): weight=-3.166783222945834, enabled=True
2024-12-19 22:54:15,689 - INFO -   (-1, 2): weight=0.6521637574176771, enabled=False
2024-12-19 22:54:15,689 - INFO -   (-2, 0): weight=1.2166217110606163, enabled=True
2024-12-19 22:54:15,689 - INFO -   (-2, 1): weight=-0.14726474474353618, enabled=True
2024-12-19 22:54:15,689 - INFO -   (-2, 2): weight=-1.8064277028505975, enabled=False
2024-12-19 22:54:15,689 - INFO -   (-3, 2): weight=4.052145680143306, enabled=True
2024-12-19 22:54:15,689 - INFO -   (-4, 0): weight=0.25203495594230696, enabled=False
2024-12-19 22:54:15,689 - INFO -   (-4, 1): weight=3.6256180288934003, enabled=False
2024-12-19 22:54:15,689 - INFO -   (-4, 2): weight=-2.4361045545179847, enabled=True
2024-12-19 22:54:15,690 - INFO -   (-5, 0): weight=1.195448647593778, enabled=True
2024-12-19 22:54:15,690 - INFO -   (-5, 1): weight=0.7571990309772849, enabled=True
2024-12-19 22:54:15,690 - INFO -   (-1, 37): weight=1.3714096132943538, enabled=True
2024-12-19 22:54:15,690 - INFO -   (37, 1): weight=-3.3664468167398343, enabled=True
2024-12-19 22:54:15,690 - INFO -   (-3, 112): weight=1.4313017052530732, enabled=True
2024-12-19 22:54:15,690 - INFO -   (112, 2): weight=3.4906898993745283, enabled=True
2024-12-19 22:54:15,691 - INFO -   (-1, 115): weight=0.032439360681215806, enabled=True
2024-12-19 22:54:15,691 - INFO -   (115, 2): weight=-1.6948412864600062, enabled=True
2024-12-19 22:54:15,936 - INFO - 
Best Genome in Generation 35:
2024-12-19 22:54:15,937 - INFO - Fitness: 1949.0469180697116
2024-12-19 22:54:15,937 - INFO - Network Structure:
2024-12-19 22:54:15,937 - INFO - Nodes:
2024-12-19 22:54:15,937 - INFO -   Node 0: DefaultNodeGene(key=0, bias=-1.1205437473498812, response=2.3401224069296283, activation=cube, aggregation=sum)
2024-12-19 22:54:15,937 - INFO -   Node 1: DefaultNodeGene(key=1, bias=-0.08521591247301741, response=-0.9811114117681417, activation=cube, aggregation=sum)
2024-12-19 22:54:15,938 - INFO -   Node 2: DefaultNodeGene(key=2, bias=-2.650237954399138, response=2.263680829274795, activation=hat, aggregation=sum)
2024-12-19 22:54:15,938 - INFO -   Node 37: DefaultNodeGene(key=37, bias=1.90443820798341, response=3.845005631468098, activation=cube, aggregation=min)
2024-12-19 22:54:15,938 - INFO -   Node 115: DefaultNodeGene(key=115, bias=-0.17903621066014244, response=0.245770126840621, activation=relu, aggregation=maxabs)
2024-12-19 22:54:15,938 - INFO - Connections:
2024-12-19 22:54:15,940 - INFO -   (-1, 0): weight=-2.971777372287916, enabled=False
2024-12-19 22:54:15,941 - INFO -   (-1, 1): weight=2.014401652047094, enabled=False
2024-12-19 22:54:15,941 - INFO -   (-2, 0): weight=-0.13070660091931374, enabled=True
2024-12-19 22:54:15,941 - INFO -   (-2, 1): weight=-0.38968499378444904, enabled=False
2024-12-19 22:54:15,941 - INFO -   (-2, 2): weight=-0.1555411151559676, enabled=False
2024-12-19 22:54:15,941 - INFO -   (-3, 2): weight=4.874792901947965, enabled=True
2024-12-19 22:54:15,941 - INFO -   (-4, 0): weight=0.5048813013619369, enabled=False
2024-12-19 22:54:15,941 - INFO -   (-4, 1): weight=3.8295036271699407, enabled=False
2024-12-19 22:54:15,941 - INFO -   (-4, 2): weight=-2.6946211091419867, enabled=True
2024-12-19 22:54:15,941 - INFO -   (-5, 0): weight=0.13583509700437646, enabled=True
2024-12-19 22:54:15,941 - INFO -   (-1, 37): weight=1.9717432611507102, enabled=True
2024-12-19 22:54:15,942 - INFO -   (37, 1): weight=-3.169110329907401, enabled=True
2024-12-19 22:54:15,942 - INFO -   (-1, 115): weight=-0.16220950628625447, enabled=True
2024-12-19 22:54:15,942 - INFO -   (115, 2): weight=-2.4988277668541894, enabled=True
2024-12-19 22:54:15,942 - INFO -   (-5, 2): weight=0.5216781620929233, enabled=True
2024-12-19 22:54:16,185 - INFO - 
Best Genome in Generation 36:
2024-12-19 22:54:16,185 - INFO - Fitness: 2378.3960999812
2024-12-19 22:54:16,185 - INFO - Network Structure:
2024-12-19 22:54:16,186 - INFO - Nodes:
2024-12-19 22:54:16,186 - INFO -   Node 0: DefaultNodeGene(key=0, bias=-1.6655935822624253, response=2.9349460326809016, activation=cube, aggregation=sum)
2024-12-19 22:54:16,186 - INFO -   Node 1: DefaultNodeGene(key=1, bias=-0.18736823424543925, response=3.284133841757189, activation=sin, aggregation=product)
2024-12-19 22:54:16,186 - INFO -   Node 2: DefaultNodeGene(key=2, bias=-0.9809061373857568, response=-1.4169121886234732, activation=gauss, aggregation=mean)
2024-12-19 22:54:16,186 - INFO - Connections:
2024-12-19 22:54:16,186 - INFO -   (-1, 0): weight=-1.430489441835642, enabled=True
2024-12-19 22:54:16,186 - INFO -   (-1, 1): weight=-0.9490127605334522, enabled=True
2024-12-19 22:54:16,187 - INFO -   (-1, 2): weight=3.4390598995441697, enabled=True
2024-12-19 22:54:16,187 - INFO -   (-2, 0): weight=1.9256548373796945, enabled=True
2024-12-19 22:54:16,187 - INFO -   (-2, 2): weight=-3.662131740319835, enabled=False
2024-12-19 22:54:16,187 - INFO -   (-3, 0): weight=2.3674083628460103, enabled=False
2024-12-19 22:54:16,187 - INFO -   (-5, 0): weight=-1.6416695347179624, enabled=True
2024-12-19 22:54:16,187 - INFO -   (-5, 1): weight=1.9198439811060406, enabled=True
2024-12-19 22:54:16,187 - INFO -   (-4, 0): weight=-1.0280957694290755, enabled=True
2024-12-19 22:54:16,187 - INFO -   (-3, 2): weight=-2.0571661276453153, enabled=True
2024-12-19 22:54:16,261 - INFO - 
Training interrupted by user
