2024-12-19 12:04:45,662 - INFO - NEAT library patched with debug logging
2024-12-19 12:04:45,662 - INFO - 
NEAT Configuration:
2024-12-19 12:04:45,662 - INFO - Population size: 20
2024-12-19 12:04:45,663 - INFO - 
Reproduction Config:
2024-12-19 12:04:45,663 - INFO - Elitism: 1
2024-12-19 12:04:45,663 - INFO - Survival threshold: 0.5
2024-12-19 12:04:45,663 - INFO - 
Species Config:
2024-12-19 12:04:45,663 - INFO - Compatibility threshold: 50.0
2024-12-19 12:04:45,663 - INFO - 
Stagnation Config:
2024-12-19 12:04:45,663 - INFO - Species elitism: 3
2024-12-19 12:04:45,663 - INFO - Max stagnation: 40
2024-12-19 12:04:45,672 - INFO - Creating new population
2024-12-19 12:04:45,673 - DEBUG - 
Starting speciation for generation 0
2024-12-19 12:04:45,673 - DEBUG - Population size: 20
2024-12-19 12:04:45,673 - DEBUG - Compatibility threshold: 50.0
2024-12-19 12:04:45,673 - DEBUG - 
Speciation complete
2024-12-19 12:04:45,673 - DEBUG - 
Species 1:
2024-12-19 12:04:45,673 - DEBUG - Size: 20
2024-12-19 12:04:45,673 - DEBUG - Representative: genome 1
2024-12-19 12:04:45,673 - DEBUG - Members (genome_id: fitness):
2024-12-19 12:04:45,673 - DEBUG -   1: None
2024-12-19 12:04:45,673 - DEBUG -   2: None
2024-12-19 12:04:45,673 - DEBUG -   3: None
2024-12-19 12:04:45,673 - DEBUG -   4: None
2024-12-19 12:04:45,673 - DEBUG -   5: None
2024-12-19 12:04:45,673 - DEBUG -   6: None
2024-12-19 12:04:45,673 - DEBUG -   7: None
2024-12-19 12:04:45,673 - DEBUG -   8: None
2024-12-19 12:04:45,673 - DEBUG -   9: None
2024-12-19 12:04:45,673 - DEBUG -   10: None
2024-12-19 12:04:45,673 - DEBUG -   11: None
2024-12-19 12:04:45,673 - DEBUG -   12: None
2024-12-19 12:04:45,673 - DEBUG -   13: None
2024-12-19 12:04:45,673 - DEBUG -   14: None
2024-12-19 12:04:45,673 - DEBUG -   15: None
2024-12-19 12:04:45,673 - DEBUG -   16: None
2024-12-19 12:04:45,673 - DEBUG -   17: None
2024-12-19 12:04:45,673 - DEBUG -   18: None
2024-12-19 12:04:45,673 - DEBUG -   19: None
2024-12-19 12:04:45,673 - DEBUG -   20: None
2024-12-19 12:04:45,925 - DEBUG - 
Starting reproduction for generation 0
2024-12-19 12:04:45,925 - DEBUG - Population size target: 20
2024-12-19 12:04:45,925 - DEBUG - 
Species 1 before reproduction:
2024-12-19 12:04:45,925 - DEBUG - Size: 20
2024-12-19 12:04:45,925 - DEBUG - Fitness: None
2024-12-19 12:04:45,925 - DEBUG - Member 1: fitness = -1469.9016987846028
2024-12-19 12:04:45,925 - DEBUG - Member 2: fitness = 746.0312749168992
2024-12-19 12:04:45,925 - DEBUG - Member 3: fitness = -1469.9016987846028
2024-12-19 12:04:45,925 - DEBUG - Member 4: fitness = -1469.9016987846028
2024-12-19 12:04:45,925 - DEBUG - Member 5: fitness = 1559.2014318051595
2024-12-19 12:04:45,925 - DEBUG - Member 6: fitness = 1833.6883217566901
2024-12-19 12:04:45,925 - DEBUG - Member 7: fitness = 3025.101150395243
2024-12-19 12:04:45,925 - DEBUG - Member 8: fitness = 1742.9397327191086
2024-12-19 12:04:45,925 - DEBUG - Member 9: fitness = 1836.3776693483546
2024-12-19 12:04:45,925 - DEBUG - Member 10: fitness = 2709.971649535106
2024-12-19 12:04:45,925 - DEBUG - Member 11: fitness = 2342.4865782610036
2024-12-19 12:04:45,925 - DEBUG - Member 12: fitness = 2164.741690626361
2024-12-19 12:04:45,925 - DEBUG - Member 13: fitness = 2163.7925885815284
2024-12-19 12:04:45,925 - DEBUG - Member 14: fitness = -1469.9016987846028
2024-12-19 12:04:45,925 - DEBUG - Member 15: fitness = -1469.9016987846028
2024-12-19 12:04:45,925 - DEBUG - Member 16: fitness = -1469.9016987846028
2024-12-19 12:04:45,925 - DEBUG - Member 17: fitness = -1469.9016987846028
2024-12-19 12:04:45,925 - DEBUG - Member 18: fitness = -487.9422295257401
2024-12-19 12:04:45,925 - DEBUG - Member 19: fitness = -1469.9016987846028
2024-12-19 12:04:45,925 - DEBUG - Member 20: fitness = 2161.006151370043
2024-12-19 12:04:45,926 - DEBUG - 
Reproduction complete
2024-12-19 12:04:45,926 - DEBUG - New population size: 20
2024-12-19 12:04:45,926 - DEBUG - 
Starting speciation for generation 0
2024-12-19 12:04:45,926 - DEBUG - Population size: 20
2024-12-19 12:04:45,926 - DEBUG - Compatibility threshold: 50.0
2024-12-19 12:04:45,927 - DEBUG - 
Speciation complete
2024-12-19 12:04:45,927 - DEBUG - 
Species 1:
2024-12-19 12:04:45,927 - DEBUG - Size: 20
2024-12-19 12:04:45,927 - DEBUG - Representative: genome 28
2024-12-19 12:04:45,927 - DEBUG - Members (genome_id: fitness):
2024-12-19 12:04:45,927 - DEBUG -   7: 3025.101150395243
2024-12-19 12:04:45,927 - DEBUG -   28: None
2024-12-19 12:04:45,927 - DEBUG -   21: None
2024-12-19 12:04:45,927 - DEBUG -   22: None
2024-12-19 12:04:45,927 - DEBUG -   23: None
2024-12-19 12:04:45,927 - DEBUG -   24: None
2024-12-19 12:04:45,927 - DEBUG -   25: None
2024-12-19 12:04:45,927 - DEBUG -   26: None
2024-12-19 12:04:45,927 - DEBUG -   27: None
2024-12-19 12:04:45,927 - DEBUG -   29: None
2024-12-19 12:04:45,927 - DEBUG -   30: None
2024-12-19 12:04:45,927 - DEBUG -   31: None
2024-12-19 12:04:45,927 - DEBUG -   32: None
2024-12-19 12:04:45,927 - DEBUG -   33: None
2024-12-19 12:04:45,927 - DEBUG -   34: None
2024-12-19 12:04:45,927 - DEBUG -   35: None
2024-12-19 12:04:45,927 - DEBUG -   36: None
2024-12-19 12:04:45,927 - DEBUG -   37: None
2024-12-19 12:04:45,927 - DEBUG -   38: None
2024-12-19 12:04:45,927 - DEBUG -   39: None
2024-12-19 12:04:46,151 - DEBUG - 
Starting reproduction for generation 1
2024-12-19 12:04:46,151 - DEBUG - Population size target: 20
2024-12-19 12:04:46,151 - DEBUG - 
Species 1 before reproduction:
2024-12-19 12:04:46,151 - DEBUG - Size: 20
2024-12-19 12:04:46,151 - DEBUG - Fitness: 3025.101150395243
2024-12-19 12:04:46,151 - DEBUG - Member 28: fitness = -1427.1239727512966
2024-12-19 12:04:46,151 - DEBUG - Member 7: fitness = 2828.3612047449374
2024-12-19 12:04:46,151 - DEBUG - Member 21: fitness = -1761.422191526294
2024-12-19 12:04:46,151 - DEBUG - Member 22: fitness = -1051.2809681839276
2024-12-19 12:04:46,151 - DEBUG - Member 23: fitness = 2580.03847582266
2024-12-19 12:04:46,151 - DEBUG - Member 24: fitness = -1427.1239727512966
2024-12-19 12:04:46,151 - DEBUG - Member 25: fitness = -16.894198203749916
2024-12-19 12:04:46,151 - DEBUG - Member 26: fitness = 2057.110023718637
2024-12-19 12:04:46,151 - DEBUG - Member 27: fitness = -1427.1239727512966
2024-12-19 12:04:46,151 - DEBUG - Member 29: fitness = 1681.5042592420855
2024-12-19 12:04:46,151 - DEBUG - Member 30: fitness = 656.8798317509286
2024-12-19 12:04:46,151 - DEBUG - Member 31: fitness = 842.4669792124791
2024-12-19 12:04:46,151 - DEBUG - Member 32: fitness = -1427.1239727512966
2024-12-19 12:04:46,151 - DEBUG - Member 33: fitness = -1427.1239727512966
2024-12-19 12:04:46,151 - DEBUG - Member 34: fitness = -1427.1239727512966
2024-12-19 12:04:46,151 - DEBUG - Member 35: fitness = 2231.228847544306
2024-12-19 12:04:46,151 - DEBUG - Member 36: fitness = -1427.1239727512966
2024-12-19 12:04:46,152 - DEBUG - Member 37: fitness = -1427.1239727512966
2024-12-19 12:04:46,152 - DEBUG - Member 38: fitness = 2628.127224862639
2024-12-19 12:04:46,152 - DEBUG - Member 39: fitness = -1427.1239727512966
2024-12-19 12:04:46,153 - DEBUG - 
Reproduction complete
2024-12-19 12:04:46,153 - DEBUG - New population size: 20
2024-12-19 12:04:46,153 - DEBUG - 
Starting speciation for generation 1
2024-12-19 12:04:46,153 - DEBUG - Population size: 20
2024-12-19 12:04:46,153 - DEBUG - Compatibility threshold: 50.0
2024-12-19 12:04:46,153 - DEBUG - 
Speciation complete
2024-12-19 12:04:46,153 - DEBUG - 
Species 1:
2024-12-19 12:04:46,153 - DEBUG - Size: 20
2024-12-19 12:04:46,153 - DEBUG - Representative: genome 52
2024-12-19 12:04:46,153 - DEBUG - Members (genome_id: fitness):
2024-12-19 12:04:46,153 - DEBUG -   7: 2828.3612047449374
2024-12-19 12:04:46,153 - DEBUG -   52: None
2024-12-19 12:04:46,153 - DEBUG -   40: None
2024-12-19 12:04:46,153 - DEBUG -   41: None
2024-12-19 12:04:46,153 - DEBUG -   42: None
2024-12-19 12:04:46,153 - DEBUG -   43: None
2024-12-19 12:04:46,153 - DEBUG -   44: None
2024-12-19 12:04:46,153 - DEBUG -   45: None
2024-12-19 12:04:46,153 - DEBUG -   46: None
2024-12-19 12:04:46,153 - DEBUG -   47: None
2024-12-19 12:04:46,153 - DEBUG -   48: None
2024-12-19 12:04:46,153 - DEBUG -   49: None
2024-12-19 12:04:46,153 - DEBUG -   50: None
2024-12-19 12:04:46,153 - DEBUG -   51: None
2024-12-19 12:04:46,153 - DEBUG -   53: None
2024-12-19 12:04:46,153 - DEBUG -   54: None
2024-12-19 12:04:46,153 - DEBUG -   55: None
2024-12-19 12:04:46,153 - DEBUG -   56: None
2024-12-19 12:04:46,153 - DEBUG -   57: None
2024-12-19 12:04:46,153 - DEBUG -   58: None
2024-12-19 12:04:46,429 - DEBUG - 
Starting reproduction for generation 2
2024-12-19 12:04:46,429 - DEBUG - Population size target: 20
2024-12-19 12:04:46,430 - DEBUG - 
Species 1 before reproduction:
2024-12-19 12:04:46,430 - DEBUG - Size: 20
2024-12-19 12:04:46,430 - DEBUG - Fitness: 2828.3612047449374
2024-12-19 12:04:46,430 - DEBUG - Member 52: fitness = 1108.3786622942614
2024-12-19 12:04:46,430 - DEBUG - Member 7: fitness = 2800.255498223465
2024-12-19 12:04:46,430 - DEBUG - Member 40: fitness = 1883.0898502853881
2024-12-19 12:04:46,430 - DEBUG - Member 41: fitness = -1421.0128690322529
2024-12-19 12:04:46,430 - DEBUG - Member 42: fitness = -1258.5743568107057
2024-12-19 12:04:46,430 - DEBUG - Member 43: fitness = 1785.5245738309413
2024-12-19 12:04:46,430 - DEBUG - Member 44: fitness = 2042.2677197684363
2024-12-19 12:04:46,430 - DEBUG - Member 45: fitness = -1421.0128690322529
2024-12-19 12:04:46,430 - DEBUG - Member 46: fitness = -1421.0128690322529
2024-12-19 12:04:46,430 - DEBUG - Member 47: fitness = -1826.1311359053768
2024-12-19 12:04:46,430 - DEBUG - Member 48: fitness = 484.80699659730396
2024-12-19 12:04:46,430 - DEBUG - Member 49: fitness = 2042.2677197684363
2024-12-19 12:04:46,430 - DEBUG - Member 50: fitness = 1988.100915655775
2024-12-19 12:04:46,430 - DEBUG - Member 51: fitness = -1421.0128690322529
2024-12-19 12:04:46,430 - DEBUG - Member 53: fitness = 413.487197243405
2024-12-19 12:04:46,430 - DEBUG - Member 54: fitness = 1759.9947525927664
2024-12-19 12:04:46,430 - DEBUG - Member 55: fitness = 1900.8254696256256
2024-12-19 12:04:46,430 - DEBUG - Member 56: fitness = 2224.6237272112144
2024-12-19 12:04:46,430 - DEBUG - Member 57: fitness = 2547.047301113801
2024-12-19 12:04:46,430 - DEBUG - Member 58: fitness = 1922.5356911870115
2024-12-19 12:04:46,431 - DEBUG - 
Reproduction complete
2024-12-19 12:04:46,431 - DEBUG - New population size: 20
2024-12-19 12:04:46,431 - DEBUG - 
Starting speciation for generation 2
2024-12-19 12:04:46,431 - DEBUG - Population size: 20
2024-12-19 12:04:46,431 - DEBUG - Compatibility threshold: 50.0
2024-12-19 12:04:46,431 - DEBUG - 
Speciation complete
2024-12-19 12:04:46,431 - DEBUG - 
Species 1:
2024-12-19 12:04:46,431 - DEBUG - Size: 20
2024-12-19 12:04:46,431 - DEBUG - Representative: genome 7
2024-12-19 12:04:46,431 - DEBUG - Members (genome_id: fitness):
2024-12-19 12:04:46,432 - DEBUG -   7: 2800.255498223465
2024-12-19 12:04:46,432 - DEBUG -   59: None
2024-12-19 12:04:46,432 - DEBUG -   60: None
2024-12-19 12:04:46,432 - DEBUG -   61: None
2024-12-19 12:04:46,432 - DEBUG -   62: None
2024-12-19 12:04:46,432 - DEBUG -   63: None
2024-12-19 12:04:46,432 - DEBUG -   64: None
2024-12-19 12:04:46,432 - DEBUG -   65: None
2024-12-19 12:04:46,432 - DEBUG -   66: None
2024-12-19 12:04:46,432 - DEBUG -   67: None
2024-12-19 12:04:46,432 - DEBUG -   68: None
2024-12-19 12:04:46,432 - DEBUG -   69: None
2024-12-19 12:04:46,432 - DEBUG -   70: None
2024-12-19 12:04:46,432 - DEBUG -   71: None
2024-12-19 12:04:46,432 - DEBUG -   72: None
2024-12-19 12:04:46,432 - DEBUG -   73: None
2024-12-19 12:04:46,432 - DEBUG -   74: None
2024-12-19 12:04:46,432 - DEBUG -   75: None
2024-12-19 12:04:46,432 - DEBUG -   76: None
2024-12-19 12:04:46,432 - DEBUG -   77: None
2024-12-19 12:04:46,686 - DEBUG - 
Starting reproduction for generation 3
2024-12-19 12:04:46,686 - DEBUG - Population size target: 20
2024-12-19 12:04:46,686 - DEBUG - 
Species 1 before reproduction:
2024-12-19 12:04:46,686 - DEBUG - Size: 20
2024-12-19 12:04:46,686 - DEBUG - Fitness: 2800.255498223465
2024-12-19 12:04:46,686 - DEBUG - Member 7: fitness = 2669.0955344565946
2024-12-19 12:04:46,686 - DEBUG - Member 59: fitness = 423.2754809072568
2024-12-19 12:04:46,686 - DEBUG - Member 60: fitness = -1392.4943850100487
2024-12-19 12:04:46,686 - DEBUG - Member 61: fitness = 1135.8955647531188
2024-12-19 12:04:46,686 - DEBUG - Member 62: fitness = -1392.4943850100487
2024-12-19 12:04:46,686 - DEBUG - Member 63: fitness = -1392.4943850100487
2024-12-19 12:04:46,686 - DEBUG - Member 64: fitness = 1973.003634667499
2024-12-19 12:04:46,686 - DEBUG - Member 65: fitness = 1973.003634667499
2024-12-19 12:04:46,686 - DEBUG - Member 66: fitness = 2580.0220035690404
2024-12-19 12:04:46,686 - DEBUG - Member 67: fitness = 2465.583964354973
2024-12-19 12:04:46,686 - DEBUG - Member 68: fitness = -1641.7867882729888
2024-12-19 12:04:46,686 - DEBUG - Member 69: fitness = 1973.003634667499
2024-12-19 12:04:46,686 - DEBUG - Member 70: fitness = -1392.4943850100487
2024-12-19 12:04:46,686 - DEBUG - Member 71: fitness = 2439.8222643538247
2024-12-19 12:04:46,686 - DEBUG - Member 72: fitness = 1973.003634667499
2024-12-19 12:04:46,686 - DEBUG - Member 73: fitness = -1392.4943850100487
2024-12-19 12:04:46,686 - DEBUG - Member 74: fitness = -1392.4943850100487
2024-12-19 12:04:46,686 - DEBUG - Member 75: fitness = 1200.168424453215
2024-12-19 12:04:46,686 - DEBUG - Member 76: fitness = -1392.4943850100487
2024-12-19 12:04:46,686 - DEBUG - Member 77: fitness = 1823.5554236542084
2024-12-19 12:04:46,687 - DEBUG - 
Reproduction complete
2024-12-19 12:04:46,687 - DEBUG - New population size: 20
2024-12-19 12:04:46,687 - DEBUG - 
Starting speciation for generation 3
2024-12-19 12:04:46,687 - DEBUG - Population size: 20
2024-12-19 12:04:46,687 - DEBUG - Compatibility threshold: 50.0
2024-12-19 12:04:46,688 - DEBUG - 
Speciation complete
2024-12-19 12:04:46,688 - DEBUG - 
Species 1:
2024-12-19 12:04:46,688 - DEBUG - Size: 20
2024-12-19 12:04:46,688 - DEBUG - Representative: genome 7
2024-12-19 12:04:46,688 - DEBUG - Members (genome_id: fitness):
2024-12-19 12:04:46,688 - DEBUG -   7: 2669.0955344565946
2024-12-19 12:04:46,688 - DEBUG -   78: None
2024-12-19 12:04:46,688 - DEBUG -   79: None
2024-12-19 12:04:46,688 - DEBUG -   80: None
2024-12-19 12:04:46,688 - DEBUG -   81: None
2024-12-19 12:04:46,688 - DEBUG -   82: None
2024-12-19 12:04:46,688 - DEBUG -   83: None
2024-12-19 12:04:46,688 - DEBUG -   84: None
2024-12-19 12:04:46,688 - DEBUG -   85: None
2024-12-19 12:04:46,688 - DEBUG -   86: None
2024-12-19 12:04:46,688 - DEBUG -   87: None
2024-12-19 12:04:46,688 - DEBUG -   88: None
2024-12-19 12:04:46,688 - DEBUG -   89: None
2024-12-19 12:04:46,688 - DEBUG -   90: None
2024-12-19 12:04:46,688 - DEBUG -   91: None
2024-12-19 12:04:46,688 - DEBUG -   92: None
2024-12-19 12:04:46,688 - DEBUG -   93: None
2024-12-19 12:04:46,688 - DEBUG -   94: None
2024-12-19 12:04:46,688 - DEBUG -   95: None
2024-12-19 12:04:46,688 - DEBUG -   96: None
2024-12-19 12:04:46,943 - DEBUG - 
Starting reproduction for generation 4
2024-12-19 12:04:46,943 - DEBUG - Population size target: 20
2024-12-19 12:04:46,943 - DEBUG - 
Species 1 before reproduction:
2024-12-19 12:04:46,943 - DEBUG - Size: 20
2024-12-19 12:04:46,943 - DEBUG - Fitness: 2669.0955344565946
2024-12-19 12:04:46,943 - DEBUG - Member 7: fitness = 2603.5155525731593
2024-12-19 12:04:46,943 - DEBUG - Member 78: fitness = 1938.3715921170303
2024-12-19 12:04:46,943 - DEBUG - Member 79: fitness = -1378.2351429989467
2024-12-19 12:04:46,943 - DEBUG - Member 80: fitness = 1938.3715921170303
2024-12-19 12:04:46,943 - DEBUG - Member 81: fitness = -1378.2351429989467
2024-12-19 12:04:46,943 - DEBUG - Member 82: fitness = -1378.2351429989467
2024-12-19 12:04:46,943 - DEBUG - Member 83: fitness = -1378.2351429989467
2024-12-19 12:04:46,943 - DEBUG - Member 84: fitness = -1378.2351429989467
2024-12-19 12:04:46,943 - DEBUG - Member 85: fitness = 247.36997628590967
2024-12-19 12:04:46,943 - DEBUG - Member 86: fitness = 1938.3715921170303
2024-12-19 12:04:46,943 - DEBUG - Member 87: fitness = 1938.3715921170303
2024-12-19 12:04:46,943 - DEBUG - Member 88: fitness = 2370.821206279828
2024-12-19 12:04:46,943 - DEBUG - Member 89: fitness = -1378.2351429989467
2024-12-19 12:04:46,943 - DEBUG - Member 90: fitness = 2382.0761808299944
2024-12-19 12:04:46,944 - DEBUG - Member 91: fitness = 1517.206131676272
2024-12-19 12:04:46,944 - DEBUG - Member 92: fitness = 2361.512059072792
2024-12-19 12:04:46,944 - DEBUG - Member 93: fitness = 1841.4527899298016
2024-12-19 12:04:46,944 - DEBUG - Member 94: fitness = 1722.0848723409792
2024-12-19 12:04:46,944 - DEBUG - Member 95: fitness = 1938.3715921170303
2024-12-19 12:04:46,944 - DEBUG - Member 96: fitness = -1378.2351429989467
2024-12-19 12:04:46,945 - DEBUG - 
Reproduction complete
2024-12-19 12:04:46,945 - DEBUG - New population size: 20
2024-12-19 12:04:46,945 - DEBUG - 
Starting speciation for generation 4
2024-12-19 12:04:46,945 - DEBUG - Population size: 20
2024-12-19 12:04:46,945 - DEBUG - Compatibility threshold: 50.0
2024-12-19 12:04:46,945 - DEBUG - 
Speciation complete
2024-12-19 12:04:46,945 - DEBUG - 
Species 1:
2024-12-19 12:04:46,945 - DEBUG - Size: 20
2024-12-19 12:04:46,945 - DEBUG - Representative: genome 7
2024-12-19 12:04:46,945 - DEBUG - Members (genome_id: fitness):
2024-12-19 12:04:46,945 - DEBUG -   7: 2603.5155525731593
2024-12-19 12:04:46,945 - DEBUG -   97: None
2024-12-19 12:04:46,945 - DEBUG -   98: None
2024-12-19 12:04:46,945 - DEBUG -   99: None
2024-12-19 12:04:46,945 - DEBUG -   100: None
2024-12-19 12:04:46,945 - DEBUG -   101: None
2024-12-19 12:04:46,945 - DEBUG -   102: None
2024-12-19 12:04:46,945 - DEBUG -   103: None
2024-12-19 12:04:46,945 - DEBUG -   104: None
2024-12-19 12:04:46,945 - DEBUG -   105: None
2024-12-19 12:04:46,945 - DEBUG -   106: None
2024-12-19 12:04:46,945 - DEBUG -   107: None
2024-12-19 12:04:46,945 - DEBUG -   108: None
2024-12-19 12:04:46,945 - DEBUG -   109: None
2024-12-19 12:04:46,945 - DEBUG -   110: None
2024-12-19 12:04:46,945 - DEBUG -   111: None
2024-12-19 12:04:46,945 - DEBUG -   112: None
2024-12-19 12:04:46,945 - DEBUG -   113: None
2024-12-19 12:04:46,945 - DEBUG -   114: None
2024-12-19 12:04:46,945 - DEBUG -   115: None
2024-12-19 12:04:47,225 - DEBUG - 
Starting reproduction for generation 5
2024-12-19 12:04:47,225 - DEBUG - Population size target: 20
2024-12-19 12:04:47,225 - DEBUG - 
Species 1 before reproduction:
2024-12-19 12:04:47,225 - DEBUG - Size: 20
2024-12-19 12:04:47,225 - DEBUG - Fitness: 2603.5155525731593
2024-12-19 12:04:47,225 - DEBUG - Member 7: fitness = 2547.304139530215
2024-12-19 12:04:47,225 - DEBUG - Member 97: fitness = 1908.6869842166286
2024-12-19 12:04:47,225 - DEBUG - Member 98: fitness = -1366.0129355608592
2024-12-19 12:04:47,225 - DEBUG - Member 99: fitness = -1366.0129355608592
2024-12-19 12:04:47,225 - DEBUG - Member 100: fitness = 2112.309781306725
2024-12-19 12:04:47,225 - DEBUG - Member 101: fitness = -1085.9968561791047
2024-12-19 12:04:47,225 - DEBUG - Member 102: fitness = 2037.344823531206
2024-12-19 12:04:47,225 - DEBUG - Member 103: fitness = 1908.6869842166286
2024-12-19 12:04:47,225 - DEBUG - Member 104: fitness = 2340.7322715799755
2024-12-19 12:04:47,225 - DEBUG - Member 105: fitness = 1908.6869842166286
2024-12-19 12:04:47,225 - DEBUG - Member 106: fitness = 2280.6177083476714
2024-12-19 12:04:47,225 - DEBUG - Member 107: fitness = 1908.6869842166286
2024-12-19 12:04:47,225 - DEBUG - Member 108: fitness = -1366.0129355608592
2024-12-19 12:04:47,225 - DEBUG - Member 109: fitness = -1366.0129355608592
2024-12-19 12:04:47,225 - DEBUG - Member 110: fitness = 1908.6869842166286
2024-12-19 12:04:47,225 - DEBUG - Member 111: fitness = 1908.6869842166286
2024-12-19 12:04:47,225 - DEBUG - Member 112: fitness = 2326.716661085405
2024-12-19 12:04:47,225 - DEBUG - Member 113: fitness = 457.89983404801643
2024-12-19 12:04:47,225 - DEBUG - Member 114: fitness = 1639.0091756568072
2024-12-19 12:04:47,225 - DEBUG - Member 115: fitness = 1908.6869842166286
2024-12-19 12:04:47,226 - DEBUG - 
Reproduction complete
2024-12-19 12:04:47,226 - DEBUG - New population size: 20
2024-12-19 12:04:47,226 - DEBUG - 
Starting speciation for generation 5
2024-12-19 12:04:47,226 - DEBUG - Population size: 20
2024-12-19 12:04:47,226 - DEBUG - Compatibility threshold: 50.0
2024-12-19 12:04:47,227 - DEBUG - 
Speciation complete
2024-12-19 12:04:47,227 - DEBUG - 
Species 1:
2024-12-19 12:04:47,227 - DEBUG - Size: 20
2024-12-19 12:04:47,227 - DEBUG - Representative: genome 7
2024-12-19 12:04:47,227 - DEBUG - Members (genome_id: fitness):
2024-12-19 12:04:47,227 - DEBUG -   7: 2547.304139530215
2024-12-19 12:04:47,227 - DEBUG -   128: None
2024-12-19 12:04:47,227 - DEBUG -   129: None
2024-12-19 12:04:47,227 - DEBUG -   130: None
2024-12-19 12:04:47,227 - DEBUG -   131: None
2024-12-19 12:04:47,227 - DEBUG -   132: None
2024-12-19 12:04:47,227 - DEBUG -   133: None
2024-12-19 12:04:47,227 - DEBUG -   134: None
2024-12-19 12:04:47,227 - DEBUG -   116: None
2024-12-19 12:04:47,227 - DEBUG -   117: None
2024-12-19 12:04:47,227 - DEBUG -   118: None
2024-12-19 12:04:47,227 - DEBUG -   119: None
2024-12-19 12:04:47,227 - DEBUG -   120: None
2024-12-19 12:04:47,227 - DEBUG -   121: None
2024-12-19 12:04:47,227 - DEBUG -   122: None
2024-12-19 12:04:47,227 - DEBUG -   123: None
2024-12-19 12:04:47,227 - DEBUG -   124: None
2024-12-19 12:04:47,227 - DEBUG -   125: None
2024-12-19 12:04:47,227 - DEBUG -   126: None
2024-12-19 12:04:47,227 - DEBUG -   127: None
2024-12-19 12:04:47,456 - DEBUG - 
Starting reproduction for generation 6
2024-12-19 12:04:47,456 - DEBUG - Population size target: 20
2024-12-19 12:04:47,456 - DEBUG - 
Species 1 before reproduction:
2024-12-19 12:04:47,456 - DEBUG - Size: 20
2024-12-19 12:04:47,456 - DEBUG - Fitness: 2547.304139530215
2024-12-19 12:04:47,456 - DEBUG - Member 7: fitness = 2725.306947499539
2024-12-19 12:04:47,456 - DEBUG - Member 128: fitness = -1404.7165924481362
2024-12-19 12:04:47,456 - DEBUG - Member 129: fitness = -1404.7165924481362
2024-12-19 12:04:47,456 - DEBUG - Member 130: fitness = -1404.7165924481362
2024-12-19 12:04:47,456 - DEBUG - Member 131: fitness = 2296.7013573967083
2024-12-19 12:04:47,456 - DEBUG - Member 132: fitness = 2002.6882425679007
2024-12-19 12:04:47,456 - DEBUG - Member 133: fitness = 2002.6882425679007
2024-12-19 12:04:47,456 - DEBUG - Member 134: fitness = 2051.840668876561
2024-12-19 12:04:47,456 - DEBUG - Member 116: fitness = 2151.3296665778894
2024-12-19 12:04:47,456 - DEBUG - Member 117: fitness = -1404.7165924481362
2024-12-19 12:04:47,457 - DEBUG - Member 118: fitness = -1404.7165924481362
2024-12-19 12:04:47,457 - DEBUG - Member 119: fitness = -1404.7165924481362
2024-12-19 12:04:47,457 - DEBUG - Member 120: fitness = -1404.7165924481362
2024-12-19 12:04:47,457 - DEBUG - Member 121: fitness = 2201.935458075122
2024-12-19 12:04:47,457 - DEBUG - Member 122: fitness = -1404.7165924481362
2024-12-19 12:04:47,457 - DEBUG - Member 123: fitness = 1596.272734247062
2024-12-19 12:04:47,457 - DEBUG - Member 124: fitness = -1404.7165924481362
2024-12-19 12:04:47,457 - DEBUG - Member 125: fitness = -1404.7165924481362
2024-12-19 12:04:47,457 - DEBUG - Member 126: fitness = 2002.6882425679007
2024-12-19 12:04:47,457 - DEBUG - Member 127: fitness = -1404.7165924481362
2024-12-19 12:04:47,458 - DEBUG - 
Reproduction complete
2024-12-19 12:04:47,458 - DEBUG - New population size: 20
2024-12-19 12:04:47,458 - DEBUG - 
Starting speciation for generation 6
2024-12-19 12:04:47,458 - DEBUG - Population size: 20
2024-12-19 12:04:47,458 - DEBUG - Compatibility threshold: 50.0
2024-12-19 12:04:47,458 - DEBUG - 
Speciation complete
2024-12-19 12:04:47,458 - DEBUG - 
Species 1:
2024-12-19 12:04:47,458 - DEBUG - Size: 20
2024-12-19 12:04:47,458 - DEBUG - Representative: genome 7
2024-12-19 12:04:47,458 - DEBUG - Members (genome_id: fitness):
2024-12-19 12:04:47,458 - DEBUG -   7: 2725.306947499539
2024-12-19 12:04:47,458 - DEBUG -   135: None
2024-12-19 12:04:47,458 - DEBUG -   136: None
2024-12-19 12:04:47,458 - DEBUG -   137: None
2024-12-19 12:04:47,458 - DEBUG -   138: None
2024-12-19 12:04:47,458 - DEBUG -   139: None
2024-12-19 12:04:47,458 - DEBUG -   140: None
2024-12-19 12:04:47,458 - DEBUG -   141: None
2024-12-19 12:04:47,458 - DEBUG -   142: None
2024-12-19 12:04:47,458 - DEBUG -   143: None
2024-12-19 12:04:47,458 - DEBUG -   144: None
2024-12-19 12:04:47,458 - DEBUG -   145: None
2024-12-19 12:04:47,458 - DEBUG -   146: None
2024-12-19 12:04:47,458 - DEBUG -   147: None
2024-12-19 12:04:47,458 - DEBUG -   148: None
2024-12-19 12:04:47,458 - DEBUG -   149: None
2024-12-19 12:04:47,458 - DEBUG -   150: None
2024-12-19 12:04:47,459 - DEBUG -   151: None
2024-12-19 12:04:47,459 - DEBUG -   152: None
2024-12-19 12:04:47,459 - DEBUG -   153: None
2024-12-19 12:04:47,684 - DEBUG - 
Starting reproduction for generation 7
2024-12-19 12:04:47,684 - DEBUG - Population size target: 20
2024-12-19 12:04:47,684 - DEBUG - 
Species 1 before reproduction:
2024-12-19 12:04:47,684 - DEBUG - Size: 20
2024-12-19 12:04:47,684 - DEBUG - Fitness: 2725.306947499539
2024-12-19 12:04:47,684 - DEBUG - Member 7: fitness = 2547.304139530215
2024-12-19 12:04:47,684 - DEBUG - Member 135: fitness = 1908.6869842166286
2024-12-19 12:04:47,685 - DEBUG - Member 136: fitness = 1908.6869842166286
2024-12-19 12:04:47,685 - DEBUG - Member 137: fitness = 1908.6869842166286
2024-12-19 12:04:47,685 - DEBUG - Member 138: fitness = -1366.0129355608592
2024-12-19 12:04:47,685 - DEBUG - Member 139: fitness = 1908.6869842166286
2024-12-19 12:04:47,685 - DEBUG - Member 140: fitness = -1366.0129355608592
2024-12-19 12:04:47,685 - DEBUG - Member 141: fitness = -838.3034069258716
2024-12-19 12:04:47,685 - DEBUG - Member 142: fitness = -1366.0129355608592
2024-12-19 12:04:47,685 - DEBUG - Member 143: fitness = -1366.0129355608592
2024-12-19 12:04:47,685 - DEBUG - Member 144: fitness = -1366.0129355608592
2024-12-19 12:04:47,685 - DEBUG - Member 145: fitness = -1366.0129355608592
2024-12-19 12:04:47,685 - DEBUG - Member 146: fitness = -1366.0129355608592
2024-12-19 12:04:47,685 - DEBUG - Member 147: fitness = -48.01440699474716
2024-12-19 12:04:47,685 - DEBUG - Member 148: fitness = 1908.6869842166286
2024-12-19 12:04:47,685 - DEBUG - Member 149: fitness = 476.63726171428436
2024-12-19 12:04:47,685 - DEBUG - Member 150: fitness = -1366.0129355608592
2024-12-19 12:04:47,685 - DEBUG - Member 151: fitness = 1969.3556948354744
2024-12-19 12:04:47,685 - DEBUG - Member 152: fitness = -1366.0129355608592
2024-12-19 12:04:47,685 - DEBUG - Member 153: fitness = 1908.6869842166286
2024-12-19 12:04:47,686 - DEBUG - 
Reproduction complete
2024-12-19 12:04:47,686 - DEBUG - New population size: 20
2024-12-19 12:04:47,686 - DEBUG - 
Starting speciation for generation 7
2024-12-19 12:04:47,686 - DEBUG - Population size: 20
2024-12-19 12:04:47,686 - DEBUG - Compatibility threshold: 50.0
2024-12-19 12:04:47,686 - DEBUG - 
Speciation complete
2024-12-19 12:04:47,686 - DEBUG - 
Species 1:
2024-12-19 12:04:47,686 - DEBUG - Size: 20
2024-12-19 12:04:47,686 - DEBUG - Representative: genome 7
2024-12-19 12:04:47,686 - DEBUG - Members (genome_id: fitness):
2024-12-19 12:04:47,686 - DEBUG -   7: 2547.304139530215
2024-12-19 12:04:47,686 - DEBUG -   154: None
2024-12-19 12:04:47,686 - DEBUG -   155: None
2024-12-19 12:04:47,686 - DEBUG -   156: None
2024-12-19 12:04:47,686 - DEBUG -   157: None
2024-12-19 12:04:47,686 - DEBUG -   158: None
2024-12-19 12:04:47,686 - DEBUG -   159: None
2024-12-19 12:04:47,686 - DEBUG -   160: None
2024-12-19 12:04:47,686 - DEBUG -   161: None
2024-12-19 12:04:47,686 - DEBUG -   162: None
2024-12-19 12:04:47,686 - DEBUG -   163: None
2024-12-19 12:04:47,686 - DEBUG -   164: None
2024-12-19 12:04:47,686 - DEBUG -   165: None
2024-12-19 12:04:47,686 - DEBUG -   166: None
2024-12-19 12:04:47,686 - DEBUG -   167: None
2024-12-19 12:04:47,686 - DEBUG -   168: None
2024-12-19 12:04:47,686 - DEBUG -   169: None
2024-12-19 12:04:47,686 - DEBUG -   170: None
2024-12-19 12:04:47,686 - DEBUG -   171: None
2024-12-19 12:04:47,686 - DEBUG -   172: None
2024-12-19 12:04:47,964 - DEBUG - 
Starting reproduction for generation 8
2024-12-19 12:04:47,964 - DEBUG - Population size target: 20
2024-12-19 12:04:47,964 - DEBUG - 
Species 1 before reproduction:
2024-12-19 12:04:47,964 - DEBUG - Size: 20
2024-12-19 12:04:47,964 - DEBUG - Fitness: 2547.304139530215
2024-12-19 12:04:47,964 - DEBUG - Member 7: fitness = 2603.5155525731593
2024-12-19 12:04:47,964 - DEBUG - Member 154: fitness = -1378.2351429989467
2024-12-19 12:04:47,964 - DEBUG - Member 155: fitness = 1938.3715921170303
2024-12-19 12:04:47,964 - DEBUG - Member 156: fitness = 1938.3715921170303
2024-12-19 12:04:47,964 - DEBUG - Member 157: fitness = 535.6931627686837
2024-12-19 12:04:47,964 - DEBUG - Member 158: fitness = 2102.803020347378
2024-12-19 12:04:47,964 - DEBUG - Member 159: fitness = 1938.3715921170303
2024-12-19 12:04:47,964 - DEBUG - Member 160: fitness = 1938.3715921170303
2024-12-19 12:04:47,964 - DEBUG - Member 161: fitness = 1938.3715921170303
2024-12-19 12:04:47,964 - DEBUG - Member 162: fitness = 1642.0938559229867
2024-12-19 12:04:47,964 - DEBUG - Member 163: fitness = -1378.2351429989467
2024-12-19 12:04:47,964 - DEBUG - Member 164: fitness = 1722.0848723409792
2024-12-19 12:04:47,964 - DEBUG - Member 165: fitness = -1378.2351429989467
2024-12-19 12:04:47,964 - DEBUG - Member 166: fitness = 2116.683429333199
2024-12-19 12:04:47,964 - DEBUG - Member 167: fitness = 1938.3715921170303
2024-12-19 12:04:47,964 - DEBUG - Member 168: fitness = -1378.2351429989467
2024-12-19 12:04:47,964 - DEBUG - Member 169: fitness = -1378.2351429989467
2024-12-19 12:04:47,964 - DEBUG - Member 170: fitness = 389.9546713175546
2024-12-19 12:04:47,964 - DEBUG - Member 171: fitness = 1938.3715921170303
2024-12-19 12:04:47,964 - DEBUG - Member 172: fitness = 1938.3715921170303
2024-12-19 12:04:47,965 - DEBUG - 
Reproduction complete
2024-12-19 12:04:47,965 - DEBUG - New population size: 20
2024-12-19 12:04:47,965 - DEBUG - 
Starting speciation for generation 8
2024-12-19 12:04:47,965 - DEBUG - Population size: 20
2024-12-19 12:04:47,965 - DEBUG - Compatibility threshold: 50.0
2024-12-19 12:04:47,966 - DEBUG - 
Speciation complete
2024-12-19 12:04:47,966 - DEBUG - 
Species 1:
2024-12-19 12:04:47,966 - DEBUG - Size: 20
2024-12-19 12:04:47,966 - DEBUG - Representative: genome 7
2024-12-19 12:04:47,966 - DEBUG - Members (genome_id: fitness):
2024-12-19 12:04:47,966 - DEBUG -   7: 2603.5155525731593
2024-12-19 12:04:47,966 - DEBUG -   173: None
2024-12-19 12:04:47,966 - DEBUG -   174: None
2024-12-19 12:04:47,966 - DEBUG -   175: None
2024-12-19 12:04:47,966 - DEBUG -   176: None
2024-12-19 12:04:47,966 - DEBUG -   177: None
2024-12-19 12:04:47,966 - DEBUG -   178: None
2024-12-19 12:04:47,966 - DEBUG -   179: None
2024-12-19 12:04:47,966 - DEBUG -   180: None
2024-12-19 12:04:47,966 - DEBUG -   181: None
2024-12-19 12:04:47,966 - DEBUG -   182: None
2024-12-19 12:04:47,966 - DEBUG -   183: None
2024-12-19 12:04:47,966 - DEBUG -   184: None
2024-12-19 12:04:47,966 - DEBUG -   185: None
2024-12-19 12:04:47,966 - DEBUG -   186: None
2024-12-19 12:04:47,966 - DEBUG -   187: None
2024-12-19 12:04:47,966 - DEBUG -   188: None
2024-12-19 12:04:47,966 - DEBUG -   189: None
2024-12-19 12:04:47,966 - DEBUG -   190: None
2024-12-19 12:04:47,966 - DEBUG -   191: None
2024-12-19 12:04:48,174 - DEBUG - 
Starting reproduction for generation 9
2024-12-19 12:04:48,174 - DEBUG - Population size target: 20
2024-12-19 12:04:48,174 - DEBUG - 
Species 1 before reproduction:
2024-12-19 12:04:48,174 - DEBUG - Size: 20
2024-12-19 12:04:48,174 - DEBUG - Fitness: 2603.5155525731593
2024-12-19 12:04:48,174 - DEBUG - Member 7: fitness = 2547.304139530215
2024-12-19 12:04:48,174 - DEBUG - Member 173: fitness = -1366.0129355608592
2024-12-19 12:04:48,174 - DEBUG - Member 174: fitness = 2230.3938743527474
2024-12-19 12:04:48,174 - DEBUG - Member 175: fitness = -1366.0129355608592
2024-12-19 12:04:48,174 - DEBUG - Member 176: fitness = -1366.0129355608592
2024-12-19 12:04:48,174 - DEBUG - Member 177: fitness = -1366.0129355608592
2024-12-19 12:04:48,174 - DEBUG - Member 178: fitness = 1347.8027431373423
2024-12-19 12:04:48,174 - DEBUG - Member 179: fitness = 400.7357987245957
2024-12-19 12:04:48,174 - DEBUG - Member 180: fitness = -1366.0129355608592
2024-12-19 12:04:48,174 - DEBUG - Member 181: fitness = -1366.0129355608592
2024-12-19 12:04:48,174 - DEBUG - Member 182: fitness = 555.3740114487421
2024-12-19 12:04:48,175 - DEBUG - Member 183: fitness = 533.185170098951
2024-12-19 12:04:48,175 - DEBUG - Member 184: fitness = -1366.0129355608592
2024-12-19 12:04:48,175 - DEBUG - Member 185: fitness = -1366.0129355608592
2024-12-19 12:04:48,175 - DEBUG - Member 186: fitness = 1908.6869842166286
2024-12-19 12:04:48,175 - DEBUG - Member 187: fitness = -1366.0129355608592
2024-12-19 12:04:48,175 - DEBUG - Member 188: fitness = -1366.0129355608592
2024-12-19 12:04:48,175 - DEBUG - Member 189: fitness = 1908.6869842166286
2024-12-19 12:04:48,175 - DEBUG - Member 190: fitness = -1366.0129355608592
2024-12-19 12:04:48,175 - DEBUG - Member 191: fitness = -1366.0129355608592
2024-12-19 12:04:48,176 - DEBUG - 
Reproduction complete
2024-12-19 12:04:48,176 - DEBUG - New population size: 20
2024-12-19 12:04:48,176 - DEBUG - 
Starting speciation for generation 9
2024-12-19 12:04:48,176 - DEBUG - Population size: 20
2024-12-19 12:04:48,176 - DEBUG - Compatibility threshold: 50.0
2024-12-19 12:04:48,176 - DEBUG - 
Speciation complete
2024-12-19 12:04:48,176 - DEBUG - 
Species 1:
2024-12-19 12:04:48,176 - DEBUG - Size: 20
2024-12-19 12:04:48,176 - DEBUG - Representative: genome 7
2024-12-19 12:04:48,176 - DEBUG - Members (genome_id: fitness):
2024-12-19 12:04:48,176 - DEBUG -   7: 2547.304139530215
2024-12-19 12:04:48,176 - DEBUG -   192: None
2024-12-19 12:04:48,176 - DEBUG -   193: None
2024-12-19 12:04:48,176 - DEBUG -   194: None
2024-12-19 12:04:48,176 - DEBUG -   195: None
2024-12-19 12:04:48,176 - DEBUG -   196: None
2024-12-19 12:04:48,176 - DEBUG -   197: None
2024-12-19 12:04:48,176 - DEBUG -   198: None
2024-12-19 12:04:48,176 - DEBUG -   199: None
2024-12-19 12:04:48,176 - DEBUG -   200: None
2024-12-19 12:04:48,176 - DEBUG -   201: None
2024-12-19 12:04:48,176 - DEBUG -   202: None
2024-12-19 12:04:48,176 - DEBUG -   203: None
2024-12-19 12:04:48,176 - DEBUG -   204: None
2024-12-19 12:04:48,176 - DEBUG -   205: None
2024-12-19 12:04:48,176 - DEBUG -   206: None
2024-12-19 12:04:48,176 - DEBUG -   207: None
2024-12-19 12:04:48,176 - DEBUG -   208: None
2024-12-19 12:04:48,176 - DEBUG -   209: None
2024-12-19 12:04:48,176 - DEBUG -   210: None
2024-12-19 12:04:48,420 - DEBUG - 
Starting reproduction for generation 10
2024-12-19 12:04:48,420 - DEBUG - Population size target: 20
2024-12-19 12:04:48,420 - DEBUG - 
Species 1 before reproduction:
2024-12-19 12:04:48,420 - DEBUG - Size: 20
2024-12-19 12:04:48,420 - DEBUG - Fitness: 2547.304139530215
2024-12-19 12:04:48,420 - DEBUG - Member 7: fitness = 2547.304139530215
2024-12-19 12:04:48,420 - DEBUG - Member 192: fitness = 1908.6869842166286
2024-12-19 12:04:48,420 - DEBUG - Member 193: fitness = -1366.0129355608592
2024-12-19 12:04:48,420 - DEBUG - Member 194: fitness = 261.965157374371
2024-12-19 12:04:48,420 - DEBUG - Member 195: fitness = 425.24012813848015
2024-12-19 12:04:48,420 - DEBUG - Member 196: fitness = -1366.0129355608592
2024-12-19 12:04:48,420 - DEBUG - Member 197: fitness = 1908.6869842166286
2024-12-19 12:04:48,420 - DEBUG - Member 198: fitness = -1366.0129355608592
2024-12-19 12:04:48,420 - DEBUG - Member 199: fitness = -1366.0129355608592
2024-12-19 12:04:48,420 - DEBUG - Member 200: fitness = 1908.6869842166286
2024-12-19 12:04:48,420 - DEBUG - Member 201: fitness = 2523.543723039893
2024-12-19 12:04:48,420 - DEBUG - Member 202: fitness = 909.2240707069782
2024-12-19 12:04:48,420 - DEBUG - Member 203: fitness = -1366.0129355608592
2024-12-19 12:04:48,420 - DEBUG - Member 204: fitness = 1916.317999327157
2024-12-19 12:04:48,420 - DEBUG - Member 205: fitness = -1366.0129355608592
2024-12-19 12:04:48,420 - DEBUG - Member 206: fitness = 1055.2820423205715
2024-12-19 12:04:48,420 - DEBUG - Member 207: fitness = 1908.6869842166286
2024-12-19 12:04:48,420 - DEBUG - Member 208: fitness = 450.3484140551071
2024-12-19 12:04:48,420 - DEBUG - Member 209: fitness = -1366.0129355608592
2024-12-19 12:04:48,420 - DEBUG - Member 210: fitness = -1366.0129355608592
2024-12-19 12:04:48,422 - DEBUG - 
Reproduction complete
2024-12-19 12:04:48,422 - DEBUG - New population size: 20
2024-12-19 12:04:48,422 - DEBUG - 
Starting speciation for generation 10
2024-12-19 12:04:48,422 - DEBUG - Population size: 20
2024-12-19 12:04:48,422 - DEBUG - Compatibility threshold: 50.0
2024-12-19 12:04:48,423 - DEBUG - 
Speciation complete
2024-12-19 12:04:48,423 - DEBUG - 
Species 1:
2024-12-19 12:04:48,423 - DEBUG - Size: 20
2024-12-19 12:04:48,423 - DEBUG - Representative: genome 7
2024-12-19 12:04:48,423 - DEBUG - Members (genome_id: fitness):
2024-12-19 12:04:48,423 - DEBUG -   7: 2547.304139530215
2024-12-19 12:04:48,423 - DEBUG -   211: None
2024-12-19 12:04:48,423 - DEBUG -   212: None
2024-12-19 12:04:48,423 - DEBUG -   213: None
2024-12-19 12:04:48,423 - DEBUG -   214: None
2024-12-19 12:04:48,423 - DEBUG -   215: None
2024-12-19 12:04:48,423 - DEBUG -   216: None
2024-12-19 12:04:48,423 - DEBUG -   217: None
2024-12-19 12:04:48,423 - DEBUG -   218: None
2024-12-19 12:04:48,423 - DEBUG -   219: None
2024-12-19 12:04:48,423 - DEBUG -   220: None
2024-12-19 12:04:48,423 - DEBUG -   221: None
2024-12-19 12:04:48,423 - DEBUG -   222: None
2024-12-19 12:04:48,423 - DEBUG -   223: None
2024-12-19 12:04:48,423 - DEBUG -   224: None
2024-12-19 12:04:48,423 - DEBUG -   225: None
2024-12-19 12:04:48,423 - DEBUG -   226: None
2024-12-19 12:04:48,423 - DEBUG -   227: None
2024-12-19 12:04:48,423 - DEBUG -   228: None
2024-12-19 12:04:48,423 - DEBUG -   229: None
2024-12-19 12:04:48,743 - DEBUG - 
Starting reproduction for generation 11
2024-12-19 12:04:48,743 - DEBUG - Population size target: 20
2024-12-19 12:04:48,743 - DEBUG - 
Species 1 before reproduction:
2024-12-19 12:04:48,743 - DEBUG - Size: 20
2024-12-19 12:04:48,743 - DEBUG - Fitness: 2547.304139530215
2024-12-19 12:04:48,743 - DEBUG - Member 7: fitness = 3456.055317057818
2024-12-19 12:04:48,743 - DEBUG - Member 211: fitness = 3164.4121848951613
2024-12-19 12:04:48,743 - DEBUG - Member 212: fitness = -1563.6052891432735
2024-12-19 12:04:48,743 - DEBUG - Member 213: fitness = 2388.588145273123
2024-12-19 12:04:48,743 - DEBUG - Member 214: fitness = -1836.6391692976672
2024-12-19 12:04:48,743 - DEBUG - Member 215: fitness = 2363.289411645181
2024-12-19 12:04:48,743 - DEBUG - Member 216: fitness = -1563.6052891432735
2024-12-19 12:04:48,743 - DEBUG - Member 217: fitness = 1555.376511327547
2024-12-19 12:04:48,743 - DEBUG - Member 218: fitness = -1563.6052891432735
2024-12-19 12:04:48,743 - DEBUG - Member 219: fitness = 3047.486198760723
2024-12-19 12:04:48,743 - DEBUG - Member 220: fitness = 1730.499083942239
2024-12-19 12:04:48,743 - DEBUG - Member 221: fitness = 829.3499774401523
2024-12-19 12:04:48,743 - DEBUG - Member 222: fitness = 2388.588145273123
2024-12-19 12:04:48,743 - DEBUG - Member 223: fitness = 2388.588145273123
2024-12-19 12:04:48,743 - DEBUG - Member 224: fitness = -1563.6052891432735
2024-12-19 12:04:48,743 - DEBUG - Member 225: fitness = -1563.6052891432735
2024-12-19 12:04:48,743 - DEBUG - Member 226: fitness = -1563.6052891432735
2024-12-19 12:04:48,743 - DEBUG - Member 227: fitness = 3224.9921677864604
2024-12-19 12:04:48,743 - DEBUG - Member 228: fitness = 2656.5237968596084
2024-12-19 12:04:48,743 - DEBUG - Member 229: fitness = 2301.767741698046
2024-12-19 12:04:48,744 - DEBUG - 
Reproduction complete
2024-12-19 12:04:48,745 - DEBUG - New population size: 20
2024-12-19 12:04:48,745 - DEBUG - 
Starting speciation for generation 11
2024-12-19 12:04:48,745 - DEBUG - Population size: 20
2024-12-19 12:04:48,745 - DEBUG - Compatibility threshold: 50.0
2024-12-19 12:04:48,745 - DEBUG - 
Speciation complete
2024-12-19 12:04:48,745 - DEBUG - 
Species 1:
2024-12-19 12:04:48,745 - DEBUG - Size: 20
2024-12-19 12:04:48,745 - DEBUG - Representative: genome 7
2024-12-19 12:04:48,745 - DEBUG - Members (genome_id: fitness):
2024-12-19 12:04:48,745 - DEBUG -   7: 3456.055317057818
2024-12-19 12:04:48,745 - DEBUG -   230: None
2024-12-19 12:04:48,745 - DEBUG -   231: None
2024-12-19 12:04:48,745 - DEBUG -   232: None
2024-12-19 12:04:48,745 - DEBUG -   233: None
2024-12-19 12:04:48,745 - DEBUG -   234: None
2024-12-19 12:04:48,745 - DEBUG -   235: None
2024-12-19 12:04:48,745 - DEBUG -   236: None
2024-12-19 12:04:48,745 - DEBUG -   237: None
2024-12-19 12:04:48,745 - DEBUG -   238: None
2024-12-19 12:04:48,745 - DEBUG -   239: None
2024-12-19 12:04:48,745 - DEBUG -   240: None
2024-12-19 12:04:48,745 - DEBUG -   241: None
2024-12-19 12:04:48,745 - DEBUG -   242: None
2024-12-19 12:04:48,745 - DEBUG -   243: None
2024-12-19 12:04:48,745 - DEBUG -   244: None
2024-12-19 12:04:48,745 - DEBUG -   245: None
2024-12-19 12:04:48,745 - DEBUG -   246: None
2024-12-19 12:04:48,745 - DEBUG -   247: None
2024-12-19 12:04:48,745 - DEBUG -   248: None
2024-12-19 12:04:49,060 - DEBUG - 
Starting reproduction for generation 12
2024-12-19 12:04:49,060 - DEBUG - Population size target: 20
2024-12-19 12:04:49,060 - DEBUG - 
Species 1 before reproduction:
2024-12-19 12:04:49,060 - DEBUG - Size: 20
2024-12-19 12:04:49,060 - DEBUG - Fitness: 3456.055317057818
2024-12-19 12:04:49,060 - DEBUG - Member 7: fitness = 3643.426693867633
2024-12-19 12:04:49,060 - DEBUG - Member 230: fitness = 138.82467686771938
2024-12-19 12:04:49,060 - DEBUG - Member 231: fitness = 3171.6234278831685
2024-12-19 12:04:49,060 - DEBUG - Member 232: fitness = -1604.345980603565
2024-12-19 12:04:49,060 - DEBUG - Member 233: fitness = 863.6276595562771
2024-12-19 12:04:49,060 - DEBUG - Member 234: fitness = 2836.421765540158
2024-12-19 12:04:49,060 - DEBUG - Member 235: fitness = 2487.536838274462
2024-12-19 12:04:49,060 - DEBUG - Member 236: fitness = 917.1046736393531
2024-12-19 12:04:49,060 - DEBUG - Member 237: fitness = -1604.345980603565
2024-12-19 12:04:49,060 - DEBUG - Member 238: fitness = -690.4165721042936
2024-12-19 12:04:49,060 - DEBUG - Member 239: fitness = -1604.345980603565
2024-12-19 12:04:49,060 - DEBUG - Member 240: fitness = -1604.345980603565
2024-12-19 12:04:49,060 - DEBUG - Member 241: fitness = 807.0324320571905
2024-12-19 12:04:49,060 - DEBUG - Member 242: fitness = -1604.345980603565
2024-12-19 12:04:49,060 - DEBUG - Member 243: fitness = -1604.345980603565
2024-12-19 12:04:49,060 - DEBUG - Member 244: fitness = -1604.345980603565
2024-12-19 12:04:49,060 - DEBUG - Member 245: fitness = -1604.345980603565
2024-12-19 12:04:49,060 - DEBUG - Member 246: fitness = 2150.9330396125674
2024-12-19 12:04:49,060 - DEBUG - Member 247: fitness = 2487.536838274462
2024-12-19 12:04:49,060 - DEBUG - Member 248: fitness = 2487.536838274462
2024-12-19 12:04:49,061 - DEBUG - 
Reproduction complete
2024-12-19 12:04:49,062 - DEBUG - New population size: 20
2024-12-19 12:04:49,062 - DEBUG - 
Starting speciation for generation 12
2024-12-19 12:04:49,062 - DEBUG - Population size: 20
2024-12-19 12:04:49,062 - DEBUG - Compatibility threshold: 50.0
2024-12-19 12:04:49,062 - DEBUG - 
Speciation complete
2024-12-19 12:04:49,062 - DEBUG - 
Species 1:
2024-12-19 12:04:49,062 - DEBUG - Size: 20
2024-12-19 12:04:49,062 - DEBUG - Representative: genome 7
2024-12-19 12:04:49,062 - DEBUG - Members (genome_id: fitness):
2024-12-19 12:04:49,062 - DEBUG -   7: 3643.426693867633
2024-12-19 12:04:49,062 - DEBUG -   256: None
2024-12-19 12:04:49,062 - DEBUG -   257: None
2024-12-19 12:04:49,062 - DEBUG -   258: None
2024-12-19 12:04:49,062 - DEBUG -   259: None
2024-12-19 12:04:49,062 - DEBUG -   260: None
2024-12-19 12:04:49,062 - DEBUG -   261: None
2024-12-19 12:04:49,062 - DEBUG -   262: None
2024-12-19 12:04:49,062 - DEBUG -   263: None
2024-12-19 12:04:49,062 - DEBUG -   264: None
2024-12-19 12:04:49,062 - DEBUG -   265: None
2024-12-19 12:04:49,062 - DEBUG -   266: None
2024-12-19 12:04:49,062 - DEBUG -   267: None
2024-12-19 12:04:49,062 - DEBUG -   249: None
2024-12-19 12:04:49,062 - DEBUG -   250: None
2024-12-19 12:04:49,062 - DEBUG -   251: None
2024-12-19 12:04:49,062 - DEBUG -   252: None
2024-12-19 12:04:49,062 - DEBUG -   253: None
2024-12-19 12:04:49,062 - DEBUG -   254: None
2024-12-19 12:04:49,062 - DEBUG -   255: None
2024-12-19 12:04:49,375 - DEBUG - 
Starting reproduction for generation 13
2024-12-19 12:04:49,375 - DEBUG - Population size target: 20
2024-12-19 12:04:49,375 - DEBUG - 
Species 1 before reproduction:
2024-12-19 12:04:49,375 - DEBUG - Size: 20
2024-12-19 12:04:49,375 - DEBUG - Fitness: 3643.426693867633
2024-12-19 12:04:49,375 - DEBUG - Member 7: fitness = 3371.738197493401
2024-12-19 12:04:49,375 - DEBUG - Member 256: fitness = 375.33154999100753
2024-12-19 12:04:49,375 - DEBUG - Member 257: fitness = 3071.454121544404
2024-12-19 12:04:49,375 - DEBUG - Member 258: fitness = 876.419815826414
2024-12-19 12:04:49,375 - DEBUG - Member 259: fitness = -1638.7884878428194
2024-12-19 12:04:49,375 - DEBUG - Member 260: fitness = -1851.799050423621
2024-12-19 12:04:49,375 - DEBUG - Member 261: fitness = 2306.1556196169854
2024-12-19 12:04:49,375 - DEBUG - Member 262: fitness = 1977.8347143049152
2024-12-19 12:04:49,375 - DEBUG - Member 263: fitness = 2344.06123342252
2024-12-19 12:04:49,375 - DEBUG - Member 264: fitness = 559.3527895650495
2024-12-19 12:04:49,375 - DEBUG - Member 265: fitness = -1545.2719779861422
2024-12-19 12:04:49,375 - DEBUG - Member 266: fitness = 2344.06123342252
2024-12-19 12:04:49,375 - DEBUG - Member 267: fitness = -1545.2719779861422
2024-12-19 12:04:49,375 - DEBUG - Member 249: fitness = 2344.06123342252
2024-12-19 12:04:49,375 - DEBUG - Member 250: fitness = -1545.2719779861422
2024-12-19 12:04:49,375 - DEBUG - Member 251: fitness = -1692.3142620177014
2024-12-19 12:04:49,375 - DEBUG - Member 252: fitness = 756.4834534557433
2024-12-19 12:04:49,375 - DEBUG - Member 253: fitness = 1141.4372562627022
2024-12-19 12:04:49,375 - DEBUG - Member 254: fitness = -1545.2719779861422
2024-12-19 12:04:49,375 - DEBUG - Member 255: fitness = 2754.2540568389013
2024-12-19 12:04:49,376 - DEBUG - 
Reproduction complete
2024-12-19 12:04:49,376 - DEBUG - New population size: 20
2024-12-19 12:04:49,376 - DEBUG - 
Starting speciation for generation 13
2024-12-19 12:04:49,376 - DEBUG - Population size: 20
2024-12-19 12:04:49,376 - DEBUG - Compatibility threshold: 50.0
2024-12-19 12:04:49,377 - DEBUG - 
Speciation complete
2024-12-19 12:04:49,377 - DEBUG - 
Species 1:
2024-12-19 12:04:49,377 - DEBUG - Size: 20
2024-12-19 12:04:49,377 - DEBUG - Representative: genome 7
2024-12-19 12:04:49,377 - DEBUG - Members (genome_id: fitness):
2024-12-19 12:04:49,377 - DEBUG -   7: 3371.738197493401
2024-12-19 12:04:49,377 - DEBUG -   268: None
2024-12-19 12:04:49,377 - DEBUG -   269: None
2024-12-19 12:04:49,377 - DEBUG -   270: None
2024-12-19 12:04:49,377 - DEBUG -   271: None
2024-12-19 12:04:49,377 - DEBUG -   272: None
2024-12-19 12:04:49,377 - DEBUG -   273: None
2024-12-19 12:04:49,377 - DEBUG -   274: None
2024-12-19 12:04:49,377 - DEBUG -   275: None
2024-12-19 12:04:49,377 - DEBUG -   276: None
2024-12-19 12:04:49,377 - DEBUG -   277: None
2024-12-19 12:04:49,377 - DEBUG -   278: None
2024-12-19 12:04:49,377 - DEBUG -   279: None
2024-12-19 12:04:49,377 - DEBUG -   280: None
2024-12-19 12:04:49,377 - DEBUG -   281: None
2024-12-19 12:04:49,377 - DEBUG -   282: None
2024-12-19 12:04:49,377 - DEBUG -   283: None
2024-12-19 12:04:49,377 - DEBUG -   284: None
2024-12-19 12:04:49,377 - DEBUG -   285: None
2024-12-19 12:04:49,377 - DEBUG -   286: None
2024-12-19 12:04:49,681 - DEBUG - 
Starting reproduction for generation 14
2024-12-19 12:04:49,681 - DEBUG - Population size target: 20
2024-12-19 12:04:49,681 - DEBUG - 
Species 1 before reproduction:
2024-12-19 12:04:49,681 - DEBUG - Size: 20
2024-12-19 12:04:49,681 - DEBUG - Fitness: 3371.738197493401
2024-12-19 12:04:49,681 - DEBUG - Member 7: fitness = 3643.426693867633
2024-12-19 12:04:49,681 - DEBUG - Member 268: fitness = 2484.112792489732
2024-12-19 12:04:49,681 - DEBUG - Member 269: fitness = -1604.345980603565
2024-12-19 12:04:49,681 - DEBUG - Member 270: fitness = -1453.3487276949472
2024-12-19 12:04:49,681 - DEBUG - Member 271: fitness = 948.0516633724951
2024-12-19 12:04:49,681 - DEBUG - Member 272: fitness = -1604.345980603565
2024-12-19 12:04:49,681 - DEBUG - Member 273: fitness = -1604.345980603565
2024-12-19 12:04:49,681 - DEBUG - Member 274: fitness = 2836.421765540158
2024-12-19 12:04:49,681 - DEBUG - Member 275: fitness = 2487.536838274462
2024-12-19 12:04:49,681 - DEBUG - Member 276: fitness = -1604.345980603565
2024-12-19 12:04:49,681 - DEBUG - Member 277: fitness = -1604.345980603565
2024-12-19 12:04:49,681 - DEBUG - Member 278: fitness = -1604.345980603565
2024-12-19 12:04:49,681 - DEBUG - Member 279: fitness = 2487.536838274462
2024-12-19 12:04:49,681 - DEBUG - Member 280: fitness = -1604.345980603565
2024-12-19 12:04:49,681 - DEBUG - Member 281: fitness = 2405.1369904598782
2024-12-19 12:04:49,681 - DEBUG - Member 282: fitness = 2487.536838274462
2024-12-19 12:04:49,681 - DEBUG - Member 283: fitness = -1604.345980603565
2024-12-19 12:04:49,681 - DEBUG - Member 284: fitness = -1604.345980603565
2024-12-19 12:04:49,681 - DEBUG - Member 285: fitness = -1604.345980603565
2024-12-19 12:04:49,681 - DEBUG - Member 286: fitness = -1604.345980603565
2024-12-19 12:04:49,682 - DEBUG - 
Reproduction complete
2024-12-19 12:04:49,683 - DEBUG - New population size: 20
2024-12-19 12:04:49,683 - DEBUG - 
Starting speciation for generation 14
2024-12-19 12:04:49,683 - DEBUG - Population size: 20
2024-12-19 12:04:49,683 - DEBUG - Compatibility threshold: 50.0
2024-12-19 12:04:49,683 - DEBUG - 
Speciation complete
2024-12-19 12:04:49,683 - DEBUG - 
Species 1:
2024-12-19 12:04:49,683 - DEBUG - Size: 20
2024-12-19 12:04:49,683 - DEBUG - Representative: genome 7
2024-12-19 12:04:49,683 - DEBUG - Members (genome_id: fitness):
2024-12-19 12:04:49,683 - DEBUG -   7: 3643.426693867633
2024-12-19 12:04:49,683 - DEBUG -   287: None
2024-12-19 12:04:49,683 - DEBUG -   288: None
2024-12-19 12:04:49,683 - DEBUG -   289: None
2024-12-19 12:04:49,683 - DEBUG -   290: None
2024-12-19 12:04:49,683 - DEBUG -   291: None
2024-12-19 12:04:49,683 - DEBUG -   292: None
2024-12-19 12:04:49,683 - DEBUG -   293: None
2024-12-19 12:04:49,683 - DEBUG -   294: None
2024-12-19 12:04:49,683 - DEBUG -   295: None
2024-12-19 12:04:49,683 - DEBUG -   296: None
2024-12-19 12:04:49,683 - DEBUG -   297: None
2024-12-19 12:04:49,683 - DEBUG -   298: None
2024-12-19 12:04:49,683 - DEBUG -   299: None
2024-12-19 12:04:49,683 - DEBUG -   300: None
2024-12-19 12:04:49,683 - DEBUG -   301: None
2024-12-19 12:04:49,683 - DEBUG -   302: None
2024-12-19 12:04:49,683 - DEBUG -   303: None
2024-12-19 12:04:49,683 - DEBUG -   304: None
2024-12-19 12:04:49,683 - DEBUG -   305: None
2024-12-19 12:04:49,925 - DEBUG - 
Starting reproduction for generation 15
2024-12-19 12:04:49,925 - DEBUG - Population size target: 20
2024-12-19 12:04:49,925 - DEBUG - 
Species 1 before reproduction:
2024-12-19 12:04:49,925 - DEBUG - Size: 20
2024-12-19 12:04:49,925 - DEBUG - Fitness: 3643.426693867633
2024-12-19 12:04:49,925 - DEBUG - Member 7: fitness = 2781.5183605424836
2024-12-19 12:04:49,925 - DEBUG - Member 287: fitness = -1416.9387998862237
2024-12-19 12:04:49,925 - DEBUG - Member 288: fitness = 2397.5609033785945
2024-12-19 12:04:49,925 - DEBUG - Member 289: fitness = -1676.8629930976003
2024-12-19 12:04:49,925 - DEBUG - Member 290: fitness = 2032.3728504683024
2024-12-19 12:04:49,925 - DEBUG - Member 291: fitness = -1416.9387998862237
2024-12-19 12:04:49,925 - DEBUG - Member 292: fitness = 2357.4845319869914
2024-12-19 12:04:49,925 - DEBUG - Member 293: fitness = -1432.4604510863394
2024-12-19 12:04:49,925 - DEBUG - Member 294: fitness = -1416.9387998862237
2024-12-19 12:04:49,926 - DEBUG - Member 295: fitness = -1416.9387998862237
2024-12-19 12:04:49,926 - DEBUG - Member 296: fitness = -796.1585666537371
2024-12-19 12:04:49,926 - DEBUG - Member 297: fitness = -330.09033431030844
2024-12-19 12:04:49,926 - DEBUG - Member 298: fitness = 1961.077544431491
2024-12-19 12:04:49,926 - DEBUG - Member 299: fitness = -1416.9387998862237
2024-12-19 12:04:49,926 - DEBUG - Member 300: fitness = -1416.9387998862237
2024-12-19 12:04:49,926 - DEBUG - Member 301: fitness = -1416.9387998862237
2024-12-19 12:04:49,926 - DEBUG - Member 302: fitness = -1416.9387998862237
2024-12-19 12:04:49,926 - DEBUG - Member 303: fitness = 2032.3728504683024
2024-12-19 12:04:49,926 - DEBUG - Member 304: fitness = 548.6469848848237
2024-12-19 12:04:49,926 - DEBUG - Member 305: fitness = -1416.9387998862237
2024-12-19 12:04:49,927 - DEBUG - 
Reproduction complete
2024-12-19 12:04:49,927 - DEBUG - New population size: 20
2024-12-19 12:04:49,927 - DEBUG - 
Starting speciation for generation 15
2024-12-19 12:04:49,927 - DEBUG - Population size: 20
2024-12-19 12:04:49,927 - DEBUG - Compatibility threshold: 50.0
2024-12-19 12:04:49,927 - DEBUG - 
Speciation complete
2024-12-19 12:04:49,927 - DEBUG - 
Species 1:
2024-12-19 12:04:49,927 - DEBUG - Size: 20
2024-12-19 12:04:49,927 - DEBUG - Representative: genome 7
2024-12-19 12:04:49,927 - DEBUG - Members (genome_id: fitness):
2024-12-19 12:04:49,927 - DEBUG -   7: 2781.5183605424836
2024-12-19 12:04:49,927 - DEBUG -   306: None
2024-12-19 12:04:49,927 - DEBUG -   307: None
2024-12-19 12:04:49,927 - DEBUG -   308: None
2024-12-19 12:04:49,927 - DEBUG -   309: None
2024-12-19 12:04:49,927 - DEBUG -   310: None
2024-12-19 12:04:49,927 - DEBUG -   311: None
2024-12-19 12:04:49,927 - DEBUG -   312: None
2024-12-19 12:04:49,927 - DEBUG -   313: None
2024-12-19 12:04:49,929 - DEBUG -   314: None
2024-12-19 12:04:49,929 - DEBUG -   315: None
2024-12-19 12:04:49,929 - DEBUG -   316: None
2024-12-19 12:04:49,929 - DEBUG -   317: None
2024-12-19 12:04:49,929 - DEBUG -   318: None
2024-12-19 12:04:49,929 - DEBUG -   319: None
2024-12-19 12:04:49,929 - DEBUG -   320: None
2024-12-19 12:04:49,929 - DEBUG -   321: None
2024-12-19 12:04:49,929 - DEBUG -   322: None
2024-12-19 12:04:49,929 - DEBUG -   323: None
2024-12-19 12:04:49,929 - DEBUG -   324: None
2024-12-19 12:04:50,176 - DEBUG - 
Starting reproduction for generation 16
2024-12-19 12:04:50,176 - DEBUG - Population size target: 20
2024-12-19 12:04:50,176 - DEBUG - 
Species 1 before reproduction:
2024-12-19 12:04:50,176 - DEBUG - Size: 20
2024-12-19 12:04:50,176 - DEBUG - Fitness: 2781.5183605424836
2024-12-19 12:04:50,176 - DEBUG - Member 7: fitness = 2547.304139530215
2024-12-19 12:04:50,176 - DEBUG - Member 306: fitness = -1366.0129355608592
2024-12-19 12:04:50,176 - DEBUG - Member 307: fitness = -1366.0129355608592
2024-12-19 12:04:50,176 - DEBUG - Member 308: fitness = 468.34613196946964
2024-12-19 12:04:50,176 - DEBUG - Member 309: fitness = -422.98598714787005
2024-12-19 12:04:50,176 - DEBUG - Member 310: fitness = -1366.0129355608592
2024-12-19 12:04:50,176 - DEBUG - Member 311: fitness = 1783.3026442308815
2024-12-19 12:04:50,176 - DEBUG - Member 312: fitness = 1536.1073108669816
2024-12-19 12:04:50,176 - DEBUG - Member 313: fitness = -1366.0129355608592
2024-12-19 12:04:50,176 - DEBUG - Member 314: fitness = 1908.6869842166286
2024-12-19 12:04:50,176 - DEBUG - Member 315: fitness = -1366.0129355608592
2024-12-19 12:04:50,176 - DEBUG - Member 316: fitness = -1322.5119345934804
2024-12-19 12:04:50,176 - DEBUG - Member 317: fitness = 1908.6869842166286
2024-12-19 12:04:50,176 - DEBUG - Member 318: fitness = 1908.6869842166286
2024-12-19 12:04:50,177 - DEBUG - Member 319: fitness = 434.30082265023975
2024-12-19 12:04:50,177 - DEBUG - Member 320: fitness = -1366.0129355608592
2024-12-19 12:04:50,177 - DEBUG - Member 321: fitness = 1429.7419909328664
2024-12-19 12:04:50,177 - DEBUG - Member 322: fitness = -1366.0129355608592
2024-12-19 12:04:50,177 - DEBUG - Member 323: fitness = 441.1360779350642
2024-12-19 12:04:50,177 - DEBUG - Member 324: fitness = -263.7661924668814
2024-12-19 12:04:50,178 - DEBUG - 
Reproduction complete
2024-12-19 12:04:50,178 - DEBUG - New population size: 20
2024-12-19 12:04:50,178 - DEBUG - 
Starting speciation for generation 16
2024-12-19 12:04:50,178 - DEBUG - Population size: 20
2024-12-19 12:04:50,178 - DEBUG - Compatibility threshold: 50.0
2024-12-19 12:04:50,178 - DEBUG - 
Speciation complete
2024-12-19 12:04:50,178 - DEBUG - 
Species 1:
2024-12-19 12:04:50,178 - DEBUG - Size: 20
2024-12-19 12:04:50,178 - DEBUG - Representative: genome 7
2024-12-19 12:04:50,178 - DEBUG - Members (genome_id: fitness):
2024-12-19 12:04:50,178 - DEBUG -   7: 2547.304139530215
2024-12-19 12:04:50,178 - DEBUG -   325: None
2024-12-19 12:04:50,178 - DEBUG -   326: None
2024-12-19 12:04:50,178 - DEBUG -   327: None
2024-12-19 12:04:50,178 - DEBUG -   328: None
2024-12-19 12:04:50,178 - DEBUG -   329: None
2024-12-19 12:04:50,178 - DEBUG -   330: None
2024-12-19 12:04:50,179 - DEBUG -   331: None
2024-12-19 12:04:50,179 - DEBUG -   332: None
2024-12-19 12:04:50,179 - DEBUG -   333: None
2024-12-19 12:04:50,179 - DEBUG -   334: None
2024-12-19 12:04:50,179 - DEBUG -   335: None
2024-12-19 12:04:50,179 - DEBUG -   336: None
2024-12-19 12:04:50,179 - DEBUG -   337: None
2024-12-19 12:04:50,179 - DEBUG -   338: None
2024-12-19 12:04:50,179 - DEBUG -   339: None
2024-12-19 12:04:50,179 - DEBUG -   340: None
2024-12-19 12:04:50,179 - DEBUG -   341: None
2024-12-19 12:04:50,179 - DEBUG -   342: None
2024-12-19 12:04:50,179 - DEBUG -   343: None
2024-12-19 12:04:50,415 - DEBUG - 
Starting reproduction for generation 17
2024-12-19 12:04:50,415 - DEBUG - Population size target: 20
2024-12-19 12:04:50,415 - DEBUG - 
Species 1 before reproduction:
2024-12-19 12:04:50,415 - DEBUG - Size: 20
2024-12-19 12:04:50,415 - DEBUG - Fitness: 2547.304139530215
2024-12-19 12:04:50,415 - DEBUG - Member 7: fitness = 2547.304139530215
2024-12-19 12:04:50,415 - DEBUG - Member 325: fitness = -1366.0129355608592
2024-12-19 12:04:50,415 - DEBUG - Member 326: fitness = -26.46234739367185
2024-12-19 12:04:50,415 - DEBUG - Member 327: fitness = 1908.6869842166286
2024-12-19 12:04:50,415 - DEBUG - Member 328: fitness = 1908.6869842166286
2024-12-19 12:04:50,415 - DEBUG - Member 329: fitness = 2515.2955886408104
2024-12-19 12:04:50,415 - DEBUG - Member 330: fitness = -1366.0129355608592
2024-12-19 12:04:50,415 - DEBUG - Member 331: fitness = -1366.0129355608592
2024-12-19 12:04:50,415 - DEBUG - Member 332: fitness = -1496.9376999255664
2024-12-19 12:04:50,415 - DEBUG - Member 333: fitness = 378.0193775189386
2024-12-19 12:04:50,415 - DEBUG - Member 334: fitness = -1366.0129355608592
2024-12-19 12:04:50,415 - DEBUG - Member 335: fitness = -1193.6091762475116
2024-12-19 12:04:50,415 - DEBUG - Member 336: fitness = 1110.8568408918889
2024-12-19 12:04:50,415 - DEBUG - Member 337: fitness = -1366.0129355608592
2024-12-19 12:04:50,415 - DEBUG - Member 338: fitness = 1908.6869842166286
2024-12-19 12:04:50,415 - DEBUG - Member 339: fitness = -1366.0129355608592
2024-12-19 12:04:50,415 - DEBUG - Member 340: fitness = 1559.994729560048
2024-12-19 12:04:50,415 - DEBUG - Member 341: fitness = -1366.0129355608592
2024-12-19 12:04:50,415 - DEBUG - Member 342: fitness = -1366.0129355608592
2024-12-19 12:04:50,415 - DEBUG - Member 343: fitness = 581.6293901310854
2024-12-19 12:04:50,416 - DEBUG - 
Reproduction complete
2024-12-19 12:04:50,416 - DEBUG - New population size: 20
2024-12-19 12:04:50,416 - DEBUG - 
Starting speciation for generation 17
2024-12-19 12:04:50,416 - DEBUG - Population size: 20
2024-12-19 12:04:50,416 - DEBUG - Compatibility threshold: 50.0
2024-12-19 12:04:50,417 - DEBUG - 
Speciation complete
2024-12-19 12:04:50,417 - DEBUG - 
Species 1:
2024-12-19 12:04:50,417 - DEBUG - Size: 20
2024-12-19 12:04:50,417 - DEBUG - Representative: genome 7
2024-12-19 12:04:50,417 - DEBUG - Members (genome_id: fitness):
2024-12-19 12:04:50,417 - DEBUG -   7: 2547.304139530215
2024-12-19 12:04:50,417 - DEBUG -   344: None
2024-12-19 12:04:50,417 - DEBUG -   345: None
2024-12-19 12:04:50,417 - DEBUG -   346: None
2024-12-19 12:04:50,417 - DEBUG -   347: None
2024-12-19 12:04:50,417 - DEBUG -   348: None
2024-12-19 12:04:50,417 - DEBUG -   349: None
2024-12-19 12:04:50,417 - DEBUG -   350: None
2024-12-19 12:04:50,417 - DEBUG -   351: None
2024-12-19 12:04:50,417 - DEBUG -   352: None
2024-12-19 12:04:50,417 - DEBUG -   353: None
2024-12-19 12:04:50,417 - DEBUG -   354: None
2024-12-19 12:04:50,417 - DEBUG -   355: None
2024-12-19 12:04:50,417 - DEBUG -   356: None
2024-12-19 12:04:50,417 - DEBUG -   357: None
2024-12-19 12:04:50,417 - DEBUG -   358: None
2024-12-19 12:04:50,417 - DEBUG -   359: None
2024-12-19 12:04:50,417 - DEBUG -   360: None
2024-12-19 12:04:50,417 - DEBUG -   361: None
2024-12-19 12:04:50,417 - DEBUG -   362: None
2024-12-19 12:04:50,657 - DEBUG - 
Starting reproduction for generation 18
2024-12-19 12:04:50,657 - DEBUG - Population size target: 20
2024-12-19 12:04:50,657 - DEBUG - 
Species 1 before reproduction:
2024-12-19 12:04:50,657 - DEBUG - Size: 20
2024-12-19 12:04:50,657 - DEBUG - Fitness: 2547.304139530215
2024-12-19 12:04:50,657 - DEBUG - Member 7: fitness = 2547.304139530215
2024-12-19 12:04:50,657 - DEBUG - Member 344: fitness = 1912.2516251399488
2024-12-19 12:04:50,657 - DEBUG - Member 345: fitness = -869.2424336675152
2024-12-19 12:04:50,657 - DEBUG - Member 346: fitness = 1908.6869842166286
2024-12-19 12:04:50,657 - DEBUG - Member 347: fitness = -1366.0129355608592
2024-12-19 12:04:50,657 - DEBUG - Member 348: fitness = -1366.0129355608592
2024-12-19 12:04:50,657 - DEBUG - Member 349: fitness = -869.2424336675152
2024-12-19 12:04:50,657 - DEBUG - Member 350: fitness = -221.3546966748304
2024-12-19 12:04:50,657 - DEBUG - Member 351: fitness = -695.8363382338896
2024-12-19 12:04:50,657 - DEBUG - Member 352: fitness = -1366.0129355608592
2024-12-19 12:04:50,657 - DEBUG - Member 353: fitness = 1409.2536429323427
2024-12-19 12:04:50,657 - DEBUG - Member 354: fitness = -1366.0129355608592
2024-12-19 12:04:50,657 - DEBUG - Member 355: fitness = 2331.4335509341613
2024-12-19 12:04:50,657 - DEBUG - Member 356: fitness = -1083.1123101375115
2024-12-19 12:04:50,657 - DEBUG - Member 357: fitness = -1366.0129355608592
2024-12-19 12:04:50,657 - DEBUG - Member 358: fitness = 446.01091620662964
2024-12-19 12:04:50,657 - DEBUG - Member 359: fitness = 1875.7697807206018
2024-12-19 12:04:50,657 - DEBUG - Member 360: fitness = 1908.6869842166286
2024-12-19 12:04:50,657 - DEBUG - Member 361: fitness = -1366.0129355608592
2024-12-19 12:04:50,657 - DEBUG - Member 362: fitness = -1271.5692062613664
2024-12-19 12:04:50,658 - DEBUG - 
Reproduction complete
2024-12-19 12:04:50,659 - DEBUG - New population size: 20
2024-12-19 12:04:50,659 - DEBUG - 
Starting speciation for generation 18
2024-12-19 12:04:50,659 - DEBUG - Population size: 20
2024-12-19 12:04:50,659 - DEBUG - Compatibility threshold: 50.0
2024-12-19 12:04:50,659 - DEBUG - 
Speciation complete
2024-12-19 12:04:50,659 - DEBUG - 
Species 1:
2024-12-19 12:04:50,659 - DEBUG - Size: 20
2024-12-19 12:04:50,659 - DEBUG - Representative: genome 7
2024-12-19 12:04:50,659 - DEBUG - Members (genome_id: fitness):
2024-12-19 12:04:50,659 - DEBUG -   7: 2547.304139530215
2024-12-19 12:04:50,659 - DEBUG -   363: None
2024-12-19 12:04:50,659 - DEBUG -   364: None
2024-12-19 12:04:50,659 - DEBUG -   365: None
2024-12-19 12:04:50,659 - DEBUG -   366: None
2024-12-19 12:04:50,659 - DEBUG -   367: None
2024-12-19 12:04:50,659 - DEBUG -   368: None
2024-12-19 12:04:50,659 - DEBUG -   369: None
2024-12-19 12:04:50,659 - DEBUG -   370: None
2024-12-19 12:04:50,659 - DEBUG -   371: None
2024-12-19 12:04:50,659 - DEBUG -   372: None
2024-12-19 12:04:50,659 - DEBUG -   373: None
2024-12-19 12:04:50,659 - DEBUG -   374: None
2024-12-19 12:04:50,659 - DEBUG -   375: None
2024-12-19 12:04:50,659 - DEBUG -   376: None
2024-12-19 12:04:50,659 - DEBUG -   377: None
2024-12-19 12:04:50,659 - DEBUG -   378: None
2024-12-19 12:04:50,659 - DEBUG -   379: None
2024-12-19 12:04:50,659 - DEBUG -   380: None
2024-12-19 12:04:50,659 - DEBUG -   381: None
2024-12-19 12:04:50,883 - DEBUG - 
Starting reproduction for generation 19
2024-12-19 12:04:50,883 - DEBUG - Population size target: 20
2024-12-19 12:04:50,883 - DEBUG - 
Species 1 before reproduction:
2024-12-19 12:04:50,883 - DEBUG - Size: 20
2024-12-19 12:04:50,883 - DEBUG - Fitness: 2547.304139530215
2024-12-19 12:04:50,883 - DEBUG - Member 7: fitness = 2547.304139530215
2024-12-19 12:04:50,883 - DEBUG - Member 363: fitness = -1366.0129355608592
2024-12-19 12:04:50,883 - DEBUG - Member 364: fitness = -1160.9477358418005
2024-12-19 12:04:50,883 - DEBUG - Member 365: fitness = -1366.0129355608592
2024-12-19 12:04:50,883 - DEBUG - Member 366: fitness = -1366.0129355608592
2024-12-19 12:04:50,883 - DEBUG - Member 367: fitness = 1908.6869842166286
2024-12-19 12:04:50,883 - DEBUG - Member 368: fitness = -1366.0129355608592
2024-12-19 12:04:50,883 - DEBUG - Member 369: fitness = 2330.202100346106
2024-12-19 12:04:50,883 - DEBUG - Member 370: fitness = 1908.6869842166286
2024-12-19 12:04:50,883 - DEBUG - Member 371: fitness = -1366.0129355608592
2024-12-19 12:04:50,883 - DEBUG - Member 372: fitness = 1908.6869842166286
2024-12-19 12:04:50,883 - DEBUG - Member 373: fitness = -1366.0129355608592
2024-12-19 12:04:50,883 - DEBUG - Member 374: fitness = -897.8918330517972
2024-12-19 12:04:50,883 - DEBUG - Member 375: fitness = -1366.0129355608592
2024-12-19 12:04:50,883 - DEBUG - Member 376: fitness = 1291.5409007942321
2024-12-19 12:04:50,883 - DEBUG - Member 377: fitness = -1366.0129355608592
2024-12-19 12:04:50,883 - DEBUG - Member 378: fitness = -58.96179155914598
2024-12-19 12:04:50,883 - DEBUG - Member 379: fitness = -1366.0129355608592
2024-12-19 12:04:50,884 - DEBUG - Member 380: fitness = 2064.08694807437
2024-12-19 12:04:50,884 - DEBUG - Member 381: fitness = -1366.0129355608592
2024-12-19 12:04:50,884 - DEBUG - 
Reproduction complete
2024-12-19 12:04:50,885 - DEBUG - New population size: 20
2024-12-19 12:04:50,885 - DEBUG - 
Starting speciation for generation 19
2024-12-19 12:04:50,885 - DEBUG - Population size: 20
2024-12-19 12:04:50,885 - DEBUG - Compatibility threshold: 50.0
2024-12-19 12:04:50,885 - DEBUG - 
Speciation complete
2024-12-19 12:04:50,885 - DEBUG - 
Species 1:
2024-12-19 12:04:50,885 - DEBUG - Size: 20
2024-12-19 12:04:50,885 - DEBUG - Representative: genome 7
2024-12-19 12:04:50,885 - DEBUG - Members (genome_id: fitness):
2024-12-19 12:04:50,885 - DEBUG -   7: 2547.304139530215
2024-12-19 12:04:50,885 - DEBUG -   384: None
2024-12-19 12:04:50,885 - DEBUG -   385: None
2024-12-19 12:04:50,885 - DEBUG -   386: None
2024-12-19 12:04:50,885 - DEBUG -   387: None
2024-12-19 12:04:50,885 - DEBUG -   388: None
2024-12-19 12:04:50,885 - DEBUG -   389: None
2024-12-19 12:04:50,885 - DEBUG -   390: None
2024-12-19 12:04:50,885 - DEBUG -   391: None
2024-12-19 12:04:50,885 - DEBUG -   392: None
2024-12-19 12:04:50,885 - DEBUG -   393: None
2024-12-19 12:04:50,885 - DEBUG -   394: None
2024-12-19 12:04:50,885 - DEBUG -   395: None
2024-12-19 12:04:50,885 - DEBUG -   396: None
2024-12-19 12:04:50,885 - DEBUG -   397: None
2024-12-19 12:04:50,885 - DEBUG -   398: None
2024-12-19 12:04:50,885 - DEBUG -   399: None
2024-12-19 12:04:50,885 - DEBUG -   400: None
2024-12-19 12:04:50,885 - DEBUG -   382: None
2024-12-19 12:04:50,885 - DEBUG -   383: None
2024-12-19 12:04:51,102 - DEBUG - 
Starting reproduction for generation 20
2024-12-19 12:04:51,102 - DEBUG - Population size target: 20
2024-12-19 12:04:51,102 - DEBUG - 
Species 1 before reproduction:
2024-12-19 12:04:51,102 - DEBUG - Size: 20
2024-12-19 12:04:51,102 - DEBUG - Fitness: 2547.304139530215
2024-12-19 12:04:51,102 - DEBUG - Member 7: fitness = 2547.304139530215
2024-12-19 12:04:51,102 - DEBUG - Member 384: fitness = -1366.0129355608592
2024-12-19 12:04:51,102 - DEBUG - Member 385: fitness = 1210.5258025224646
2024-12-19 12:04:51,102 - DEBUG - Member 386: fitness = -1366.0129355608592
2024-12-19 12:04:51,102 - DEBUG - Member 387: fitness = 1908.6869842166286
2024-12-19 12:04:51,102 - DEBUG - Member 388: fitness = -1366.0129355608592
2024-12-19 12:04:51,102 - DEBUG - Member 389: fitness = 1835.9017044461568
2024-12-19 12:04:51,102 - DEBUG - Member 390: fitness = -1366.0129355608592
2024-12-19 12:04:51,102 - DEBUG - Member 391: fitness = 1085.2632390696854
2024-12-19 12:04:51,102 - DEBUG - Member 392: fitness = -1643.2330962834585
2024-12-19 12:04:51,102 - DEBUG - Member 393: fitness = -1366.0129355608592
2024-12-19 12:04:51,103 - DEBUG - Member 394: fitness = -1366.0129355608592
2024-12-19 12:04:51,103 - DEBUG - Member 395: fitness = 475.2315282551603
2024-12-19 12:04:51,103 - DEBUG - Member 396: fitness = -1366.0129355608592
2024-12-19 12:04:51,103 - DEBUG - Member 397: fitness = 462.4301965471672
2024-12-19 12:04:51,103 - DEBUG - Member 398: fitness = -1366.0129355608592
2024-12-19 12:04:51,103 - DEBUG - Member 399: fitness = 1908.6869842166286
2024-12-19 12:04:51,103 - DEBUG - Member 400: fitness = -1046.7637054636714
2024-12-19 12:04:51,103 - DEBUG - Member 382: fitness = -1366.0129355608592
2024-12-19 12:04:51,103 - DEBUG - Member 383: fitness = -1366.0129355608592
2024-12-19 12:04:51,104 - DEBUG - 
Reproduction complete
2024-12-19 12:04:51,104 - DEBUG - New population size: 20
2024-12-19 12:04:51,104 - DEBUG - 
Starting speciation for generation 20
2024-12-19 12:04:51,104 - DEBUG - Population size: 20
2024-12-19 12:04:51,104 - DEBUG - Compatibility threshold: 50.0
2024-12-19 12:04:51,104 - DEBUG - 
Speciation complete
2024-12-19 12:04:51,104 - DEBUG - 
Species 1:
2024-12-19 12:04:51,104 - DEBUG - Size: 20
2024-12-19 12:04:51,104 - DEBUG - Representative: genome 7
2024-12-19 12:04:51,104 - DEBUG - Members (genome_id: fitness):
2024-12-19 12:04:51,104 - DEBUG -   7: 2547.304139530215
2024-12-19 12:04:51,104 - DEBUG -   401: None
2024-12-19 12:04:51,104 - DEBUG -   402: None
2024-12-19 12:04:51,104 - DEBUG -   403: None
2024-12-19 12:04:51,104 - DEBUG -   404: None
2024-12-19 12:04:51,104 - DEBUG -   405: None
2024-12-19 12:04:51,104 - DEBUG -   406: None
2024-12-19 12:04:51,104 - DEBUG -   407: None
2024-12-19 12:04:51,104 - DEBUG -   408: None
2024-12-19 12:04:51,104 - DEBUG -   409: None
2024-12-19 12:04:51,106 - DEBUG -   410: None
2024-12-19 12:04:51,106 - DEBUG -   411: None
2024-12-19 12:04:51,106 - DEBUG -   412: None
2024-12-19 12:04:51,106 - DEBUG -   413: None
2024-12-19 12:04:51,106 - DEBUG -   414: None
2024-12-19 12:04:51,106 - DEBUG -   415: None
2024-12-19 12:04:51,106 - DEBUG -   416: None
2024-12-19 12:04:51,106 - DEBUG -   417: None
2024-12-19 12:04:51,106 - DEBUG -   418: None
2024-12-19 12:04:51,106 - DEBUG -   419: None
2024-12-19 12:04:51,417 - DEBUG - 
Starting reproduction for generation 21
2024-12-19 12:04:51,417 - DEBUG - Population size target: 20
2024-12-19 12:04:51,417 - DEBUG - 
Species 1 before reproduction:
2024-12-19 12:04:51,417 - DEBUG - Size: 20
2024-12-19 12:04:51,417 - DEBUG - Fitness: 2547.304139530215
2024-12-19 12:04:51,417 - DEBUG - Member 7: fitness = 3371.738197493401
2024-12-19 12:04:51,417 - DEBUG - Member 401: fitness = -1545.2719779861422
2024-12-19 12:04:51,417 - DEBUG - Member 402: fitness = -1545.2719779861422
2024-12-19 12:04:51,417 - DEBUG - Member 403: fitness = 2344.06123342252
2024-12-19 12:04:51,417 - DEBUG - Member 404: fitness = -1545.2719779861422
2024-12-19 12:04:51,417 - DEBUG - Member 405: fitness = 2610.4443477597397
2024-12-19 12:04:51,417 - DEBUG - Member 406: fitness = 2344.06123342252
2024-12-19 12:04:51,417 - DEBUG - Member 407: fitness = 756.7359513110679
2024-12-19 12:04:51,417 - DEBUG - Member 408: fitness = 2311.088814914682
2024-12-19 12:04:51,417 - DEBUG - Member 409: fitness = 2344.06123342252
2024-12-19 12:04:51,417 - DEBUG - Member 410: fitness = 757.543603062502
2024-12-19 12:04:51,417 - DEBUG - Member 411: fitness = 2344.06123342252
2024-12-19 12:04:51,417 - DEBUG - Member 412: fitness = -1545.2719779861422
2024-12-19 12:04:51,417 - DEBUG - Member 413: fitness = 2306.1556196169854
2024-12-19 12:04:51,417 - DEBUG - Member 414: fitness = 757.1648058305221
2024-12-19 12:04:51,417 - DEBUG - Member 415: fitness = -2019.880977999382
2024-12-19 12:04:51,417 - DEBUG - Member 416: fitness = 671.0725882768463
2024-12-19 12:04:51,417 - DEBUG - Member 417: fitness = -1545.2719779861422
2024-12-19 12:04:51,417 - DEBUG - Member 418: fitness = 809.8275935923367
2024-12-19 12:04:51,417 - DEBUG - Member 419: fitness = 2344.06123342252
2024-12-19 12:04:51,419 - DEBUG - 
Reproduction complete
2024-12-19 12:04:51,419 - DEBUG - New population size: 20
2024-12-19 12:04:51,419 - DEBUG - 
Starting speciation for generation 21
2024-12-19 12:04:51,419 - DEBUG - Population size: 20
2024-12-19 12:04:51,419 - DEBUG - Compatibility threshold: 50.0
2024-12-19 12:04:51,419 - DEBUG - 
Speciation complete
2024-12-19 12:04:51,419 - DEBUG - 
Species 1:
2024-12-19 12:04:51,419 - DEBUG - Size: 20
2024-12-19 12:04:51,419 - DEBUG - Representative: genome 7
2024-12-19 12:04:51,419 - DEBUG - Members (genome_id: fitness):
2024-12-19 12:04:51,419 - DEBUG -   7: 3371.738197493401
2024-12-19 12:04:51,419 - DEBUG -   420: None
2024-12-19 12:04:51,419 - DEBUG -   421: None
2024-12-19 12:04:51,419 - DEBUG -   422: None
2024-12-19 12:04:51,419 - DEBUG -   423: None
2024-12-19 12:04:51,419 - DEBUG -   424: None
2024-12-19 12:04:51,419 - DEBUG -   425: None
2024-12-19 12:04:51,419 - DEBUG -   426: None
2024-12-19 12:04:51,419 - DEBUG -   427: None
2024-12-19 12:04:51,419 - DEBUG -   428: None
2024-12-19 12:04:51,419 - DEBUG -   429: None
2024-12-19 12:04:51,419 - DEBUG -   430: None
2024-12-19 12:04:51,419 - DEBUG -   431: None
2024-12-19 12:04:51,419 - DEBUG -   432: None
2024-12-19 12:04:51,419 - DEBUG -   433: None
2024-12-19 12:04:51,420 - DEBUG -   434: None
2024-12-19 12:04:51,420 - DEBUG -   435: None
2024-12-19 12:04:51,420 - DEBUG -   436: None
2024-12-19 12:04:51,420 - DEBUG -   437: None
2024-12-19 12:04:51,420 - DEBUG -   438: None
2024-12-19 12:04:51,712 - DEBUG - 
Starting reproduction for generation 22
2024-12-19 12:04:51,712 - DEBUG - Population size target: 20
2024-12-19 12:04:51,712 - DEBUG - 
Species 1 before reproduction:
2024-12-19 12:04:51,712 - DEBUG - Size: 20
2024-12-19 12:04:51,712 - DEBUG - Fitness: 3371.738197493401
2024-12-19 12:04:51,712 - DEBUG - Member 7: fitness = 2622.252690254141
2024-12-19 12:04:51,712 - DEBUG - Member 420: fitness = -269.10911551454785
2024-12-19 12:04:51,712 - DEBUG - Member 421: fitness = 470.2179142204054
2024-12-19 12:04:51,712 - DEBUG - Member 422: fitness = 1948.2664614171642
2024-12-19 12:04:51,712 - DEBUG - Member 423: fitness = 1948.2664614171642
2024-12-19 12:04:51,712 - DEBUG - Member 424: fitness = -1382.3092121449758
2024-12-19 12:04:51,712 - DEBUG - Member 425: fitness = 412.21584734070143
2024-12-19 12:04:51,712 - DEBUG - Member 426: fitness = -1382.3092121449758
2024-12-19 12:04:51,712 - DEBUG - Member 427: fitness = 1495.4778756479923
2024-12-19 12:04:51,712 - DEBUG - Member 428: fitness = 2026.6990897466712
2024-12-19 12:04:51,712 - DEBUG - Member 429: fitness = 1948.2664614171642
2024-12-19 12:04:51,712 - DEBUG - Member 430: fitness = -1382.3092121449758
2024-12-19 12:04:51,712 - DEBUG - Member 431: fitness = 2060.4483244441535
2024-12-19 12:04:51,712 - DEBUG - Member 432: fitness = -1382.3092121449758
2024-12-19 12:04:51,712 - DEBUG - Member 433: fitness = 1948.2664614171642
2024-12-19 12:04:51,712 - DEBUG - Member 434: fitness = 1948.2664614171642
2024-12-19 12:04:51,712 - DEBUG - Member 435: fitness = -1382.3092121449758
2024-12-19 12:04:51,712 - DEBUG - Member 436: fitness = 565.3150321146724
2024-12-19 12:04:51,713 - DEBUG - Member 437: fitness = 1948.2664614171642
2024-12-19 12:04:51,713 - DEBUG - Member 438: fitness = 1948.2664614171642
2024-12-19 12:04:51,714 - DEBUG - 
Reproduction complete
2024-12-19 12:04:51,714 - DEBUG - New population size: 20
2024-12-19 12:04:51,714 - DEBUG - 
Starting speciation for generation 22
2024-12-19 12:04:51,714 - DEBUG - Population size: 20
2024-12-19 12:04:51,714 - DEBUG - Compatibility threshold: 50.0
2024-12-19 12:04:51,714 - DEBUG - 
Speciation complete
2024-12-19 12:04:51,714 - DEBUG - 
Species 1:
2024-12-19 12:04:51,714 - DEBUG - Size: 20
2024-12-19 12:04:51,714 - DEBUG - Representative: genome 7
2024-12-19 12:04:51,714 - DEBUG - Members (genome_id: fitness):
2024-12-19 12:04:51,714 - DEBUG -   7: 2622.252690254141
2024-12-19 12:04:51,714 - DEBUG -   439: None
2024-12-19 12:04:51,714 - DEBUG -   440: None
2024-12-19 12:04:51,714 - DEBUG -   441: None
2024-12-19 12:04:51,714 - DEBUG -   442: None
2024-12-19 12:04:51,714 - DEBUG -   443: None
2024-12-19 12:04:51,714 - DEBUG -   444: None
2024-12-19 12:04:51,714 - DEBUG -   445: None
2024-12-19 12:04:51,714 - DEBUG -   446: None
2024-12-19 12:04:51,714 - DEBUG -   447: None
2024-12-19 12:04:51,714 - DEBUG -   448: None
2024-12-19 12:04:51,714 - DEBUG -   449: None
2024-12-19 12:04:51,714 - DEBUG -   450: None
2024-12-19 12:04:51,714 - DEBUG -   451: None
2024-12-19 12:04:51,714 - DEBUG -   452: None
2024-12-19 12:04:51,714 - DEBUG -   453: None
2024-12-19 12:04:51,714 - DEBUG -   454: None
2024-12-19 12:04:51,714 - DEBUG -   455: None
2024-12-19 12:04:51,714 - DEBUG -   456: None
2024-12-19 12:04:51,714 - DEBUG -   457: None
2024-12-19 12:04:52,028 - DEBUG - 
Starting reproduction for generation 23
2024-12-19 12:04:52,028 - DEBUG - Population size target: 20
2024-12-19 12:04:52,028 - DEBUG - 
Species 1 before reproduction:
2024-12-19 12:04:52,028 - DEBUG - Size: 20
2024-12-19 12:04:52,028 - DEBUG - Fitness: 2622.252690254141
2024-12-19 12:04:52,028 - DEBUG - Member 7: fitness = 3371.738197493401
2024-12-19 12:04:52,028 - DEBUG - Member 439: fitness = -1545.2719779861422
2024-12-19 12:04:52,028 - DEBUG - Member 440: fitness = 2458.181017387951
2024-12-19 12:04:52,028 - DEBUG - Member 441: fitness = 2344.06123342252
2024-12-19 12:04:52,028 - DEBUG - Member 442: fitness = 748.2053387881681
2024-12-19 12:04:52,028 - DEBUG - Member 443: fitness = 1969.8018019684503
2024-12-19 12:04:52,028 - DEBUG - Member 444: fitness = 2344.06123342252
2024-12-19 12:04:52,028 - DEBUG - Member 445: fitness = -1545.2719779861422
2024-12-19 12:04:52,028 - DEBUG - Member 446: fitness = -1545.2719779861422
2024-12-19 12:04:52,028 - DEBUG - Member 447: fitness = 2278.0498858763517
2024-12-19 12:04:52,028 - DEBUG - Member 448: fitness = -1545.2719779861422
2024-12-19 12:04:52,028 - DEBUG - Member 449: fitness = 2882.9245729203217
2024-12-19 12:04:52,028 - DEBUG - Member 450: fitness = 2344.06123342252
2024-12-19 12:04:52,028 - DEBUG - Member 451: fitness = 757.6114011221791
2024-12-19 12:04:52,028 - DEBUG - Member 452: fitness = -1545.2719779861422
2024-12-19 12:04:52,028 - DEBUG - Member 453: fitness = 2306.1556196169854
2024-12-19 12:04:52,028 - DEBUG - Member 454: fitness = 773.8148164984361
2024-12-19 12:04:52,028 - DEBUG - Member 455: fitness = 2554.268231097863
2024-12-19 12:04:52,028 - DEBUG - Member 456: fitness = -1545.2719779861422
2024-12-19 12:04:52,028 - DEBUG - Member 457: fitness = 829.0602568135284
2024-12-19 12:04:52,029 - DEBUG - 
Reproduction complete
2024-12-19 12:04:52,030 - DEBUG - New population size: 20
2024-12-19 12:04:52,030 - DEBUG - 
Starting speciation for generation 23
2024-12-19 12:04:52,030 - DEBUG - Population size: 20
2024-12-19 12:04:52,030 - DEBUG - Compatibility threshold: 50.0
2024-12-19 12:04:52,030 - DEBUG - 
Speciation complete
2024-12-19 12:04:52,030 - DEBUG - 
Species 1:
2024-12-19 12:04:52,030 - DEBUG - Size: 20
2024-12-19 12:04:52,030 - DEBUG - Representative: genome 7
2024-12-19 12:04:52,030 - DEBUG - Members (genome_id: fitness):
2024-12-19 12:04:52,030 - DEBUG -   7: 3371.738197493401
2024-12-19 12:04:52,030 - DEBUG -   458: None
2024-12-19 12:04:52,030 - DEBUG -   459: None
2024-12-19 12:04:52,030 - DEBUG -   460: None
2024-12-19 12:04:52,030 - DEBUG -   461: None
2024-12-19 12:04:52,030 - DEBUG -   462: None
2024-12-19 12:04:52,030 - DEBUG -   463: None
2024-12-19 12:04:52,030 - DEBUG -   464: None
2024-12-19 12:04:52,030 - DEBUG -   465: None
2024-12-19 12:04:52,030 - DEBUG -   466: None
2024-12-19 12:04:52,030 - DEBUG -   467: None
2024-12-19 12:04:52,030 - DEBUG -   468: None
2024-12-19 12:04:52,030 - DEBUG -   469: None
2024-12-19 12:04:52,030 - DEBUG -   470: None
2024-12-19 12:04:52,030 - DEBUG -   471: None
2024-12-19 12:04:52,030 - DEBUG -   472: None
2024-12-19 12:04:52,030 - DEBUG -   473: None
2024-12-19 12:04:52,030 - DEBUG -   474: None
2024-12-19 12:04:52,030 - DEBUG -   475: None
2024-12-19 12:04:52,030 - DEBUG -   476: None
2024-12-19 12:04:52,349 - DEBUG - 
Starting reproduction for generation 24
2024-12-19 12:04:52,349 - DEBUG - Population size target: 20
2024-12-19 12:04:52,349 - DEBUG - 
Species 1 before reproduction:
2024-12-19 12:04:52,349 - DEBUG - Size: 20
2024-12-19 12:04:52,349 - DEBUG - Fitness: 3371.738197493401
2024-12-19 12:04:52,349 - DEBUG - Member 7: fitness = 3605.95241850567
2024-12-19 12:04:52,349 - DEBUG - Member 458: fitness = 2198.3354676261088
2024-12-19 12:04:52,349 - DEBUG - Member 459: fitness = -1596.1978423115067
2024-12-19 12:04:52,349 - DEBUG - Member 460: fitness = -1596.1978423115067
2024-12-19 12:04:52,349 - DEBUG - Member 461: fitness = -1596.1978423115067
2024-12-19 12:04:52,349 - DEBUG - Member 462: fitness = 2385.4417332199946
2024-12-19 12:04:52,349 - DEBUG - Member 463: fitness = 846.7595307953177
2024-12-19 12:04:52,349 - DEBUG - Member 464: fitness = -1596.1978423115067
2024-12-19 12:04:52,349 - DEBUG - Member 465: fitness = -1596.1978423115067
2024-12-19 12:04:52,349 - DEBUG - Member 466: fitness = 2467.747099674194
2024-12-19 12:04:52,349 - DEBUG - Member 467: fitness = -1596.1978423115067
2024-12-19 12:04:52,349 - DEBUG - Member 468: fitness = -1596.1978423115067
2024-12-19 12:04:52,349 - DEBUG - Member 469: fitness = 3515.4502040640486
2024-12-19 12:04:52,349 - DEBUG - Member 470: fitness = -1596.1978423115067
2024-12-19 12:04:52,349 - DEBUG - Member 471: fitness = 2467.747099674194
2024-12-19 12:04:52,349 - DEBUG - Member 472: fitness = -1596.1978423115067
2024-12-19 12:04:52,349 - DEBUG - Member 473: fitness = 797.3757875755955
2024-12-19 12:04:52,349 - DEBUG - Member 474: fitness = 935.7844043326196
2024-12-19 12:04:52,349 - DEBUG - Member 475: fitness = 2467.747099674194
2024-12-19 12:04:52,349 - DEBUG - Member 476: fitness = 2060.6410735463633
2024-12-19 12:04:52,350 - DEBUG - 
Reproduction complete
2024-12-19 12:04:52,350 - DEBUG - New population size: 20
2024-12-19 12:04:52,350 - DEBUG - 
Starting speciation for generation 24
2024-12-19 12:04:52,350 - DEBUG - Population size: 20
2024-12-19 12:04:52,350 - DEBUG - Compatibility threshold: 50.0
2024-12-19 12:04:52,351 - DEBUG - 
Speciation complete
2024-12-19 12:04:52,351 - DEBUG - 
Species 1:
2024-12-19 12:04:52,351 - DEBUG - Size: 20
2024-12-19 12:04:52,351 - DEBUG - Representative: genome 7
2024-12-19 12:04:52,351 - DEBUG - Members (genome_id: fitness):
2024-12-19 12:04:52,351 - DEBUG -   7: 3605.95241850567
2024-12-19 12:04:52,351 - DEBUG -   477: None
2024-12-19 12:04:52,351 - DEBUG -   478: None
2024-12-19 12:04:52,351 - DEBUG -   479: None
2024-12-19 12:04:52,351 - DEBUG -   480: None
2024-12-19 12:04:52,351 - DEBUG -   481: None
2024-12-19 12:04:52,351 - DEBUG -   482: None
2024-12-19 12:04:52,351 - DEBUG -   483: None
2024-12-19 12:04:52,351 - DEBUG -   484: None
2024-12-19 12:04:52,351 - DEBUG -   485: None
2024-12-19 12:04:52,351 - DEBUG -   486: None
2024-12-19 12:04:52,351 - DEBUG -   487: None
2024-12-19 12:04:52,351 - DEBUG -   488: None
2024-12-19 12:04:52,351 - DEBUG -   489: None
2024-12-19 12:04:52,351 - DEBUG -   490: None
2024-12-19 12:04:52,351 - DEBUG -   491: None
2024-12-19 12:04:52,351 - DEBUG -   492: None
2024-12-19 12:04:52,351 - DEBUG -   493: None
2024-12-19 12:04:52,351 - DEBUG -   494: None
2024-12-19 12:04:52,351 - DEBUG -   495: None
2024-12-19 12:04:53,074 - DEBUG - 
Starting reproduction for generation 25
2024-12-19 12:04:53,074 - DEBUG - Population size target: 20
2024-12-19 12:04:53,074 - DEBUG - 
Species 1 before reproduction:
2024-12-19 12:04:53,074 - DEBUG - Size: 20
2024-12-19 12:04:53,074 - DEBUG - Fitness: 3605.95241850567
2024-12-19 12:04:53,074 - DEBUG - Member 7: fitness = 10754.170443800436
2024-12-19 12:04:53,074 - DEBUG - Member 477: fitness = 2874.195697735978
2024-12-19 12:04:53,074 - DEBUG - Member 478: fitness = -3150.455221521508
2024-12-19 12:04:53,074 - DEBUG - Member 479: fitness = 5948.811810705037
2024-12-19 12:04:53,074 - DEBUG - Member 480: fitness = 8320.12171139174
2024-12-19 12:04:53,074 - DEBUG - Member 481: fitness = 3292.9696217519836
2024-12-19 12:04:53,074 - DEBUG - Member 482: fitness = -3150.455221521508
2024-12-19 12:04:53,074 - DEBUG - Member 483: fitness = 4039.599123232581
2024-12-19 12:04:53,074 - DEBUG - Member 484: fitness = 6242.639737675082
2024-12-19 12:04:53,074 - DEBUG - Member 485: fitness = 6242.639737675082
2024-12-19 12:04:53,074 - DEBUG - Member 486: fitness = 7665.2887149943535
2024-12-19 12:04:53,074 - DEBUG - Member 487: fitness = 6242.639737675082
2024-12-19 12:04:53,074 - DEBUG - Member 488: fitness = -3150.455221521508
2024-12-19 12:04:53,074 - DEBUG - Member 489: fitness = -3150.455221521508
2024-12-19 12:04:53,074 - DEBUG - Member 490: fitness = 6242.639737675082
2024-12-19 12:04:53,074 - DEBUG - Member 491: fitness = -3150.455221521508
2024-12-19 12:04:53,074 - DEBUG - Member 492: fitness = 6242.639737675082
2024-12-19 12:04:53,074 - DEBUG - Member 493: fitness = 6242.639737675082
2024-12-19 12:04:53,074 - DEBUG - Member 494: fitness = 12206.828611866727
2024-12-19 12:04:53,074 - DEBUG - Member 495: fitness = -2804.938045826666
2024-12-19 12:04:53,075 - DEBUG - 
Reproduction complete
2024-12-19 12:04:53,075 - DEBUG - New population size: 20
2024-12-19 12:04:53,075 - DEBUG - 
Starting speciation for generation 25
2024-12-19 12:04:53,075 - DEBUG - Population size: 20
2024-12-19 12:04:53,075 - DEBUG - Compatibility threshold: 50.0
2024-12-19 12:04:53,076 - DEBUG - 
Speciation complete
2024-12-19 12:04:53,076 - DEBUG - 
Species 1:
2024-12-19 12:04:53,076 - DEBUG - Size: 20
2024-12-19 12:04:53,076 - DEBUG - Representative: genome 514
2024-12-19 12:04:53,076 - DEBUG - Members (genome_id: fitness):
2024-12-19 12:04:53,076 - DEBUG -   494: 12206.828611866727
2024-12-19 12:04:53,076 - DEBUG -   514: None
2024-12-19 12:04:53,076 - DEBUG -   512: None
2024-12-19 12:04:53,076 - DEBUG -   513: None
2024-12-19 12:04:53,076 - DEBUG -   496: None
2024-12-19 12:04:53,076 - DEBUG -   497: None
2024-12-19 12:04:53,076 - DEBUG -   498: None
2024-12-19 12:04:53,076 - DEBUG -   499: None
2024-12-19 12:04:53,076 - DEBUG -   500: None
2024-12-19 12:04:53,076 - DEBUG -   501: None
2024-12-19 12:04:53,076 - DEBUG -   502: None
2024-12-19 12:04:53,076 - DEBUG -   503: None
2024-12-19 12:04:53,076 - DEBUG -   504: None
2024-12-19 12:04:53,076 - DEBUG -   505: None
2024-12-19 12:04:53,076 - DEBUG -   506: None
2024-12-19 12:04:53,076 - DEBUG -   507: None
2024-12-19 12:04:53,076 - DEBUG -   508: None
2024-12-19 12:04:53,076 - DEBUG -   509: None
2024-12-19 12:04:53,076 - DEBUG -   510: None
2024-12-19 12:04:53,076 - DEBUG -   511: None
2024-12-19 12:04:53,585 - INFO - 
Training interrupted by user
