2024-12-19 12:05:52,723 - INFO - NEAT library patched with debug logging
2024-12-19 12:05:52,725 - INFO - 
NEAT Configuration:
2024-12-19 12:05:52,725 - INFO - Population size: 20
2024-12-19 12:05:52,726 - INFO - 
Reproduction Config:
2024-12-19 12:05:52,726 - INFO - Elitism: 1
2024-12-19 12:05:52,729 - INFO - Survival threshold: 0.5
2024-12-19 12:05:52,730 - INFO - 
Species Config:
2024-12-19 12:05:52,735 - INFO - Compatibility threshold: 50.0
2024-12-19 12:05:52,736 - INFO - 
Stagnation Config:
2024-12-19 12:05:52,736 - INFO - Species elitism: 3
2024-12-19 12:05:52,739 - INFO - Max stagnation: 40
2024-12-19 12:05:52,754 - INFO - Creating new population
2024-12-19 12:05:52,756 - DEBUG - 
Starting speciation for generation 0
2024-12-19 12:05:52,756 - DEBUG - Population size: 20
2024-12-19 12:05:52,756 - DEBUG - Compatibility threshold: 50.0
2024-12-19 12:05:52,756 - DEBUG - 
Speciation complete
2024-12-19 12:05:52,756 - DEBUG - 
Species 1:
2024-12-19 12:05:52,756 - DEBUG - Size: 20
2024-12-19 12:05:52,756 - DEBUG - Representative: genome 1
2024-12-19 12:05:52,756 - DEBUG - Members (genome_id: fitness):
2024-12-19 12:05:52,756 - DEBUG -   1: None
2024-12-19 12:05:52,756 - DEBUG -   2: None
2024-12-19 12:05:52,756 - DEBUG -   3: None
2024-12-19 12:05:52,756 - DEBUG -   4: None
2024-12-19 12:05:52,756 - DEBUG -   5: None
2024-12-19 12:05:52,756 - DEBUG -   6: None
2024-12-19 12:05:52,756 - DEBUG -   7: None
2024-12-19 12:05:52,756 - DEBUG -   8: None
2024-12-19 12:05:52,756 - DEBUG -   9: None
2024-12-19 12:05:52,756 - DEBUG -   10: None
2024-12-19 12:05:52,756 - DEBUG -   11: None
2024-12-19 12:05:52,756 - DEBUG -   12: None
2024-12-19 12:05:52,756 - DEBUG -   13: None
2024-12-19 12:05:52,756 - DEBUG -   14: None
2024-12-19 12:05:52,756 - DEBUG -   15: None
2024-12-19 12:05:52,756 - DEBUG -   16: None
2024-12-19 12:05:52,756 - DEBUG -   17: None
2024-12-19 12:05:52,756 - DEBUG -   18: None
2024-12-19 12:05:52,756 - DEBUG -   19: None
2024-12-19 12:05:52,756 - DEBUG -   20: None
2024-12-19 12:05:53,517 - DEBUG - 
Starting reproduction for generation 0
2024-12-19 12:05:53,517 - DEBUG - Population size target: 20
2024-12-19 12:05:53,517 - DEBUG - 
Species 1 before reproduction:
2024-12-19 12:05:53,517 - DEBUG - Size: 20
2024-12-19 12:05:53,517 - DEBUG - Fitness: None
2024-12-19 12:05:53,517 - DEBUG - Member 1: fitness = -3174.8996363976803
2024-12-19 12:05:53,517 - DEBUG - Member 2: fitness = 7888.736716074015
2024-12-19 12:05:53,517 - DEBUG - Member 3: fitness = -3174.8996363976803
2024-12-19 12:05:53,517 - DEBUG - Member 4: fitness = 6615.448252936238
2024-12-19 12:05:53,517 - DEBUG - Member 5: fitness = 5389.022188542371
2024-12-19 12:05:53,517 - DEBUG - Member 6: fitness = -3174.8996363976803
2024-12-19 12:05:53,517 - DEBUG - Member 7: fitness = 3913.6529002583175
2024-12-19 12:05:53,517 - DEBUG - Member 8: fitness = 25.362004010954116
2024-12-19 12:05:53,517 - DEBUG - Member 9: fitness = 5360.051657468877
2024-12-19 12:05:53,517 - DEBUG - Member 10: fitness = 12188.373964774448
2024-12-19 12:05:53,517 - DEBUG - Member 11: fitness = 4957.4828300946165
2024-12-19 12:05:53,517 - DEBUG - Member 12: fitness = -244.46336966231573
2024-12-19 12:05:53,517 - DEBUG - Member 13: fitness = 9436.75678690516
2024-12-19 12:05:53,517 - DEBUG - Member 14: fitness = 5333.696344100348
2024-12-19 12:05:53,517 - DEBUG - Member 15: fitness = -3174.8996363976803
2024-12-19 12:05:53,517 - DEBUG - Member 16: fitness = 6302.00895347588
2024-12-19 12:05:53,517 - DEBUG - Member 17: fitness = 4697.334120153005
2024-12-19 12:05:53,517 - DEBUG - Member 18: fitness = -5068.411079242466
2024-12-19 12:05:53,517 - DEBUG - Member 19: fitness = -3174.8996363976803
2024-12-19 12:05:53,517 - DEBUG - Member 20: fitness = 5644.90873099355
2024-12-19 12:05:53,519 - DEBUG - 
Reproduction complete
2024-12-19 12:05:53,519 - DEBUG - New population size: 20
2024-12-19 12:05:53,519 - DEBUG - 
Starting speciation for generation 0
2024-12-19 12:05:53,519 - DEBUG - Population size: 20
2024-12-19 12:05:53,519 - DEBUG - Compatibility threshold: 50.0
2024-12-19 12:05:53,520 - DEBUG - 
Speciation complete
2024-12-19 12:05:53,520 - DEBUG - 
Species 1:
2024-12-19 12:05:53,520 - DEBUG - Size: 20
2024-12-19 12:05:53,520 - DEBUG - Representative: genome 10
2024-12-19 12:05:53,520 - DEBUG - Members (genome_id: fitness):
2024-12-19 12:05:53,520 - DEBUG -   10: 12188.373964774448
2024-12-19 12:05:53,520 - DEBUG -   21: None
2024-12-19 12:05:53,520 - DEBUG -   22: None
2024-12-19 12:05:53,520 - DEBUG -   23: None
2024-12-19 12:05:53,520 - DEBUG -   24: None
2024-12-19 12:05:53,520 - DEBUG -   25: None
2024-12-19 12:05:53,520 - DEBUG -   26: None
2024-12-19 12:05:53,520 - DEBUG -   27: None
2024-12-19 12:05:53,520 - DEBUG -   28: None
2024-12-19 12:05:53,520 - DEBUG -   29: None
2024-12-19 12:05:53,520 - DEBUG -   30: None
2024-12-19 12:05:53,520 - DEBUG -   31: None
2024-12-19 12:05:53,520 - DEBUG -   32: None
2024-12-19 12:05:53,520 - DEBUG -   33: None
2024-12-19 12:05:53,520 - DEBUG -   34: None
2024-12-19 12:05:53,520 - DEBUG -   35: None
2024-12-19 12:05:53,520 - DEBUG -   36: None
2024-12-19 12:05:53,520 - DEBUG -   37: None
2024-12-19 12:05:53,520 - DEBUG -   38: None
2024-12-19 12:05:53,520 - DEBUG -   39: None
2024-12-19 12:05:54,350 - DEBUG - 
Starting reproduction for generation 1
2024-12-19 12:05:54,350 - DEBUG - Population size target: 20
2024-12-19 12:05:54,350 - DEBUG - 
Species 1 before reproduction:
2024-12-19 12:05:54,350 - DEBUG - Size: 20
2024-12-19 12:05:54,350 - DEBUG - Fitness: 12188.373964774448
2024-12-19 12:05:54,350 - DEBUG - Member 10: fitness = 12188.373964774448
2024-12-19 12:05:54,350 - DEBUG - Member 21: fitness = 5154.347761860431
2024-12-19 12:05:54,350 - DEBUG - Member 22: fitness = 3818.7016963725305
2024-12-19 12:05:54,350 - DEBUG - Member 23: fitness = 4386.552334919563
2024-12-19 12:05:54,350 - DEBUG - Member 24: fitness = 2482.512947329535
2024-12-19 12:05:54,350 - DEBUG - Member 25: fitness = -3589.25420205008
2024-12-19 12:05:54,350 - DEBUG - Member 26: fitness = 3660.4628144828553
2024-12-19 12:05:54,350 - DEBUG - Member 27: fitness = 6302.00895347588
2024-12-19 12:05:54,350 - DEBUG - Member 28: fitness = 8178.178343928281
2024-12-19 12:05:54,350 - DEBUG - Member 29: fitness = -3174.8996363976803
2024-12-19 12:05:54,350 - DEBUG - Member 30: fitness = -3174.8996363976803
2024-12-19 12:05:54,351 - DEBUG - Member 31: fitness = 5389.864762717413
2024-12-19 12:05:54,351 - DEBUG - Member 32: fitness = -3174.8996363976803
2024-12-19 12:05:54,351 - DEBUG - Member 33: fitness = -3174.8996363976803
2024-12-19 12:05:54,351 - DEBUG - Member 34: fitness = -1120.185619717031
2024-12-19 12:05:54,351 - DEBUG - Member 35: fitness = 6105.860712811056
2024-12-19 12:05:54,351 - DEBUG - Member 36: fitness = 4162.015666357814
2024-12-19 12:05:54,351 - DEBUG - Member 37: fitness = 6801.442348038241
2024-12-19 12:05:54,351 - DEBUG - Member 38: fitness = 3995.584982255349
2024-12-19 12:05:54,351 - DEBUG - Member 39: fitness = 8323.489737726066
2024-12-19 12:05:54,352 - DEBUG - 
Reproduction complete
2024-12-19 12:05:54,352 - DEBUG - New population size: 20
2024-12-19 12:05:54,352 - DEBUG - 
Starting speciation for generation 1
2024-12-19 12:05:54,352 - DEBUG - Population size: 20
2024-12-19 12:05:54,352 - DEBUG - Compatibility threshold: 50.0
2024-12-19 12:05:54,352 - DEBUG - 
Speciation complete
2024-12-19 12:05:54,352 - DEBUG - 
Species 1:
2024-12-19 12:05:54,352 - DEBUG - Size: 20
2024-12-19 12:05:54,352 - DEBUG - Representative: genome 10
2024-12-19 12:05:54,352 - DEBUG - Members (genome_id: fitness):
2024-12-19 12:05:54,352 - DEBUG -   10: 12188.373964774448
2024-12-19 12:05:54,352 - DEBUG -   40: None
2024-12-19 12:05:54,352 - DEBUG -   41: None
2024-12-19 12:05:54,352 - DEBUG -   42: None
2024-12-19 12:05:54,352 - DEBUG -   43: None
2024-12-19 12:05:54,352 - DEBUG -   44: None
2024-12-19 12:05:54,352 - DEBUG -   45: None
2024-12-19 12:05:54,352 - DEBUG -   46: None
2024-12-19 12:05:54,352 - DEBUG -   47: None
2024-12-19 12:05:54,352 - DEBUG -   48: None
2024-12-19 12:05:54,352 - DEBUG -   49: None
2024-12-19 12:05:54,352 - DEBUG -   50: None
2024-12-19 12:05:54,352 - DEBUG -   51: None
2024-12-19 12:05:54,352 - DEBUG -   52: None
2024-12-19 12:05:54,352 - DEBUG -   53: None
2024-12-19 12:05:54,352 - DEBUG -   54: None
2024-12-19 12:05:54,352 - DEBUG -   55: None
2024-12-19 12:05:54,352 - DEBUG -   56: None
2024-12-19 12:05:54,352 - DEBUG -   57: None
2024-12-19 12:05:54,352 - DEBUG -   58: None
2024-12-19 12:05:55,144 - DEBUG - 
Starting reproduction for generation 2
2024-12-19 12:05:55,144 - DEBUG - Population size target: 20
2024-12-19 12:05:55,144 - DEBUG - 
Species 1 before reproduction:
2024-12-19 12:05:55,144 - DEBUG - Size: 20
2024-12-19 12:05:55,144 - DEBUG - Fitness: 12188.373964774448
2024-12-19 12:05:55,144 - DEBUG - Member 10: fitness = 12188.373964774448
2024-12-19 12:05:55,144 - DEBUG - Member 40: fitness = -1871.477290195847
2024-12-19 12:05:55,144 - DEBUG - Member 41: fitness = -3174.8996363976803
2024-12-19 12:05:55,144 - DEBUG - Member 42: fitness = 4386.552334919563
2024-12-19 12:05:55,144 - DEBUG - Member 43: fitness = 4386.552334919563
2024-12-19 12:05:55,144 - DEBUG - Member 44: fitness = 6302.00895347588
2024-12-19 12:05:55,144 - DEBUG - Member 45: fitness = 5094.450179819189
2024-12-19 12:05:55,144 - DEBUG - Member 46: fitness = 7571.305675763804
2024-12-19 12:05:55,144 - DEBUG - Member 47: fitness = 4386.552334919563
2024-12-19 12:05:55,144 - DEBUG - Member 48: fitness = 4194.547154997371
2024-12-19 12:05:55,144 - DEBUG - Member 49: fitness = 6302.00895347588
2024-12-19 12:05:55,144 - DEBUG - Member 50: fitness = -4233.355353760124
2024-12-19 12:05:55,144 - DEBUG - Member 51: fitness = 5446.1723745669815
2024-12-19 12:05:55,144 - DEBUG - Member 52: fitness = 10743.601922259651
2024-12-19 12:05:55,144 - DEBUG - Member 53: fitness = 4087.3386420607526
2024-12-19 12:05:55,144 - DEBUG - Member 54: fitness = 812.2607579844271
2024-12-19 12:05:55,144 - DEBUG - Member 55: fitness = -3174.8996363976803
2024-12-19 12:05:55,144 - DEBUG - Member 56: fitness = 6302.00895347588
2024-12-19 12:05:55,144 - DEBUG - Member 57: fitness = -4785.990782893206
2024-12-19 12:05:55,145 - DEBUG - Member 58: fitness = 5303.491045059847
2024-12-19 12:05:55,146 - DEBUG - 
Reproduction complete
2024-12-19 12:05:55,146 - DEBUG - New population size: 20
2024-12-19 12:05:55,146 - DEBUG - 
Starting speciation for generation 2
2024-12-19 12:05:55,146 - DEBUG - Population size: 20
2024-12-19 12:05:55,146 - DEBUG - Compatibility threshold: 50.0
2024-12-19 12:05:55,146 - DEBUG - 
Speciation complete
2024-12-19 12:05:55,146 - DEBUG - 
Species 1:
2024-12-19 12:05:55,146 - DEBUG - Size: 20
2024-12-19 12:05:55,146 - DEBUG - Representative: genome 10
2024-12-19 12:05:55,146 - DEBUG - Members (genome_id: fitness):
2024-12-19 12:05:55,146 - DEBUG -   10: 12188.373964774448
2024-12-19 12:05:55,146 - DEBUG -   59: None
2024-12-19 12:05:55,146 - DEBUG -   60: None
2024-12-19 12:05:55,146 - DEBUG -   61: None
2024-12-19 12:05:55,146 - DEBUG -   62: None
2024-12-19 12:05:55,146 - DEBUG -   63: None
2024-12-19 12:05:55,146 - DEBUG -   64: None
2024-12-19 12:05:55,146 - DEBUG -   65: None
2024-12-19 12:05:55,146 - DEBUG -   66: None
2024-12-19 12:05:55,146 - DEBUG -   67: None
2024-12-19 12:05:55,146 - DEBUG -   68: None
2024-12-19 12:05:55,146 - DEBUG -   69: None
2024-12-19 12:05:55,146 - DEBUG -   70: None
2024-12-19 12:05:55,146 - DEBUG -   71: None
2024-12-19 12:05:55,146 - DEBUG -   72: None
2024-12-19 12:05:55,146 - DEBUG -   73: None
2024-12-19 12:05:55,146 - DEBUG -   74: None
2024-12-19 12:05:55,146 - DEBUG -   75: None
2024-12-19 12:05:55,146 - DEBUG -   76: None
2024-12-19 12:05:55,146 - DEBUG -   77: None
2024-12-19 12:05:55,871 - DEBUG - 
Starting reproduction for generation 3
2024-12-19 12:05:55,871 - DEBUG - Population size target: 20
2024-12-19 12:05:55,871 - DEBUG - 
Species 1 before reproduction:
2024-12-19 12:05:55,871 - DEBUG - Size: 20
2024-12-19 12:05:55,871 - DEBUG - Fitness: 12188.373964774448
2024-12-19 12:05:55,871 - DEBUG - Member 10: fitness = 12188.373964774448
2024-12-19 12:05:55,871 - DEBUG - Member 59: fitness = -3174.8996363976803
2024-12-19 12:05:55,871 - DEBUG - Member 60: fitness = -912.3380541619372
2024-12-19 12:05:55,871 - DEBUG - Member 61: fitness = 6302.00895347588
2024-12-19 12:05:55,871 - DEBUG - Member 62: fitness = -3174.8996363976803
2024-12-19 12:05:55,871 - DEBUG - Member 63: fitness = 4194.547154997371
2024-12-19 12:05:55,871 - DEBUG - Member 64: fitness = 3100.0128784215976
2024-12-19 12:05:55,871 - DEBUG - Member 65: fitness = 5639.155576034308
2024-12-19 12:05:55,871 - DEBUG - Member 66: fitness = 6302.00895347588
2024-12-19 12:05:55,871 - DEBUG - Member 67: fitness = -3174.8996363976803
2024-12-19 12:05:55,871 - DEBUG - Member 68: fitness = -4403.258404820133
2024-12-19 12:05:55,871 - DEBUG - Member 69: fitness = 2609.35477009629
2024-12-19 12:05:55,871 - DEBUG - Member 70: fitness = -3174.8996363976803
2024-12-19 12:05:55,871 - DEBUG - Member 71: fitness = 6281.62001217621
2024-12-19 12:05:55,871 - DEBUG - Member 72: fitness = -3174.8996363976803
2024-12-19 12:05:55,871 - DEBUG - Member 73: fitness = 4122.273025004966
2024-12-19 12:05:55,871 - DEBUG - Member 74: fitness = 7755.773641875433
2024-12-19 12:05:55,871 - DEBUG - Member 75: fitness = 3617.145277985385
2024-12-19 12:05:55,871 - DEBUG - Member 76: fitness = 4386.552334919563
2024-12-19 12:05:55,871 - DEBUG - Member 77: fitness = -3174.8996363976803
2024-12-19 12:05:55,872 - DEBUG - 
Reproduction complete
2024-12-19 12:05:55,873 - DEBUG - New population size: 20
2024-12-19 12:05:55,873 - DEBUG - 
Starting speciation for generation 3
2024-12-19 12:05:55,873 - DEBUG - Population size: 20
2024-12-19 12:05:55,873 - DEBUG - Compatibility threshold: 50.0
2024-12-19 12:05:55,873 - DEBUG - 
Speciation complete
2024-12-19 12:05:55,873 - DEBUG - 
Species 1:
2024-12-19 12:05:55,873 - DEBUG - Size: 20
2024-12-19 12:05:55,873 - DEBUG - Representative: genome 10
2024-12-19 12:05:55,873 - DEBUG - Members (genome_id: fitness):
2024-12-19 12:05:55,873 - DEBUG -   10: 12188.373964774448
2024-12-19 12:05:55,873 - DEBUG -   78: None
2024-12-19 12:05:55,873 - DEBUG -   79: None
2024-12-19 12:05:55,873 - DEBUG -   80: None
2024-12-19 12:05:55,873 - DEBUG -   81: None
2024-12-19 12:05:55,873 - DEBUG -   82: None
2024-12-19 12:05:55,873 - DEBUG -   83: None
2024-12-19 12:05:55,873 - DEBUG -   84: None
2024-12-19 12:05:55,873 - DEBUG -   85: None
2024-12-19 12:05:55,873 - DEBUG -   86: None
2024-12-19 12:05:55,873 - DEBUG -   87: None
2024-12-19 12:05:55,873 - DEBUG -   88: None
2024-12-19 12:05:55,873 - DEBUG -   89: None
2024-12-19 12:05:55,873 - DEBUG -   90: None
2024-12-19 12:05:55,873 - DEBUG -   91: None
2024-12-19 12:05:55,873 - DEBUG -   92: None
2024-12-19 12:05:55,873 - DEBUG -   93: None
2024-12-19 12:05:55,873 - DEBUG -   94: None
2024-12-19 12:05:55,873 - DEBUG -   95: None
2024-12-19 12:05:55,873 - DEBUG -   96: None
2024-12-19 12:05:56,616 - DEBUG - 
Starting reproduction for generation 4
2024-12-19 12:05:56,616 - DEBUG - Population size target: 20
2024-12-19 12:05:56,616 - DEBUG - 
Species 1 before reproduction:
2024-12-19 12:05:56,616 - DEBUG - Size: 20
2024-12-19 12:05:56,616 - DEBUG - Fitness: 12188.373964774448
2024-12-19 12:05:56,616 - DEBUG - Member 10: fitness = 12188.373964774448
2024-12-19 12:05:56,616 - DEBUG - Member 78: fitness = 3806.450281263651
2024-12-19 12:05:56,616 - DEBUG - Member 79: fitness = 6302.00895347588
2024-12-19 12:05:56,616 - DEBUG - Member 80: fitness = 6302.00895347588
2024-12-19 12:05:56,616 - DEBUG - Member 81: fitness = -3174.8996363976803
2024-12-19 12:05:56,616 - DEBUG - Member 82: fitness = 6302.00895347588
2024-12-19 12:05:56,616 - DEBUG - Member 83: fitness = -4582.36507872866
2024-12-19 12:05:56,616 - DEBUG - Member 84: fitness = -3174.8996363976803
2024-12-19 12:05:56,616 - DEBUG - Member 85: fitness = 6302.00895347588
2024-12-19 12:05:56,616 - DEBUG - Member 86: fitness = 7590.7362243515745
2024-12-19 12:05:56,616 - DEBUG - Member 87: fitness = 6302.00895347588
2024-12-19 12:05:56,616 - DEBUG - Member 88: fitness = -3174.8996363976803
2024-12-19 12:05:56,616 - DEBUG - Member 89: fitness = -3174.8996363976803
2024-12-19 12:05:56,616 - DEBUG - Member 90: fitness = 4563.987114743938
2024-12-19 12:05:56,616 - DEBUG - Member 91: fitness = -3174.8996363976803
2024-12-19 12:05:56,616 - DEBUG - Member 92: fitness = -3174.8996363976803
2024-12-19 12:05:56,616 - DEBUG - Member 93: fitness = -3174.8996363976803
2024-12-19 12:05:56,616 - DEBUG - Member 94: fitness = -2020.5812187180736
2024-12-19 12:05:56,616 - DEBUG - Member 95: fitness = 6302.00895347588
2024-12-19 12:05:56,616 - DEBUG - Member 96: fitness = 375.4422085126197
2024-12-19 12:05:56,618 - DEBUG - 
Reproduction complete
2024-12-19 12:05:56,618 - DEBUG - New population size: 20
2024-12-19 12:05:56,618 - DEBUG - 
Starting speciation for generation 4
2024-12-19 12:05:56,618 - DEBUG - Population size: 20
2024-12-19 12:05:56,618 - DEBUG - Compatibility threshold: 50.0
2024-12-19 12:05:56,618 - DEBUG - 
Speciation complete
2024-12-19 12:05:56,618 - DEBUG - 
Species 1:
2024-12-19 12:05:56,618 - DEBUG - Size: 20
2024-12-19 12:05:56,618 - DEBUG - Representative: genome 10
2024-12-19 12:05:56,618 - DEBUG - Members (genome_id: fitness):
2024-12-19 12:05:56,618 - DEBUG -   10: 12188.373964774448
2024-12-19 12:05:56,619 - DEBUG -   97: None
2024-12-19 12:05:56,619 - DEBUG -   98: None
2024-12-19 12:05:56,619 - DEBUG -   99: None
2024-12-19 12:05:56,619 - DEBUG -   100: None
2024-12-19 12:05:56,619 - DEBUG -   101: None
2024-12-19 12:05:56,619 - DEBUG -   102: None
2024-12-19 12:05:56,619 - DEBUG -   103: None
2024-12-19 12:05:56,619 - DEBUG -   104: None
2024-12-19 12:05:56,619 - DEBUG -   105: None
2024-12-19 12:05:56,619 - DEBUG -   106: None
2024-12-19 12:05:56,619 - DEBUG -   107: None
2024-12-19 12:05:56,619 - DEBUG -   108: None
2024-12-19 12:05:56,619 - DEBUG -   109: None
2024-12-19 12:05:56,619 - DEBUG -   110: None
2024-12-19 12:05:56,619 - DEBUG -   111: None
2024-12-19 12:05:56,619 - DEBUG -   112: None
2024-12-19 12:05:56,619 - DEBUG -   113: None
2024-12-19 12:05:56,619 - DEBUG -   114: None
2024-12-19 12:05:56,619 - DEBUG -   115: None
2024-12-19 12:05:57,106 - INFO - 
Training interrupted by user
